[1.652s] Invoking command in '/home/joshua/rover_ws/src/rover_lidar': PYTHONPATH=/home/joshua/rover_ws/build/rover_lidar/prefix_override:/usr/lib/python3/dist-packages/colcon_core/task/python/colcon_distutils_commands:/home/joshua/rover_ws/install/rover_lidar/lib/python3.10/site-packages:${PYTHONPATH} /usr/bin/python3 -W ignore:setup.py install is deprecated -W ignore:easy_install command is deprecated setup.py egg_info --egg-base ../../build/rover_lidar build --build-base /home/joshua/rover_ws/build/rover_lidar/build install --record /home/joshua/rover_ws/build/rover_lidar/install.log --single-version-externally-managed install_data
[2.089s] running egg_info
[2.091s] writing ../../build/rover_lidar/rover_lidar.egg-info/PKG-INFO
[2.091s] writing dependency_links to ../../build/rover_lidar/rover_lidar.egg-info/dependency_links.txt
[2.092s] writing entry points to ../../build/rover_lidar/rover_lidar.egg-info/entry_points.txt
[2.092s] writing requirements to ../../build/rover_lidar/rover_lidar.egg-info/requires.txt
[2.092s] writing top-level names to ../../build/rover_lidar/rover_lidar.egg-info/top_level.txt
[2.097s] reading manifest file '../../build/rover_lidar/rover_lidar.egg-info/SOURCES.txt'
[2.098s] writing manifest file '../../build/rover_lidar/rover_lidar.egg-info/SOURCES.txt'
[2.099s] running build
[2.099s] running build_py
[2.099s] running install
[2.100s] running install_lib
[2.102s] running install_data
[2.102s] running install_egg_info
[2.109s] removing '/home/joshua/rover_ws/install/rover_lidar/lib/python3.10/site-packages/rover_lidar-0.0.0-py3.10.egg-info' (and everything under it)
[2.109s] Copying ../../build/rover_lidar/rover_lidar.egg-info to /home/joshua/rover_ws/install/rover_lidar/lib/python3.10/site-packages/rover_lidar-0.0.0-py3.10.egg-info
[2.110s] running install_scripts
[2.150s] Installing fake_lidar_node script to /home/joshua/rover_ws/install/rover_lidar/lib/rover_lidar
[2.151s] Installing lidar_processing_node script to /home/joshua/rover_ws/install/rover_lidar/lib/rover_lidar
[2.151s] writing list of installed files to '/home/joshua/rover_ws/build/rover_lidar/install.log'
[2.204s] Invoked command in '/home/joshua/rover_ws/src/rover_lidar' returned '0': PYTHONPATH=/home/joshua/rover_ws/build/rover_lidar/prefix_override:/usr/lib/python3/dist-packages/colcon_core/task/python/colcon_distutils_commands:/home/joshua/rover_ws/install/rover_lidar/lib/python3.10/site-packages:${PYTHONPATH} /usr/bin/python3 -W ignore:setup.py install is deprecated -W ignore:easy_install command is deprecated setup.py egg_info --egg-base ../../build/rover_lidar build --build-base /home/joshua/rover_ws/build/rover_lidar/build install --record /home/joshua/rover_ws/build/rover_lidar/install.log --single-version-externally-managed install_data
