[0.968s] Invoking command in '/home/joshua/rover_ws/src/rover_control': PYTHONPATH=/home/joshua/rover_ws/build/rover_control/prefix_override:/usr/lib/python3/dist-packages/colcon_core/task/python/colcon_distutils_commands:/home/joshua/rover_ws/install/rover_control/lib/python3.10/site-packages:${PYTHONPATH} /usr/bin/python3 -W ignore:setup.py install is deprecated -W ignore:easy_install command is deprecated setup.py egg_info --egg-base ../../build/rover_control build --build-base /home/joshua/rover_ws/build/rover_control/build install --record /home/joshua/rover_ws/build/rover_control/install.log --single-version-externally-managed install_data
[1.196s] running egg_info
[1.197s] writing ../../build/rover_control/rover_control.egg-info/PKG-INFO
[1.197s] writing dependency_links to ../../build/rover_control/rover_control.egg-info/dependency_links.txt
[1.197s] writing entry points to ../../build/rover_control/rover_control.egg-info/entry_points.txt
[1.198s] writing requirements to ../../build/rover_control/rover_control.egg-info/requires.txt
[1.198s] writing top-level names to ../../build/rover_control/rover_control.egg-info/top_level.txt
[1.200s] reading manifest file '../../build/rover_control/rover_control.egg-info/SOURCES.txt'
[1.201s] writing manifest file '../../build/rover_control/rover_control.egg-info/SOURCES.txt'
[1.201s] running build
[1.201s] running build_py
[1.202s] running install
[1.202s] running install_lib
[1.204s] running install_data
[1.204s] running install_egg_info
[1.206s] removing '/home/joshua/rover_ws/install/rover_control/lib/python3.10/site-packages/rover_control-0.0.0-py3.10.egg-info' (and everything under it)
[1.207s] Copying ../../build/rover_control/rover_control.egg-info to /home/joshua/rover_ws/install/rover_control/lib/python3.10/site-packages/rover_control-0.0.0-py3.10.egg-info
[1.208s] running install_scripts
[1.230s] Installing command_node script to /home/joshua/rover_ws/install/rover_control/lib/rover_control
[1.230s] Installing fake_stm32_bridge_node script to /home/joshua/rover_ws/install/rover_control/lib/rover_control
[1.231s] Installing rover_pose_node script to /home/joshua/rover_ws/install/rover_control/lib/rover_control
[1.231s] Installing wifi_node script to /home/joshua/rover_ws/install/rover_control/lib/rover_control
[1.232s] writing list of installed files to '/home/joshua/rover_ws/build/rover_control/install.log'
[1.271s] Invoked command in '/home/joshua/rover_ws/src/rover_control' returned '0': PYTHONPATH=/home/joshua/rover_ws/build/rover_control/prefix_override:/usr/lib/python3/dist-packages/colcon_core/task/python/colcon_distutils_commands:/home/joshua/rover_ws/install/rover_control/lib/python3.10/site-packages:${PYTHONPATH} /usr/bin/python3 -W ignore:setup.py install is deprecated -W ignore:easy_install command is deprecated setup.py egg_info --egg-base ../../build/rover_control build --build-base /home/joshua/rover_ws/build/rover_control/build install --record /home/joshua/rover_ws/build/rover_control/install.log --single-version-externally-managed install_data
