[0.745s] Invoking command in '/home/joshua/rover_ws/src/rover_control': PYTHONPATH=/home/joshua/rover_ws/build/rover_control/prefix_override:/usr/lib/python3/dist-packages/colcon_core/task/python/colcon_distutils_commands:/home/joshua/rover_ws/install/rover_control/lib/python3.10/site-packages:${PYTHONPATH} /usr/bin/python3 -W ignore:setup.py install is deprecated -W ignore:easy_install command is deprecated setup.py egg_info --egg-base ../../build/rover_control build --build-base /home/joshua/rover_ws/build/rover_control/build install --record /home/joshua/rover_ws/build/rover_control/install.log --single-version-externally-managed install_data
[0.923s] running egg_info
[0.924s] writing ../../build/rover_control/rover_control.egg-info/PKG-INFO
[0.925s] writing dependency_links to ../../build/rover_control/rover_control.egg-info/dependency_links.txt
[0.925s] writing entry points to ../../build/rover_control/rover_control.egg-info/entry_points.txt
[0.926s] writing requirements to ../../build/rover_control/rover_control.egg-info/requires.txt
[0.926s] writing top-level names to ../../build/rover_control/rover_control.egg-info/top_level.txt
[0.930s] reading manifest file '../../build/rover_control/rover_control.egg-info/SOURCES.txt'
[0.931s] writing manifest file '../../build/rover_control/rover_control.egg-info/SOURCES.txt'
[0.931s] running build
[0.932s] running build_py
[0.932s] copying rover_control/test:commands.py -> /home/joshua/rover_ws/build/rover_control/build/lib/rover_control
[0.932s] copying rover_control/rover_pose_node.py -> /home/joshua/rover_ws/build/rover_control/build/lib/rover_control
[0.932s] running install
[0.933s] running install_lib
[0.933s] copying /home/joshua/rover_ws/build/rover_control/build/lib/rover_control/test:commands.py -> /home/joshua/rover_ws/install/rover_control/lib/python3.10/site-packages/rover_control
[0.934s] copying /home/joshua/rover_ws/build/rover_control/build/lib/rover_control/rover_pose_node.py -> /home/joshua/rover_ws/install/rover_control/lib/python3.10/site-packages/rover_control
[0.934s] byte-compiling /home/joshua/rover_ws/install/rover_control/lib/python3.10/site-packages/rover_control/test:commands.py to test:commands.cpython-310.pyc
[0.935s] byte-compiling /home/joshua/rover_ws/install/rover_control/lib/python3.10/site-packages/rover_control/rover_pose_node.py to rover_pose_node.cpython-310.pyc
[0.935s] running install_data
[0.935s] running install_egg_info
[0.937s] removing '/home/joshua/rover_ws/install/rover_control/lib/python3.10/site-packages/rover_control-0.0.0-py3.10.egg-info' (and everything under it)
[0.938s] Copying ../../build/rover_control/rover_control.egg-info to /home/joshua/rover_ws/install/rover_control/lib/python3.10/site-packages/rover_control-0.0.0-py3.10.egg-info
[0.940s] running install_scripts
[0.962s] Installing command_node script to /home/joshua/rover_ws/install/rover_control/lib/rover_control
[0.962s] Installing fake_stm32_bridge_node script to /home/joshua/rover_ws/install/rover_control/lib/rover_control
[0.963s] Installing rover_pose_node script to /home/joshua/rover_ws/install/rover_control/lib/rover_control
[0.963s] Installing wifi_node script to /home/joshua/rover_ws/install/rover_control/lib/rover_control
[0.964s] writing list of installed files to '/home/joshua/rover_ws/build/rover_control/install.log'
[0.993s] Invoked command in '/home/joshua/rover_ws/src/rover_control' returned '0': PYTHONPATH=/home/joshua/rover_ws/build/rover_control/prefix_override:/usr/lib/python3/dist-packages/colcon_core/task/python/colcon_distutils_commands:/home/joshua/rover_ws/install/rover_control/lib/python3.10/site-packages:${PYTHONPATH} /usr/bin/python3 -W ignore:setup.py install is deprecated -W ignore:easy_install command is deprecated setup.py egg_info --egg-base ../../build/rover_control build --build-base /home/joshua/rover_ws/build/rover_control/build install --record /home/joshua/rover_ws/build/rover_control/install.log --single-version-externally-managed install_data
