[1.623s] Invoking command in '/workspaces/IRS_Rover_ROS2_Workspace/rover_ws/src/rover_stereocam': PYTHONPATH=/workspaces/IRS_Rover_ROS2_Workspace/rover_ws/build/rover_stereocam/prefix_override:/usr/lib/python3/dist-packages/colcon_core/task/python/colcon_distutils_commands:/workspaces/IRS_Rover_ROS2_Workspace/rover_ws/install/rover_stereocam/lib/python3.10/site-packages:${PYTHONPATH} /usr/bin/python3 -W ignore:setup.py install is deprecated -W ignore:easy_install command is deprecated setup.py egg_info --egg-base ../../build/rover_stereocam build --build-base /workspaces/IRS_Rover_ROS2_Workspace/rover_ws/build/rover_stereocam/build install --record /workspaces/IRS_Rover_ROS2_Workspace/rover_ws/build/rover_stereocam/install.log --single-version-externally-managed install_data
[1.943s] running egg_info
[1.944s] creating ../../build/rover_stereocam/rover_stereocam.egg-info
[1.945s] writing ../../build/rover_stereocam/rover_stereocam.egg-info/PKG-INFO
[1.950s] writing dependency_links to ../../build/rover_stereocam/rover_stereocam.egg-info/dependency_links.txt
[1.952s] writing entry points to ../../build/rover_stereocam/rover_stereocam.egg-info/entry_points.txt
[1.954s] writing requirements to ../../build/rover_stereocam/rover_stereocam.egg-info/requires.txt
[1.956s] writing top-level names to ../../build/rover_stereocam/rover_stereocam.egg-info/top_level.txt
[1.958s] writing manifest file '../../build/rover_stereocam/rover_stereocam.egg-info/SOURCES.txt'
[1.970s] reading manifest file '../../build/rover_stereocam/rover_stereocam.egg-info/SOURCES.txt'
[1.973s] writing manifest file '../../build/rover_stereocam/rover_stereocam.egg-info/SOURCES.txt'
[1.976s] running build
[1.977s] running build_py
[1.978s] creating /workspaces/IRS_Rover_ROS2_Workspace/rover_ws/build/rover_stereocam/build
[1.979s] creating /workspaces/IRS_Rover_ROS2_Workspace/rover_ws/build/rover_stereocam/build/lib
[1.981s] creating /workspaces/IRS_Rover_ROS2_Workspace/rover_ws/build/rover_stereocam/build/lib/rover_stereocam
[1.983s] copying rover_stereocam/fake_stereo_node.py -> /workspaces/IRS_Rover_ROS2_Workspace/rover_ws/build/rover_stereocam/build/lib/rover_stereocam
[1.990s] copying rover_stereocam/__init__.py -> /workspaces/IRS_Rover_ROS2_Workspace/rover_ws/build/rover_stereocam/build/lib/rover_stereocam
[1.993s] copying rover_stereocam/stereo_cam_node.py -> /workspaces/IRS_Rover_ROS2_Workspace/rover_ws/build/rover_stereocam/build/lib/rover_stereocam
[1.999s] running install
[2.000s] running install_lib
[2.007s] creating /workspaces/IRS_Rover_ROS2_Workspace/rover_ws/install/rover_stereocam/lib/python3.10/site-packages/rover_stereocam
[2.008s] copying /workspaces/IRS_Rover_ROS2_Workspace/rover_ws/build/rover_stereocam/build/lib/rover_stereocam/fake_stereo_node.py -> /workspaces/IRS_Rover_ROS2_Workspace/rover_ws/install/rover_stereocam/lib/python3.10/site-packages/rover_stereocam
[2.017s] copying /workspaces/IRS_Rover_ROS2_Workspace/rover_ws/build/rover_stereocam/build/lib/rover_stereocam/__init__.py -> /workspaces/IRS_Rover_ROS2_Workspace/rover_ws/install/rover_stereocam/lib/python3.10/site-packages/rover_stereocam
[2.026s] copying /workspaces/IRS_Rover_ROS2_Workspace/rover_ws/build/rover_stereocam/build/lib/rover_stereocam/stereo_cam_node.py -> /workspaces/IRS_Rover_ROS2_Workspace/rover_ws/install/rover_stereocam/lib/python3.10/site-packages/rover_stereocam
[2.034s] byte-compiling /workspaces/IRS_Rover_ROS2_Workspace/rover_ws/install/rover_stereocam/lib/python3.10/site-packages/rover_stereocam/fake_stereo_node.py to fake_stereo_node.cpython-310.pyc
[2.038s] byte-compiling /workspaces/IRS_Rover_ROS2_Workspace/rover_ws/install/rover_stereocam/lib/python3.10/site-packages/rover_stereocam/__init__.py to __init__.cpython-310.pyc
[2.042s] byte-compiling /workspaces/IRS_Rover_ROS2_Workspace/rover_ws/install/rover_stereocam/lib/python3.10/site-packages/rover_stereocam/stereo_cam_node.py to stereo_cam_node.cpython-310.pyc
[2.047s] running install_data
[2.048s] creating /workspaces/IRS_Rover_ROS2_Workspace/rover_ws/install/rover_stereocam/share/ament_index
[2.050s] creating /workspaces/IRS_Rover_ROS2_Workspace/rover_ws/install/rover_stereocam/share/ament_index/resource_index
[2.054s] creating /workspaces/IRS_Rover_ROS2_Workspace/rover_ws/install/rover_stereocam/share/ament_index/resource_index/packages
[2.056s] copying resource/rover_stereocam -> /workspaces/IRS_Rover_ROS2_Workspace/rover_ws/install/rover_stereocam/share/ament_index/resource_index/packages
[2.065s] copying package.xml -> /workspaces/IRS_Rover_ROS2_Workspace/rover_ws/install/rover_stereocam/share/rover_stereocam
[2.070s] running install_egg_info
[2.072s] Copying ../../build/rover_stereocam/rover_stereocam.egg-info to /workspaces/IRS_Rover_ROS2_Workspace/rover_ws/install/rover_stereocam/lib/python3.10/site-packages/rover_stereocam-0.0.0-py3.10.egg-info
[2.106s] running install_scripts
[2.146s] writing list of installed files to '/workspaces/IRS_Rover_ROS2_Workspace/rover_ws/build/rover_stereocam/install.log'
[2.194s] Invoked command in '/workspaces/IRS_Rover_ROS2_Workspace/rover_ws/src/rover_stereocam' returned '0': PYTHONPATH=/workspaces/IRS_Rover_ROS2_Workspace/rover_ws/build/rover_stereocam/prefix_override:/usr/lib/python3/dist-packages/colcon_core/task/python/colcon_distutils_commands:/workspaces/IRS_Rover_ROS2_Workspace/rover_ws/install/rover_stereocam/lib/python3.10/site-packages:${PYTHONPATH} /usr/bin/python3 -W ignore:setup.py install is deprecated -W ignore:easy_install command is deprecated setup.py egg_info --egg-base ../../build/rover_stereocam build --build-base /workspaces/IRS_Rover_ROS2_Workspace/rover_ws/build/rover_stereocam/build install --record /workspaces/IRS_Rover_ROS2_Workspace/rover_ws/build/rover_stereocam/install.log --single-version-externally-managed install_data
