running egg_info
creating ../build/rover_control/rover_control.egg-info
writing ../build/rover_control/rover_control.egg-info/PKG-INFO
writing dependency_links to ../build/rover_control/rover_control.egg-info/dependency_links.txt
writing entry points to ../build/rover_control/rover_control.egg-info/entry_points.txt
writing requirements to ../build/rover_control/rover_control.egg-info/requires.txt
writing top-level names to ../build/rover_control/rover_control.egg-info/top_level.txt
writing manifest file '../build/rover_control/rover_control.egg-info/SOURCES.txt'
reading manifest file '../build/rover_control/rover_control.egg-info/SOURCES.txt'
writing manifest file '../build/rover_control/rover_control.egg-info/SOURCES.txt'
running build
running build_py
creating /workspaces/IRS_Rover_ROS2_Workspace/rover_ws/src/build/rover_control/build
creating /workspaces/IRS_Rover_ROS2_Workspace/rover_ws/src/build/rover_control/build/lib
creating /workspaces/IRS_Rover_ROS2_Workspace/rover_ws/src/build/rover_control/build/lib/rover_control
copying rover_control/fake_stm32_bridge_node.py -> /workspaces/IRS_Rover_ROS2_Workspace/rover_ws/src/build/rover_control/build/lib/rover_control
copying rover_control/wifi_node.py -> /workspaces/IRS_Rover_ROS2_Workspace/rover_ws/src/build/rover_control/build/lib/rover_control
copying rover_control/__init__.py -> /workspaces/IRS_Rover_ROS2_Workspace/rover_ws/src/build/rover_control/build/lib/rover_control
copying rover_control/rover_pose_node.py -> /workspaces/IRS_Rover_ROS2_Workspace/rover_ws/src/build/rover_control/build/lib/rover_control
copying rover_control/test:commands.py -> /workspaces/IRS_Rover_ROS2_Workspace/rover_ws/src/build/rover_control/build/lib/rover_control
copying rover_control/command_node.py -> /workspaces/IRS_Rover_ROS2_Workspace/rover_ws/src/build/rover_control/build/lib/rover_control
running install
running install_lib
creating /workspaces/IRS_Rover_ROS2_Workspace/rover_ws/src/install/rover_control/lib/python3.10/site-packages/rover_control
copying /workspaces/IRS_Rover_ROS2_Workspace/rover_ws/src/build/rover_control/build/lib/rover_control/fake_stm32_bridge_node.py -> /workspaces/IRS_Rover_ROS2_Workspace/rover_ws/src/install/rover_control/lib/python3.10/site-packages/rover_control
copying /workspaces/IRS_Rover_ROS2_Workspace/rover_ws/src/build/rover_control/build/lib/rover_control/wifi_node.py -> /workspaces/IRS_Rover_ROS2_Workspace/rover_ws/src/install/rover_control/lib/python3.10/site-packages/rover_control
copying /workspaces/IRS_Rover_ROS2_Workspace/rover_ws/src/build/rover_control/build/lib/rover_control/__init__.py -> /workspaces/IRS_Rover_ROS2_Workspace/rover_ws/src/install/rover_control/lib/python3.10/site-packages/rover_control
copying /workspaces/IRS_Rover_ROS2_Workspace/rover_ws/src/build/rover_control/build/lib/rover_control/rover_pose_node.py -> /workspaces/IRS_Rover_ROS2_Workspace/rover_ws/src/install/rover_control/lib/python3.10/site-packages/rover_control
copying /workspaces/IRS_Rover_ROS2_Workspace/rover_ws/src/build/rover_control/build/lib/rover_control/test:commands.py -> /workspaces/IRS_Rover_ROS2_Workspace/rover_ws/src/install/rover_control/lib/python3.10/site-packages/rover_control
copying /workspaces/IRS_Rover_ROS2_Workspace/rover_ws/src/build/rover_control/build/lib/rover_control/command_node.py -> /workspaces/IRS_Rover_ROS2_Workspace/rover_ws/src/install/rover_control/lib/python3.10/site-packages/rover_control
byte-compiling /workspaces/IRS_Rover_ROS2_Workspace/rover_ws/src/install/rover_control/lib/python3.10/site-packages/rover_control/fake_stm32_bridge_node.py to fake_stm32_bridge_node.cpython-310.pyc
byte-compiling /workspaces/IRS_Rover_ROS2_Workspace/rover_ws/src/install/rover_control/lib/python3.10/site-packages/rover_control/wifi_node.py to wifi_node.cpython-310.pyc
byte-compiling /workspaces/IRS_Rover_ROS2_Workspace/rover_ws/src/install/rover_control/lib/python3.10/site-packages/rover_control/__init__.py to __init__.cpython-310.pyc
byte-compiling /workspaces/IRS_Rover_ROS2_Workspace/rover_ws/src/install/rover_control/lib/python3.10/site-packages/rover_control/rover_pose_node.py to rover_pose_node.cpython-310.pyc
byte-compiling /workspaces/IRS_Rover_ROS2_Workspace/rover_ws/src/install/rover_control/lib/python3.10/site-packages/rover_control/test:commands.py to test:commands.cpython-310.pyc
byte-compiling /workspaces/IRS_Rover_ROS2_Workspace/rover_ws/src/install/rover_control/lib/python3.10/site-packages/rover_control/command_node.py to command_node.cpython-310.pyc
running install_data
creating /workspaces/IRS_Rover_ROS2_Workspace/rover_ws/src/install/rover_control/share/ament_index
creating /workspaces/IRS_Rover_ROS2_Workspace/rover_ws/src/install/rover_control/share/ament_index/resource_index
creating /workspaces/IRS_Rover_ROS2_Workspace/rover_ws/src/install/rover_control/share/ament_index/resource_index/packages
copying resource/rover_control -> /workspaces/IRS_Rover_ROS2_Workspace/rover_ws/src/install/rover_control/share/ament_index/resource_index/packages
copying package.xml -> /workspaces/IRS_Rover_ROS2_Workspace/rover_ws/src/install/rover_control/share/rover_control
running install_egg_info
Copying ../build/rover_control/rover_control.egg-info to /workspaces/IRS_Rover_ROS2_Workspace/rover_ws/src/install/rover_control/lib/python3.10/site-packages/rover_control-0.0.0-py3.10.egg-info
running install_scripts
Installing command_node script to /workspaces/IRS_Rover_ROS2_Workspace/rover_ws/src/install/rover_control/lib/rover_control
Installing fake_stm32_bridge_node script to /workspaces/IRS_Rover_ROS2_Workspace/rover_ws/src/install/rover_control/lib/rover_control
Installing rover_pose_node script to /workspaces/IRS_Rover_ROS2_Workspace/rover_ws/src/install/rover_control/lib/rover_control
Installing wifi_node script to /workspaces/IRS_Rover_ROS2_Workspace/rover_ws/src/install/rover_control/lib/rover_control
writing list of installed files to '/workspaces/IRS_Rover_ROS2_Workspace/rover_ws/src/build/rover_control/install.log'
