/home/joshua/rover_ws/install/rover_perception/lib/python3.10/site-packages/rover_perception/pointcloud_preprocessing_node.py
/home/joshua/rover_ws/install/rover_perception/lib/python3.10/site-packages/rover_perception/terrain_analysis.py
/home/joshua/rover_ws/install/rover_perception/lib/python3.10/site-packages/rover_perception/fake_stereo_camera_node.py
/home/joshua/rover_ws/install/rover_perception/lib/python3.10/site-packages/rover_perception/pointcloud_filters.py
/home/joshua/rover_ws/install/rover_perception/lib/python3.10/site-packages/rover_perception/global_pointcloud_fusion_node.py
/home/joshua/rover_ws/install/rover_perception/lib/python3.10/site-packages/rover_perception/obstacle_grid_node.py
/home/joshua/rover_ws/install/rover_perception/lib/python3.10/site-packages/rover_perception/frame_transform_node.py
/home/joshua/rover_ws/install/rover_perception/lib/python3.10/site-packages/rover_perception/stereo_pointcloud_node.py
/home/joshua/rover_ws/install/rover_perception/lib/python3.10/site-packages/rover_perception/__init__.py
/home/joshua/rover_ws/install/rover_perception/lib/python3.10/site-packages/rover_perception/__pycache__/pointcloud_preprocessing_node.cpython-310.pyc
/home/joshua/rover_ws/install/rover_perception/lib/python3.10/site-packages/rover_perception/__pycache__/terrain_analysis.cpython-310.pyc
/home/joshua/rover_ws/install/rover_perception/lib/python3.10/site-packages/rover_perception/__pycache__/fake_stereo_camera_node.cpython-310.pyc
/home/joshua/rover_ws/install/rover_perception/lib/python3.10/site-packages/rover_perception/__pycache__/pointcloud_filters.cpython-310.pyc
/home/joshua/rover_ws/install/rover_perception/lib/python3.10/site-packages/rover_perception/__pycache__/global_pointcloud_fusion_node.cpython-310.pyc
/home/joshua/rover_ws/install/rover_perception/lib/python3.10/site-packages/rover_perception/__pycache__/obstacle_grid_node.cpython-310.pyc
/home/joshua/rover_ws/install/rover_perception/lib/python3.10/site-packages/rover_perception/__pycache__/frame_transform_node.cpython-310.pyc
/home/joshua/rover_ws/install/rover_perception/lib/python3.10/site-packages/rover_perception/__pycache__/stereo_pointcloud_node.cpython-310.pyc
/home/joshua/rover_ws/install/rover_perception/lib/python3.10/site-packages/rover_perception/__pycache__/__init__.cpython-310.pyc
/home/joshua/rover_ws/install/rover_perception/share/ament_index/resource_index/packages/rover_perception
/home/joshua/rover_ws/install/rover_perception/share/rover_perception/package.xml
/home/joshua/rover_ws/install/rover_perception/share/rover_perception/launch/stereo_lidar_fusion.launch.py
/home/joshua/rover_ws/install/rover_perception/lib/python3.10/site-packages/rover_perception-0.0.0-py3.10.egg-info/zip-safe
/home/joshua/rover_ws/install/rover_perception/lib/python3.10/site-packages/rover_perception-0.0.0-py3.10.egg-info/entry_points.txt
/home/joshua/rover_ws/install/rover_perception/lib/python3.10/site-packages/rover_perception-0.0.0-py3.10.egg-info/requires.txt
/home/joshua/rover_ws/install/rover_perception/lib/python3.10/site-packages/rover_perception-0.0.0-py3.10.egg-info/PKG-INFO
/home/joshua/rover_ws/install/rover_perception/lib/python3.10/site-packages/rover_perception-0.0.0-py3.10.egg-info/dependency_links.txt
/home/joshua/rover_ws/install/rover_perception/lib/python3.10/site-packages/rover_perception-0.0.0-py3.10.egg-info/top_level.txt
/home/joshua/rover_ws/install/rover_perception/lib/python3.10/site-packages/rover_perception-0.0.0-py3.10.egg-info/SOURCES.txt
/home/joshua/rover_ws/install/rover_perception/lib/rover_perception/fake_stereo_camera_node
/home/joshua/rover_ws/install/rover_perception/lib/rover_perception/frame_transform_node
/home/joshua/rover_ws/install/rover_perception/lib/rover_perception/global_pointcloud_fusion_node
/home/joshua/rover_ws/install/rover_perception/lib/rover_perception/obstacle_grid_node
/home/joshua/rover_ws/install/rover_perception/lib/rover_perception/pointcloud_preprocessing_node
/home/joshua/rover_ws/install/rover_perception/lib/rover_perception/stereo_pointcloud_node
