[0.223s] DEBUG:colcon:Command line arguments: ['/usr/bin/colcon', 'build']
[0.224s] DEBUG:colcon:Parsed command line arguments: Namespace(log_base=None, log_level=None, verb_name='build', build_base='build', install_base='install', merge_install=False, symlink_install=False, test_result_base=None, continue_on_error=False, executor='parallel', parallel_workers=12, event_handlers=None, ignore_user_meta=False, metas=['./colcon.meta'], base_paths=['.'], packages_ignore=None, packages_ignore_regex=None, paths=None, packages_up_to=None, packages_up_to_regex=None, packages_above=None, packages_above_and_dependencies=None, packages_above_depth=None, packages_select_by_dep=None, packages_skip_by_dep=None, packages_skip_up_to=None, packages_select_build_failed=False, packages_skip_build_finished=False, packages_select_test_failures=False, packages_skip_test_passed=False, packages_select=None, packages_skip=None, packages_select_regex=None, packages_skip_regex=None, packages_start=None, packages_end=None, cmake_args=None, cmake_target=None, cmake_target_skip_unavailable=False, cmake_clean_cache=False, cmake_clean_first=False, cmake_force_configure=False, ament_cmake_args=None, catkin_cmake_args=None, catkin_skip_building_tests=False, mixin_files=None, mixin=None, verb_parser=<colcon_mixin.mixin.mixin_argument.MixinArgumentDecorator object at 0x7f21b62fcd30>, verb_extension=<colcon_core.verb.build.BuildVerb object at 0x7f21b62fc880>, main=<bound method BuildVerb.main of <colcon_core.verb.build.BuildVerb object at 0x7f21b62fc880>>, mixin_verb=('build',))
[0.531s] Level 1:colcon.colcon_core.package_discovery:discover_packages(colcon_meta) check parameters
[0.532s] INFO:colcon.colcon_metadata.package_discovery.colcon_meta:Using configuration from '/root/.colcon/metadata/default/Gazebo.meta'
[0.533s] INFO:colcon.colcon_metadata.package_discovery.colcon_meta:Using configuration from '/root/.colcon/metadata/default/fastdds.meta'
[0.533s] INFO:colcon.colcon_metadata.package_discovery.colcon_meta:Using configuration from '/root/.colcon/metadata/default/fastrtps.meta'
[0.534s] Level 1:colcon.colcon_core.package_discovery:discover_packages(recursive) check parameters
[0.534s] Level 1:colcon.colcon_core.package_discovery:discover_packages(ignore) check parameters
[0.534s] Level 1:colcon.colcon_core.package_discovery:discover_packages(path) check parameters
[0.534s] Level 1:colcon.colcon_core.package_discovery:discover_packages(colcon_meta) discover
[0.535s] Level 1:colcon.colcon_core.package_discovery:discover_packages(recursive) discover
[0.535s] INFO:colcon.colcon_core.package_discovery:Crawling recursively for packages in '/workspaces/IRS_Rover_ROS2_Workspace/rover_ws'
[0.536s] Level 1:colcon.colcon_core.package_identification:_identify(.) by extensions ['ignore', 'ignore_ament_install']
[0.536s] Level 1:colcon.colcon_core.package_identification:_identify(.) by extension 'ignore'
[0.537s] Level 1:colcon.colcon_core.package_identification:_identify(.) by extension 'ignore_ament_install'
[0.537s] Level 1:colcon.colcon_core.package_identification:_identify(.) by extensions ['colcon_pkg']
[0.537s] Level 1:colcon.colcon_core.package_identification:_identify(.) by extension 'colcon_pkg'
[0.538s] Level 1:colcon.colcon_core.package_identification:_identify(.) by extensions ['colcon_meta']
[0.538s] Level 1:colcon.colcon_core.package_identification:_identify(.) by extension 'colcon_meta'
[0.538s] Level 1:colcon.colcon_core.package_identification:_identify(.) by extensions ['ros']
[0.538s] Level 1:colcon.colcon_core.package_identification:_identify(.) by extension 'ros'
[0.561s] Level 1:colcon.colcon_core.package_identification:_identify(.) by extensions ['cmake', 'python']
[0.561s] Level 1:colcon.colcon_core.package_identification:_identify(.) by extension 'cmake'
[0.561s] Level 1:colcon.colcon_core.package_identification:_identify(.) by extension 'python'
[0.562s] Level 1:colcon.colcon_core.package_identification:_identify(.) by extensions ['python_setup_py']
[0.562s] Level 1:colcon.colcon_core.package_identification:_identify(.) by extension 'python_setup_py'
[0.563s] Level 1:colcon.colcon_core.package_identification:_identify(build) by extensions ['ignore', 'ignore_ament_install']
[0.564s] Level 1:colcon.colcon_core.package_identification:_identify(build) by extension 'ignore'
[0.564s] Level 1:colcon.colcon_core.package_identification:_identify(build) ignored
[0.565s] Level 1:colcon.colcon_core.package_identification:_identify(install) by extensions ['ignore', 'ignore_ament_install']
[0.565s] Level 1:colcon.colcon_core.package_identification:_identify(install) by extension 'ignore'
[0.565s] Level 1:colcon.colcon_core.package_identification:_identify(install) ignored
[0.567s] Level 1:colcon.colcon_core.package_identification:_identify(log) by extensions ['ignore', 'ignore_ament_install']
[0.567s] Level 1:colcon.colcon_core.package_identification:_identify(log) by extension 'ignore'
[0.567s] Level 1:colcon.colcon_core.package_identification:_identify(log) ignored
[0.568s] Level 1:colcon.colcon_core.package_identification:_identify(src) by extensions ['ignore', 'ignore_ament_install']
[0.568s] Level 1:colcon.colcon_core.package_identification:_identify(src) by extension 'ignore'
[0.568s] Level 1:colcon.colcon_core.package_identification:_identify(src) by extension 'ignore_ament_install'
[0.569s] Level 1:colcon.colcon_core.package_identification:_identify(src) by extensions ['colcon_pkg']
[0.569s] Level 1:colcon.colcon_core.package_identification:_identify(src) by extension 'colcon_pkg'
[0.569s] Level 1:colcon.colcon_core.package_identification:_identify(src) by extensions ['colcon_meta']
[0.570s] Level 1:colcon.colcon_core.package_identification:_identify(src) by extension 'colcon_meta'
[0.570s] Level 1:colcon.colcon_core.package_identification:_identify(src) by extensions ['ros']
[0.570s] Level 1:colcon.colcon_core.package_identification:_identify(src) by extension 'ros'
[0.571s] Level 1:colcon.colcon_core.package_identification:_identify(src) by extensions ['cmake', 'python']
[0.571s] Level 1:colcon.colcon_core.package_identification:_identify(src) by extension 'cmake'
[0.571s] Level 1:colcon.colcon_core.package_identification:_identify(src) by extension 'python'
[0.572s] Level 1:colcon.colcon_core.package_identification:_identify(src) by extensions ['python_setup_py']
[0.572s] Level 1:colcon.colcon_core.package_identification:_identify(src) by extension 'python_setup_py'
[0.573s] Level 1:colcon.colcon_core.package_identification:_identify(src/build) by extensions ['ignore', 'ignore_ament_install']
[0.573s] Level 1:colcon.colcon_core.package_identification:_identify(src/build) by extension 'ignore'
[0.573s] Level 1:colcon.colcon_core.package_identification:_identify(src/build) ignored
[0.574s] Level 1:colcon.colcon_core.package_identification:_identify(src/install) by extensions ['ignore', 'ignore_ament_install']
[0.574s] Level 1:colcon.colcon_core.package_identification:_identify(src/install) by extension 'ignore'
[0.575s] Level 1:colcon.colcon_core.package_identification:_identify(src/install) ignored
[0.576s] Level 1:colcon.colcon_core.package_identification:_identify(src/log) by extensions ['ignore', 'ignore_ament_install']
[0.576s] Level 1:colcon.colcon_core.package_identification:_identify(src/log) by extension 'ignore'
[0.576s] Level 1:colcon.colcon_core.package_identification:_identify(src/log) ignored
[0.577s] Level 1:colcon.colcon_core.package_identification:_identify(src/rover_control) by extensions ['ignore', 'ignore_ament_install']
[0.577s] Level 1:colcon.colcon_core.package_identification:_identify(src/rover_control) by extension 'ignore'
[0.577s] Level 1:colcon.colcon_core.package_identification:_identify(src/rover_control) by extension 'ignore_ament_install'
[0.578s] Level 1:colcon.colcon_core.package_identification:_identify(src/rover_control) by extensions ['colcon_pkg']
[0.578s] Level 1:colcon.colcon_core.package_identification:_identify(src/rover_control) by extension 'colcon_pkg'
[0.578s] Level 1:colcon.colcon_core.package_identification:_identify(src/rover_control) by extensions ['colcon_meta']
[0.578s] Level 1:colcon.colcon_core.package_identification:_identify(src/rover_control) by extension 'colcon_meta'
[0.578s] Level 1:colcon.colcon_core.package_identification:_identify(src/rover_control) by extensions ['ros']
[0.579s] Level 1:colcon.colcon_core.package_identification:_identify(src/rover_control) by extension 'ros'
[0.582s] DEBUG:colcon.colcon_core.package_identification:Package 'src/rover_control' with type 'ros.ament_python' and name 'rover_control'
[0.583s] Level 1:colcon.colcon_core.package_identification:_identify(src/rover_lidar) by extensions ['ignore', 'ignore_ament_install']
[0.583s] Level 1:colcon.colcon_core.package_identification:_identify(src/rover_lidar) by extension 'ignore'
[0.583s] Level 1:colcon.colcon_core.package_identification:_identify(src/rover_lidar) by extension 'ignore_ament_install'
[0.584s] Level 1:colcon.colcon_core.package_identification:_identify(src/rover_lidar) by extensions ['colcon_pkg']
[0.584s] Level 1:colcon.colcon_core.package_identification:_identify(src/rover_lidar) by extension 'colcon_pkg'
[0.584s] Level 1:colcon.colcon_core.package_identification:_identify(src/rover_lidar) by extensions ['colcon_meta']
[0.584s] Level 1:colcon.colcon_core.package_identification:_identify(src/rover_lidar) by extension 'colcon_meta'
[0.584s] Level 1:colcon.colcon_core.package_identification:_identify(src/rover_lidar) by extensions ['ros']
[0.585s] Level 1:colcon.colcon_core.package_identification:_identify(src/rover_lidar) by extension 'ros'
[0.586s] DEBUG:colcon.colcon_core.package_identification:Package 'src/rover_lidar' with type 'ros.ament_python' and name 'rover_lidar'
[0.587s] Level 1:colcon.colcon_core.package_identification:_identify(src/rover_stereocam) by extensions ['ignore', 'ignore_ament_install']
[0.587s] Level 1:colcon.colcon_core.package_identification:_identify(src/rover_stereocam) by extension 'ignore'
[0.587s] Level 1:colcon.colcon_core.package_identification:_identify(src/rover_stereocam) by extension 'ignore_ament_install'
[0.588s] Level 1:colcon.colcon_core.package_identification:_identify(src/rover_stereocam) by extensions ['colcon_pkg']
[0.588s] Level 1:colcon.colcon_core.package_identification:_identify(src/rover_stereocam) by extension 'colcon_pkg'
[0.588s] Level 1:colcon.colcon_core.package_identification:_identify(src/rover_stereocam) by extensions ['colcon_meta']
[0.588s] Level 1:colcon.colcon_core.package_identification:_identify(src/rover_stereocam) by extension 'colcon_meta'
[0.589s] Level 1:colcon.colcon_core.package_identification:_identify(src/rover_stereocam) by extensions ['ros']
[0.589s] Level 1:colcon.colcon_core.package_identification:_identify(src/rover_stereocam) by extension 'ros'
[0.590s] DEBUG:colcon.colcon_core.package_identification:Package 'src/rover_stereocam' with type 'ros.ament_python' and name 'rover_stereocam'
[0.591s] Level 1:colcon.colcon_core.package_discovery:discover_packages(recursive) using defaults
[0.591s] Level 1:colcon.colcon_core.package_discovery:discover_packages(ignore) discover
[0.591s] Level 1:colcon.colcon_core.package_discovery:discover_packages(ignore) using defaults
[0.591s] Level 1:colcon.colcon_core.package_discovery:discover_packages(path) discover
[0.591s] Level 1:colcon.colcon_core.package_discovery:discover_packages(path) using defaults
[0.624s] Level 5:colcon.colcon_core.verb:set package 'rover_control' build argument 'cmake_args' from command line to 'None'
[0.624s] Level 5:colcon.colcon_core.verb:set package 'rover_control' build argument 'cmake_target' from command line to 'None'
[0.624s] Level 5:colcon.colcon_core.verb:set package 'rover_control' build argument 'cmake_target_skip_unavailable' from command line to 'False'
[0.624s] Level 5:colcon.colcon_core.verb:set package 'rover_control' build argument 'cmake_clean_cache' from command line to 'False'
[0.624s] Level 5:colcon.colcon_core.verb:set package 'rover_control' build argument 'cmake_clean_first' from command line to 'False'
[0.625s] Level 5:colcon.colcon_core.verb:set package 'rover_control' build argument 'cmake_force_configure' from command line to 'False'
[0.625s] Level 5:colcon.colcon_core.verb:set package 'rover_control' build argument 'ament_cmake_args' from command line to 'None'
[0.625s] Level 5:colcon.colcon_core.verb:set package 'rover_control' build argument 'catkin_cmake_args' from command line to 'None'
[0.625s] Level 5:colcon.colcon_core.verb:set package 'rover_control' build argument 'catkin_skip_building_tests' from command line to 'False'
[0.625s] DEBUG:colcon.colcon_core.verb:Building package 'rover_control' with the following arguments: {'ament_cmake_args': None, 'build_base': '/workspaces/IRS_Rover_ROS2_Workspace/rover_ws/build/rover_control', 'catkin_cmake_args': None, 'catkin_skip_building_tests': False, 'cmake_args': None, 'cmake_clean_cache': False, 'cmake_clean_first': False, 'cmake_force_configure': False, 'cmake_target': None, 'cmake_target_skip_unavailable': False, 'install_base': '/workspaces/IRS_Rover_ROS2_Workspace/rover_ws/install/rover_control', 'merge_install': False, 'path': '/workspaces/IRS_Rover_ROS2_Workspace/rover_ws/src/rover_control', 'symlink_install': False, 'test_result_base': None}
[0.626s] Level 5:colcon.colcon_core.verb:set package 'rover_lidar' build argument 'cmake_args' from command line to 'None'
[0.626s] Level 5:colcon.colcon_core.verb:set package 'rover_lidar' build argument 'cmake_target' from command line to 'None'
[0.626s] Level 5:colcon.colcon_core.verb:set package 'rover_lidar' build argument 'cmake_target_skip_unavailable' from command line to 'False'
[0.627s] Level 5:colcon.colcon_core.verb:set package 'rover_lidar' build argument 'cmake_clean_cache' from command line to 'False'
[0.627s] Level 5:colcon.colcon_core.verb:set package 'rover_lidar' build argument 'cmake_clean_first' from command line to 'False'
[0.627s] Level 5:colcon.colcon_core.verb:set package 'rover_lidar' build argument 'cmake_force_configure' from command line to 'False'
[0.627s] Level 5:colcon.colcon_core.verb:set package 'rover_lidar' build argument 'ament_cmake_args' from command line to 'None'
[0.627s] Level 5:colcon.colcon_core.verb:set package 'rover_lidar' build argument 'catkin_cmake_args' from command line to 'None'
[0.627s] Level 5:colcon.colcon_core.verb:set package 'rover_lidar' build argument 'catkin_skip_building_tests' from command line to 'False'
[0.627s] DEBUG:colcon.colcon_core.verb:Building package 'rover_lidar' with the following arguments: {'ament_cmake_args': None, 'build_base': '/workspaces/IRS_Rover_ROS2_Workspace/rover_ws/build/rover_lidar', 'catkin_cmake_args': None, 'catkin_skip_building_tests': False, 'cmake_args': None, 'cmake_clean_cache': False, 'cmake_clean_first': False, 'cmake_force_configure': False, 'cmake_target': None, 'cmake_target_skip_unavailable': False, 'install_base': '/workspaces/IRS_Rover_ROS2_Workspace/rover_ws/install/rover_lidar', 'merge_install': False, 'path': '/workspaces/IRS_Rover_ROS2_Workspace/rover_ws/src/rover_lidar', 'symlink_install': False, 'test_result_base': None}
[0.628s] Level 5:colcon.colcon_core.verb:set package 'rover_stereocam' build argument 'cmake_args' from command line to 'None'
[0.628s] Level 5:colcon.colcon_core.verb:set package 'rover_stereocam' build argument 'cmake_target' from command line to 'None'
[0.628s] Level 5:colcon.colcon_core.verb:set package 'rover_stereocam' build argument 'cmake_target_skip_unavailable' from command line to 'False'
[0.628s] Level 5:colcon.colcon_core.verb:set package 'rover_stereocam' build argument 'cmake_clean_cache' from command line to 'False'
[0.628s] Level 5:colcon.colcon_core.verb:set package 'rover_stereocam' build argument 'cmake_clean_first' from command line to 'False'
[0.629s] Level 5:colcon.colcon_core.verb:set package 'rover_stereocam' build argument 'cmake_force_configure' from command line to 'False'
[0.629s] Level 5:colcon.colcon_core.verb:set package 'rover_stereocam' build argument 'ament_cmake_args' from command line to 'None'
[0.629s] Level 5:colcon.colcon_core.verb:set package 'rover_stereocam' build argument 'catkin_cmake_args' from command line to 'None'
[0.629s] Level 5:colcon.colcon_core.verb:set package 'rover_stereocam' build argument 'catkin_skip_building_tests' from command line to 'False'
[0.630s] DEBUG:colcon.colcon_core.verb:Building package 'rover_stereocam' with the following arguments: {'ament_cmake_args': None, 'build_base': '/workspaces/IRS_Rover_ROS2_Workspace/rover_ws/build/rover_stereocam', 'catkin_cmake_args': None, 'catkin_skip_building_tests': False, 'cmake_args': None, 'cmake_clean_cache': False, 'cmake_clean_first': False, 'cmake_force_configure': False, 'cmake_target': None, 'cmake_target_skip_unavailable': False, 'install_base': '/workspaces/IRS_Rover_ROS2_Workspace/rover_ws/install/rover_stereocam', 'merge_install': False, 'path': '/workspaces/IRS_Rover_ROS2_Workspace/rover_ws/src/rover_stereocam', 'symlink_install': False, 'test_result_base': None}
[0.630s] INFO:colcon.colcon_core.executor:Executing jobs using 'parallel' executor
[0.631s] DEBUG:colcon.colcon_parallel_executor.executor.parallel:run_until_complete
[0.632s] INFO:colcon.colcon_ros.task.ament_python.build:Building ROS package in '/workspaces/IRS_Rover_ROS2_Workspace/rover_ws/src/rover_control' with build type 'ament_python'
[0.632s] Level 1:colcon.colcon_core.shell:create_environment_hook('rover_control', 'ament_prefix_path')
[0.635s] INFO:colcon.colcon_core.plugin_system:Skipping extension 'colcon_core.shell.bat': Not used on non-Windows systems
[0.635s] INFO:colcon.colcon_core.shell:Creating environment hook '/workspaces/IRS_Rover_ROS2_Workspace/rover_ws/install/rover_control/share/rover_control/hook/ament_prefix_path.ps1'
[0.638s] INFO:colcon.colcon_core.shell:Creating environment descriptor '/workspaces/IRS_Rover_ROS2_Workspace/rover_ws/install/rover_control/share/rover_control/hook/ament_prefix_path.dsv'
[0.640s] INFO:colcon.colcon_core.shell:Creating environment hook '/workspaces/IRS_Rover_ROS2_Workspace/rover_ws/install/rover_control/share/rover_control/hook/ament_prefix_path.sh'
[0.642s] INFO:colcon.colcon_core.shell:Skip shell extension 'powershell' for command environment: Not usable outside of PowerShell
[0.643s] DEBUG:colcon.colcon_core.shell:Skip shell extension 'dsv' for command environment
[0.664s] INFO:colcon.colcon_ros.task.ament_python.build:Building ROS package in '/workspaces/IRS_Rover_ROS2_Workspace/rover_ws/src/rover_lidar' with build type 'ament_python'
[0.664s] Level 1:colcon.colcon_core.shell:create_environment_hook('rover_lidar', 'ament_prefix_path')
[0.665s] INFO:colcon.colcon_core.shell:Creating environment hook '/workspaces/IRS_Rover_ROS2_Workspace/rover_ws/install/rover_lidar/share/rover_lidar/hook/ament_prefix_path.ps1'
[0.668s] INFO:colcon.colcon_core.shell:Creating environment descriptor '/workspaces/IRS_Rover_ROS2_Workspace/rover_ws/install/rover_lidar/share/rover_lidar/hook/ament_prefix_path.dsv'
[0.670s] INFO:colcon.colcon_core.shell:Creating environment hook '/workspaces/IRS_Rover_ROS2_Workspace/rover_ws/install/rover_lidar/share/rover_lidar/hook/ament_prefix_path.sh'
[0.673s] INFO:colcon.colcon_core.shell:Skip shell extension 'powershell' for command environment: Not usable outside of PowerShell
[0.673s] DEBUG:colcon.colcon_core.shell:Skip shell extension 'dsv' for command environment
[0.695s] INFO:colcon.colcon_ros.task.ament_python.build:Building ROS package in '/workspaces/IRS_Rover_ROS2_Workspace/rover_ws/src/rover_stereocam' with build type 'ament_python'
[0.695s] Level 1:colcon.colcon_core.shell:create_environment_hook('rover_stereocam', 'ament_prefix_path')
[0.696s] INFO:colcon.colcon_core.shell:Creating environment hook '/workspaces/IRS_Rover_ROS2_Workspace/rover_ws/install/rover_stereocam/share/rover_stereocam/hook/ament_prefix_path.ps1'
[0.698s] INFO:colcon.colcon_core.shell:Creating environment descriptor '/workspaces/IRS_Rover_ROS2_Workspace/rover_ws/install/rover_stereocam/share/rover_stereocam/hook/ament_prefix_path.dsv'
[0.700s] INFO:colcon.colcon_core.shell:Creating environment hook '/workspaces/IRS_Rover_ROS2_Workspace/rover_ws/install/rover_stereocam/share/rover_stereocam/hook/ament_prefix_path.sh'
[0.702s] INFO:colcon.colcon_core.shell:Skip shell extension 'powershell' for command environment: Not usable outside of PowerShell
[0.703s] DEBUG:colcon.colcon_core.shell:Skip shell extension 'dsv' for command environment
[1.092s] INFO:colcon.colcon_core.task.python.build:Building Python package in '/workspaces/IRS_Rover_ROS2_Workspace/rover_ws/src/rover_control'
[1.092s] INFO:colcon.colcon_core.shell:Skip shell extension 'powershell' for command environment: Not usable outside of PowerShell
[1.093s] DEBUG:colcon.colcon_core.shell:Skip shell extension 'dsv' for command environment
[1.463s] INFO:colcon.colcon_core.task.python.build:Building Python package in '/workspaces/IRS_Rover_ROS2_Workspace/rover_ws/src/rover_lidar'
[1.463s] INFO:colcon.colcon_core.shell:Skip shell extension 'powershell' for command environment: Not usable outside of PowerShell
[1.463s] DEBUG:colcon.colcon_core.shell:Skip shell extension 'dsv' for command environment
[1.780s] INFO:colcon.colcon_core.task.python.build:Building Python package in '/workspaces/IRS_Rover_ROS2_Workspace/rover_ws/src/rover_stereocam'
[1.781s] INFO:colcon.colcon_core.shell:Skip shell extension 'powershell' for command environment: Not usable outside of PowerShell
[1.781s] DEBUG:colcon.colcon_core.shell:Skip shell extension 'dsv' for command environment
[2.320s] DEBUG:colcon.colcon_core.event_handler.log_command:Invoking command in '/workspaces/IRS_Rover_ROS2_Workspace/rover_ws/src/rover_lidar': PYTHONPATH=/workspaces/IRS_Rover_ROS2_Workspace/rover_ws/build/rover_lidar/prefix_override:/usr/lib/python3/dist-packages/colcon_core/task/python/colcon_distutils_commands:/workspaces/IRS_Rover_ROS2_Workspace/rover_ws/install/rover_lidar/lib/python3.10/site-packages:${PYTHONPATH} /usr/bin/python3 -W ignore:setup.py install is deprecated -W ignore:easy_install command is deprecated setup.py egg_info --egg-base ../../build/rover_lidar build --build-base /workspaces/IRS_Rover_ROS2_Workspace/rover_ws/build/rover_lidar/build install --record /workspaces/IRS_Rover_ROS2_Workspace/rover_ws/build/rover_lidar/install.log --single-version-externally-managed install_data
[2.378s] DEBUG:colcon.colcon_core.event_handler.log_command:Invoking command in '/workspaces/IRS_Rover_ROS2_Workspace/rover_ws/src/rover_control': PYTHONPATH=/workspaces/IRS_Rover_ROS2_Workspace/rover_ws/build/rover_control/prefix_override:/usr/lib/python3/dist-packages/colcon_core/task/python/colcon_distutils_commands:/workspaces/IRS_Rover_ROS2_Workspace/rover_ws/install/rover_control/lib/python3.10/site-packages:${PYTHONPATH} /usr/bin/python3 -W ignore:setup.py install is deprecated -W ignore:easy_install command is deprecated setup.py egg_info --egg-base ../../build/rover_control build --build-base /workspaces/IRS_Rover_ROS2_Workspace/rover_ws/build/rover_control/build install --record /workspaces/IRS_Rover_ROS2_Workspace/rover_ws/build/rover_control/install.log --single-version-externally-managed install_data
[2.387s] DEBUG:colcon.colcon_core.event_handler.log_command:Invoking command in '/workspaces/IRS_Rover_ROS2_Workspace/rover_ws/src/rover_stereocam': PYTHONPATH=/workspaces/IRS_Rover_ROS2_Workspace/rover_ws/build/rover_stereocam/prefix_override:/usr/lib/python3/dist-packages/colcon_core/task/python/colcon_distutils_commands:/workspaces/IRS_Rover_ROS2_Workspace/rover_ws/install/rover_stereocam/lib/python3.10/site-packages:${PYTHONPATH} /usr/bin/python3 -W ignore:setup.py install is deprecated -W ignore:easy_install command is deprecated setup.py egg_info --egg-base ../../build/rover_stereocam build --build-base /workspaces/IRS_Rover_ROS2_Workspace/rover_ws/build/rover_stereocam/build install --record /workspaces/IRS_Rover_ROS2_Workspace/rover_ws/build/rover_stereocam/install.log --single-version-externally-managed install_data
[2.996s] DEBUG:colcon.colcon_core.event_handler.log_command:Invoked command in '/workspaces/IRS_Rover_ROS2_Workspace/rover_ws/src/rover_lidar' returned '0': PYTHONPATH=/workspaces/IRS_Rover_ROS2_Workspace/rover_ws/build/rover_lidar/prefix_override:/usr/lib/python3/dist-packages/colcon_core/task/python/colcon_distutils_commands:/workspaces/IRS_Rover_ROS2_Workspace/rover_ws/install/rover_lidar/lib/python3.10/site-packages:${PYTHONPATH} /usr/bin/python3 -W ignore:setup.py install is deprecated -W ignore:easy_install command is deprecated setup.py egg_info --egg-base ../../build/rover_lidar build --build-base /workspaces/IRS_Rover_ROS2_Workspace/rover_ws/build/rover_lidar/build install --record /workspaces/IRS_Rover_ROS2_Workspace/rover_ws/build/rover_lidar/install.log --single-version-externally-managed install_data
[3.005s] Level 1:colcon.colcon_core.environment:checking '/workspaces/IRS_Rover_ROS2_Workspace/rover_ws/install/rover_lidar' for CMake module files
[3.018s] Level 1:colcon.colcon_core.environment:checking '/workspaces/IRS_Rover_ROS2_Workspace/rover_ws/install/rover_lidar' for CMake config files
[3.043s] Level 1:colcon.colcon_core.environment:checking '/workspaces/IRS_Rover_ROS2_Workspace/rover_ws/install/rover_lidar/lib'
[3.047s] Level 1:colcon.colcon_core.environment:checking '/workspaces/IRS_Rover_ROS2_Workspace/rover_ws/install/rover_lidar/bin'
[3.047s] Level 1:colcon.colcon_core.environment:checking '/workspaces/IRS_Rover_ROS2_Workspace/rover_ws/install/rover_lidar/lib/pkgconfig/rover_lidar.pc'
[3.050s] Level 1:colcon.colcon_core.environment:checking '/workspaces/IRS_Rover_ROS2_Workspace/rover_ws/install/rover_lidar/lib/python3.10/site-packages'
[3.050s] Level 1:colcon.colcon_core.shell:create_environment_hook('rover_lidar', 'pythonpath')
[3.054s] INFO:colcon.colcon_core.shell:Creating environment hook '/workspaces/IRS_Rover_ROS2_Workspace/rover_ws/install/rover_lidar/share/rover_lidar/hook/pythonpath.ps1'
[3.057s] INFO:colcon.colcon_core.shell:Creating environment descriptor '/workspaces/IRS_Rover_ROS2_Workspace/rover_ws/install/rover_lidar/share/rover_lidar/hook/pythonpath.dsv'
[3.060s] INFO:colcon.colcon_core.shell:Creating environment hook '/workspaces/IRS_Rover_ROS2_Workspace/rover_ws/install/rover_lidar/share/rover_lidar/hook/pythonpath.sh'
[3.064s] Level 1:colcon.colcon_core.environment:checking '/workspaces/IRS_Rover_ROS2_Workspace/rover_ws/install/rover_lidar/bin'
[3.064s] Level 1:colcon.colcon_core.environment:create_environment_scripts_only(rover_lidar)
[3.065s] INFO:colcon.colcon_core.shell:Creating package script '/workspaces/IRS_Rover_ROS2_Workspace/rover_ws/install/rover_lidar/share/rover_lidar/package.ps1'
[3.086s] INFO:colcon.colcon_core.shell:Creating package descriptor '/workspaces/IRS_Rover_ROS2_Workspace/rover_ws/install/rover_lidar/share/rover_lidar/package.dsv'
[3.088s] INFO:colcon.colcon_core.shell:Creating package script '/workspaces/IRS_Rover_ROS2_Workspace/rover_ws/install/rover_lidar/share/rover_lidar/package.sh'
[3.092s] INFO:colcon.colcon_core.shell:Creating package script '/workspaces/IRS_Rover_ROS2_Workspace/rover_ws/install/rover_lidar/share/rover_lidar/package.bash'
[3.096s] INFO:colcon.colcon_core.shell:Creating package script '/workspaces/IRS_Rover_ROS2_Workspace/rover_ws/install/rover_lidar/share/rover_lidar/package.zsh'
[3.099s] Level 1:colcon.colcon_core.environment:create_file_with_runtime_dependencies(/workspaces/IRS_Rover_ROS2_Workspace/rover_ws/install/rover_lidar/share/colcon-core/packages/rover_lidar)
[3.106s] Level 1:colcon.colcon_core.environment:checking '/workspaces/IRS_Rover_ROS2_Workspace/rover_ws/install/rover_stereocam' for CMake module files
[3.110s] DEBUG:colcon.colcon_core.event_handler.log_command:Invoked command in '/workspaces/IRS_Rover_ROS2_Workspace/rover_ws/src/rover_stereocam' returned '0': PYTHONPATH=/workspaces/IRS_Rover_ROS2_Workspace/rover_ws/build/rover_stereocam/prefix_override:/usr/lib/python3/dist-packages/colcon_core/task/python/colcon_distutils_commands:/workspaces/IRS_Rover_ROS2_Workspace/rover_ws/install/rover_stereocam/lib/python3.10/site-packages:${PYTHONPATH} /usr/bin/python3 -W ignore:setup.py install is deprecated -W ignore:easy_install command is deprecated setup.py egg_info --egg-base ../../build/rover_stereocam build --build-base /workspaces/IRS_Rover_ROS2_Workspace/rover_ws/build/rover_stereocam/build install --record /workspaces/IRS_Rover_ROS2_Workspace/rover_ws/build/rover_stereocam/install.log --single-version-externally-managed install_data
[3.117s] Level 1:colcon.colcon_core.environment:checking '/workspaces/IRS_Rover_ROS2_Workspace/rover_ws/install/rover_stereocam' for CMake config files
[3.131s] Level 1:colcon.colcon_core.environment:checking '/workspaces/IRS_Rover_ROS2_Workspace/rover_ws/install/rover_stereocam/lib'
[3.132s] Level 1:colcon.colcon_core.environment:checking '/workspaces/IRS_Rover_ROS2_Workspace/rover_ws/install/rover_stereocam/bin'
[3.132s] Level 1:colcon.colcon_core.environment:checking '/workspaces/IRS_Rover_ROS2_Workspace/rover_ws/install/rover_stereocam/lib/pkgconfig/rover_stereocam.pc'
[3.133s] Level 1:colcon.colcon_core.environment:checking '/workspaces/IRS_Rover_ROS2_Workspace/rover_ws/install/rover_stereocam/lib/python3.10/site-packages'
[3.133s] Level 1:colcon.colcon_core.shell:create_environment_hook('rover_stereocam', 'pythonpath')
[3.134s] INFO:colcon.colcon_core.shell:Creating environment hook '/workspaces/IRS_Rover_ROS2_Workspace/rover_ws/install/rover_stereocam/share/rover_stereocam/hook/pythonpath.ps1'
[3.135s] INFO:colcon.colcon_core.shell:Creating environment descriptor '/workspaces/IRS_Rover_ROS2_Workspace/rover_ws/install/rover_stereocam/share/rover_stereocam/hook/pythonpath.dsv'
[3.137s] INFO:colcon.colcon_core.shell:Creating environment hook '/workspaces/IRS_Rover_ROS2_Workspace/rover_ws/install/rover_stereocam/share/rover_stereocam/hook/pythonpath.sh'
[3.139s] Level 1:colcon.colcon_core.environment:checking '/workspaces/IRS_Rover_ROS2_Workspace/rover_ws/install/rover_stereocam/bin'
[3.140s] Level 1:colcon.colcon_core.environment:create_environment_scripts_only(rover_stereocam)
[3.141s] INFO:colcon.colcon_core.shell:Creating package script '/workspaces/IRS_Rover_ROS2_Workspace/rover_ws/install/rover_stereocam/share/rover_stereocam/package.ps1'
[3.145s] INFO:colcon.colcon_core.shell:Creating package descriptor '/workspaces/IRS_Rover_ROS2_Workspace/rover_ws/install/rover_stereocam/share/rover_stereocam/package.dsv'
[3.148s] INFO:colcon.colcon_core.shell:Creating package script '/workspaces/IRS_Rover_ROS2_Workspace/rover_ws/install/rover_stereocam/share/rover_stereocam/package.sh'
[3.150s] INFO:colcon.colcon_core.shell:Creating package script '/workspaces/IRS_Rover_ROS2_Workspace/rover_ws/install/rover_stereocam/share/rover_stereocam/package.bash'
[3.153s] INFO:colcon.colcon_core.shell:Creating package script '/workspaces/IRS_Rover_ROS2_Workspace/rover_ws/install/rover_stereocam/share/rover_stereocam/package.zsh'
[3.155s] Level 1:colcon.colcon_core.environment:create_file_with_runtime_dependencies(/workspaces/IRS_Rover_ROS2_Workspace/rover_ws/install/rover_stereocam/share/colcon-core/packages/rover_stereocam)
[3.158s] Level 1:colcon.colcon_core.environment:checking '/workspaces/IRS_Rover_ROS2_Workspace/rover_ws/install/rover_control' for CMake module files
[3.166s] DEBUG:colcon.colcon_core.event_handler.log_command:Invoked command in '/workspaces/IRS_Rover_ROS2_Workspace/rover_ws/src/rover_control' returned '0': PYTHONPATH=/workspaces/IRS_Rover_ROS2_Workspace/rover_ws/build/rover_control/prefix_override:/usr/lib/python3/dist-packages/colcon_core/task/python/colcon_distutils_commands:/workspaces/IRS_Rover_ROS2_Workspace/rover_ws/install/rover_control/lib/python3.10/site-packages:${PYTHONPATH} /usr/bin/python3 -W ignore:setup.py install is deprecated -W ignore:easy_install command is deprecated setup.py egg_info --egg-base ../../build/rover_control build --build-base /workspaces/IRS_Rover_ROS2_Workspace/rover_ws/build/rover_control/build install --record /workspaces/IRS_Rover_ROS2_Workspace/rover_ws/build/rover_control/install.log --single-version-externally-managed install_data
[3.167s] Level 1:colcon.colcon_core.environment:checking '/workspaces/IRS_Rover_ROS2_Workspace/rover_ws/install/rover_control' for CMake config files
[3.182s] Level 1:colcon.colcon_core.environment:checking '/workspaces/IRS_Rover_ROS2_Workspace/rover_ws/install/rover_control/lib'
[3.184s] Level 1:colcon.colcon_core.environment:checking '/workspaces/IRS_Rover_ROS2_Workspace/rover_ws/install/rover_control/bin'
[3.184s] Level 1:colcon.colcon_core.environment:checking '/workspaces/IRS_Rover_ROS2_Workspace/rover_ws/install/rover_control/lib/pkgconfig/rover_control.pc'
[3.185s] Level 1:colcon.colcon_core.environment:checking '/workspaces/IRS_Rover_ROS2_Workspace/rover_ws/install/rover_control/lib/python3.10/site-packages'
[3.186s] Level 1:colcon.colcon_core.shell:create_environment_hook('rover_control', 'pythonpath')
[3.186s] INFO:colcon.colcon_core.shell:Creating environment hook '/workspaces/IRS_Rover_ROS2_Workspace/rover_ws/install/rover_control/share/rover_control/hook/pythonpath.ps1'
[3.188s] INFO:colcon.colcon_core.shell:Creating environment descriptor '/workspaces/IRS_Rover_ROS2_Workspace/rover_ws/install/rover_control/share/rover_control/hook/pythonpath.dsv'
[3.191s] INFO:colcon.colcon_core.shell:Creating environment hook '/workspaces/IRS_Rover_ROS2_Workspace/rover_ws/install/rover_control/share/rover_control/hook/pythonpath.sh'
[3.195s] Level 1:colcon.colcon_core.environment:checking '/workspaces/IRS_Rover_ROS2_Workspace/rover_ws/install/rover_control/bin'
[3.196s] Level 1:colcon.colcon_core.environment:create_environment_scripts_only(rover_control)
[3.197s] INFO:colcon.colcon_core.shell:Creating package script '/workspaces/IRS_Rover_ROS2_Workspace/rover_ws/install/rover_control/share/rover_control/package.ps1'
[3.200s] INFO:colcon.colcon_core.shell:Creating package descriptor '/workspaces/IRS_Rover_ROS2_Workspace/rover_ws/install/rover_control/share/rover_control/package.dsv'
[3.203s] INFO:colcon.colcon_core.shell:Creating package script '/workspaces/IRS_Rover_ROS2_Workspace/rover_ws/install/rover_control/share/rover_control/package.sh'
[3.206s] INFO:colcon.colcon_core.shell:Creating package script '/workspaces/IRS_Rover_ROS2_Workspace/rover_ws/install/rover_control/share/rover_control/package.bash'
[3.208s] INFO:colcon.colcon_core.shell:Creating package script '/workspaces/IRS_Rover_ROS2_Workspace/rover_ws/install/rover_control/share/rover_control/package.zsh'
[3.211s] Level 1:colcon.colcon_core.environment:create_file_with_runtime_dependencies(/workspaces/IRS_Rover_ROS2_Workspace/rover_ws/install/rover_control/share/colcon-core/packages/rover_control)
[3.213s] DEBUG:colcon.colcon_parallel_executor.executor.parallel:closing loop
[3.214s] DEBUG:colcon.colcon_parallel_executor.executor.parallel:loop closed
[3.214s] DEBUG:colcon.colcon_parallel_executor.executor.parallel:run_until_complete finished with '0'
[3.215s] DEBUG:colcon.colcon_core.event_reactor:joining thread
[3.225s] INFO:colcon.colcon_core.plugin_system:Skipping extension 'colcon_notification.desktop_notification.notify_send': Could not find 'notify-send'
[3.226s] INFO:colcon.colcon_core.plugin_system:Skipping extension 'colcon_notification.desktop_notification.terminal_notifier': Not used on non-Darwin systems
[3.226s] INFO:colcon.colcon_core.plugin_system:Skipping extension 'colcon_notification.desktop_notification.win32': Not used on non-Windows systems
[3.226s] INFO:colcon.colcon_notification.desktop_notification:Sending desktop notification using 'notify2'
[3.227s] DEBUG:colcon.colcon_notification.desktop_notification.notify2:Failed to initialize notify2: org.freedesktop.DBus.Error.NotSupported: Unable to autolaunch a dbus-daemon without a $DISPLAY for X11
[3.227s] DEBUG:colcon.colcon_core.event_reactor:joined thread
[3.228s] INFO:colcon.colcon_core.shell:Creating prefix script '/workspaces/IRS_Rover_ROS2_Workspace/rover_ws/install/local_setup.ps1'
[3.231s] INFO:colcon.colcon_core.shell:Creating prefix util module '/workspaces/IRS_Rover_ROS2_Workspace/rover_ws/install/_local_setup_util_ps1.py'
[3.235s] INFO:colcon.colcon_core.shell:Creating prefix chain script '/workspaces/IRS_Rover_ROS2_Workspace/rover_ws/install/setup.ps1'
[3.248s] INFO:colcon.colcon_core.shell:Creating prefix script '/workspaces/IRS_Rover_ROS2_Workspace/rover_ws/install/local_setup.sh'
[3.252s] INFO:colcon.colcon_core.shell:Creating prefix util module '/workspaces/IRS_Rover_ROS2_Workspace/rover_ws/install/_local_setup_util_sh.py'
[3.255s] INFO:colcon.colcon_core.shell:Creating prefix chain script '/workspaces/IRS_Rover_ROS2_Workspace/rover_ws/install/setup.sh'
[3.269s] INFO:colcon.colcon_core.shell:Creating prefix script '/workspaces/IRS_Rover_ROS2_Workspace/rover_ws/install/local_setup.bash'
[3.270s] INFO:colcon.colcon_core.shell:Creating prefix chain script '/workspaces/IRS_Rover_ROS2_Workspace/rover_ws/install/setup.bash'
[3.278s] INFO:colcon.colcon_core.shell:Creating prefix script '/workspaces/IRS_Rover_ROS2_Workspace/rover_ws/install/local_setup.zsh'
[3.280s] INFO:colcon.colcon_core.shell:Creating prefix chain script '/workspaces/IRS_Rover_ROS2_Workspace/rover_ws/install/setup.zsh'
