[0.232s] Invoking command in '/home/joshua/rover_ws/build/rover_perception_msgs': CMAKE_PREFIX_PATH=${CMAKE_PREFIX_PATH}:/home/joshua/rover_ws/install/rover_perception:/home/joshua/rover_ws/install/rover_lidar:/home/joshua/rover_ws/install/rover_control:/opt/ros/humble /usr/bin/cmake --build /home/joshua/rover_ws/build/rover_perception_msgs -- -j8 -l8
[0.272s] [35m[1mConsolidate compiler generated dependencies of target rover_perception_msgs__rosidl_generator_c[0m
[0.284s] [  2%] Built target rover_perception_msgs__rs
[0.285s] [  4%] Built target rover_perception_msgs__cpp
[0.288s] [ 14%] Built target rover_perception_msgs__rosidl_generator_c
[0.298s] [ 14%] Built target ament_cmake_python_copy_rover_perception_msgs
[0.298s] [35m[1mConsolidate compiler generated dependencies of target rover_perception_msgs__rosidl_typesupport_fastrtps_cpp[0m
[0.301s] [35m[1mConsolidate compiler generated dependencies of target rover_perception_msgs__rosidl_typesupport_cpp[0m
[0.313s] [35m[1mConsolidate compiler generated dependencies of target rover_perception_msgs__rosidl_typesupport_c[0m
[0.313s] [35m[1mConsolidate compiler generated dependencies of target rover_perception_msgs__rosidl_typesupport_introspection_cpp[0m
[0.313s] [35m[1mConsolidate compiler generated dependencies of target rover_perception_msgs__rosidl_typesupport_introspection_c[0m
[0.313s] [35m[1mConsolidate compiler generated dependencies of target rover_perception_msgs__rosidl_typesupport_fastrtps_c[0m
[0.322s] [ 25%] Built target rover_perception_msgs__rosidl_typesupport_cpp
[0.328s] [ 35%] Built target rover_perception_msgs__rosidl_typesupport_c
[0.330s] [ 45%] Built target rover_perception_msgs__rosidl_typesupport_introspection_c
[0.334s] [ 56%] Built target rover_perception_msgs__rosidl_typesupport_fastrtps_c
[0.335s] [ 66%] Built target rover_perception_msgs__rosidl_typesupport_fastrtps_cpp
[0.336s] [ 77%] Built target rover_perception_msgs__rosidl_typesupport_introspection_cpp
[0.358s] [ 77%] Built target rover_perception_msgs
[0.378s] [ 79%] Built target rover_perception_msgs__py
[0.388s] [35m[1mConsolidate compiler generated dependencies of target rover_perception_msgs__rosidl_generator_py[0m
[0.401s] [ 81%] [32mBuilding C object CMakeFiles/rover_perception_msgs__rosidl_generator_py.dir/rosidl_generator_py/rover_perception_msgs/msg/_led_detection_s.c.o[0m
[0.402s] [ 83%] [32mBuilding C object CMakeFiles/rover_perception_msgs__rosidl_generator_py.dir/rosidl_generator_py/rover_perception_msgs/msg/_terrain_grid_s.c.o[0m
[0.403s] [ 85%] [32mBuilding C object CMakeFiles/rover_perception_msgs__rosidl_generator_py.dir/rosidl_generator_py/rover_perception_msgs/msg/_led_detection_array_s.c.o[0m
[0.585s] [ 87%] [32m[1mLinking C shared library rosidl_generator_py/rover_perception_msgs/librover_perception_msgs__rosidl_generator_py.so[0m
[0.607s] running egg_info
[0.610s] writing rover_perception_msgs.egg-info/PKG-INFO
[0.611s] writing dependency_links to rover_perception_msgs.egg-info/dependency_links.txt
[0.611s] writing top-level names to rover_perception_msgs.egg-info/top_level.txt
[0.616s] reading manifest file 'rover_perception_msgs.egg-info/SOURCES.txt'
[0.617s] writing manifest file 'rover_perception_msgs.egg-info/SOURCES.txt'
[0.656s] [ 87%] Built target ament_cmake_python_build_rover_perception_msgs_egg
[0.717s] [ 87%] Built target rover_perception_msgs__rosidl_generator_py
[0.728s] [35m[1mConsolidate compiler generated dependencies of target rover_perception_msgs__rosidl_typesupport_introspection_c__pyext[0m
[0.729s] [35m[1mConsolidate compiler generated dependencies of target rover_perception_msgs__rosidl_typesupport_c__pyext[0m
[0.730s] [35m[1mConsolidate compiler generated dependencies of target rover_perception_msgs__rosidl_typesupport_fastrtps_c__pyext[0m
[0.743s] [ 91%] [32mBuilding C object CMakeFiles/rover_perception_msgs__rosidl_typesupport_introspection_c__pyext.dir/rosidl_generator_py/rover_perception_msgs/_rover_perception_msgs_s.ep.rosidl_typesupport_introspection_c.c.o[0m
[0.743s] [ 91%] [32mBuilding C object CMakeFiles/rover_perception_msgs__rosidl_typesupport_fastrtps_c__pyext.dir/rosidl_generator_py/rover_perception_msgs/_rover_perception_msgs_s.ep.rosidl_typesupport_fastrtps_c.c.o[0m
[0.746s] [ 93%] [32mBuilding C object CMakeFiles/rover_perception_msgs__rosidl_typesupport_c__pyext.dir/rosidl_generator_py/rover_perception_msgs/_rover_perception_msgs_s.ep.rosidl_typesupport_c.c.o[0m
[0.852s] [ 95%] [32m[1mLinking C shared library rosidl_generator_py/rover_perception_msgs/rover_perception_msgs_s__rosidl_typesupport_fastrtps_c.cpython-310-x86_64-linux-gnu.so[0m
[0.859s] [ 97%] [32m[1mLinking C shared library rosidl_generator_py/rover_perception_msgs/rover_perception_msgs_s__rosidl_typesupport_c.cpython-310-x86_64-linux-gnu.so[0m
[0.871s] [100%] [32m[1mLinking C shared library rosidl_generator_py/rover_perception_msgs/rover_perception_msgs_s__rosidl_typesupport_introspection_c.cpython-310-x86_64-linux-gnu.so[0m
[0.980s] [100%] Built target rover_perception_msgs__rosidl_typesupport_fastrtps_c__pyext
[0.988s] [100%] Built target rover_perception_msgs__rosidl_typesupport_c__pyext
[0.995s] [100%] Built target rover_perception_msgs__rosidl_typesupport_introspection_c__pyext
[1.007s] Invoked command in '/home/joshua/rover_ws/build/rover_perception_msgs' returned '0': CMAKE_PREFIX_PATH=${CMAKE_PREFIX_PATH}:/home/joshua/rover_ws/install/rover_perception:/home/joshua/rover_ws/install/rover_lidar:/home/joshua/rover_ws/install/rover_control:/opt/ros/humble /usr/bin/cmake --build /home/joshua/rover_ws/build/rover_perception_msgs -- -j8 -l8
[1.017s] Invoking command in '/home/joshua/rover_ws/build/rover_perception_msgs': CMAKE_PREFIX_PATH=${CMAKE_PREFIX_PATH}:/home/joshua/rover_ws/install/rover_perception:/home/joshua/rover_ws/install/rover_lidar:/home/joshua/rover_ws/install/rover_control:/opt/ros/humble /usr/bin/cmake --install /home/joshua/rover_ws/build/rover_perception_msgs
[1.028s] -- Install configuration: ""
[1.028s] -- Up-to-date: /home/joshua/rover_ws/install/rover_perception_msgs/share/ament_index/resource_index/rosidl_interfaces/rover_perception_msgs
[1.028s] -- Up-to-date: /home/joshua/rover_ws/install/rover_perception_msgs/include/rover_perception_msgs/rover_perception_msgs
[1.028s] -- Up-to-date: /home/joshua/rover_ws/install/rover_perception_msgs/include/rover_perception_msgs/rover_perception_msgs/msg
[1.029s] -- Up-to-date: /home/joshua/rover_ws/install/rover_perception_msgs/include/rover_perception_msgs/rover_perception_msgs/msg/led_detection_array.h
[1.029s] -- Up-to-date: /home/joshua/rover_ws/install/rover_perception_msgs/include/rover_perception_msgs/rover_perception_msgs/msg/detail
[1.029s] -- Up-to-date: /home/joshua/rover_ws/install/rover_perception_msgs/include/rover_perception_msgs/rover_perception_msgs/msg/detail/led_detection__functions.c
[1.029s] -- Up-to-date: /home/joshua/rover_ws/install/rover_perception_msgs/include/rover_perception_msgs/rover_perception_msgs/msg/detail/terrain_grid__functions.c
[1.029s] -- Up-to-date: /home/joshua/rover_ws/install/rover_perception_msgs/include/rover_perception_msgs/rover_perception_msgs/msg/detail/led_detection_array__type_support.h
[1.029s] -- Up-to-date: /home/joshua/rover_ws/install/rover_perception_msgs/include/rover_perception_msgs/rover_perception_msgs/msg/detail/terrain_grid__type_support.h
[1.029s] -- Up-to-date: /home/joshua/rover_ws/install/rover_perception_msgs/include/rover_perception_msgs/rover_perception_msgs/msg/detail/led_detection_array__struct.h
[1.029s] -- Up-to-date: /home/joshua/rover_ws/install/rover_perception_msgs/include/rover_perception_msgs/rover_perception_msgs/msg/detail/led_detection__struct.h
[1.030s] -- Up-to-date: /home/joshua/rover_ws/install/rover_perception_msgs/include/rover_perception_msgs/rover_perception_msgs/msg/detail/led_detection_array__functions.c
[1.030s] -- Up-to-date: /home/joshua/rover_ws/install/rover_perception_msgs/include/rover_perception_msgs/rover_perception_msgs/msg/detail/terrain_grid__functions.h
[1.030s] -- Up-to-date: /home/joshua/rover_ws/install/rover_perception_msgs/include/rover_perception_msgs/rover_perception_msgs/msg/detail/led_detection__type_support.h
[1.030s] -- Up-to-date: /home/joshua/rover_ws/install/rover_perception_msgs/include/rover_perception_msgs/rover_perception_msgs/msg/detail/terrain_grid__struct.h
[1.030s] -- Up-to-date: /home/joshua/rover_ws/install/rover_perception_msgs/include/rover_perception_msgs/rover_perception_msgs/msg/detail/led_detection_array__functions.h
[1.030s] -- Up-to-date: /home/joshua/rover_ws/install/rover_perception_msgs/include/rover_perception_msgs/rover_perception_msgs/msg/detail/led_detection__functions.h
[1.030s] -- Up-to-date: /home/joshua/rover_ws/install/rover_perception_msgs/include/rover_perception_msgs/rover_perception_msgs/msg/rosidl_generator_c__visibility_control.h
[1.030s] -- Up-to-date: /home/joshua/rover_ws/install/rover_perception_msgs/include/rover_perception_msgs/rover_perception_msgs/msg/terrain_grid.h
[1.031s] -- Up-to-date: /home/joshua/rover_ws/install/rover_perception_msgs/include/rover_perception_msgs/rover_perception_msgs/msg/led_detection.h
[1.031s] -- Up-to-date: /home/joshua/rover_ws/install/rover_perception_msgs/share/rover_perception_msgs/environment/library_path.sh
[1.031s] -- Up-to-date: /home/joshua/rover_ws/install/rover_perception_msgs/share/rover_perception_msgs/environment/library_path.dsv
[1.031s] -- Up-to-date: /home/joshua/rover_ws/install/rover_perception_msgs/lib/librover_perception_msgs__rosidl_generator_c.so
[1.031s] -- Up-to-date: /home/joshua/rover_ws/install/rover_perception_msgs/include/rover_perception_msgs/rover_perception_msgs
[1.031s] -- Up-to-date: /home/joshua/rover_ws/install/rover_perception_msgs/include/rover_perception_msgs/rover_perception_msgs/msg
[1.032s] -- Up-to-date: /home/joshua/rover_ws/install/rover_perception_msgs/include/rover_perception_msgs/rover_perception_msgs/msg/detail
[1.032s] -- Up-to-date: /home/joshua/rover_ws/install/rover_perception_msgs/include/rover_perception_msgs/rover_perception_msgs/msg/detail/led_detection__rosidl_typesupport_fastrtps_c.h
[1.032s] -- Up-to-date: /home/joshua/rover_ws/install/rover_perception_msgs/include/rover_perception_msgs/rover_perception_msgs/msg/detail/terrain_grid__rosidl_typesupport_fastrtps_c.h
[1.033s] -- Up-to-date: /home/joshua/rover_ws/install/rover_perception_msgs/include/rover_perception_msgs/rover_perception_msgs/msg/detail/led_detection_array__rosidl_typesupport_fastrtps_c.h
[1.033s] -- Up-to-date: /home/joshua/rover_ws/install/rover_perception_msgs/include/rover_perception_msgs/rover_perception_msgs/msg/rosidl_typesupport_fastrtps_c__visibility_control.h
[1.033s] -- Up-to-date: /home/joshua/rover_ws/install/rover_perception_msgs/lib/librover_perception_msgs__rosidl_typesupport_fastrtps_c.so
[1.034s] -- Up-to-date: /home/joshua/rover_ws/install/rover_perception_msgs/include/rover_perception_msgs/rover_perception_msgs
[1.034s] -- Up-to-date: /home/joshua/rover_ws/install/rover_perception_msgs/include/rover_perception_msgs/rover_perception_msgs/msg
[1.034s] -- Up-to-date: /home/joshua/rover_ws/install/rover_perception_msgs/include/rover_perception_msgs/rover_perception_msgs/msg/rosidl_typesupport_introspection_c__visibility_control.h
[1.034s] -- Up-to-date: /home/joshua/rover_ws/install/rover_perception_msgs/include/rover_perception_msgs/rover_perception_msgs/msg/detail
[1.035s] -- Up-to-date: /home/joshua/rover_ws/install/rover_perception_msgs/include/rover_perception_msgs/rover_perception_msgs/msg/detail/led_detection_array__rosidl_typesupport_introspection_c.h
[1.035s] -- Up-to-date: /home/joshua/rover_ws/install/rover_perception_msgs/include/rover_perception_msgs/rover_perception_msgs/msg/detail/led_detection_array__type_support.c
[1.035s] -- Up-to-date: /home/joshua/rover_ws/install/rover_perception_msgs/include/rover_perception_msgs/rover_perception_msgs/msg/detail/led_detection__type_support.c
[1.035s] -- Up-to-date: /home/joshua/rover_ws/install/rover_perception_msgs/include/rover_perception_msgs/rover_perception_msgs/msg/detail/terrain_grid__rosidl_typesupport_introspection_c.h
[1.036s] -- Up-to-date: /home/joshua/rover_ws/install/rover_perception_msgs/include/rover_perception_msgs/rover_perception_msgs/msg/detail/terrain_grid__type_support.c
[1.036s] -- Up-to-date: /home/joshua/rover_ws/install/rover_perception_msgs/include/rover_perception_msgs/rover_perception_msgs/msg/detail/led_detection__rosidl_typesupport_introspection_c.h
[1.036s] -- Up-to-date: /home/joshua/rover_ws/install/rover_perception_msgs/lib/librover_perception_msgs__rosidl_typesupport_introspection_c.so
[1.036s] -- Up-to-date: /home/joshua/rover_ws/install/rover_perception_msgs/lib/librover_perception_msgs__rosidl_typesupport_c.so
[1.036s] -- Up-to-date: /home/joshua/rover_ws/install/rover_perception_msgs/include/rover_perception_msgs/rover_perception_msgs
[1.036s] -- Up-to-date: /home/joshua/rover_ws/install/rover_perception_msgs/include/rover_perception_msgs/rover_perception_msgs/msg
[1.036s] -- Up-to-date: /home/joshua/rover_ws/install/rover_perception_msgs/include/rover_perception_msgs/rover_perception_msgs/msg/led_detection_array.hpp
[1.037s] -- Up-to-date: /home/joshua/rover_ws/install/rover_perception_msgs/include/rover_perception_msgs/rover_perception_msgs/msg/detail
[1.037s] -- Up-to-date: /home/joshua/rover_ws/install/rover_perception_msgs/include/rover_perception_msgs/rover_perception_msgs/msg/detail/terrain_grid__struct.hpp
[1.037s] -- Up-to-date: /home/joshua/rover_ws/install/rover_perception_msgs/include/rover_perception_msgs/rover_perception_msgs/msg/detail/terrain_grid__builder.hpp
[1.037s] -- Up-to-date: /home/joshua/rover_ws/install/rover_perception_msgs/include/rover_perception_msgs/rover_perception_msgs/msg/detail/led_detection_array__type_support.hpp
[1.037s] -- Up-to-date: /home/joshua/rover_ws/install/rover_perception_msgs/include/rover_perception_msgs/rover_perception_msgs/msg/detail/led_detection_array__traits.hpp
[1.037s] -- Up-to-date: /home/joshua/rover_ws/install/rover_perception_msgs/include/rover_perception_msgs/rover_perception_msgs/msg/detail/led_detection__builder.hpp
[1.037s] -- Up-to-date: /home/joshua/rover_ws/install/rover_perception_msgs/include/rover_perception_msgs/rover_perception_msgs/msg/detail/led_detection_array__builder.hpp
[1.037s] -- Up-to-date: /home/joshua/rover_ws/install/rover_perception_msgs/include/rover_perception_msgs/rover_perception_msgs/msg/detail/led_detection_array__struct.hpp
[1.038s] -- Up-to-date: /home/joshua/rover_ws/install/rover_perception_msgs/include/rover_perception_msgs/rover_perception_msgs/msg/detail/terrain_grid__type_support.hpp
[1.038s] -- Up-to-date: /home/joshua/rover_ws/install/rover_perception_msgs/include/rover_perception_msgs/rover_perception_msgs/msg/detail/led_detection__struct.hpp
[1.038s] -- Up-to-date: /home/joshua/rover_ws/install/rover_perception_msgs/include/rover_perception_msgs/rover_perception_msgs/msg/detail/led_detection__traits.hpp
[1.038s] -- Up-to-date: /home/joshua/rover_ws/install/rover_perception_msgs/include/rover_perception_msgs/rover_perception_msgs/msg/detail/terrain_grid__traits.hpp
[1.038s] -- Up-to-date: /home/joshua/rover_ws/install/rover_perception_msgs/include/rover_perception_msgs/rover_perception_msgs/msg/detail/led_detection__type_support.hpp
[1.038s] -- Up-to-date: /home/joshua/rover_ws/install/rover_perception_msgs/include/rover_perception_msgs/rover_perception_msgs/msg/led_detection.hpp
[1.038s] -- Up-to-date: /home/joshua/rover_ws/install/rover_perception_msgs/include/rover_perception_msgs/rover_perception_msgs/msg/rosidl_generator_cpp__visibility_control.hpp
[1.039s] -- Up-to-date: /home/joshua/rover_ws/install/rover_perception_msgs/include/rover_perception_msgs/rover_perception_msgs/msg/terrain_grid.hpp
[1.039s] -- Up-to-date: /home/joshua/rover_ws/install/rover_perception_msgs/include/rover_perception_msgs/rover_perception_msgs
[1.039s] -- Up-to-date: /home/joshua/rover_ws/install/rover_perception_msgs/include/rover_perception_msgs/rover_perception_msgs/msg
[1.039s] -- Up-to-date: /home/joshua/rover_ws/install/rover_perception_msgs/include/rover_perception_msgs/rover_perception_msgs/msg/detail
[1.039s] -- Up-to-date: /home/joshua/rover_ws/install/rover_perception_msgs/include/rover_perception_msgs/rover_perception_msgs/msg/detail/led_detection__rosidl_typesupport_fastrtps_cpp.hpp
[1.039s] -- Up-to-date: /home/joshua/rover_ws/install/rover_perception_msgs/include/rover_perception_msgs/rover_perception_msgs/msg/detail/dds_fastrtps
[1.039s] -- Up-to-date: /home/joshua/rover_ws/install/rover_perception_msgs/include/rover_perception_msgs/rover_perception_msgs/msg/detail/terrain_grid__rosidl_typesupport_fastrtps_cpp.hpp
[1.039s] -- Up-to-date: /home/joshua/rover_ws/install/rover_perception_msgs/include/rover_perception_msgs/rover_perception_msgs/msg/detail/led_detection_array__rosidl_typesupport_fastrtps_cpp.hpp
[1.040s] -- Up-to-date: /home/joshua/rover_ws/install/rover_perception_msgs/include/rover_perception_msgs/rover_perception_msgs/msg/rosidl_typesupport_fastrtps_cpp__visibility_control.h
[1.040s] -- Up-to-date: /home/joshua/rover_ws/install/rover_perception_msgs/lib/librover_perception_msgs__rosidl_typesupport_fastrtps_cpp.so
[1.040s] -- Up-to-date: /home/joshua/rover_ws/install/rover_perception_msgs/include/rover_perception_msgs/rover_perception_msgs
[1.040s] -- Up-to-date: /home/joshua/rover_ws/install/rover_perception_msgs/include/rover_perception_msgs/rover_perception_msgs/msg
[1.040s] -- Up-to-date: /home/joshua/rover_ws/install/rover_perception_msgs/include/rover_perception_msgs/rover_perception_msgs/msg/detail
[1.040s] -- Up-to-date: /home/joshua/rover_ws/install/rover_perception_msgs/include/rover_perception_msgs/rover_perception_msgs/msg/detail/led_detection_array__type_support.cpp
[1.040s] -- Up-to-date: /home/joshua/rover_ws/install/rover_perception_msgs/include/rover_perception_msgs/rover_perception_msgs/msg/detail/terrain_grid__rosidl_typesupport_introspection_cpp.hpp
[1.041s] -- Up-to-date: /home/joshua/rover_ws/install/rover_perception_msgs/include/rover_perception_msgs/rover_perception_msgs/msg/detail/terrain_grid__type_support.cpp
[1.041s] -- Up-to-date: /home/joshua/rover_ws/install/rover_perception_msgs/include/rover_perception_msgs/rover_perception_msgs/msg/detail/led_detection__type_support.cpp
[1.041s] -- Up-to-date: /home/joshua/rover_ws/install/rover_perception_msgs/include/rover_perception_msgs/rover_perception_msgs/msg/detail/led_detection_array__rosidl_typesupport_introspection_cpp.hpp
[1.041s] -- Up-to-date: /home/joshua/rover_ws/install/rover_perception_msgs/include/rover_perception_msgs/rover_perception_msgs/msg/detail/led_detection__rosidl_typesupport_introspection_cpp.hpp
[1.041s] -- Up-to-date: /home/joshua/rover_ws/install/rover_perception_msgs/lib/librover_perception_msgs__rosidl_typesupport_introspection_cpp.so
[1.041s] -- Up-to-date: /home/joshua/rover_ws/install/rover_perception_msgs/lib/librover_perception_msgs__rosidl_typesupport_cpp.so
[1.041s] -- Up-to-date: /home/joshua/rover_ws/install/rover_perception_msgs/share/rover_perception_msgs/environment/pythonpath.sh
[1.042s] -- Up-to-date: /home/joshua/rover_ws/install/rover_perception_msgs/share/rover_perception_msgs/environment/pythonpath.dsv
[1.042s] -- Up-to-date: /home/joshua/rover_ws/install/rover_perception_msgs/local/lib/python3.10/dist-packages/rover_perception_msgs-0.0.0-py3.10.egg-info
[1.042s] -- Installing: /home/joshua/rover_ws/install/rover_perception_msgs/local/lib/python3.10/dist-packages/rover_perception_msgs-0.0.0-py3.10.egg-info/PKG-INFO
[1.042s] -- Installing: /home/joshua/rover_ws/install/rover_perception_msgs/local/lib/python3.10/dist-packages/rover_perception_msgs-0.0.0-py3.10.egg-info/dependency_links.txt
[1.042s] -- Installing: /home/joshua/rover_ws/install/rover_perception_msgs/local/lib/python3.10/dist-packages/rover_perception_msgs-0.0.0-py3.10.egg-info/top_level.txt
[1.042s] -- Installing: /home/joshua/rover_ws/install/rover_perception_msgs/local/lib/python3.10/dist-packages/rover_perception_msgs-0.0.0-py3.10.egg-info/SOURCES.txt
[1.042s] -- Up-to-date: /home/joshua/rover_ws/install/rover_perception_msgs/local/lib/python3.10/dist-packages/rover_perception_msgs
[1.042s] -- Up-to-date: /home/joshua/rover_ws/install/rover_perception_msgs/local/lib/python3.10/dist-packages/rover_perception_msgs/msg
[1.042s] -- Up-to-date: /home/joshua/rover_ws/install/rover_perception_msgs/local/lib/python3.10/dist-packages/rover_perception_msgs/msg/_led_detection_s.c
[1.042s] -- Up-to-date: /home/joshua/rover_ws/install/rover_perception_msgs/local/lib/python3.10/dist-packages/rover_perception_msgs/msg/_led_detection_array_s.c
[1.043s] -- Up-to-date: /home/joshua/rover_ws/install/rover_perception_msgs/local/lib/python3.10/dist-packages/rover_perception_msgs/msg/_terrain_grid_s.c
[1.043s] -- Up-to-date: /home/joshua/rover_ws/install/rover_perception_msgs/local/lib/python3.10/dist-packages/rover_perception_msgs/msg/_led_detection.py
[1.043s] -- Up-to-date: /home/joshua/rover_ws/install/rover_perception_msgs/local/lib/python3.10/dist-packages/rover_perception_msgs/msg/_terrain_grid.py
[1.043s] -- Up-to-date: /home/joshua/rover_ws/install/rover_perception_msgs/local/lib/python3.10/dist-packages/rover_perception_msgs/msg/__init__.py
[1.043s] -- Up-to-date: /home/joshua/rover_ws/install/rover_perception_msgs/local/lib/python3.10/dist-packages/rover_perception_msgs/msg/_led_detection_array.py
[1.043s] -- Installing: /home/joshua/rover_ws/install/rover_perception_msgs/local/lib/python3.10/dist-packages/rover_perception_msgs/rover_perception_msgs_s__rosidl_typesupport_c.cpython-310-x86_64-linux-gnu.so
[1.044s] -- Installing: /home/joshua/rover_ws/install/rover_perception_msgs/local/lib/python3.10/dist-packages/rover_perception_msgs/librover_perception_msgs__rosidl_generator_py.so
[1.044s] -- Up-to-date: /home/joshua/rover_ws/install/rover_perception_msgs/local/lib/python3.10/dist-packages/rover_perception_msgs/_rover_perception_msgs_s.ep.rosidl_typesupport_introspection_c.c
[1.044s] -- Installing: /home/joshua/rover_ws/install/rover_perception_msgs/local/lib/python3.10/dist-packages/rover_perception_msgs/rover_perception_msgs_s__rosidl_typesupport_introspection_c.cpython-310-x86_64-linux-gnu.so
[1.044s] -- Up-to-date: /home/joshua/rover_ws/install/rover_perception_msgs/local/lib/python3.10/dist-packages/rover_perception_msgs/_rover_perception_msgs_s.ep.rosidl_typesupport_fastrtps_c.c
[1.044s] -- Installing: /home/joshua/rover_ws/install/rover_perception_msgs/local/lib/python3.10/dist-packages/rover_perception_msgs/rover_perception_msgs_s__rosidl_typesupport_fastrtps_c.cpython-310-x86_64-linux-gnu.so
[1.044s] -- Up-to-date: /home/joshua/rover_ws/install/rover_perception_msgs/local/lib/python3.10/dist-packages/rover_perception_msgs/__init__.py
[1.044s] -- Up-to-date: /home/joshua/rover_ws/install/rover_perception_msgs/local/lib/python3.10/dist-packages/rover_perception_msgs/_rover_perception_msgs_s.ep.rosidl_typesupport_c.c
[1.074s] Listing '/home/joshua/rover_ws/install/rover_perception_msgs/local/lib/python3.10/dist-packages/rover_perception_msgs'...
[1.074s] Listing '/home/joshua/rover_ws/install/rover_perception_msgs/local/lib/python3.10/dist-packages/rover_perception_msgs/msg'...
[1.079s] -- Installing: /home/joshua/rover_ws/install/rover_perception_msgs/local/lib/python3.10/dist-packages/rover_perception_msgs/rover_perception_msgs_s__rosidl_typesupport_fastrtps_c.cpython-310-x86_64-linux-gnu.so
[1.079s] -- Set runtime path of "/home/joshua/rover_ws/install/rover_perception_msgs/local/lib/python3.10/dist-packages/rover_perception_msgs/rover_perception_msgs_s__rosidl_typesupport_fastrtps_c.cpython-310-x86_64-linux-gnu.so" to ""
[1.079s] -- Installing: /home/joshua/rover_ws/install/rover_perception_msgs/local/lib/python3.10/dist-packages/rover_perception_msgs/rover_perception_msgs_s__rosidl_typesupport_introspection_c.cpython-310-x86_64-linux-gnu.so
[1.079s] -- Set runtime path of "/home/joshua/rover_ws/install/rover_perception_msgs/local/lib/python3.10/dist-packages/rover_perception_msgs/rover_perception_msgs_s__rosidl_typesupport_introspection_c.cpython-310-x86_64-linux-gnu.so" to ""
[1.079s] -- Installing: /home/joshua/rover_ws/install/rover_perception_msgs/local/lib/python3.10/dist-packages/rover_perception_msgs/rover_perception_msgs_s__rosidl_typesupport_c.cpython-310-x86_64-linux-gnu.so
[1.080s] -- Set runtime path of "/home/joshua/rover_ws/install/rover_perception_msgs/local/lib/python3.10/dist-packages/rover_perception_msgs/rover_perception_msgs_s__rosidl_typesupport_c.cpython-310-x86_64-linux-gnu.so" to ""
[1.080s] -- Installing: /home/joshua/rover_ws/install/rover_perception_msgs/lib/librover_perception_msgs__rosidl_generator_py.so
[1.080s] -- Set runtime path of "/home/joshua/rover_ws/install/rover_perception_msgs/lib/librover_perception_msgs__rosidl_generator_py.so" to ""
[1.081s] -- Up-to-date: /home/joshua/rover_ws/install/rover_perception_msgs/share/ament_index/resource_index/rust_packages/rover_perception_msgs
[1.081s] -- Up-to-date: /home/joshua/rover_ws/install/rover_perception_msgs/share/rover_perception_msgs/rust
[1.081s] -- Up-to-date: /home/joshua/rover_ws/install/rover_perception_msgs/share/rover_perception_msgs/rust/build.rs
[1.081s] -- Up-to-date: /home/joshua/rover_ws/install/rover_perception_msgs/share/rover_perception_msgs/rust/src
[1.081s] -- Up-to-date: /home/joshua/rover_ws/install/rover_perception_msgs/share/rover_perception_msgs/rust/src/msg
[1.082s] -- Up-to-date: /home/joshua/rover_ws/install/rover_perception_msgs/share/rover_perception_msgs/rust/src/msg/rmw.rs
[1.082s] -- Up-to-date: /home/joshua/rover_ws/install/rover_perception_msgs/share/rover_perception_msgs/rust/src/lib.rs
[1.082s] -- Up-to-date: /home/joshua/rover_ws/install/rover_perception_msgs/share/rover_perception_msgs/rust/src/msg.rs
[1.082s] -- Up-to-date: /home/joshua/rover_ws/install/rover_perception_msgs/share/rover_perception_msgs/rust/Cargo.toml
[1.082s] -- Up-to-date: /home/joshua/rover_ws/install/rover_perception_msgs/share/rover_perception_msgs/msg/TerrainGrid.idl
[1.082s] -- Up-to-date: /home/joshua/rover_ws/install/rover_perception_msgs/share/rover_perception_msgs/msg/LedDetection.idl
[1.082s] -- Up-to-date: /home/joshua/rover_ws/install/rover_perception_msgs/share/rover_perception_msgs/msg/LedDetectionArray.idl
[1.082s] -- Up-to-date: /home/joshua/rover_ws/install/rover_perception_msgs/share/rover_perception_msgs/msg/TerrainGrid.msg
[1.082s] -- Up-to-date: /home/joshua/rover_ws/install/rover_perception_msgs/share/rover_perception_msgs/msg/LedDetection.msg
[1.083s] -- Up-to-date: /home/joshua/rover_ws/install/rover_perception_msgs/share/rover_perception_msgs/msg/LedDetectionArray.msg
[1.083s] -- Up-to-date: /home/joshua/rover_ws/install/rover_perception_msgs/share/ament_index/resource_index/package_run_dependencies/rover_perception_msgs
[1.083s] -- Up-to-date: /home/joshua/rover_ws/install/rover_perception_msgs/share/ament_index/resource_index/parent_prefix_path/rover_perception_msgs
[1.083s] -- Up-to-date: /home/joshua/rover_ws/install/rover_perception_msgs/share/rover_perception_msgs/environment/ament_prefix_path.sh
[1.083s] -- Up-to-date: /home/joshua/rover_ws/install/rover_perception_msgs/share/rover_perception_msgs/environment/ament_prefix_path.dsv
[1.083s] -- Up-to-date: /home/joshua/rover_ws/install/rover_perception_msgs/share/rover_perception_msgs/environment/path.sh
[1.083s] -- Up-to-date: /home/joshua/rover_ws/install/rover_perception_msgs/share/rover_perception_msgs/environment/path.dsv
[1.084s] -- Up-to-date: /home/joshua/rover_ws/install/rover_perception_msgs/share/rover_perception_msgs/local_setup.bash
[1.084s] -- Up-to-date: /home/joshua/rover_ws/install/rover_perception_msgs/share/rover_perception_msgs/local_setup.sh
[1.084s] -- Up-to-date: /home/joshua/rover_ws/install/rover_perception_msgs/share/rover_perception_msgs/local_setup.zsh
[1.084s] -- Up-to-date: /home/joshua/rover_ws/install/rover_perception_msgs/share/rover_perception_msgs/local_setup.dsv
[1.084s] -- Installing: /home/joshua/rover_ws/install/rover_perception_msgs/share/rover_perception_msgs/package.dsv
[1.085s] -- Up-to-date: /home/joshua/rover_ws/install/rover_perception_msgs/share/ament_index/resource_index/packages/rover_perception_msgs
[1.085s] -- Up-to-date: /home/joshua/rover_ws/install/rover_perception_msgs/share/rover_perception_msgs/cmake/export_rover_perception_msgs__rosidl_generator_cExport.cmake
[1.085s] -- Up-to-date: /home/joshua/rover_ws/install/rover_perception_msgs/share/rover_perception_msgs/cmake/export_rover_perception_msgs__rosidl_generator_cExport-noconfig.cmake
[1.086s] -- Up-to-date: /home/joshua/rover_ws/install/rover_perception_msgs/share/rover_perception_msgs/cmake/export_rover_perception_msgs__rosidl_typesupport_fastrtps_cExport.cmake
[1.086s] -- Up-to-date: /home/joshua/rover_ws/install/rover_perception_msgs/share/rover_perception_msgs/cmake/export_rover_perception_msgs__rosidl_typesupport_fastrtps_cExport-noconfig.cmake
[1.086s] -- Up-to-date: /home/joshua/rover_ws/install/rover_perception_msgs/share/rover_perception_msgs/cmake/rover_perception_msgs__rosidl_typesupport_introspection_cExport.cmake
[1.086s] -- Up-to-date: /home/joshua/rover_ws/install/rover_perception_msgs/share/rover_perception_msgs/cmake/rover_perception_msgs__rosidl_typesupport_introspection_cExport-noconfig.cmake
[1.086s] -- Up-to-date: /home/joshua/rover_ws/install/rover_perception_msgs/share/rover_perception_msgs/cmake/rover_perception_msgs__rosidl_typesupport_cExport.cmake
[1.087s] -- Up-to-date: /home/joshua/rover_ws/install/rover_perception_msgs/share/rover_perception_msgs/cmake/rover_perception_msgs__rosidl_typesupport_cExport-noconfig.cmake
[1.087s] -- Up-to-date: /home/joshua/rover_ws/install/rover_perception_msgs/share/rover_perception_msgs/cmake/export_rover_perception_msgs__rosidl_generator_cppExport.cmake
[1.087s] -- Up-to-date: /home/joshua/rover_ws/install/rover_perception_msgs/share/rover_perception_msgs/cmake/export_rover_perception_msgs__rosidl_typesupport_fastrtps_cppExport.cmake
[1.087s] -- Up-to-date: /home/joshua/rover_ws/install/rover_perception_msgs/share/rover_perception_msgs/cmake/export_rover_perception_msgs__rosidl_typesupport_fastrtps_cppExport-noconfig.cmake
[1.087s] -- Up-to-date: /home/joshua/rover_ws/install/rover_perception_msgs/share/rover_perception_msgs/cmake/rover_perception_msgs__rosidl_typesupport_introspection_cppExport.cmake
[1.087s] -- Up-to-date: /home/joshua/rover_ws/install/rover_perception_msgs/share/rover_perception_msgs/cmake/rover_perception_msgs__rosidl_typesupport_introspection_cppExport-noconfig.cmake
[1.087s] -- Up-to-date: /home/joshua/rover_ws/install/rover_perception_msgs/share/rover_perception_msgs/cmake/rover_perception_msgs__rosidl_typesupport_cppExport.cmake
[1.087s] -- Up-to-date: /home/joshua/rover_ws/install/rover_perception_msgs/share/rover_perception_msgs/cmake/rover_perception_msgs__rosidl_typesupport_cppExport-noconfig.cmake
[1.087s] -- Up-to-date: /home/joshua/rover_ws/install/rover_perception_msgs/share/rover_perception_msgs/cmake/export_rover_perception_msgs__rosidl_generator_pyExport.cmake
[1.087s] -- Up-to-date: /home/joshua/rover_ws/install/rover_perception_msgs/share/rover_perception_msgs/cmake/export_rover_perception_msgs__rosidl_generator_pyExport-noconfig.cmake
[1.087s] -- Up-to-date: /home/joshua/rover_ws/install/rover_perception_msgs/share/rover_perception_msgs/cmake/rosidl_cmake-extras.cmake
[1.087s] -- Up-to-date: /home/joshua/rover_ws/install/rover_perception_msgs/share/rover_perception_msgs/cmake/ament_cmake_export_dependencies-extras.cmake
[1.088s] -- Up-to-date: /home/joshua/rover_ws/install/rover_perception_msgs/share/rover_perception_msgs/cmake/ament_cmake_export_include_directories-extras.cmake
[1.088s] -- Up-to-date: /home/joshua/rover_ws/install/rover_perception_msgs/share/rover_perception_msgs/cmake/ament_cmake_export_libraries-extras.cmake
[1.089s] -- Up-to-date: /home/joshua/rover_ws/install/rover_perception_msgs/share/rover_perception_msgs/cmake/ament_cmake_export_targets-extras.cmake
[1.090s] -- Up-to-date: /home/joshua/rover_ws/install/rover_perception_msgs/share/rover_perception_msgs/cmake/rosidl_cmake_export_typesupport_targets-extras.cmake
[1.091s] -- Up-to-date: /home/joshua/rover_ws/install/rover_perception_msgs/share/rover_perception_msgs/cmake/rosidl_cmake_export_typesupport_libraries-extras.cmake
[1.091s] -- Up-to-date: /home/joshua/rover_ws/install/rover_perception_msgs/share/rover_perception_msgs/cmake/rover_perception_msgsConfig.cmake
[1.092s] -- Up-to-date: /home/joshua/rover_ws/install/rover_perception_msgs/share/rover_perception_msgs/cmake/rover_perception_msgsConfig-version.cmake
[1.093s] -- Up-to-date: /home/joshua/rover_ws/install/rover_perception_msgs/share/rover_perception_msgs/package.xml
[1.093s] Invoked command in '/home/joshua/rover_ws/build/rover_perception_msgs' returned '0': CMAKE_PREFIX_PATH=${CMAKE_PREFIX_PATH}:/home/joshua/rover_ws/install/rover_perception:/home/joshua/rover_ws/install/rover_lidar:/home/joshua/rover_ws/install/rover_control:/opt/ros/humble /usr/bin/cmake --install /home/joshua/rover_ws/build/rover_perception_msgs
