[2.198s] Invoking command in '/workspaces/IRS_Rover_ROS2_Workspace/rover_ws/src/rover_control': PYTHONPATH=/workspaces/IRS_Rover_ROS2_Workspace/rover_ws/build/rover_control/prefix_override:/usr/lib/python3/dist-packages/colcon_core/task/python/colcon_distutils_commands:/workspaces/IRS_Rover_ROS2_Workspace/rover_ws/install/rover_control/lib/python3.10/site-packages:${PYTHONPATH} /usr/bin/python3 -W ignore:setup.py install is deprecated -W ignore:easy_install command is deprecated setup.py egg_info --egg-base ../../build/rover_control build --build-base /workspaces/IRS_Rover_ROS2_Workspace/rover_ws/build/rover_control/build install --record /workspaces/IRS_Rover_ROS2_Workspace/rover_ws/build/rover_control/install.log --single-version-externally-managed install_data
[2.666s] running egg_info
[2.668s] writing ../../build/rover_control/rover_control.egg-info/PKG-INFO
[2.670s] writing dependency_links to ../../build/rover_control/rover_control.egg-info/dependency_links.txt
[2.673s] writing entry points to ../../build/rover_control/rover_control.egg-info/entry_points.txt
[2.675s] writing requirements to ../../build/rover_control/rover_control.egg-info/requires.txt
[2.679s] writing top-level names to ../../build/rover_control/rover_control.egg-info/top_level.txt
[2.695s] reading manifest file '../../build/rover_control/rover_control.egg-info/SOURCES.txt'
[2.704s] writing manifest file '../../build/rover_control/rover_control.egg-info/SOURCES.txt'
[2.706s] running build
[2.708s] running build_py
[2.712s] running install
[2.714s] running install_lib
[2.726s] running install_data
[2.728s] running install_egg_info
[2.736s] removing '/workspaces/IRS_Rover_ROS2_Workspace/rover_ws/install/rover_control/lib/python3.10/site-packages/rover_control-0.0.0-py3.10.egg-info' (and everything under it)
[2.751s] Copying ../../build/rover_control/rover_control.egg-info to /workspaces/IRS_Rover_ROS2_Workspace/rover_ws/install/rover_control/lib/python3.10/site-packages/rover_control-0.0.0-py3.10.egg-info
[2.786s] running install_scripts
[2.843s] Installing command_node script to /workspaces/IRS_Rover_ROS2_Workspace/rover_ws/install/rover_control/lib/rover_control
[2.847s] Installing fake_stm32_bridge_node script to /workspaces/IRS_Rover_ROS2_Workspace/rover_ws/install/rover_control/lib/rover_control
[2.851s] Installing rover_pose_node script to /workspaces/IRS_Rover_ROS2_Workspace/rover_ws/install/rover_control/lib/rover_control
[2.857s] Installing set_mode_node script to /workspaces/IRS_Rover_ROS2_Workspace/rover_ws/install/rover_control/lib/rover_control
[2.861s] Installing stm_bridge_node script to /workspaces/IRS_Rover_ROS2_Workspace/rover_ws/install/rover_control/lib/rover_control
[2.865s] Installing wifi_node script to /workspaces/IRS_Rover_ROS2_Workspace/rover_ws/install/rover_control/lib/rover_control
[2.869s] writing list of installed files to '/workspaces/IRS_Rover_ROS2_Workspace/rover_ws/build/rover_control/install.log'
[3.093s] Invoked command in '/workspaces/IRS_Rover_ROS2_Workspace/rover_ws/src/rover_control' returned '0': PYTHONPATH=/workspaces/IRS_Rover_ROS2_Workspace/rover_ws/build/rover_control/prefix_override:/usr/lib/python3/dist-packages/colcon_core/task/python/colcon_distutils_commands:/workspaces/IRS_Rover_ROS2_Workspace/rover_ws/install/rover_control/lib/python3.10/site-packages:${PYTHONPATH} /usr/bin/python3 -W ignore:setup.py install is deprecated -W ignore:easy_install command is deprecated setup.py egg_info --egg-base ../../build/rover_control build --build-base /workspaces/IRS_Rover_ROS2_Workspace/rover_ws/build/rover_control/build install --record /workspaces/IRS_Rover_ROS2_Workspace/rover_ws/build/rover_control/install.log --single-version-externally-managed install_data
