-- The C compiler identification is GNU 11.4.0
-- The CXX compiler identification is GNU 11.4.0
-- Detecting C compiler ABI info
-- Detecting C compiler ABI info - done
-- Check for working C compiler: /usr/bin/cc - skipped
-- Detecting C compile features
-- Detecting C compile features - done
-- Detecting CXX compiler ABI info
-- Detecting CXX compiler ABI info - done
-- Check for working CXX compiler: /usr/bin/c++ - skipped
-- Detecting CXX compile features
-- Detecting CXX compile features - done
-- Found ament_cmake: 1.3.14 (/opt/ros/humble/share/ament_cmake/cmake)
-- Found Python3: /usr/bin/python3 (found version "3.10.12") found components: Interpreter 
-- Found rosidl_default_generators: 1.2.1 (/opt/ros/humble/share/rosidl_default_generators/cmake)
-- Using all available rosidl_typesupport_c: rosidl_typesupport_fastrtps_c;rosidl_typesupport_introspection_c
-- Found rosidl_adapter: 3.1.8 (/opt/ros/humble/share/rosidl_adapter/cmake)
-- Using all available rosidl_typesupport_cpp: rosidl_typesupport_fastrtps_cpp;rosidl_typesupport_introspection_cpp
-- Found std_msgs: 4.9.1 (/opt/ros/humble/share/std_msgs/cmake)
-- Found nav_msgs: 4.9.1 (/opt/ros/humble/share/nav_msgs/cmake)
-- Found ament_cmake_ros: 0.10.0 (/opt/ros/humble/share/ament_cmake_ros/cmake)
-- Using all available rosidl_typesupport_c: rosidl_typesupport_fastrtps_c;rosidl_typesupport_introspection_c
-- Using all available rosidl_typesupport_cpp: rosidl_typesupport_fastrtps_cpp;rosidl_typesupport_introspection_cpp
-- Found PythonInterp: /usr/bin/python3 (found suitable version "3.10.12", minimum required is "3.6") 
-- Found python_cmake_module: 0.10.0 (/opt/ros/humble/share/python_cmake_module/cmake)
-- Found PythonLibs: /usr/lib/x86_64-linux-gnu/libpython3.10.so (found suitable version "3.10.12", minimum required is "3.5") 
-- Using PYTHON_EXECUTABLE: /usr/bin/python3
-- Using PYTHON_INCLUDE_DIRS: /usr/include/python3.10
-- Using PYTHON_LIBRARIES: /usr/lib/x86_64-linux-gnu/libpython3.10.so
-- Found PythonExtra: .so  
-- Found ament_lint_auto: 0.12.15 (/opt/ros/humble/share/ament_lint_auto/cmake)
-- Added test 'copyright' to check source files copyright and LICENSE
-- Added test 'lint_cmake' to check CMake code style
-- Added test 'xmllint' to check XML markup files
-- Configuring done
-- Generating done
-- Build files have been written to: /home/joshua/rover_ws/build/rover_perception_msgs
[  2%] [34m[1mGenerating C code for ROS interfaces[0m
[  6%] [34m[1mGenerating C++ code for ROS interfaces[0m
[  6%] [34m[1mGenerating Rust code for ROS interfaces[0m
[  6%] Built target ament_cmake_python_copy_rover_perception_msgs
running egg_info
creating rover_perception_msgs.egg-info
writing rover_perception_msgs.egg-info/PKG-INFO
writing dependency_links to rover_perception_msgs.egg-info/dependency_links.txt
writing top-level names to rover_perception_msgs.egg-info/top_level.txt
writing manifest file 'rover_perception_msgs.egg-info/SOURCES.txt'
reading manifest file 'rover_perception_msgs.egg-info/SOURCES.txt'
writing manifest file 'rover_perception_msgs.egg-info/SOURCES.txt'
[  6%] Built target ament_cmake_python_build_rover_perception_msgs_egg
[  6%] Built target rover_perception_msgs__rs
[ 10%] [32mBuilding C object CMakeFiles/rover_perception_msgs__rosidl_generator_c.dir/rosidl_generator_c/rover_perception_msgs/msg/detail/led_detection__functions.c.o[0m
[ 10%] [32mBuilding C object CMakeFiles/rover_perception_msgs__rosidl_generator_c.dir/rosidl_generator_c/rover_perception_msgs/msg/detail/terrain_grid__functions.c.o[0m
[ 12%] [32mBuilding C object CMakeFiles/rover_perception_msgs__rosidl_generator_c.dir/rosidl_generator_c/rover_perception_msgs/msg/detail/led_detection_array__functions.c.o[0m
[ 12%] Built target rover_perception_msgs__cpp
[ 16%] [34m[1mGenerating C++ introspection for ROS interfaces[0m
[ 16%] [34m[1mGenerating C++ type support for eProsima Fast-RTPS[0m
[ 18%] [34m[1mGenerating C++ type support dispatch for ROS interfaces[0m
[ 20%] [32m[1mLinking C shared library librover_perception_msgs__rosidl_generator_c.so[0m
[ 20%] Built target rover_perception_msgs__rosidl_generator_c
[ 22%] [34m[1mGenerating C type support for eProsima Fast-RTPS[0m
[ 25%] [34m[1mGenerating C introspection for ROS interfaces[0m
[ 27%] [34m[1mGenerating C type support dispatch for ROS interfaces[0m
[ 29%] [32mBuilding CXX object CMakeFiles/rover_perception_msgs__rosidl_typesupport_cpp.dir/rosidl_typesupport_cpp/rover_perception_msgs/msg/led_detection__type_support.cpp.o[0m
[ 33%] [32mBuilding CXX object CMakeFiles/rover_perception_msgs__rosidl_typesupport_cpp.dir/rosidl_typesupport_cpp/rover_perception_msgs/msg/led_detection_array__type_support.cpp.o[0m
[ 33%] [32mBuilding CXX object CMakeFiles/rover_perception_msgs__rosidl_typesupport_cpp.dir/rosidl_typesupport_cpp/rover_perception_msgs/msg/terrain_grid__type_support.cpp.o[0m
[ 35%] [32mBuilding CXX object CMakeFiles/rover_perception_msgs__rosidl_typesupport_introspection_cpp.dir/rosidl_typesupport_introspection_cpp/rover_perception_msgs/msg/detail/terrain_grid__type_support.cpp.o[0m
[ 37%] [32mBuilding CXX object CMakeFiles/rover_perception_msgs__rosidl_typesupport_fastrtps_cpp.dir/rosidl_typesupport_fastrtps_cpp/rover_perception_msgs/msg/detail/dds_fastrtps/terrain_grid__type_support.cpp.o[0m
[ 39%] [32mBuilding CXX object CMakeFiles/rover_perception_msgs__rosidl_typesupport_c.dir/rosidl_typesupport_c/rover_perception_msgs/msg/terrain_grid__type_support.cpp.o[0m
[ 41%] [32mBuilding CXX object CMakeFiles/rover_perception_msgs__rosidl_typesupport_c.dir/rosidl_typesupport_c/rover_perception_msgs/msg/led_detection__type_support.cpp.o[0m
[ 43%] [32mBuilding CXX object CMakeFiles/rover_perception_msgs__rosidl_typesupport_c.dir/rosidl_typesupport_c/rover_perception_msgs/msg/led_detection_array__type_support.cpp.o[0m
[ 45%] [32mBuilding CXX object CMakeFiles/rover_perception_msgs__rosidl_typesupport_fastrtps_c.dir/rosidl_typesupport_fastrtps_c/rover_perception_msgs/msg/detail/terrain_grid__type_support_c.cpp.o[0m
[ 47%] [32mBuilding C object CMakeFiles/rover_perception_msgs__rosidl_typesupport_introspection_c.dir/rosidl_typesupport_introspection_c/rover_perception_msgs/msg/detail/terrain_grid__type_support.c.o[0m
[ 50%] [32m[1mLinking CXX shared library librover_perception_msgs__rosidl_typesupport_c.so[0m
[ 52%] [32mBuilding C object CMakeFiles/rover_perception_msgs__rosidl_typesupport_introspection_c.dir/rosidl_typesupport_introspection_c/rover_perception_msgs/msg/detail/led_detection__type_support.c.o[0m
[ 54%] [32mBuilding CXX object CMakeFiles/rover_perception_msgs__rosidl_typesupport_fastrtps_c.dir/rosidl_typesupport_fastrtps_c/rover_perception_msgs/msg/detail/led_detection__type_support_c.cpp.o[0m
[ 56%] [32mBuilding CXX object CMakeFiles/rover_perception_msgs__rosidl_typesupport_fastrtps_c.dir/rosidl_typesupport_fastrtps_c/rover_perception_msgs/msg/detail/led_detection_array__type_support_c.cpp.o[0m
[ 58%] [32m[1mLinking CXX shared library librover_perception_msgs__rosidl_typesupport_cpp.so[0m
[ 60%] [32mBuilding C object CMakeFiles/rover_perception_msgs__rosidl_typesupport_introspection_c.dir/rosidl_typesupport_introspection_c/rover_perception_msgs/msg/detail/led_detection_array__type_support.c.o[0m
[ 62%] [32m[1mLinking C shared library librover_perception_msgs__rosidl_typesupport_introspection_c.so[0m
[ 62%] Built target rover_perception_msgs__rosidl_typesupport_c
[ 64%] [32mBuilding CXX object CMakeFiles/rover_perception_msgs__rosidl_typesupport_fastrtps_cpp.dir/rosidl_typesupport_fastrtps_cpp/rover_perception_msgs/msg/detail/dds_fastrtps/led_detection__type_support.cpp.o[0m
[ 64%] Built target rover_perception_msgs__rosidl_typesupport_cpp
[ 66%] [32mBuilding CXX object CMakeFiles/rover_perception_msgs__rosidl_typesupport_introspection_cpp.dir/rosidl_typesupport_introspection_cpp/rover_perception_msgs/msg/detail/led_detection__type_support.cpp.o[0m
[ 66%] Built target rover_perception_msgs__rosidl_typesupport_introspection_c
[ 68%] [32mBuilding CXX object CMakeFiles/rover_perception_msgs__rosidl_typesupport_introspection_cpp.dir/rosidl_typesupport_introspection_cpp/rover_perception_msgs/msg/detail/led_detection_array__type_support.cpp.o[0m
[ 70%] [32mBuilding CXX object CMakeFiles/rover_perception_msgs__rosidl_typesupport_fastrtps_cpp.dir/rosidl_typesupport_fastrtps_cpp/rover_perception_msgs/msg/detail/dds_fastrtps/led_detection_array__type_support.cpp.o[0m
[ 72%] [32m[1mLinking CXX shared library librover_perception_msgs__rosidl_typesupport_fastrtps_c.so[0m
[ 72%] Built target rover_perception_msgs__rosidl_typesupport_fastrtps_c
[ 75%] [32m[1mLinking CXX shared library librover_perception_msgs__rosidl_typesupport_introspection_cpp.so[0m
[ 77%] [32m[1mLinking CXX shared library librover_perception_msgs__rosidl_typesupport_fastrtps_cpp.so[0m
[ 77%] Built target rover_perception_msgs__rosidl_typesupport_introspection_cpp
[ 77%] Built target rover_perception_msgs__rosidl_typesupport_fastrtps_cpp
[ 77%] Built target rover_perception_msgs
[ 79%] [34m[1mGenerating Python code for ROS interfaces[0m
[ 79%] Built target rover_perception_msgs__py
[ 85%] [32mBuilding C object CMakeFiles/rover_perception_msgs__rosidl_generator_py.dir/rosidl_generator_py/rover_perception_msgs/msg/_led_detection_s.c.o[0m
[ 85%] [32mBuilding C object CMakeFiles/rover_perception_msgs__rosidl_generator_py.dir/rosidl_generator_py/rover_perception_msgs/msg/_led_detection_array_s.c.o[0m
[ 85%] [32mBuilding C object CMakeFiles/rover_perception_msgs__rosidl_generator_py.dir/rosidl_generator_py/rover_perception_msgs/msg/_terrain_grid_s.c.o[0m
[ 87%] [32m[1mLinking C shared library rosidl_generator_py/rover_perception_msgs/librover_perception_msgs__rosidl_generator_py.so[0m
[ 87%] Built target rover_perception_msgs__rosidl_generator_py
gmake[2]: Warning: File 'rosidl_generator_py/rover_perception_msgs/_rover_perception_msgs_s.ep.rosidl_typesupport_introspection_c.c' has modification time 0.39 s in the future
gmake[2]: Warning: File 'rosidl_generator_py/rover_perception_msgs/_rover_perception_msgs_s.ep.rosidl_typesupport_fastrtps_c.c' has modification time 0.35 s in the future
gmake[2]: Warning: File 'rosidl_generator_py/rover_perception_msgs/_rover_perception_msgs_s.ep.rosidl_typesupport_c.c' has modification time 0.39 s in the future
[ 93%] [32mBuilding C object CMakeFiles/rover_perception_msgs__rosidl_typesupport_introspection_c__pyext.dir/rosidl_generator_py/rover_perception_msgs/_rover_perception_msgs_s.ep.rosidl_typesupport_introspection_c.c.o[0m
[ 93%] [32mBuilding C object CMakeFiles/rover_perception_msgs__rosidl_typesupport_fastrtps_c__pyext.dir/rosidl_generator_py/rover_perception_msgs/_rover_perception_msgs_s.ep.rosidl_typesupport_fastrtps_c.c.o[0m
[ 93%] [32mBuilding C object CMakeFiles/rover_perception_msgs__rosidl_typesupport_c__pyext.dir/rosidl_generator_py/rover_perception_msgs/_rover_perception_msgs_s.ep.rosidl_typesupport_c.c.o[0m
[ 95%] [32m[1mLinking C shared library rosidl_generator_py/rover_perception_msgs/rover_perception_msgs_s__rosidl_typesupport_fastrtps_c.cpython-310-x86_64-linux-gnu.so[0m
[ 97%] [32m[1mLinking C shared library rosidl_generator_py/rover_perception_msgs/rover_perception_msgs_s__rosidl_typesupport_c.cpython-310-x86_64-linux-gnu.so[0m
[100%] [32m[1mLinking C shared library rosidl_generator_py/rover_perception_msgs/rover_perception_msgs_s__rosidl_typesupport_introspection_c.cpython-310-x86_64-linux-gnu.so[0m
gmake[2]: warning:  Clock skew detected.  Your build may be incomplete.
[100%] Built target rover_perception_msgs__rosidl_typesupport_fastrtps_c__pyext
gmake[2]: warning:  Clock skew detected.  Your build may be incomplete.
[100%] Built target rover_perception_msgs__rosidl_typesupport_c__pyext
gmake[2]: warning:  Clock skew detected.  Your build may be incomplete.
[100%] Built target rover_perception_msgs__rosidl_typesupport_introspection_c__pyext
-- Install configuration: ""
-- Installing: /home/joshua/rover_ws/install/rover_perception_msgs/share/ament_index/resource_index/rosidl_interfaces/rover_perception_msgs
-- Installing: /home/joshua/rover_ws/install/rover_perception_msgs/include/rover_perception_msgs/rover_perception_msgs
-- Installing: /home/joshua/rover_ws/install/rover_perception_msgs/include/rover_perception_msgs/rover_perception_msgs/msg
-- Installing: /home/joshua/rover_ws/install/rover_perception_msgs/include/rover_perception_msgs/rover_perception_msgs/msg/led_detection_array.h
-- Installing: /home/joshua/rover_ws/install/rover_perception_msgs/include/rover_perception_msgs/rover_perception_msgs/msg/detail
-- Installing: /home/joshua/rover_ws/install/rover_perception_msgs/include/rover_perception_msgs/rover_perception_msgs/msg/detail/led_detection__functions.c
-- Installing: /home/joshua/rover_ws/install/rover_perception_msgs/include/rover_perception_msgs/rover_perception_msgs/msg/detail/terrain_grid__functions.c
-- Installing: /home/joshua/rover_ws/install/rover_perception_msgs/include/rover_perception_msgs/rover_perception_msgs/msg/detail/led_detection_array__type_support.h
-- Installing: /home/joshua/rover_ws/install/rover_perception_msgs/include/rover_perception_msgs/rover_perception_msgs/msg/detail/terrain_grid__type_support.h
-- Installing: /home/joshua/rover_ws/install/rover_perception_msgs/include/rover_perception_msgs/rover_perception_msgs/msg/detail/led_detection_array__struct.h
-- Installing: /home/joshua/rover_ws/install/rover_perception_msgs/include/rover_perception_msgs/rover_perception_msgs/msg/detail/led_detection__struct.h
-- Installing: /home/joshua/rover_ws/install/rover_perception_msgs/include/rover_perception_msgs/rover_perception_msgs/msg/detail/led_detection_array__functions.c
-- Installing: /home/joshua/rover_ws/install/rover_perception_msgs/include/rover_perception_msgs/rover_perception_msgs/msg/detail/terrain_grid__functions.h
-- Installing: /home/joshua/rover_ws/install/rover_perception_msgs/include/rover_perception_msgs/rover_perception_msgs/msg/detail/led_detection__type_support.h
-- Installing: /home/joshua/rover_ws/install/rover_perception_msgs/include/rover_perception_msgs/rover_perception_msgs/msg/detail/terrain_grid__struct.h
-- Installing: /home/joshua/rover_ws/install/rover_perception_msgs/include/rover_perception_msgs/rover_perception_msgs/msg/detail/led_detection_array__functions.h
-- Installing: /home/joshua/rover_ws/install/rover_perception_msgs/include/rover_perception_msgs/rover_perception_msgs/msg/detail/led_detection__functions.h
-- Installing: /home/joshua/rover_ws/install/rover_perception_msgs/include/rover_perception_msgs/rover_perception_msgs/msg/rosidl_generator_c__visibility_control.h
-- Installing: /home/joshua/rover_ws/install/rover_perception_msgs/include/rover_perception_msgs/rover_perception_msgs/msg/terrain_grid.h
-- Installing: /home/joshua/rover_ws/install/rover_perception_msgs/include/rover_perception_msgs/rover_perception_msgs/msg/led_detection.h
-- Installing: /home/joshua/rover_ws/install/rover_perception_msgs/share/rover_perception_msgs/environment/library_path.sh
-- Installing: /home/joshua/rover_ws/install/rover_perception_msgs/share/rover_perception_msgs/environment/library_path.dsv
-- Installing: /home/joshua/rover_ws/install/rover_perception_msgs/lib/librover_perception_msgs__rosidl_generator_c.so
-- Set runtime path of "/home/joshua/rover_ws/install/rover_perception_msgs/lib/librover_perception_msgs__rosidl_generator_c.so" to ""
-- Up-to-date: /home/joshua/rover_ws/install/rover_perception_msgs/include/rover_perception_msgs/rover_perception_msgs
-- Up-to-date: /home/joshua/rover_ws/install/rover_perception_msgs/include/rover_perception_msgs/rover_perception_msgs/msg
-- Up-to-date: /home/joshua/rover_ws/install/rover_perception_msgs/include/rover_perception_msgs/rover_perception_msgs/msg/detail
-- Installing: /home/joshua/rover_ws/install/rover_perception_msgs/include/rover_perception_msgs/rover_perception_msgs/msg/detail/led_detection__rosidl_typesupport_fastrtps_c.h
-- Installing: /home/joshua/rover_ws/install/rover_perception_msgs/include/rover_perception_msgs/rover_perception_msgs/msg/detail/terrain_grid__rosidl_typesupport_fastrtps_c.h
-- Installing: /home/joshua/rover_ws/install/rover_perception_msgs/include/rover_perception_msgs/rover_perception_msgs/msg/detail/led_detection_array__rosidl_typesupport_fastrtps_c.h
-- Installing: /home/joshua/rover_ws/install/rover_perception_msgs/include/rover_perception_msgs/rover_perception_msgs/msg/rosidl_typesupport_fastrtps_c__visibility_control.h
-- Installing: /home/joshua/rover_ws/install/rover_perception_msgs/lib/librover_perception_msgs__rosidl_typesupport_fastrtps_c.so
-- Set runtime path of "/home/joshua/rover_ws/install/rover_perception_msgs/lib/librover_perception_msgs__rosidl_typesupport_fastrtps_c.so" to ""
-- Up-to-date: /home/joshua/rover_ws/install/rover_perception_msgs/include/rover_perception_msgs/rover_perception_msgs
-- Up-to-date: /home/joshua/rover_ws/install/rover_perception_msgs/include/rover_perception_msgs/rover_perception_msgs/msg
-- Installing: /home/joshua/rover_ws/install/rover_perception_msgs/include/rover_perception_msgs/rover_perception_msgs/msg/rosidl_typesupport_introspection_c__visibility_control.h
-- Up-to-date: /home/joshua/rover_ws/install/rover_perception_msgs/include/rover_perception_msgs/rover_perception_msgs/msg/detail
-- Installing: /home/joshua/rover_ws/install/rover_perception_msgs/include/rover_perception_msgs/rover_perception_msgs/msg/detail/led_detection_array__rosidl_typesupport_introspection_c.h
-- Installing: /home/joshua/rover_ws/install/rover_perception_msgs/include/rover_perception_msgs/rover_perception_msgs/msg/detail/led_detection_array__type_support.c
-- Installing: /home/joshua/rover_ws/install/rover_perception_msgs/include/rover_perception_msgs/rover_perception_msgs/msg/detail/led_detection__type_support.c
-- Installing: /home/joshua/rover_ws/install/rover_perception_msgs/include/rover_perception_msgs/rover_perception_msgs/msg/detail/terrain_grid__rosidl_typesupport_introspection_c.h
-- Installing: /home/joshua/rover_ws/install/rover_perception_msgs/include/rover_perception_msgs/rover_perception_msgs/msg/detail/terrain_grid__type_support.c
-- Installing: /home/joshua/rover_ws/install/rover_perception_msgs/include/rover_perception_msgs/rover_perception_msgs/msg/detail/led_detection__rosidl_typesupport_introspection_c.h
-- Installing: /home/joshua/rover_ws/install/rover_perception_msgs/lib/librover_perception_msgs__rosidl_typesupport_introspection_c.so
-- Set runtime path of "/home/joshua/rover_ws/install/rover_perception_msgs/lib/librover_perception_msgs__rosidl_typesupport_introspection_c.so" to ""
-- Installing: /home/joshua/rover_ws/install/rover_perception_msgs/lib/librover_perception_msgs__rosidl_typesupport_c.so
-- Set runtime path of "/home/joshua/rover_ws/install/rover_perception_msgs/lib/librover_perception_msgs__rosidl_typesupport_c.so" to ""
-- Up-to-date: /home/joshua/rover_ws/install/rover_perception_msgs/include/rover_perception_msgs/rover_perception_msgs
-- Up-to-date: /home/joshua/rover_ws/install/rover_perception_msgs/include/rover_perception_msgs/rover_perception_msgs/msg
-- Installing: /home/joshua/rover_ws/install/rover_perception_msgs/include/rover_perception_msgs/rover_perception_msgs/msg/led_detection_array.hpp
-- Up-to-date: /home/joshua/rover_ws/install/rover_perception_msgs/include/rover_perception_msgs/rover_perception_msgs/msg/detail
-- Installing: /home/joshua/rover_ws/install/rover_perception_msgs/include/rover_perception_msgs/rover_perception_msgs/msg/detail/terrain_grid__struct.hpp
-- Installing: /home/joshua/rover_ws/install/rover_perception_msgs/include/rover_perception_msgs/rover_perception_msgs/msg/detail/terrain_grid__builder.hpp
-- Installing: /home/joshua/rover_ws/install/rover_perception_msgs/include/rover_perception_msgs/rover_perception_msgs/msg/detail/led_detection_array__type_support.hpp
-- Installing: /home/joshua/rover_ws/install/rover_perception_msgs/include/rover_perception_msgs/rover_perception_msgs/msg/detail/led_detection_array__traits.hpp
-- Installing: /home/joshua/rover_ws/install/rover_perception_msgs/include/rover_perception_msgs/rover_perception_msgs/msg/detail/led_detection__builder.hpp
-- Installing: /home/joshua/rover_ws/install/rover_perception_msgs/include/rover_perception_msgs/rover_perception_msgs/msg/detail/led_detection_array__builder.hpp
-- Installing: /home/joshua/rover_ws/install/rover_perception_msgs/include/rover_perception_msgs/rover_perception_msgs/msg/detail/led_detection_array__struct.hpp
-- Installing: /home/joshua/rover_ws/install/rover_perception_msgs/include/rover_perception_msgs/rover_perception_msgs/msg/detail/terrain_grid__type_support.hpp
-- Installing: /home/joshua/rover_ws/install/rover_perception_msgs/include/rover_perception_msgs/rover_perception_msgs/msg/detail/led_detection__struct.hpp
-- Installing: /home/joshua/rover_ws/install/rover_perception_msgs/include/rover_perception_msgs/rover_perception_msgs/msg/detail/led_detection__traits.hpp
-- Installing: /home/joshua/rover_ws/install/rover_perception_msgs/include/rover_perception_msgs/rover_perception_msgs/msg/detail/terrain_grid__traits.hpp
-- Installing: /home/joshua/rover_ws/install/rover_perception_msgs/include/rover_perception_msgs/rover_perception_msgs/msg/detail/led_detection__type_support.hpp
-- Installing: /home/joshua/rover_ws/install/rover_perception_msgs/include/rover_perception_msgs/rover_perception_msgs/msg/led_detection.hpp
-- Installing: /home/joshua/rover_ws/install/rover_perception_msgs/include/rover_perception_msgs/rover_perception_msgs/msg/rosidl_generator_cpp__visibility_control.hpp
-- Installing: /home/joshua/rover_ws/install/rover_perception_msgs/include/rover_perception_msgs/rover_perception_msgs/msg/terrain_grid.hpp
-- Up-to-date: /home/joshua/rover_ws/install/rover_perception_msgs/include/rover_perception_msgs/rover_perception_msgs
-- Up-to-date: /home/joshua/rover_ws/install/rover_perception_msgs/include/rover_perception_msgs/rover_perception_msgs/msg
-- Up-to-date: /home/joshua/rover_ws/install/rover_perception_msgs/include/rover_perception_msgs/rover_perception_msgs/msg/detail
-- Installing: /home/joshua/rover_ws/install/rover_perception_msgs/include/rover_perception_msgs/rover_perception_msgs/msg/detail/led_detection__rosidl_typesupport_fastrtps_cpp.hpp
-- Installing: /home/joshua/rover_ws/install/rover_perception_msgs/include/rover_perception_msgs/rover_perception_msgs/msg/detail/dds_fastrtps
-- Installing: /home/joshua/rover_ws/install/rover_perception_msgs/include/rover_perception_msgs/rover_perception_msgs/msg/detail/terrain_grid__rosidl_typesupport_fastrtps_cpp.hpp
-- Installing: /home/joshua/rover_ws/install/rover_perception_msgs/include/rover_perception_msgs/rover_perception_msgs/msg/detail/led_detection_array__rosidl_typesupport_fastrtps_cpp.hpp
-- Installing: /home/joshua/rover_ws/install/rover_perception_msgs/include/rover_perception_msgs/rover_perception_msgs/msg/rosidl_typesupport_fastrtps_cpp__visibility_control.h
-- Installing: /home/joshua/rover_ws/install/rover_perception_msgs/lib/librover_perception_msgs__rosidl_typesupport_fastrtps_cpp.so
-- Set runtime path of "/home/joshua/rover_ws/install/rover_perception_msgs/lib/librover_perception_msgs__rosidl_typesupport_fastrtps_cpp.so" to ""
-- Up-to-date: /home/joshua/rover_ws/install/rover_perception_msgs/include/rover_perception_msgs/rover_perception_msgs
-- Up-to-date: /home/joshua/rover_ws/install/rover_perception_msgs/include/rover_perception_msgs/rover_perception_msgs/msg
-- Up-to-date: /home/joshua/rover_ws/install/rover_perception_msgs/include/rover_perception_msgs/rover_perception_msgs/msg/detail
-- Installing: /home/joshua/rover_ws/install/rover_perception_msgs/include/rover_perception_msgs/rover_perception_msgs/msg/detail/led_detection_array__type_support.cpp
-- Installing: /home/joshua/rover_ws/install/rover_perception_msgs/include/rover_perception_msgs/rover_perception_msgs/msg/detail/terrain_grid__rosidl_typesupport_introspection_cpp.hpp
-- Installing: /home/joshua/rover_ws/install/rover_perception_msgs/include/rover_perception_msgs/rover_perception_msgs/msg/detail/terrain_grid__type_support.cpp
-- Installing: /home/joshua/rover_ws/install/rover_perception_msgs/include/rover_perception_msgs/rover_perception_msgs/msg/detail/led_detection__type_support.cpp
-- Installing: /home/joshua/rover_ws/install/rover_perception_msgs/include/rover_perception_msgs/rover_perception_msgs/msg/detail/led_detection_array__rosidl_typesupport_introspection_cpp.hpp
-- Installing: /home/joshua/rover_ws/install/rover_perception_msgs/include/rover_perception_msgs/rover_perception_msgs/msg/detail/led_detection__rosidl_typesupport_introspection_cpp.hpp
-- Installing: /home/joshua/rover_ws/install/rover_perception_msgs/lib/librover_perception_msgs__rosidl_typesupport_introspection_cpp.so
-- Set runtime path of "/home/joshua/rover_ws/install/rover_perception_msgs/lib/librover_perception_msgs__rosidl_typesupport_introspection_cpp.so" to ""
-- Installing: /home/joshua/rover_ws/install/rover_perception_msgs/lib/librover_perception_msgs__rosidl_typesupport_cpp.so
-- Set runtime path of "/home/joshua/rover_ws/install/rover_perception_msgs/lib/librover_perception_msgs__rosidl_typesupport_cpp.so" to ""
-- Installing: /home/joshua/rover_ws/install/rover_perception_msgs/share/rover_perception_msgs/environment/pythonpath.sh
-- Installing: /home/joshua/rover_ws/install/rover_perception_msgs/share/rover_perception_msgs/environment/pythonpath.dsv
-- Installing: /home/joshua/rover_ws/install/rover_perception_msgs/local/lib/python3.10/dist-packages/rover_perception_msgs-0.0.0-py3.10.egg-info
-- Installing: /home/joshua/rover_ws/install/rover_perception_msgs/local/lib/python3.10/dist-packages/rover_perception_msgs-0.0.0-py3.10.egg-info/PKG-INFO
-- Installing: /home/joshua/rover_ws/install/rover_perception_msgs/local/lib/python3.10/dist-packages/rover_perception_msgs-0.0.0-py3.10.egg-info/dependency_links.txt
-- Installing: /home/joshua/rover_ws/install/rover_perception_msgs/local/lib/python3.10/dist-packages/rover_perception_msgs-0.0.0-py3.10.egg-info/top_level.txt
-- Installing: /home/joshua/rover_ws/install/rover_perception_msgs/local/lib/python3.10/dist-packages/rover_perception_msgs-0.0.0-py3.10.egg-info/SOURCES.txt
-- Installing: /home/joshua/rover_ws/install/rover_perception_msgs/local/lib/python3.10/dist-packages/rover_perception_msgs
-- Installing: /home/joshua/rover_ws/install/rover_perception_msgs/local/lib/python3.10/dist-packages/rover_perception_msgs/msg
-- Installing: /home/joshua/rover_ws/install/rover_perception_msgs/local/lib/python3.10/dist-packages/rover_perception_msgs/msg/_led_detection_s.c
-- Installing: /home/joshua/rover_ws/install/rover_perception_msgs/local/lib/python3.10/dist-packages/rover_perception_msgs/msg/_led_detection_array_s.c
-- Installing: /home/joshua/rover_ws/install/rover_perception_msgs/local/lib/python3.10/dist-packages/rover_perception_msgs/msg/_terrain_grid_s.c
-- Installing: /home/joshua/rover_ws/install/rover_perception_msgs/local/lib/python3.10/dist-packages/rover_perception_msgs/msg/_led_detection.py
-- Installing: /home/joshua/rover_ws/install/rover_perception_msgs/local/lib/python3.10/dist-packages/rover_perception_msgs/msg/_terrain_grid.py
-- Installing: /home/joshua/rover_ws/install/rover_perception_msgs/local/lib/python3.10/dist-packages/rover_perception_msgs/msg/__init__.py
-- Installing: /home/joshua/rover_ws/install/rover_perception_msgs/local/lib/python3.10/dist-packages/rover_perception_msgs/msg/_led_detection_array.py
-- Installing: /home/joshua/rover_ws/install/rover_perception_msgs/local/lib/python3.10/dist-packages/rover_perception_msgs/rover_perception_msgs_s__rosidl_typesupport_c.cpython-310-x86_64-linux-gnu.so
-- Installing: /home/joshua/rover_ws/install/rover_perception_msgs/local/lib/python3.10/dist-packages/rover_perception_msgs/librover_perception_msgs__rosidl_generator_py.so
-- Installing: /home/joshua/rover_ws/install/rover_perception_msgs/local/lib/python3.10/dist-packages/rover_perception_msgs/_rover_perception_msgs_s.ep.rosidl_typesupport_introspection_c.c
-- Installing: /home/joshua/rover_ws/install/rover_perception_msgs/local/lib/python3.10/dist-packages/rover_perception_msgs/rover_perception_msgs_s__rosidl_typesupport_introspection_c.cpython-310-x86_64-linux-gnu.so
-- Installing: /home/joshua/rover_ws/install/rover_perception_msgs/local/lib/python3.10/dist-packages/rover_perception_msgs/_rover_perception_msgs_s.ep.rosidl_typesupport_fastrtps_c.c
-- Installing: /home/joshua/rover_ws/install/rover_perception_msgs/local/lib/python3.10/dist-packages/rover_perception_msgs/rover_perception_msgs_s__rosidl_typesupport_fastrtps_c.cpython-310-x86_64-linux-gnu.so
-- Installing: /home/joshua/rover_ws/install/rover_perception_msgs/local/lib/python3.10/dist-packages/rover_perception_msgs/__init__.py
-- Installing: /home/joshua/rover_ws/install/rover_perception_msgs/local/lib/python3.10/dist-packages/rover_perception_msgs/_rover_perception_msgs_s.ep.rosidl_typesupport_c.c
Listing '/home/joshua/rover_ws/install/rover_perception_msgs/local/lib/python3.10/dist-packages/rover_perception_msgs'...
Compiling '/home/joshua/rover_ws/install/rover_perception_msgs/local/lib/python3.10/dist-packages/rover_perception_msgs/__init__.py'...
Listing '/home/joshua/rover_ws/install/rover_perception_msgs/local/lib/python3.10/dist-packages/rover_perception_msgs/msg'...
Compiling '/home/joshua/rover_ws/install/rover_perception_msgs/local/lib/python3.10/dist-packages/rover_perception_msgs/msg/__init__.py'...
Compiling '/home/joshua/rover_ws/install/rover_perception_msgs/local/lib/python3.10/dist-packages/rover_perception_msgs/msg/_led_detection.py'...
Compiling '/home/joshua/rover_ws/install/rover_perception_msgs/local/lib/python3.10/dist-packages/rover_perception_msgs/msg/_led_detection_array.py'...
Compiling '/home/joshua/rover_ws/install/rover_perception_msgs/local/lib/python3.10/dist-packages/rover_perception_msgs/msg/_terrain_grid.py'...
-- Installing: /home/joshua/rover_ws/install/rover_perception_msgs/local/lib/python3.10/dist-packages/rover_perception_msgs/rover_perception_msgs_s__rosidl_typesupport_fastrtps_c.cpython-310-x86_64-linux-gnu.so
-- Set runtime path of "/home/joshua/rover_ws/install/rover_perception_msgs/local/lib/python3.10/dist-packages/rover_perception_msgs/rover_perception_msgs_s__rosidl_typesupport_fastrtps_c.cpython-310-x86_64-linux-gnu.so" to ""
-- Installing: /home/joshua/rover_ws/install/rover_perception_msgs/local/lib/python3.10/dist-packages/rover_perception_msgs/rover_perception_msgs_s__rosidl_typesupport_introspection_c.cpython-310-x86_64-linux-gnu.so
-- Set runtime path of "/home/joshua/rover_ws/install/rover_perception_msgs/local/lib/python3.10/dist-packages/rover_perception_msgs/rover_perception_msgs_s__rosidl_typesupport_introspection_c.cpython-310-x86_64-linux-gnu.so" to ""
-- Installing: /home/joshua/rover_ws/install/rover_perception_msgs/local/lib/python3.10/dist-packages/rover_perception_msgs/rover_perception_msgs_s__rosidl_typesupport_c.cpython-310-x86_64-linux-gnu.so
-- Set runtime path of "/home/joshua/rover_ws/install/rover_perception_msgs/local/lib/python3.10/dist-packages/rover_perception_msgs/rover_perception_msgs_s__rosidl_typesupport_c.cpython-310-x86_64-linux-gnu.so" to ""
-- Installing: /home/joshua/rover_ws/install/rover_perception_msgs/lib/librover_perception_msgs__rosidl_generator_py.so
-- Set runtime path of "/home/joshua/rover_ws/install/rover_perception_msgs/lib/librover_perception_msgs__rosidl_generator_py.so" to ""
-- Installing: /home/joshua/rover_ws/install/rover_perception_msgs/share/ament_index/resource_index/rust_packages/rover_perception_msgs
-- Installing: /home/joshua/rover_ws/install/rover_perception_msgs/share/rover_perception_msgs/rust
-- Installing: /home/joshua/rover_ws/install/rover_perception_msgs/share/rover_perception_msgs/rust/build.rs
-- Installing: /home/joshua/rover_ws/install/rover_perception_msgs/share/rover_perception_msgs/rust/src
-- Installing: /home/joshua/rover_ws/install/rover_perception_msgs/share/rover_perception_msgs/rust/src/msg
-- Installing: /home/joshua/rover_ws/install/rover_perception_msgs/share/rover_perception_msgs/rust/src/msg/rmw.rs
-- Installing: /home/joshua/rover_ws/install/rover_perception_msgs/share/rover_perception_msgs/rust/src/lib.rs
-- Installing: /home/joshua/rover_ws/install/rover_perception_msgs/share/rover_perception_msgs/rust/src/msg.rs
-- Installing: /home/joshua/rover_ws/install/rover_perception_msgs/share/rover_perception_msgs/rust/Cargo.toml
-- Installing: /home/joshua/rover_ws/install/rover_perception_msgs/share/rover_perception_msgs/msg/TerrainGrid.idl
-- Installing: /home/joshua/rover_ws/install/rover_perception_msgs/share/rover_perception_msgs/msg/LedDetection.idl
-- Installing: /home/joshua/rover_ws/install/rover_perception_msgs/share/rover_perception_msgs/msg/LedDetectionArray.idl
-- Installing: /home/joshua/rover_ws/install/rover_perception_msgs/share/rover_perception_msgs/msg/TerrainGrid.msg
-- Installing: /home/joshua/rover_ws/install/rover_perception_msgs/share/rover_perception_msgs/msg/LedDetection.msg
-- Installing: /home/joshua/rover_ws/install/rover_perception_msgs/share/rover_perception_msgs/msg/LedDetectionArray.msg
-- Installing: /home/joshua/rover_ws/install/rover_perception_msgs/share/ament_index/resource_index/package_run_dependencies/rover_perception_msgs
-- Installing: /home/joshua/rover_ws/install/rover_perception_msgs/share/ament_index/resource_index/parent_prefix_path/rover_perception_msgs
-- Installing: /home/joshua/rover_ws/install/rover_perception_msgs/share/rover_perception_msgs/environment/ament_prefix_path.sh
-- Installing: /home/joshua/rover_ws/install/rover_perception_msgs/share/rover_perception_msgs/environment/ament_prefix_path.dsv
-- Installing: /home/joshua/rover_ws/install/rover_perception_msgs/share/rover_perception_msgs/environment/path.sh
-- Installing: /home/joshua/rover_ws/install/rover_perception_msgs/share/rover_perception_msgs/environment/path.dsv
-- Installing: /home/joshua/rover_ws/install/rover_perception_msgs/share/rover_perception_msgs/local_setup.bash
-- Installing: /home/joshua/rover_ws/install/rover_perception_msgs/share/rover_perception_msgs/local_setup.sh
-- Installing: /home/joshua/rover_ws/install/rover_perception_msgs/share/rover_perception_msgs/local_setup.zsh
-- Installing: /home/joshua/rover_ws/install/rover_perception_msgs/share/rover_perception_msgs/local_setup.dsv
-- Installing: /home/joshua/rover_ws/install/rover_perception_msgs/share/rover_perception_msgs/package.dsv
-- Installing: /home/joshua/rover_ws/install/rover_perception_msgs/share/ament_index/resource_index/packages/rover_perception_msgs
-- Installing: /home/joshua/rover_ws/install/rover_perception_msgs/share/rover_perception_msgs/cmake/export_rover_perception_msgs__rosidl_generator_cExport.cmake
-- Installing: /home/joshua/rover_ws/install/rover_perception_msgs/share/rover_perception_msgs/cmake/export_rover_perception_msgs__rosidl_generator_cExport-noconfig.cmake
-- Installing: /home/joshua/rover_ws/install/rover_perception_msgs/share/rover_perception_msgs/cmake/export_rover_perception_msgs__rosidl_typesupport_fastrtps_cExport.cmake
-- Installing: /home/joshua/rover_ws/install/rover_perception_msgs/share/rover_perception_msgs/cmake/export_rover_perception_msgs__rosidl_typesupport_fastrtps_cExport-noconfig.cmake
-- Installing: /home/joshua/rover_ws/install/rover_perception_msgs/share/rover_perception_msgs/cmake/rover_perception_msgs__rosidl_typesupport_introspection_cExport.cmake
-- Installing: /home/joshua/rover_ws/install/rover_perception_msgs/share/rover_perception_msgs/cmake/rover_perception_msgs__rosidl_typesupport_introspection_cExport-noconfig.cmake
-- Installing: /home/joshua/rover_ws/install/rover_perception_msgs/share/rover_perception_msgs/cmake/rover_perception_msgs__rosidl_typesupport_cExport.cmake
-- Installing: /home/joshua/rover_ws/install/rover_perception_msgs/share/rover_perception_msgs/cmake/rover_perception_msgs__rosidl_typesupport_cExport-noconfig.cmake
-- Installing: /home/joshua/rover_ws/install/rover_perception_msgs/share/rover_perception_msgs/cmake/export_rover_perception_msgs__rosidl_generator_cppExport.cmake
-- Installing: /home/joshua/rover_ws/install/rover_perception_msgs/share/rover_perception_msgs/cmake/export_rover_perception_msgs__rosidl_typesupport_fastrtps_cppExport.cmake
-- Installing: /home/joshua/rover_ws/install/rover_perception_msgs/share/rover_perception_msgs/cmake/export_rover_perception_msgs__rosidl_typesupport_fastrtps_cppExport-noconfig.cmake
-- Installing: /home/joshua/rover_ws/install/rover_perception_msgs/share/rover_perception_msgs/cmake/rover_perception_msgs__rosidl_typesupport_introspection_cppExport.cmake
-- Installing: /home/joshua/rover_ws/install/rover_perception_msgs/share/rover_perception_msgs/cmake/rover_perception_msgs__rosidl_typesupport_introspection_cppExport-noconfig.cmake
-- Installing: /home/joshua/rover_ws/install/rover_perception_msgs/share/rover_perception_msgs/cmake/rover_perception_msgs__rosidl_typesupport_cppExport.cmake
-- Installing: /home/joshua/rover_ws/install/rover_perception_msgs/share/rover_perception_msgs/cmake/rover_perception_msgs__rosidl_typesupport_cppExport-noconfig.cmake
-- Installing: /home/joshua/rover_ws/install/rover_perception_msgs/share/rover_perception_msgs/cmake/export_rover_perception_msgs__rosidl_generator_pyExport.cmake
-- Installing: /home/joshua/rover_ws/install/rover_perception_msgs/share/rover_perception_msgs/cmake/export_rover_perception_msgs__rosidl_generator_pyExport-noconfig.cmake
-- Installing: /home/joshua/rover_ws/install/rover_perception_msgs/share/rover_perception_msgs/cmake/rosidl_cmake-extras.cmake
-- Installing: /home/joshua/rover_ws/install/rover_perception_msgs/share/rover_perception_msgs/cmake/ament_cmake_export_dependencies-extras.cmake
-- Installing: /home/joshua/rover_ws/install/rover_perception_msgs/share/rover_perception_msgs/cmake/ament_cmake_export_include_directories-extras.cmake
-- Installing: /home/joshua/rover_ws/install/rover_perception_msgs/share/rover_perception_msgs/cmake/ament_cmake_export_libraries-extras.cmake
-- Installing: /home/joshua/rover_ws/install/rover_perception_msgs/share/rover_perception_msgs/cmake/ament_cmake_export_targets-extras.cmake
-- Installing: /home/joshua/rover_ws/install/rover_perception_msgs/share/rover_perception_msgs/cmake/rosidl_cmake_export_typesupport_targets-extras.cmake
-- Installing: /home/joshua/rover_ws/install/rover_perception_msgs/share/rover_perception_msgs/cmake/rosidl_cmake_export_typesupport_libraries-extras.cmake
-- Installing: /home/joshua/rover_ws/install/rover_perception_msgs/share/rover_perception_msgs/cmake/rover_perception_msgsConfig.cmake
-- Installing: /home/joshua/rover_ws/install/rover_perception_msgs/share/rover_perception_msgs/cmake/rover_perception_msgsConfig-version.cmake
-- Installing: /home/joshua/rover_ws/install/rover_perception_msgs/share/rover_perception_msgs/package.xml
