[0.690s] Invoking command in '/home/joshua/rover_ws/src/rover_control': PYTHONPATH=/home/joshua/rover_ws/build/rover_control/prefix_override:/usr/lib/python3/dist-packages/colcon_core/task/python/colcon_distutils_commands:/home/joshua/rover_ws/install/rover_control/lib/python3.10/site-packages:${PYTHONPATH} /usr/bin/python3 -W ignore:setup.py install is deprecated -W ignore:easy_install command is deprecated setup.py egg_info --egg-base ../../build/rover_control build --build-base /home/joshua/rover_ws/build/rover_control/build install --record /home/joshua/rover_ws/build/rover_control/install.log --single-version-externally-managed install_data
[0.893s] running egg_info
[0.894s] writing ../../build/rover_control/rover_control.egg-info/PKG-INFO
[0.895s] writing dependency_links to ../../build/rover_control/rover_control.egg-info/dependency_links.txt
[0.895s] writing entry points to ../../build/rover_control/rover_control.egg-info/entry_points.txt
[0.895s] writing requirements to ../../build/rover_control/rover_control.egg-info/requires.txt
[0.895s] writing top-level names to ../../build/rover_control/rover_control.egg-info/top_level.txt
[0.897s] reading manifest file '../../build/rover_control/rover_control.egg-info/SOURCES.txt'
[0.897s] writing manifest file '../../build/rover_control/rover_control.egg-info/SOURCES.txt'
[0.897s] running build
[0.897s] running build_py
[0.898s] running install
[0.898s] running install_lib
[0.899s] running install_data
[0.900s] running install_egg_info
[0.902s] removing '/home/joshua/rover_ws/install/rover_control/lib/python3.10/site-packages/rover_control-0.0.0-py3.10.egg-info' (and everything under it)
[0.903s] Copying ../../build/rover_control/rover_control.egg-info to /home/joshua/rover_ws/install/rover_control/lib/python3.10/site-packages/rover_control-0.0.0-py3.10.egg-info
[0.903s] running install_scripts
[0.929s] Installing command_node script to /home/joshua/rover_ws/install/rover_control/lib/rover_control
[0.929s] Installing fake_stm32_bridge_node script to /home/joshua/rover_ws/install/rover_control/lib/rover_control
[0.929s] Installing rover_pose_node script to /home/joshua/rover_ws/install/rover_control/lib/rover_control
[0.930s] Installing wifi_node script to /home/joshua/rover_ws/install/rover_control/lib/rover_control
[0.930s] writing list of installed files to '/home/joshua/rover_ws/build/rover_control/install.log'
[0.967s] Invoked command in '/home/joshua/rover_ws/src/rover_control' returned '0': PYTHONPATH=/home/joshua/rover_ws/build/rover_control/prefix_override:/usr/lib/python3/dist-packages/colcon_core/task/python/colcon_distutils_commands:/home/joshua/rover_ws/install/rover_control/lib/python3.10/site-packages:${PYTHONPATH} /usr/bin/python3 -W ignore:setup.py install is deprecated -W ignore:easy_install command is deprecated setup.py egg_info --egg-base ../../build/rover_control build --build-base /home/joshua/rover_ws/build/rover_control/build install --record /home/joshua/rover_ws/build/rover_control/install.log --single-version-externally-managed install_data
