running egg_info
writing ../../build/rover_perception/rover_perception.egg-info/PKG-INFO
writing dependency_links to ../../build/rover_perception/rover_perception.egg-info/dependency_links.txt
writing entry points to ../../build/rover_perception/rover_perception.egg-info/entry_points.txt
writing requirements to ../../build/rover_perception/rover_perception.egg-info/requires.txt
writing top-level names to ../../build/rover_perception/rover_perception.egg-info/top_level.txt
reading manifest file '../../build/rover_perception/rover_perception.egg-info/SOURCES.txt'
writing manifest file '../../build/rover_perception/rover_perception.egg-info/SOURCES.txt'
running build
running build_py
copying rover_perception/pointcloud_preprocessing_node.py -> /home/joshua/rover_ws/build/rover_perception/build/lib/rover_perception
copying rover_perception/fake_mono_camera_node.py -> /home/joshua/rover_ws/build/rover_perception/build/lib/rover_perception
copying rover_perception/fake_mast_hw_node.py -> /home/joshua/rover_ws/build/rover_perception/build/lib/rover_perception
copying rover_perception/terrain_analysis.py -> /home/joshua/rover_ws/build/rover_perception/build/lib/rover_perception
copying rover_perception/fake_stereo_camera_node.py -> /home/joshua/rover_ws/build/rover_perception/build/lib/rover_perception
copying rover_perception/pointcloud_filters.py -> /home/joshua/rover_ws/build/rover_perception/build/lib/rover_perception
copying rover_perception/global_pointcloud_fusion_node.py -> /home/joshua/rover_ws/build/rover_perception/build/lib/rover_perception
copying rover_perception/mast_pose_node.py -> /home/joshua/rover_ws/build/rover_perception/build/lib/rover_perception
copying rover_perception/obstacle_grid_node.py -> /home/joshua/rover_ws/build/rover_perception/build/lib/rover_perception
copying rover_perception/led_detector_node.py -> /home/joshua/rover_ws/build/rover_perception/build/lib/rover_perception
copying rover_perception/frame_transform_node.py -> /home/joshua/rover_ws/build/rover_perception/build/lib/rover_perception
copying rover_perception/stereo_pointcloud_node.py -> /home/joshua/rover_ws/build/rover_perception/build/lib/rover_perception
running install
running install_lib
copying /home/joshua/rover_ws/build/rover_perception/build/lib/rover_perception/pointcloud_preprocessing_node.py -> /home/joshua/rover_ws/install/rover_perception/lib/python3.10/site-packages/rover_perception
copying /home/joshua/rover_ws/build/rover_perception/build/lib/rover_perception/fake_mono_camera_node.py -> /home/joshua/rover_ws/install/rover_perception/lib/python3.10/site-packages/rover_perception
copying /home/joshua/rover_ws/build/rover_perception/build/lib/rover_perception/fake_mast_hw_node.py -> /home/joshua/rover_ws/install/rover_perception/lib/python3.10/site-packages/rover_perception
copying /home/joshua/rover_ws/build/rover_perception/build/lib/rover_perception/terrain_analysis.py -> /home/joshua/rover_ws/install/rover_perception/lib/python3.10/site-packages/rover_perception
copying /home/joshua/rover_ws/build/rover_perception/build/lib/rover_perception/fake_stereo_camera_node.py -> /home/joshua/rover_ws/install/rover_perception/lib/python3.10/site-packages/rover_perception
copying /home/joshua/rover_ws/build/rover_perception/build/lib/rover_perception/pointcloud_filters.py -> /home/joshua/rover_ws/install/rover_perception/lib/python3.10/site-packages/rover_perception
copying /home/joshua/rover_ws/build/rover_perception/build/lib/rover_perception/global_pointcloud_fusion_node.py -> /home/joshua/rover_ws/install/rover_perception/lib/python3.10/site-packages/rover_perception
copying /home/joshua/rover_ws/build/rover_perception/build/lib/rover_perception/mast_pose_node.py -> /home/joshua/rover_ws/install/rover_perception/lib/python3.10/site-packages/rover_perception
copying /home/joshua/rover_ws/build/rover_perception/build/lib/rover_perception/obstacle_grid_node.py -> /home/joshua/rover_ws/install/rover_perception/lib/python3.10/site-packages/rover_perception
copying /home/joshua/rover_ws/build/rover_perception/build/lib/rover_perception/led_detector_node.py -> /home/joshua/rover_ws/install/rover_perception/lib/python3.10/site-packages/rover_perception
copying /home/joshua/rover_ws/build/rover_perception/build/lib/rover_perception/frame_transform_node.py -> /home/joshua/rover_ws/install/rover_perception/lib/python3.10/site-packages/rover_perception
copying /home/joshua/rover_ws/build/rover_perception/build/lib/rover_perception/stereo_pointcloud_node.py -> /home/joshua/rover_ws/install/rover_perception/lib/python3.10/site-packages/rover_perception
byte-compiling /home/joshua/rover_ws/install/rover_perception/lib/python3.10/site-packages/rover_perception/pointcloud_preprocessing_node.py to pointcloud_preprocessing_node.cpython-310.pyc
byte-compiling /home/joshua/rover_ws/install/rover_perception/lib/python3.10/site-packages/rover_perception/fake_mono_camera_node.py to fake_mono_camera_node.cpython-310.pyc
byte-compiling /home/joshua/rover_ws/install/rover_perception/lib/python3.10/site-packages/rover_perception/fake_mast_hw_node.py to fake_mast_hw_node.cpython-310.pyc
byte-compiling /home/joshua/rover_ws/install/rover_perception/lib/python3.10/site-packages/rover_perception/terrain_analysis.py to terrain_analysis.cpython-310.pyc
byte-compiling /home/joshua/rover_ws/install/rover_perception/lib/python3.10/site-packages/rover_perception/fake_stereo_camera_node.py to fake_stereo_camera_node.cpython-310.pyc
byte-compiling /home/joshua/rover_ws/install/rover_perception/lib/python3.10/site-packages/rover_perception/pointcloud_filters.py to pointcloud_filters.cpython-310.pyc
byte-compiling /home/joshua/rover_ws/install/rover_perception/lib/python3.10/site-packages/rover_perception/global_pointcloud_fusion_node.py to global_pointcloud_fusion_node.cpython-310.pyc
byte-compiling /home/joshua/rover_ws/install/rover_perception/lib/python3.10/site-packages/rover_perception/mast_pose_node.py to mast_pose_node.cpython-310.pyc
byte-compiling /home/joshua/rover_ws/install/rover_perception/lib/python3.10/site-packages/rover_perception/obstacle_grid_node.py to obstacle_grid_node.cpython-310.pyc
byte-compiling /home/joshua/rover_ws/install/rover_perception/lib/python3.10/site-packages/rover_perception/led_detector_node.py to led_detector_node.cpython-310.pyc
byte-compiling /home/joshua/rover_ws/install/rover_perception/lib/python3.10/site-packages/rover_perception/frame_transform_node.py to frame_transform_node.cpython-310.pyc
byte-compiling /home/joshua/rover_ws/install/rover_perception/lib/python3.10/site-packages/rover_perception/stereo_pointcloud_node.py to stereo_pointcloud_node.cpython-310.pyc
running install_data
copying package.xml -> /home/joshua/rover_ws/install/rover_perception/share/rover_perception
copying launch/stereo_lidar_fusion.launch.py -> /home/joshua/rover_ws/install/rover_perception/share/rover_perception/launch
running install_egg_info
removing '/home/joshua/rover_ws/install/rover_perception/lib/python3.10/site-packages/rover_perception-0.0.0-py3.10.egg-info' (and everything under it)
Copying ../../build/rover_perception/rover_perception.egg-info to /home/joshua/rover_ws/install/rover_perception/lib/python3.10/site-packages/rover_perception-0.0.0-py3.10.egg-info
running install_scripts
Installing fake_mast_hw_node script to /home/joshua/rover_ws/install/rover_perception/lib/rover_perception
Installing fake_mono_camera_node script to /home/joshua/rover_ws/install/rover_perception/lib/rover_perception
Installing fake_stereo_camera_node script to /home/joshua/rover_ws/install/rover_perception/lib/rover_perception
Installing frame_transform_node script to /home/joshua/rover_ws/install/rover_perception/lib/rover_perception
Installing global_pointcloud_fusion_node script to /home/joshua/rover_ws/install/rover_perception/lib/rover_perception
Installing led_detector_node script to /home/joshua/rover_ws/install/rover_perception/lib/rover_perception
Installing mast_pose_node script to /home/joshua/rover_ws/install/rover_perception/lib/rover_perception
Installing obstacle_grid_node script to /home/joshua/rover_ws/install/rover_perception/lib/rover_perception
Installing pointcloud_preprocessing_node script to /home/joshua/rover_ws/install/rover_perception/lib/rover_perception
Installing stereo_pointcloud_node script to /home/joshua/rover_ws/install/rover_perception/lib/rover_perception
writing list of installed files to '/home/joshua/rover_ws/build/rover_perception/install.log'
