[0.781s] Invoking command in '/home/joshua/rover_ws/src/rover_perception': AMENT_PREFIX_PATH=/home/joshua/rover_ws/install/rover_perception_msgs:/home/joshua/rover_ws/install/rover_lidar:${AMENT_PREFIX_PATH} CMAKE_PREFIX_PATH=/home/joshua/rover_ws/install/rover_perception_msgs LD_LIBRARY_PATH=/home/joshua/rover_ws/install/rover_perception_msgs/lib:${LD_LIBRARY_PATH} PYTHONPATH=/home/joshua/rover_ws/build/rover_perception/prefix_override:/usr/lib/python3/dist-packages/colcon_core/task/python/colcon_distutils_commands:/home/joshua/rover_ws/install/rover_perception/lib/python3.10/site-packages:/home/joshua/rover_ws/install/rover_perception_msgs/local/lib/python3.10/dist-packages:/home/joshua/rover_ws/install/rover_lidar/lib/python3.10/site-packages:${PYTHONPATH} /usr/bin/python3 -W ignore:setup.py install is deprecated -W ignore:easy_install command is deprecated setup.py egg_info --egg-base ../../build/rover_perception build --build-base /home/joshua/rover_ws/build/rover_perception/build install --record /home/joshua/rover_ws/build/rover_perception/install.log --single-version-externally-managed install_data
[0.950s] running egg_info
[0.951s] writing ../../build/rover_perception/rover_perception.egg-info/PKG-INFO
[0.956s] writing dependency_links to ../../build/rover_perception/rover_perception.egg-info/dependency_links.txt
[0.956s] writing entry points to ../../build/rover_perception/rover_perception.egg-info/entry_points.txt
[0.956s] writing requirements to ../../build/rover_perception/rover_perception.egg-info/requires.txt
[0.956s] writing top-level names to ../../build/rover_perception/rover_perception.egg-info/top_level.txt
[0.958s] reading manifest file '../../build/rover_perception/rover_perception.egg-info/SOURCES.txt'
[0.959s] writing manifest file '../../build/rover_perception/rover_perception.egg-info/SOURCES.txt'
[0.959s] running build
[0.960s] running build_py
[0.960s] copying rover_perception/pointcloud_preprocessing_node.py -> /home/joshua/rover_ws/build/rover_perception/build/lib/rover_perception
[0.961s] copying rover_perception/fake_mono_camera_node.py -> /home/joshua/rover_ws/build/rover_perception/build/lib/rover_perception
[0.962s] copying rover_perception/fake_mast_hw_node.py -> /home/joshua/rover_ws/build/rover_perception/build/lib/rover_perception
[0.963s] copying rover_perception/terrain_analysis.py -> /home/joshua/rover_ws/build/rover_perception/build/lib/rover_perception
[0.963s] copying rover_perception/fake_stereo_camera_node.py -> /home/joshua/rover_ws/build/rover_perception/build/lib/rover_perception
[0.964s] copying rover_perception/pointcloud_filters.py -> /home/joshua/rover_ws/build/rover_perception/build/lib/rover_perception
[0.964s] copying rover_perception/global_pointcloud_fusion_node.py -> /home/joshua/rover_ws/build/rover_perception/build/lib/rover_perception
[0.965s] copying rover_perception/mast_pose_node.py -> /home/joshua/rover_ws/build/rover_perception/build/lib/rover_perception
[0.966s] copying rover_perception/obstacle_grid_node.py -> /home/joshua/rover_ws/build/rover_perception/build/lib/rover_perception
[0.966s] copying rover_perception/led_detector_node.py -> /home/joshua/rover_ws/build/rover_perception/build/lib/rover_perception
[0.967s] copying rover_perception/frame_transform_node.py -> /home/joshua/rover_ws/build/rover_perception/build/lib/rover_perception
[0.967s] copying rover_perception/stereo_pointcloud_node.py -> /home/joshua/rover_ws/build/rover_perception/build/lib/rover_perception
[0.968s] running install
[0.968s] running install_lib
[0.970s] copying /home/joshua/rover_ws/build/rover_perception/build/lib/rover_perception/pointcloud_preprocessing_node.py -> /home/joshua/rover_ws/install/rover_perception/lib/python3.10/site-packages/rover_perception
[0.971s] copying /home/joshua/rover_ws/build/rover_perception/build/lib/rover_perception/fake_mono_camera_node.py -> /home/joshua/rover_ws/install/rover_perception/lib/python3.10/site-packages/rover_perception
[0.971s] copying /home/joshua/rover_ws/build/rover_perception/build/lib/rover_perception/fake_mast_hw_node.py -> /home/joshua/rover_ws/install/rover_perception/lib/python3.10/site-packages/rover_perception
[0.971s] copying /home/joshua/rover_ws/build/rover_perception/build/lib/rover_perception/terrain_analysis.py -> /home/joshua/rover_ws/install/rover_perception/lib/python3.10/site-packages/rover_perception
[0.972s] copying /home/joshua/rover_ws/build/rover_perception/build/lib/rover_perception/fake_stereo_camera_node.py -> /home/joshua/rover_ws/install/rover_perception/lib/python3.10/site-packages/rover_perception
[0.972s] copying /home/joshua/rover_ws/build/rover_perception/build/lib/rover_perception/pointcloud_filters.py -> /home/joshua/rover_ws/install/rover_perception/lib/python3.10/site-packages/rover_perception
[0.972s] copying /home/joshua/rover_ws/build/rover_perception/build/lib/rover_perception/global_pointcloud_fusion_node.py -> /home/joshua/rover_ws/install/rover_perception/lib/python3.10/site-packages/rover_perception
[0.972s] copying /home/joshua/rover_ws/build/rover_perception/build/lib/rover_perception/mast_pose_node.py -> /home/joshua/rover_ws/install/rover_perception/lib/python3.10/site-packages/rover_perception
[0.972s] copying /home/joshua/rover_ws/build/rover_perception/build/lib/rover_perception/obstacle_grid_node.py -> /home/joshua/rover_ws/install/rover_perception/lib/python3.10/site-packages/rover_perception
[0.973s] copying /home/joshua/rover_ws/build/rover_perception/build/lib/rover_perception/led_detector_node.py -> /home/joshua/rover_ws/install/rover_perception/lib/python3.10/site-packages/rover_perception
[0.973s] copying /home/joshua/rover_ws/build/rover_perception/build/lib/rover_perception/frame_transform_node.py -> /home/joshua/rover_ws/install/rover_perception/lib/python3.10/site-packages/rover_perception
[0.973s] copying /home/joshua/rover_ws/build/rover_perception/build/lib/rover_perception/stereo_pointcloud_node.py -> /home/joshua/rover_ws/install/rover_perception/lib/python3.10/site-packages/rover_perception
[0.973s] byte-compiling /home/joshua/rover_ws/install/rover_perception/lib/python3.10/site-packages/rover_perception/pointcloud_preprocessing_node.py to pointcloud_preprocessing_node.cpython-310.pyc
[0.975s] byte-compiling /home/joshua/rover_ws/install/rover_perception/lib/python3.10/site-packages/rover_perception/fake_mono_camera_node.py to fake_mono_camera_node.cpython-310.pyc
[0.976s] byte-compiling /home/joshua/rover_ws/install/rover_perception/lib/python3.10/site-packages/rover_perception/fake_mast_hw_node.py to fake_mast_hw_node.cpython-310.pyc
[0.977s] byte-compiling /home/joshua/rover_ws/install/rover_perception/lib/python3.10/site-packages/rover_perception/terrain_analysis.py to terrain_analysis.cpython-310.pyc
[0.979s] byte-compiling /home/joshua/rover_ws/install/rover_perception/lib/python3.10/site-packages/rover_perception/fake_stereo_camera_node.py to fake_stereo_camera_node.cpython-310.pyc
[0.980s] byte-compiling /home/joshua/rover_ws/install/rover_perception/lib/python3.10/site-packages/rover_perception/pointcloud_filters.py to pointcloud_filters.cpython-310.pyc
[0.981s] byte-compiling /home/joshua/rover_ws/install/rover_perception/lib/python3.10/site-packages/rover_perception/global_pointcloud_fusion_node.py to global_pointcloud_fusion_node.cpython-310.pyc
[0.982s] byte-compiling /home/joshua/rover_ws/install/rover_perception/lib/python3.10/site-packages/rover_perception/mast_pose_node.py to mast_pose_node.cpython-310.pyc
[0.983s] byte-compiling /home/joshua/rover_ws/install/rover_perception/lib/python3.10/site-packages/rover_perception/obstacle_grid_node.py to obstacle_grid_node.cpython-310.pyc
[0.984s] byte-compiling /home/joshua/rover_ws/install/rover_perception/lib/python3.10/site-packages/rover_perception/led_detector_node.py to led_detector_node.cpython-310.pyc
[0.985s] byte-compiling /home/joshua/rover_ws/install/rover_perception/lib/python3.10/site-packages/rover_perception/frame_transform_node.py to frame_transform_node.cpython-310.pyc
[0.986s] byte-compiling /home/joshua/rover_ws/install/rover_perception/lib/python3.10/site-packages/rover_perception/stereo_pointcloud_node.py to stereo_pointcloud_node.cpython-310.pyc
[0.988s] running install_data
[0.988s] copying package.xml -> /home/joshua/rover_ws/install/rover_perception/share/rover_perception
[0.988s] copying launch/stereo_lidar_fusion.launch.py -> /home/joshua/rover_ws/install/rover_perception/share/rover_perception/launch
[0.989s] running install_egg_info
[0.991s] removing '/home/joshua/rover_ws/install/rover_perception/lib/python3.10/site-packages/rover_perception-0.0.0-py3.10.egg-info' (and everything under it)
[0.991s] Copying ../../build/rover_perception/rover_perception.egg-info to /home/joshua/rover_ws/install/rover_perception/lib/python3.10/site-packages/rover_perception-0.0.0-py3.10.egg-info
[0.993s] running install_scripts
[1.010s] Installing fake_mast_hw_node script to /home/joshua/rover_ws/install/rover_perception/lib/rover_perception
[1.010s] Installing fake_mono_camera_node script to /home/joshua/rover_ws/install/rover_perception/lib/rover_perception
[1.011s] Installing fake_stereo_camera_node script to /home/joshua/rover_ws/install/rover_perception/lib/rover_perception
[1.011s] Installing frame_transform_node script to /home/joshua/rover_ws/install/rover_perception/lib/rover_perception
[1.011s] Installing global_pointcloud_fusion_node script to /home/joshua/rover_ws/install/rover_perception/lib/rover_perception
[1.012s] Installing led_detector_node script to /home/joshua/rover_ws/install/rover_perception/lib/rover_perception
[1.012s] Installing mast_pose_node script to /home/joshua/rover_ws/install/rover_perception/lib/rover_perception
[1.012s] Installing obstacle_grid_node script to /home/joshua/rover_ws/install/rover_perception/lib/rover_perception
[1.012s] Installing pointcloud_preprocessing_node script to /home/joshua/rover_ws/install/rover_perception/lib/rover_perception
[1.012s] Installing stereo_pointcloud_node script to /home/joshua/rover_ws/install/rover_perception/lib/rover_perception
[1.012s] writing list of installed files to '/home/joshua/rover_ws/build/rover_perception/install.log'
[1.034s] Invoked command in '/home/joshua/rover_ws/src/rover_perception' returned '0': AMENT_PREFIX_PATH=/home/joshua/rover_ws/install/rover_perception_msgs:/home/joshua/rover_ws/install/rover_lidar:${AMENT_PREFIX_PATH} CMAKE_PREFIX_PATH=/home/joshua/rover_ws/install/rover_perception_msgs LD_LIBRARY_PATH=/home/joshua/rover_ws/install/rover_perception_msgs/lib:${LD_LIBRARY_PATH} PYTHONPATH=/home/joshua/rover_ws/build/rover_perception/prefix_override:/usr/lib/python3/dist-packages/colcon_core/task/python/colcon_distutils_commands:/home/joshua/rover_ws/install/rover_perception/lib/python3.10/site-packages:/home/joshua/rover_ws/install/rover_perception_msgs/local/lib/python3.10/dist-packages:/home/joshua/rover_ws/install/rover_lidar/lib/python3.10/site-packages:${PYTHONPATH} /usr/bin/python3 -W ignore:setup.py install is deprecated -W ignore:easy_install command is deprecated setup.py egg_info --egg-base ../../build/rover_perception build --build-base /home/joshua/rover_ws/build/rover_perception/build install --record /home/joshua/rover_ws/build/rover_perception/install.log --single-version-externally-managed install_data
