[0.390s] Invoking command in '/home/joshua/rover_ws/build/rover_perception_msgs': CMAKE_PREFIX_PATH=/opt/ros/humble /usr/bin/cmake --build /home/joshua/rover_ws/build/rover_perception_msgs -- -j8 -l8
[0.471s] [  2%] Built target rover_perception_msgs__rs
[0.475s] [  4%] Built target rover_perception_msgs__cpp
[0.485s] [ 14%] Built target rover_perception_msgs__rosidl_generator_c
[0.491s] [ 14%] Built target ament_cmake_python_copy_rover_perception_msgs
[0.544s] [ 25%] Built target rover_perception_msgs__rosidl_typesupport_fastrtps_cpp
[0.545s] [ 35%] Built target rover_perception_msgs__rosidl_typesupport_cpp
[0.548s] [ 45%] Built target rover_perception_msgs__rosidl_typesupport_introspection_cpp
[0.551s] [ 56%] Built target rover_perception_msgs__rosidl_typesupport_fastrtps_c
[0.559s] [ 66%] Built target rover_perception_msgs__rosidl_typesupport_c
[0.563s] [ 77%] Built target rover_perception_msgs__rosidl_typesupport_introspection_c
[0.599s] [ 77%] Built target rover_perception_msgs
[0.651s] [ 79%] Built target rover_perception_msgs__py
[0.701s] [ 87%] Built target rover_perception_msgs__rosidl_generator_py
[0.756s] [ 91%] Built target rover_perception_msgs__rosidl_typesupport_introspection_c__pyext
[0.758s] [ 95%] Built target rover_perception_msgs__rosidl_typesupport_fastrtps_c__pyext
[0.761s] [100%] Built target rover_perception_msgs__rosidl_typesupport_c__pyext
[1.002s] running egg_info
[1.004s] writing rover_perception_msgs.egg-info/PKG-INFO
[1.004s] writing dependency_links to rover_perception_msgs.egg-info/dependency_links.txt
[1.005s] writing top-level names to rover_perception_msgs.egg-info/top_level.txt
[1.012s] reading manifest file 'rover_perception_msgs.egg-info/SOURCES.txt'
[1.012s] writing manifest file 'rover_perception_msgs.egg-info/SOURCES.txt'
[1.059s] [100%] Built target ament_cmake_python_build_rover_perception_msgs_egg
[1.085s] Invoked command in '/home/joshua/rover_ws/build/rover_perception_msgs' returned '0': CMAKE_PREFIX_PATH=/opt/ros/humble /usr/bin/cmake --build /home/joshua/rover_ws/build/rover_perception_msgs -- -j8 -l8
[1.102s] Invoking command in '/home/joshua/rover_ws/build/rover_perception_msgs': CMAKE_PREFIX_PATH=/opt/ros/humble /usr/bin/cmake --install /home/joshua/rover_ws/build/rover_perception_msgs
[1.116s] -- Install configuration: ""
[1.116s] -- Up-to-date: /home/joshua/rover_ws/install/rover_perception_msgs/share/ament_index/resource_index/rosidl_interfaces/rover_perception_msgs
[1.117s] -- Up-to-date: /home/joshua/rover_ws/install/rover_perception_msgs/include/rover_perception_msgs/rover_perception_msgs
[1.117s] -- Up-to-date: /home/joshua/rover_ws/install/rover_perception_msgs/include/rover_perception_msgs/rover_perception_msgs/msg
[1.118s] -- Up-to-date: /home/joshua/rover_ws/install/rover_perception_msgs/include/rover_perception_msgs/rover_perception_msgs/msg/led_detection_array.h
[1.118s] -- Up-to-date: /home/joshua/rover_ws/install/rover_perception_msgs/include/rover_perception_msgs/rover_perception_msgs/msg/detail
[1.118s] -- Up-to-date: /home/joshua/rover_ws/install/rover_perception_msgs/include/rover_perception_msgs/rover_perception_msgs/msg/detail/led_detection__functions.c
[1.118s] -- Up-to-date: /home/joshua/rover_ws/install/rover_perception_msgs/include/rover_perception_msgs/rover_perception_msgs/msg/detail/terrain_grid__functions.c
[1.119s] -- Up-to-date: /home/joshua/rover_ws/install/rover_perception_msgs/include/rover_perception_msgs/rover_perception_msgs/msg/detail/led_detection_array__type_support.h
[1.119s] -- Up-to-date: /home/joshua/rover_ws/install/rover_perception_msgs/include/rover_perception_msgs/rover_perception_msgs/msg/detail/terrain_grid__type_support.h
[1.119s] -- Up-to-date: /home/joshua/rover_ws/install/rover_perception_msgs/include/rover_perception_msgs/rover_perception_msgs/msg/detail/led_detection_array__struct.h
[1.119s] -- Up-to-date: /home/joshua/rover_ws/install/rover_perception_msgs/include/rover_perception_msgs/rover_perception_msgs/msg/detail/led_detection__struct.h
[1.119s] -- Up-to-date: /home/joshua/rover_ws/install/rover_perception_msgs/include/rover_perception_msgs/rover_perception_msgs/msg/detail/led_detection_array__functions.c
[1.120s] -- Up-to-date: /home/joshua/rover_ws/install/rover_perception_msgs/include/rover_perception_msgs/rover_perception_msgs/msg/detail/terrain_grid__functions.h
[1.120s] -- Up-to-date: /home/joshua/rover_ws/install/rover_perception_msgs/include/rover_perception_msgs/rover_perception_msgs/msg/detail/led_detection__type_support.h
[1.120s] -- Up-to-date: /home/joshua/rover_ws/install/rover_perception_msgs/include/rover_perception_msgs/rover_perception_msgs/msg/detail/terrain_grid__struct.h
[1.120s] -- Up-to-date: /home/joshua/rover_ws/install/rover_perception_msgs/include/rover_perception_msgs/rover_perception_msgs/msg/detail/led_detection_array__functions.h
[1.120s] -- Up-to-date: /home/joshua/rover_ws/install/rover_perception_msgs/include/rover_perception_msgs/rover_perception_msgs/msg/detail/led_detection__functions.h
[1.121s] -- Up-to-date: /home/joshua/rover_ws/install/rover_perception_msgs/include/rover_perception_msgs/rover_perception_msgs/msg/rosidl_generator_c__visibility_control.h
[1.121s] -- Up-to-date: /home/joshua/rover_ws/install/rover_perception_msgs/include/rover_perception_msgs/rover_perception_msgs/msg/terrain_grid.h
[1.121s] -- Up-to-date: /home/joshua/rover_ws/install/rover_perception_msgs/include/rover_perception_msgs/rover_perception_msgs/msg/led_detection.h
[1.121s] -- Up-to-date: /home/joshua/rover_ws/install/rover_perception_msgs/share/rover_perception_msgs/environment/library_path.sh
[1.121s] -- Up-to-date: /home/joshua/rover_ws/install/rover_perception_msgs/share/rover_perception_msgs/environment/library_path.dsv
[1.121s] -- Up-to-date: /home/joshua/rover_ws/install/rover_perception_msgs/lib/librover_perception_msgs__rosidl_generator_c.so
[1.121s] -- Up-to-date: /home/joshua/rover_ws/install/rover_perception_msgs/include/rover_perception_msgs/rover_perception_msgs
[1.121s] -- Up-to-date: /home/joshua/rover_ws/install/rover_perception_msgs/include/rover_perception_msgs/rover_perception_msgs/msg
[1.121s] -- Up-to-date: /home/joshua/rover_ws/install/rover_perception_msgs/include/rover_perception_msgs/rover_perception_msgs/msg/detail
[1.121s] -- Up-to-date: /home/joshua/rover_ws/install/rover_perception_msgs/include/rover_perception_msgs/rover_perception_msgs/msg/detail/led_detection__rosidl_typesupport_fastrtps_c.h
[1.121s] -- Up-to-date: /home/joshua/rover_ws/install/rover_perception_msgs/include/rover_perception_msgs/rover_perception_msgs/msg/detail/terrain_grid__rosidl_typesupport_fastrtps_c.h
[1.122s] -- Up-to-date: /home/joshua/rover_ws/install/rover_perception_msgs/include/rover_perception_msgs/rover_perception_msgs/msg/detail/led_detection_array__rosidl_typesupport_fastrtps_c.h
[1.122s] -- Up-to-date: /home/joshua/rover_ws/install/rover_perception_msgs/include/rover_perception_msgs/rover_perception_msgs/msg/rosidl_typesupport_fastrtps_c__visibility_control.h
[1.122s] -- Up-to-date: /home/joshua/rover_ws/install/rover_perception_msgs/lib/librover_perception_msgs__rosidl_typesupport_fastrtps_c.so
[1.122s] -- Up-to-date: /home/joshua/rover_ws/install/rover_perception_msgs/include/rover_perception_msgs/rover_perception_msgs
[1.122s] -- Up-to-date: /home/joshua/rover_ws/install/rover_perception_msgs/include/rover_perception_msgs/rover_perception_msgs/msg
[1.122s] -- Up-to-date: /home/joshua/rover_ws/install/rover_perception_msgs/include/rover_perception_msgs/rover_perception_msgs/msg/rosidl_typesupport_introspection_c__visibility_control.h
[1.122s] -- Up-to-date: /home/joshua/rover_ws/install/rover_perception_msgs/include/rover_perception_msgs/rover_perception_msgs/msg/detail
[1.122s] -- Up-to-date: /home/joshua/rover_ws/install/rover_perception_msgs/include/rover_perception_msgs/rover_perception_msgs/msg/detail/led_detection_array__rosidl_typesupport_introspection_c.h
[1.122s] -- Up-to-date: /home/joshua/rover_ws/install/rover_perception_msgs/include/rover_perception_msgs/rover_perception_msgs/msg/detail/led_detection_array__type_support.c
[1.122s] -- Up-to-date: /home/joshua/rover_ws/install/rover_perception_msgs/include/rover_perception_msgs/rover_perception_msgs/msg/detail/led_detection__type_support.c
[1.123s] -- Up-to-date: /home/joshua/rover_ws/install/rover_perception_msgs/include/rover_perception_msgs/rover_perception_msgs/msg/detail/terrain_grid__rosidl_typesupport_introspection_c.h
[1.123s] -- Up-to-date: /home/joshua/rover_ws/install/rover_perception_msgs/include/rover_perception_msgs/rover_perception_msgs/msg/detail/terrain_grid__type_support.c
[1.123s] -- Up-to-date: /home/joshua/rover_ws/install/rover_perception_msgs/include/rover_perception_msgs/rover_perception_msgs/msg/detail/led_detection__rosidl_typesupport_introspection_c.h
[1.123s] -- Up-to-date: /home/joshua/rover_ws/install/rover_perception_msgs/lib/librover_perception_msgs__rosidl_typesupport_introspection_c.so
[1.124s] -- Up-to-date: /home/joshua/rover_ws/install/rover_perception_msgs/lib/librover_perception_msgs__rosidl_typesupport_c.so
[1.125s] -- Up-to-date: /home/joshua/rover_ws/install/rover_perception_msgs/include/rover_perception_msgs/rover_perception_msgs
[1.126s] -- Up-to-date: /home/joshua/rover_ws/install/rover_perception_msgs/include/rover_perception_msgs/rover_perception_msgs/msg
[1.126s] -- Up-to-date: /home/joshua/rover_ws/install/rover_perception_msgs/include/rover_perception_msgs/rover_perception_msgs/msg/led_detection_array.hpp
[1.126s] -- Up-to-date: /home/joshua/rover_ws/install/rover_perception_msgs/include/rover_perception_msgs/rover_perception_msgs/msg/detail
[1.126s] -- Up-to-date: /home/joshua/rover_ws/install/rover_perception_msgs/include/rover_perception_msgs/rover_perception_msgs/msg/detail/terrain_grid__struct.hpp
[1.126s] -- Up-to-date: /home/joshua/rover_ws/install/rover_perception_msgs/include/rover_perception_msgs/rover_perception_msgs/msg/detail/terrain_grid__builder.hpp
[1.126s] -- Up-to-date: /home/joshua/rover_ws/install/rover_perception_msgs/include/rover_perception_msgs/rover_perception_msgs/msg/detail/led_detection_array__type_support.hpp
[1.127s] -- Up-to-date: /home/joshua/rover_ws/install/rover_perception_msgs/include/rover_perception_msgs/rover_perception_msgs/msg/detail/led_detection_array__traits.hpp
[1.127s] -- Up-to-date: /home/joshua/rover_ws/install/rover_perception_msgs/include/rover_perception_msgs/rover_perception_msgs/msg/detail/led_detection__builder.hpp
[1.127s] -- Up-to-date: /home/joshua/rover_ws/install/rover_perception_msgs/include/rover_perception_msgs/rover_perception_msgs/msg/detail/led_detection_array__builder.hpp
[1.127s] -- Up-to-date: /home/joshua/rover_ws/install/rover_perception_msgs/include/rover_perception_msgs/rover_perception_msgs/msg/detail/led_detection_array__struct.hpp
[1.130s] -- Up-to-date: /home/joshua/rover_ws/install/rover_perception_msgs/include/rover_perception_msgs/rover_perception_msgs/msg/detail/terrain_grid__type_support.hpp
[1.130s] -- Up-to-date: /home/joshua/rover_ws/install/rover_perception_msgs/include/rover_perception_msgs/rover_perception_msgs/msg/detail/led_detection__struct.hpp
[1.131s] -- Up-to-date: /home/joshua/rover_ws/install/rover_perception_msgs/include/rover_perception_msgs/rover_perception_msgs/msg/detail/led_detection__traits.hpp
[1.131s] -- Up-to-date: /home/joshua/rover_ws/install/rover_perception_msgs/include/rover_perception_msgs/rover_perception_msgs/msg/detail/terrain_grid__traits.hpp
[1.131s] -- Up-to-date: /home/joshua/rover_ws/install/rover_perception_msgs/include/rover_perception_msgs/rover_perception_msgs/msg/detail/led_detection__type_support.hpp
[1.132s] -- Up-to-date: /home/joshua/rover_ws/install/rover_perception_msgs/include/rover_perception_msgs/rover_perception_msgs/msg/led_detection.hpp
[1.132s] -- Up-to-date: /home/joshua/rover_ws/install/rover_perception_msgs/include/rover_perception_msgs/rover_perception_msgs/msg/rosidl_generator_cpp__visibility_control.hpp
[1.132s] -- Up-to-date: /home/joshua/rover_ws/install/rover_perception_msgs/include/rover_perception_msgs/rover_perception_msgs/msg/terrain_grid.hpp
[1.132s] -- Up-to-date: /home/joshua/rover_ws/install/rover_perception_msgs/include/rover_perception_msgs/rover_perception_msgs
[1.132s] -- Up-to-date: /home/joshua/rover_ws/install/rover_perception_msgs/include/rover_perception_msgs/rover_perception_msgs/msg
[1.132s] -- Up-to-date: /home/joshua/rover_ws/install/rover_perception_msgs/include/rover_perception_msgs/rover_perception_msgs/msg/detail
[1.133s] -- Up-to-date: /home/joshua/rover_ws/install/rover_perception_msgs/include/rover_perception_msgs/rover_perception_msgs/msg/detail/led_detection__rosidl_typesupport_fastrtps_cpp.hpp
[1.133s] -- Up-to-date: /home/joshua/rover_ws/install/rover_perception_msgs/include/rover_perception_msgs/rover_perception_msgs/msg/detail/dds_fastrtps
[1.133s] -- Up-to-date: /home/joshua/rover_ws/install/rover_perception_msgs/include/rover_perception_msgs/rover_perception_msgs/msg/detail/terrain_grid__rosidl_typesupport_fastrtps_cpp.hpp
[1.133s] -- Up-to-date: /home/joshua/rover_ws/install/rover_perception_msgs/include/rover_perception_msgs/rover_perception_msgs/msg/detail/led_detection_array__rosidl_typesupport_fastrtps_cpp.hpp
[1.133s] -- Up-to-date: /home/joshua/rover_ws/install/rover_perception_msgs/include/rover_perception_msgs/rover_perception_msgs/msg/rosidl_typesupport_fastrtps_cpp__visibility_control.h
[1.133s] -- Up-to-date: /home/joshua/rover_ws/install/rover_perception_msgs/lib/librover_perception_msgs__rosidl_typesupport_fastrtps_cpp.so
[1.133s] -- Up-to-date: /home/joshua/rover_ws/install/rover_perception_msgs/include/rover_perception_msgs/rover_perception_msgs
[1.133s] -- Up-to-date: /home/joshua/rover_ws/install/rover_perception_msgs/include/rover_perception_msgs/rover_perception_msgs/msg
[1.133s] -- Up-to-date: /home/joshua/rover_ws/install/rover_perception_msgs/include/rover_perception_msgs/rover_perception_msgs/msg/detail
[1.134s] -- Up-to-date: /home/joshua/rover_ws/install/rover_perception_msgs/include/rover_perception_msgs/rover_perception_msgs/msg/detail/led_detection_array__type_support.cpp
[1.134s] -- Up-to-date: /home/joshua/rover_ws/install/rover_perception_msgs/include/rover_perception_msgs/rover_perception_msgs/msg/detail/terrain_grid__rosidl_typesupport_introspection_cpp.hpp
[1.134s] -- Up-to-date: /home/joshua/rover_ws/install/rover_perception_msgs/include/rover_perception_msgs/rover_perception_msgs/msg/detail/terrain_grid__type_support.cpp
[1.134s] -- Up-to-date: /home/joshua/rover_ws/install/rover_perception_msgs/include/rover_perception_msgs/rover_perception_msgs/msg/detail/led_detection__type_support.cpp
[1.134s] -- Up-to-date: /home/joshua/rover_ws/install/rover_perception_msgs/include/rover_perception_msgs/rover_perception_msgs/msg/detail/led_detection_array__rosidl_typesupport_introspection_cpp.hpp
[1.134s] -- Up-to-date: /home/joshua/rover_ws/install/rover_perception_msgs/include/rover_perception_msgs/rover_perception_msgs/msg/detail/led_detection__rosidl_typesupport_introspection_cpp.hpp
[1.134s] -- Up-to-date: /home/joshua/rover_ws/install/rover_perception_msgs/lib/librover_perception_msgs__rosidl_typesupport_introspection_cpp.so
[1.134s] -- Up-to-date: /home/joshua/rover_ws/install/rover_perception_msgs/lib/librover_perception_msgs__rosidl_typesupport_cpp.so
[1.134s] -- Up-to-date: /home/joshua/rover_ws/install/rover_perception_msgs/share/rover_perception_msgs/environment/pythonpath.sh
[1.134s] -- Up-to-date: /home/joshua/rover_ws/install/rover_perception_msgs/share/rover_perception_msgs/environment/pythonpath.dsv
[1.134s] -- Up-to-date: /home/joshua/rover_ws/install/rover_perception_msgs/local/lib/python3.10/dist-packages/rover_perception_msgs-0.0.0-py3.10.egg-info
[1.134s] -- Installing: /home/joshua/rover_ws/install/rover_perception_msgs/local/lib/python3.10/dist-packages/rover_perception_msgs-0.0.0-py3.10.egg-info/PKG-INFO
[1.134s] -- Installing: /home/joshua/rover_ws/install/rover_perception_msgs/local/lib/python3.10/dist-packages/rover_perception_msgs-0.0.0-py3.10.egg-info/dependency_links.txt
[1.134s] -- Installing: /home/joshua/rover_ws/install/rover_perception_msgs/local/lib/python3.10/dist-packages/rover_perception_msgs-0.0.0-py3.10.egg-info/top_level.txt
[1.134s] -- Installing: /home/joshua/rover_ws/install/rover_perception_msgs/local/lib/python3.10/dist-packages/rover_perception_msgs-0.0.0-py3.10.egg-info/SOURCES.txt
[1.134s] -- Up-to-date: /home/joshua/rover_ws/install/rover_perception_msgs/local/lib/python3.10/dist-packages/rover_perception_msgs
[1.134s] -- Up-to-date: /home/joshua/rover_ws/install/rover_perception_msgs/local/lib/python3.10/dist-packages/rover_perception_msgs/msg
[1.135s] -- Up-to-date: /home/joshua/rover_ws/install/rover_perception_msgs/local/lib/python3.10/dist-packages/rover_perception_msgs/msg/_led_detection_s.c
[1.135s] -- Up-to-date: /home/joshua/rover_ws/install/rover_perception_msgs/local/lib/python3.10/dist-packages/rover_perception_msgs/msg/_led_detection_array_s.c
[1.135s] -- Up-to-date: /home/joshua/rover_ws/install/rover_perception_msgs/local/lib/python3.10/dist-packages/rover_perception_msgs/msg/_terrain_grid_s.c
[1.135s] -- Up-to-date: /home/joshua/rover_ws/install/rover_perception_msgs/local/lib/python3.10/dist-packages/rover_perception_msgs/msg/_led_detection.py
[1.135s] -- Up-to-date: /home/joshua/rover_ws/install/rover_perception_msgs/local/lib/python3.10/dist-packages/rover_perception_msgs/msg/_terrain_grid.py
[1.135s] -- Up-to-date: /home/joshua/rover_ws/install/rover_perception_msgs/local/lib/python3.10/dist-packages/rover_perception_msgs/msg/__init__.py
[1.135s] -- Up-to-date: /home/joshua/rover_ws/install/rover_perception_msgs/local/lib/python3.10/dist-packages/rover_perception_msgs/msg/_led_detection_array.py
[1.135s] -- Up-to-date: /home/joshua/rover_ws/install/rover_perception_msgs/local/lib/python3.10/dist-packages/rover_perception_msgs/rover_perception_msgs_s__rosidl_typesupport_c.cpython-310-x86_64-linux-gnu.so
[1.135s] -- Up-to-date: /home/joshua/rover_ws/install/rover_perception_msgs/local/lib/python3.10/dist-packages/rover_perception_msgs/librover_perception_msgs__rosidl_generator_py.so
[1.135s] -- Up-to-date: /home/joshua/rover_ws/install/rover_perception_msgs/local/lib/python3.10/dist-packages/rover_perception_msgs/_rover_perception_msgs_s.ep.rosidl_typesupport_introspection_c.c
[1.135s] -- Up-to-date: /home/joshua/rover_ws/install/rover_perception_msgs/local/lib/python3.10/dist-packages/rover_perception_msgs/rover_perception_msgs_s__rosidl_typesupport_introspection_c.cpython-310-x86_64-linux-gnu.so
[1.135s] -- Up-to-date: /home/joshua/rover_ws/install/rover_perception_msgs/local/lib/python3.10/dist-packages/rover_perception_msgs/_rover_perception_msgs_s.ep.rosidl_typesupport_fastrtps_c.c
[1.135s] -- Up-to-date: /home/joshua/rover_ws/install/rover_perception_msgs/local/lib/python3.10/dist-packages/rover_perception_msgs/rover_perception_msgs_s__rosidl_typesupport_fastrtps_c.cpython-310-x86_64-linux-gnu.so
[1.135s] -- Up-to-date: /home/joshua/rover_ws/install/rover_perception_msgs/local/lib/python3.10/dist-packages/rover_perception_msgs/__init__.py
[1.135s] -- Up-to-date: /home/joshua/rover_ws/install/rover_perception_msgs/local/lib/python3.10/dist-packages/rover_perception_msgs/_rover_perception_msgs_s.ep.rosidl_typesupport_c.c
[1.191s] Listing '/home/joshua/rover_ws/install/rover_perception_msgs/local/lib/python3.10/dist-packages/rover_perception_msgs'...
[1.191s] Listing '/home/joshua/rover_ws/install/rover_perception_msgs/local/lib/python3.10/dist-packages/rover_perception_msgs/msg'...
[1.199s] -- Up-to-date: /home/joshua/rover_ws/install/rover_perception_msgs/local/lib/python3.10/dist-packages/rover_perception_msgs/rover_perception_msgs_s__rosidl_typesupport_fastrtps_c.cpython-310-x86_64-linux-gnu.so
[1.199s] -- Up-to-date: /home/joshua/rover_ws/install/rover_perception_msgs/local/lib/python3.10/dist-packages/rover_perception_msgs/rover_perception_msgs_s__rosidl_typesupport_introspection_c.cpython-310-x86_64-linux-gnu.so
[1.199s] -- Up-to-date: /home/joshua/rover_ws/install/rover_perception_msgs/local/lib/python3.10/dist-packages/rover_perception_msgs/rover_perception_msgs_s__rosidl_typesupport_c.cpython-310-x86_64-linux-gnu.so
[1.199s] -- Up-to-date: /home/joshua/rover_ws/install/rover_perception_msgs/lib/librover_perception_msgs__rosidl_generator_py.so
[1.199s] -- Up-to-date: /home/joshua/rover_ws/install/rover_perception_msgs/share/ament_index/resource_index/rust_packages/rover_perception_msgs
[1.199s] -- Up-to-date: /home/joshua/rover_ws/install/rover_perception_msgs/share/rover_perception_msgs/rust
[1.199s] -- Up-to-date: /home/joshua/rover_ws/install/rover_perception_msgs/share/rover_perception_msgs/rust/build.rs
[1.199s] -- Up-to-date: /home/joshua/rover_ws/install/rover_perception_msgs/share/rover_perception_msgs/rust/src
[1.199s] -- Up-to-date: /home/joshua/rover_ws/install/rover_perception_msgs/share/rover_perception_msgs/rust/src/msg
[1.199s] -- Up-to-date: /home/joshua/rover_ws/install/rover_perception_msgs/share/rover_perception_msgs/rust/src/msg/rmw.rs
[1.200s] -- Up-to-date: /home/joshua/rover_ws/install/rover_perception_msgs/share/rover_perception_msgs/rust/src/lib.rs
[1.200s] -- Up-to-date: /home/joshua/rover_ws/install/rover_perception_msgs/share/rover_perception_msgs/rust/src/msg.rs
[1.200s] -- Up-to-date: /home/joshua/rover_ws/install/rover_perception_msgs/share/rover_perception_msgs/rust/Cargo.toml
[1.200s] -- Up-to-date: /home/joshua/rover_ws/install/rover_perception_msgs/share/rover_perception_msgs/msg/TerrainGrid.idl
[1.200s] -- Up-to-date: /home/joshua/rover_ws/install/rover_perception_msgs/share/rover_perception_msgs/msg/LedDetection.idl
[1.200s] -- Up-to-date: /home/joshua/rover_ws/install/rover_perception_msgs/share/rover_perception_msgs/msg/LedDetectionArray.idl
[1.200s] -- Up-to-date: /home/joshua/rover_ws/install/rover_perception_msgs/share/rover_perception_msgs/msg/TerrainGrid.msg
[1.201s] -- Up-to-date: /home/joshua/rover_ws/install/rover_perception_msgs/share/rover_perception_msgs/msg/LedDetection.msg
[1.201s] -- Up-to-date: /home/joshua/rover_ws/install/rover_perception_msgs/share/rover_perception_msgs/msg/LedDetectionArray.msg
[1.201s] -- Up-to-date: /home/joshua/rover_ws/install/rover_perception_msgs/share/ament_index/resource_index/package_run_dependencies/rover_perception_msgs
[1.201s] -- Up-to-date: /home/joshua/rover_ws/install/rover_perception_msgs/share/ament_index/resource_index/parent_prefix_path/rover_perception_msgs
[1.201s] -- Up-to-date: /home/joshua/rover_ws/install/rover_perception_msgs/share/rover_perception_msgs/environment/ament_prefix_path.sh
[1.202s] -- Up-to-date: /home/joshua/rover_ws/install/rover_perception_msgs/share/rover_perception_msgs/environment/ament_prefix_path.dsv
[1.202s] -- Up-to-date: /home/joshua/rover_ws/install/rover_perception_msgs/share/rover_perception_msgs/environment/path.sh
[1.202s] -- Up-to-date: /home/joshua/rover_ws/install/rover_perception_msgs/share/rover_perception_msgs/environment/path.dsv
[1.203s] -- Up-to-date: /home/joshua/rover_ws/install/rover_perception_msgs/share/rover_perception_msgs/local_setup.bash
[1.203s] -- Up-to-date: /home/joshua/rover_ws/install/rover_perception_msgs/share/rover_perception_msgs/local_setup.sh
[1.203s] -- Up-to-date: /home/joshua/rover_ws/install/rover_perception_msgs/share/rover_perception_msgs/local_setup.zsh
[1.203s] -- Up-to-date: /home/joshua/rover_ws/install/rover_perception_msgs/share/rover_perception_msgs/local_setup.dsv
[1.204s] -- Installing: /home/joshua/rover_ws/install/rover_perception_msgs/share/rover_perception_msgs/package.dsv
[1.204s] -- Up-to-date: /home/joshua/rover_ws/install/rover_perception_msgs/share/ament_index/resource_index/packages/rover_perception_msgs
[1.204s] -- Up-to-date: /home/joshua/rover_ws/install/rover_perception_msgs/share/rover_perception_msgs/cmake/export_rover_perception_msgs__rosidl_generator_cExport.cmake
[1.205s] -- Up-to-date: /home/joshua/rover_ws/install/rover_perception_msgs/share/rover_perception_msgs/cmake/export_rover_perception_msgs__rosidl_generator_cExport-noconfig.cmake
[1.205s] -- Up-to-date: /home/joshua/rover_ws/install/rover_perception_msgs/share/rover_perception_msgs/cmake/export_rover_perception_msgs__rosidl_typesupport_fastrtps_cExport.cmake
[1.205s] -- Up-to-date: /home/joshua/rover_ws/install/rover_perception_msgs/share/rover_perception_msgs/cmake/export_rover_perception_msgs__rosidl_typesupport_fastrtps_cExport-noconfig.cmake
[1.205s] -- Up-to-date: /home/joshua/rover_ws/install/rover_perception_msgs/share/rover_perception_msgs/cmake/rover_perception_msgs__rosidl_typesupport_introspection_cExport.cmake
[1.205s] -- Up-to-date: /home/joshua/rover_ws/install/rover_perception_msgs/share/rover_perception_msgs/cmake/rover_perception_msgs__rosidl_typesupport_introspection_cExport-noconfig.cmake
[1.212s] -- Up-to-date: /home/joshua/rover_ws/install/rover_perception_msgs/share/rover_perception_msgs/cmake/rover_perception_msgs__rosidl_typesupport_cExport.cmake
[1.212s] -- Up-to-date: /home/joshua/rover_ws/install/rover_perception_msgs/share/rover_perception_msgs/cmake/rover_perception_msgs__rosidl_typesupport_cExport-noconfig.cmake
[1.212s] -- Up-to-date: /home/joshua/rover_ws/install/rover_perception_msgs/share/rover_perception_msgs/cmake/export_rover_perception_msgs__rosidl_generator_cppExport.cmake
[1.212s] -- Up-to-date: /home/joshua/rover_ws/install/rover_perception_msgs/share/rover_perception_msgs/cmake/export_rover_perception_msgs__rosidl_typesupport_fastrtps_cppExport.cmake
[1.213s] -- Up-to-date: /home/joshua/rover_ws/install/rover_perception_msgs/share/rover_perception_msgs/cmake/export_rover_perception_msgs__rosidl_typesupport_fastrtps_cppExport-noconfig.cmake
[1.213s] -- Up-to-date: /home/joshua/rover_ws/install/rover_perception_msgs/share/rover_perception_msgs/cmake/rover_perception_msgs__rosidl_typesupport_introspection_cppExport.cmake
[1.213s] -- Up-to-date: /home/joshua/rover_ws/install/rover_perception_msgs/share/rover_perception_msgs/cmake/rover_perception_msgs__rosidl_typesupport_introspection_cppExport-noconfig.cmake
[1.213s] -- Up-to-date: /home/joshua/rover_ws/install/rover_perception_msgs/share/rover_perception_msgs/cmake/rover_perception_msgs__rosidl_typesupport_cppExport.cmake
[1.213s] -- Up-to-date: /home/joshua/rover_ws/install/rover_perception_msgs/share/rover_perception_msgs/cmake/rover_perception_msgs__rosidl_typesupport_cppExport-noconfig.cmake
[1.213s] -- Up-to-date: /home/joshua/rover_ws/install/rover_perception_msgs/share/rover_perception_msgs/cmake/export_rover_perception_msgs__rosidl_generator_pyExport.cmake
[1.214s] -- Up-to-date: /home/joshua/rover_ws/install/rover_perception_msgs/share/rover_perception_msgs/cmake/export_rover_perception_msgs__rosidl_generator_pyExport-noconfig.cmake
[1.214s] -- Up-to-date: /home/joshua/rover_ws/install/rover_perception_msgs/share/rover_perception_msgs/cmake/rosidl_cmake-extras.cmake
[1.214s] -- Up-to-date: /home/joshua/rover_ws/install/rover_perception_msgs/share/rover_perception_msgs/cmake/ament_cmake_export_dependencies-extras.cmake
[1.214s] -- Up-to-date: /home/joshua/rover_ws/install/rover_perception_msgs/share/rover_perception_msgs/cmake/ament_cmake_export_include_directories-extras.cmake
[1.214s] -- Up-to-date: /home/joshua/rover_ws/install/rover_perception_msgs/share/rover_perception_msgs/cmake/ament_cmake_export_libraries-extras.cmake
[1.214s] -- Up-to-date: /home/joshua/rover_ws/install/rover_perception_msgs/share/rover_perception_msgs/cmake/ament_cmake_export_targets-extras.cmake
[1.215s] -- Up-to-date: /home/joshua/rover_ws/install/rover_perception_msgs/share/rover_perception_msgs/cmake/rosidl_cmake_export_typesupport_targets-extras.cmake
[1.215s] -- Up-to-date: /home/joshua/rover_ws/install/rover_perception_msgs/share/rover_perception_msgs/cmake/rosidl_cmake_export_typesupport_libraries-extras.cmake
[1.215s] -- Up-to-date: /home/joshua/rover_ws/install/rover_perception_msgs/share/rover_perception_msgs/cmake/rover_perception_msgsConfig.cmake
[1.215s] -- Up-to-date: /home/joshua/rover_ws/install/rover_perception_msgs/share/rover_perception_msgs/cmake/rover_perception_msgsConfig-version.cmake
[1.215s] -- Up-to-date: /home/joshua/rover_ws/install/rover_perception_msgs/share/rover_perception_msgs/package.xml
[1.218s] Invoked command in '/home/joshua/rover_ws/build/rover_perception_msgs' returned '0': CMAKE_PREFIX_PATH=/opt/ros/humble /usr/bin/cmake --install /home/joshua/rover_ws/build/rover_perception_msgs
