running egg_info
writing ../../build/rover_perception/rover_perception.egg-info/PKG-INFO
writing dependency_links to ../../build/rover_perception/rover_perception.egg-info/dependency_links.txt
writing entry points to ../../build/rover_perception/rover_perception.egg-info/entry_points.txt
writing requirements to ../../build/rover_perception/rover_perception.egg-info/requires.txt
writing top-level names to ../../build/rover_perception/rover_perception.egg-info/top_level.txt
reading manifest file '../../build/rover_perception/rover_perception.egg-info/SOURCES.txt'
writing manifest file '../../build/rover_perception/rover_perception.egg-info/SOURCES.txt'
running build
running build_py
copying rover_perception/global_pointcloud_fusion_node.py -> /home/joshua/rover_ws/build/rover_perception/build/lib/rover_perception
copying rover_perception/frame_transform_node.py -> /home/joshua/rover_ws/build/rover_perception/build/lib/rover_perception
running install
running install_lib
copying /home/joshua/rover_ws/build/rover_perception/build/lib/rover_perception/global_pointcloud_fusion_node.py -> /home/joshua/rover_ws/install/rover_perception/lib/python3.10/site-packages/rover_perception
copying /home/joshua/rover_ws/build/rover_perception/build/lib/rover_perception/frame_transform_node.py -> /home/joshua/rover_ws/install/rover_perception/lib/python3.10/site-packages/rover_perception
byte-compiling /home/joshua/rover_ws/install/rover_perception/lib/python3.10/site-packages/rover_perception/global_pointcloud_fusion_node.py to global_pointcloud_fusion_node.cpython-310.pyc
byte-compiling /home/joshua/rover_ws/install/rover_perception/lib/python3.10/site-packages/rover_perception/frame_transform_node.py to frame_transform_node.cpython-310.pyc
running install_data
running install_egg_info
removing '/home/joshua/rover_ws/install/rover_perception/lib/python3.10/site-packages/rover_perception-0.0.0-py3.10.egg-info' (and everything under it)
Copying ../../build/rover_perception/rover_perception.egg-info to /home/joshua/rover_ws/install/rover_perception/lib/python3.10/site-packages/rover_perception-0.0.0-py3.10.egg-info
running install_scripts
Installing fake_mast_hw_node script to /home/joshua/rover_ws/install/rover_perception/lib/rover_perception
Installing fake_mono_camera_node script to /home/joshua/rover_ws/install/rover_perception/lib/rover_perception
Installing fake_stereo_camera_node script to /home/joshua/rover_ws/install/rover_perception/lib/rover_perception
Installing frame_transform_node script to /home/joshua/rover_ws/install/rover_perception/lib/rover_perception
Installing global_pointcloud_fusion_node script to /home/joshua/rover_ws/install/rover_perception/lib/rover_perception
Installing led_detector_node script to /home/joshua/rover_ws/install/rover_perception/lib/rover_perception
Installing mast_pose_node script to /home/joshua/rover_ws/install/rover_perception/lib/rover_perception
Installing obstacle_grid_node script to /home/joshua/rover_ws/install/rover_perception/lib/rover_perception
Installing pointcloud_preprocessing_node script to /home/joshua/rover_ws/install/rover_perception/lib/rover_perception
Installing stereo_pointcloud_node script to /home/joshua/rover_ws/install/rover_perception/lib/rover_perception
writing list of installed files to '/home/joshua/rover_ws/build/rover_perception/install.log'
