[0.800s] Invoking command in '/home/joshua/rover_ws/src/rover_perception': AMENT_PREFIX_PATH=/home/joshua/rover_ws/install/rover_lidar:/home/joshua/rover_ws/install/rover_perception:/home/joshua/rover_ws/install/rover_perception_msgs:/home/joshua/rover_ws/install/rover_control:/opt/ros/humble PYTHONPATH=/home/joshua/rover_ws/build/rover_perception/prefix_override:/usr/lib/python3/dist-packages/colcon_core/task/python/colcon_distutils_commands:/home/joshua/rover_ws/install/rover_perception/lib/python3.10/site-packages:/home/joshua/rover_ws/install/rover_lidar/lib/python3.10/site-packages:/home/joshua/rover_ws/install/rover_perception/lib/python3.10/site-packages:/home/joshua/rover_ws/install/rover_perception_msgs/local/lib/python3.10/dist-packages:/home/joshua/rover_ws/install/rover_control/lib/python3.10/site-packages:/opt/ros/humble/lib/python3.10/site-packages:/opt/ros/humble/local/lib/python3.10/dist-packages /usr/bin/python3 -W ignore:setup.py install is deprecated -W ignore:easy_install command is deprecated setup.py egg_info --egg-base ../../build/rover_perception build --build-base /home/joshua/rover_ws/build/rover_perception/build install --record /home/joshua/rover_ws/build/rover_perception/install.log --single-version-externally-managed install_data
[1.001s] running egg_info
[1.002s] writing ../../build/rover_perception/rover_perception.egg-info/PKG-INFO
[1.002s] writing dependency_links to ../../build/rover_perception/rover_perception.egg-info/dependency_links.txt
[1.003s] writing entry points to ../../build/rover_perception/rover_perception.egg-info/entry_points.txt
[1.003s] writing requirements to ../../build/rover_perception/rover_perception.egg-info/requires.txt
[1.003s] writing top-level names to ../../build/rover_perception/rover_perception.egg-info/top_level.txt
[1.005s] reading manifest file '../../build/rover_perception/rover_perception.egg-info/SOURCES.txt'
[1.006s] writing manifest file '../../build/rover_perception/rover_perception.egg-info/SOURCES.txt'
[1.006s] running build
[1.006s] running build_py
[1.006s] copying rover_perception/frame_transform_node.py -> /home/joshua/rover_ws/build/rover_perception/build/lib/rover_perception
[1.007s] running install
[1.007s] running install_lib
[1.008s] copying /home/joshua/rover_ws/build/rover_perception/build/lib/rover_perception/frame_transform_node.py -> /home/joshua/rover_ws/install/rover_perception/lib/python3.10/site-packages/rover_perception
[1.009s] byte-compiling /home/joshua/rover_ws/install/rover_perception/lib/python3.10/site-packages/rover_perception/frame_transform_node.py to frame_transform_node.cpython-310.pyc
[1.010s] running install_data
[1.010s] running install_egg_info
[1.011s] removing '/home/joshua/rover_ws/install/rover_perception/lib/python3.10/site-packages/rover_perception-0.0.0-py3.10.egg-info' (and everything under it)
[1.012s] Copying ../../build/rover_perception/rover_perception.egg-info to /home/joshua/rover_ws/install/rover_perception/lib/python3.10/site-packages/rover_perception-0.0.0-py3.10.egg-info
[1.014s] running install_scripts
[1.032s] Installing fake_mast_hw_node script to /home/joshua/rover_ws/install/rover_perception/lib/rover_perception
[1.032s] Installing fake_mono_camera_node script to /home/joshua/rover_ws/install/rover_perception/lib/rover_perception
[1.032s] Installing fake_stereo_camera_node script to /home/joshua/rover_ws/install/rover_perception/lib/rover_perception
[1.032s] Installing frame_transform_node script to /home/joshua/rover_ws/install/rover_perception/lib/rover_perception
[1.033s] Installing global_pointcloud_fusion_node script to /home/joshua/rover_ws/install/rover_perception/lib/rover_perception
[1.033s] Installing led_detector_node script to /home/joshua/rover_ws/install/rover_perception/lib/rover_perception
[1.033s] Installing mast_pose_node script to /home/joshua/rover_ws/install/rover_perception/lib/rover_perception
[1.033s] Installing obstacle_grid_node script to /home/joshua/rover_ws/install/rover_perception/lib/rover_perception
[1.033s] Installing pointcloud_preprocessing_node script to /home/joshua/rover_ws/install/rover_perception/lib/rover_perception
[1.033s] Installing stereo_pointcloud_node script to /home/joshua/rover_ws/install/rover_perception/lib/rover_perception
[1.033s] writing list of installed files to '/home/joshua/rover_ws/build/rover_perception/install.log'
[1.061s] Invoked command in '/home/joshua/rover_ws/src/rover_perception' returned '0': AMENT_PREFIX_PATH=/home/joshua/rover_ws/install/rover_lidar:/home/joshua/rover_ws/install/rover_perception:/home/joshua/rover_ws/install/rover_perception_msgs:/home/joshua/rover_ws/install/rover_control:/opt/ros/humble PYTHONPATH=/home/joshua/rover_ws/build/rover_perception/prefix_override:/usr/lib/python3/dist-packages/colcon_core/task/python/colcon_distutils_commands:/home/joshua/rover_ws/install/rover_perception/lib/python3.10/site-packages:/home/joshua/rover_ws/install/rover_lidar/lib/python3.10/site-packages:/home/joshua/rover_ws/install/rover_perception/lib/python3.10/site-packages:/home/joshua/rover_ws/install/rover_perception_msgs/local/lib/python3.10/dist-packages:/home/joshua/rover_ws/install/rover_control/lib/python3.10/site-packages:/opt/ros/humble/lib/python3.10/site-packages:/opt/ros/humble/local/lib/python3.10/dist-packages /usr/bin/python3 -W ignore:setup.py install is deprecated -W ignore:easy_install command is deprecated setup.py egg_info --egg-base ../../build/rover_perception build --build-base /home/joshua/rover_ws/build/rover_perception/build install --record /home/joshua/rover_ws/build/rover_perception/install.log --single-version-externally-managed install_data
