[0.751s] Invoking command in '/home/joshua/rover_ws/src/rover_control': PYTHONPATH=/home/joshua/rover_ws/build/rover_control/prefix_override:/usr/lib/python3/dist-packages/colcon_core/task/python/colcon_distutils_commands:/home/joshua/rover_ws/install/rover_control/lib/python3.10/site-packages:${PYTHONPATH} /usr/bin/python3 -W ignore:setup.py install is deprecated -W ignore:easy_install command is deprecated setup.py egg_info --egg-base ../../build/rover_control build --build-base /home/joshua/rover_ws/build/rover_control/build install --record /home/joshua/rover_ws/build/rover_control/install.log --single-version-externally-managed install_data
[0.933s] running egg_info
[0.935s] writing ../../build/rover_control/rover_control.egg-info/PKG-INFO
[0.935s] writing dependency_links to ../../build/rover_control/rover_control.egg-info/dependency_links.txt
[0.936s] writing entry points to ../../build/rover_control/rover_control.egg-info/entry_points.txt
[0.936s] writing requirements to ../../build/rover_control/rover_control.egg-info/requires.txt
[0.937s] writing top-level names to ../../build/rover_control/rover_control.egg-info/top_level.txt
[0.939s] reading manifest file '../../build/rover_control/rover_control.egg-info/SOURCES.txt'
[0.940s] writing manifest file '../../build/rover_control/rover_control.egg-info/SOURCES.txt'
[0.940s] running build
[0.940s] running build_py
[0.941s] running install
[0.941s] running install_lib
[0.943s] running install_data
[0.943s] running install_egg_info
[0.944s] removing '/home/joshua/rover_ws/install/rover_control/lib/python3.10/site-packages/rover_control-0.0.0-py3.10.egg-info' (and everything under it)
[0.945s] Copying ../../build/rover_control/rover_control.egg-info to /home/joshua/rover_ws/install/rover_control/lib/python3.10/site-packages/rover_control-0.0.0-py3.10.egg-info
[0.946s] running install_scripts
[0.966s] Installing command_node script to /home/joshua/rover_ws/install/rover_control/lib/rover_control
[0.967s] Installing fake_stm32_bridge_node script to /home/joshua/rover_ws/install/rover_control/lib/rover_control
[0.967s] Installing rover_pose_node script to /home/joshua/rover_ws/install/rover_control/lib/rover_control
[0.968s] Installing wifi_node script to /home/joshua/rover_ws/install/rover_control/lib/rover_control
[0.968s] writing list of installed files to '/home/joshua/rover_ws/build/rover_control/install.log'
[0.993s] Invoked command in '/home/joshua/rover_ws/src/rover_control' returned '0': PYTHONPATH=/home/joshua/rover_ws/build/rover_control/prefix_override:/usr/lib/python3/dist-packages/colcon_core/task/python/colcon_distutils_commands:/home/joshua/rover_ws/install/rover_control/lib/python3.10/site-packages:${PYTHONPATH} /usr/bin/python3 -W ignore:setup.py install is deprecated -W ignore:easy_install command is deprecated setup.py egg_info --egg-base ../../build/rover_control build --build-base /home/joshua/rover_ws/build/rover_control/build install --record /home/joshua/rover_ws/build/rover_control/install.log --single-version-externally-managed install_data
