[0.146s] DEBUG:colcon:Command line arguments: ['/usr/bin/colcon', 'build']
[0.146s] DEBUG:colcon:Parsed command line arguments: Namespace(log_base=None, log_level=None, verb_name='build', build_base='build', install_base='install', merge_install=False, symlink_install=False, test_result_base=None, continue_on_error=False, executor='parallel', parallel_workers=8, event_handlers=None, ignore_user_meta=False, metas=['./colcon.meta'], base_paths=['.'], packages_ignore=None, packages_ignore_regex=None, paths=None, packages_up_to=None, packages_up_to_regex=None, packages_above=None, packages_above_and_dependencies=None, packages_above_depth=None, packages_select_by_dep=None, packages_skip_by_dep=None, packages_skip_up_to=None, packages_select_build_failed=False, packages_skip_build_finished=False, packages_select_test_failures=False, packages_skip_test_passed=False, packages_select=None, packages_skip=None, packages_select_regex=None, packages_skip_regex=None, packages_start=None, packages_end=None, allow_overriding=[], cmake_args=None, cmake_target=None, cmake_target_skip_unavailable=False, cmake_clean_cache=False, cmake_clean_first=False, cmake_force_configure=False, ament_cmake_args=None, catkin_cmake_args=None, catkin_skip_building_tests=False, verb_parser=<colcon_defaults.argument_parser.defaults.DefaultArgumentsDecorator object at 0x79cc28164220>, verb_extension=<colcon_core.verb.build.BuildVerb object at 0x79cc2812fdf0>, main=<bound method BuildVerb.main of <colcon_core.verb.build.BuildVerb object at 0x79cc2812fdf0>>)
[0.262s] Level 1:colcon.colcon_core.package_discovery:discover_packages(colcon_meta) check parameters
[0.262s] Level 1:colcon.colcon_core.package_discovery:discover_packages(recursive) check parameters
[0.262s] Level 1:colcon.colcon_core.package_discovery:discover_packages(ignore) check parameters
[0.262s] Level 1:colcon.colcon_core.package_discovery:discover_packages(path) check parameters
[0.262s] Level 1:colcon.colcon_core.package_discovery:discover_packages(colcon_meta) discover
[0.262s] Level 1:colcon.colcon_core.package_discovery:discover_packages(recursive) discover
[0.262s] INFO:colcon.colcon_core.package_discovery:Crawling recursively for packages in '/home/joshua/rover_ws'
[0.262s] Level 1:colcon.colcon_core.package_identification:_identify(.) by extensions ['ignore', 'ignore_ament_install']
[0.262s] Level 1:colcon.colcon_core.package_identification:_identify(.) by extension 'ignore'
[0.263s] Level 1:colcon.colcon_core.package_identification:_identify(.) by extension 'ignore_ament_install'
[0.263s] Level 1:colcon.colcon_core.package_identification:_identify(.) by extensions ['colcon_pkg']
[0.263s] Level 1:colcon.colcon_core.package_identification:_identify(.) by extension 'colcon_pkg'
[0.263s] Level 1:colcon.colcon_core.package_identification:_identify(.) by extensions ['colcon_meta']
[0.263s] Level 1:colcon.colcon_core.package_identification:_identify(.) by extension 'colcon_meta'
[0.263s] Level 1:colcon.colcon_core.package_identification:_identify(.) by extensions ['ros']
[0.263s] Level 1:colcon.colcon_core.package_identification:_identify(.) by extension 'ros'
[0.272s] Level 1:colcon.colcon_core.package_identification:_identify(.) by extensions ['cmake', 'python']
[0.272s] Level 1:colcon.colcon_core.package_identification:_identify(.) by extension 'cmake'
[0.272s] Level 1:colcon.colcon_core.package_identification:_identify(.) by extension 'python'
[0.272s] Level 1:colcon.colcon_core.package_identification:_identify(.) by extensions ['python_setup_py']
[0.272s] Level 1:colcon.colcon_core.package_identification:_identify(.) by extension 'python_setup_py'
[0.272s] Level 1:colcon.colcon_core.package_identification:_identify(build) by extensions ['ignore', 'ignore_ament_install']
[0.273s] Level 1:colcon.colcon_core.package_identification:_identify(build) by extension 'ignore'
[0.273s] Level 1:colcon.colcon_core.package_identification:_identify(build) ignored
[0.273s] Level 1:colcon.colcon_core.package_identification:_identify(install) by extensions ['ignore', 'ignore_ament_install']
[0.273s] Level 1:colcon.colcon_core.package_identification:_identify(install) by extension 'ignore'
[0.273s] Level 1:colcon.colcon_core.package_identification:_identify(install) ignored
[0.273s] Level 1:colcon.colcon_core.package_identification:_identify(log) by extensions ['ignore', 'ignore_ament_install']
[0.273s] Level 1:colcon.colcon_core.package_identification:_identify(log) by extension 'ignore'
[0.273s] Level 1:colcon.colcon_core.package_identification:_identify(log) ignored
[0.273s] Level 1:colcon.colcon_core.package_identification:_identify(src) by extensions ['ignore', 'ignore_ament_install']
[0.273s] Level 1:colcon.colcon_core.package_identification:_identify(src) by extension 'ignore'
[0.273s] Level 1:colcon.colcon_core.package_identification:_identify(src) by extension 'ignore_ament_install'
[0.273s] Level 1:colcon.colcon_core.package_identification:_identify(src) by extensions ['colcon_pkg']
[0.273s] Level 1:colcon.colcon_core.package_identification:_identify(src) by extension 'colcon_pkg'
[0.274s] Level 1:colcon.colcon_core.package_identification:_identify(src) by extensions ['colcon_meta']
[0.274s] Level 1:colcon.colcon_core.package_identification:_identify(src) by extension 'colcon_meta'
[0.274s] Level 1:colcon.colcon_core.package_identification:_identify(src) by extensions ['ros']
[0.274s] Level 1:colcon.colcon_core.package_identification:_identify(src) by extension 'ros'
[0.274s] Level 1:colcon.colcon_core.package_identification:_identify(src) by extensions ['cmake', 'python']
[0.274s] Level 1:colcon.colcon_core.package_identification:_identify(src) by extension 'cmake'
[0.274s] Level 1:colcon.colcon_core.package_identification:_identify(src) by extension 'python'
[0.274s] Level 1:colcon.colcon_core.package_identification:_identify(src) by extensions ['python_setup_py']
[0.274s] Level 1:colcon.colcon_core.package_identification:_identify(src) by extension 'python_setup_py'
[0.274s] Level 1:colcon.colcon_core.package_identification:_identify(src/rover_control) by extensions ['ignore', 'ignore_ament_install']
[0.274s] Level 1:colcon.colcon_core.package_identification:_identify(src/rover_control) by extension 'ignore'
[0.274s] Level 1:colcon.colcon_core.package_identification:_identify(src/rover_control) by extension 'ignore_ament_install'
[0.274s] Level 1:colcon.colcon_core.package_identification:_identify(src/rover_control) by extensions ['colcon_pkg']
[0.274s] Level 1:colcon.colcon_core.package_identification:_identify(src/rover_control) by extension 'colcon_pkg'
[0.274s] Level 1:colcon.colcon_core.package_identification:_identify(src/rover_control) by extensions ['colcon_meta']
[0.274s] Level 1:colcon.colcon_core.package_identification:_identify(src/rover_control) by extension 'colcon_meta'
[0.274s] Level 1:colcon.colcon_core.package_identification:_identify(src/rover_control) by extensions ['ros']
[0.274s] Level 1:colcon.colcon_core.package_identification:_identify(src/rover_control) by extension 'ros'
[0.277s] DEBUG:colcon.colcon_core.package_identification:Package 'src/rover_control' with type 'ros.ament_python' and name 'rover_control'
[0.277s] Level 1:colcon.colcon_core.package_identification:_identify(src/rover_lidar) by extensions ['ignore', 'ignore_ament_install']
[0.277s] Level 1:colcon.colcon_core.package_identification:_identify(src/rover_lidar) by extension 'ignore'
[0.277s] Level 1:colcon.colcon_core.package_identification:_identify(src/rover_lidar) by extension 'ignore_ament_install'
[0.277s] Level 1:colcon.colcon_core.package_identification:_identify(src/rover_lidar) by extensions ['colcon_pkg']
[0.277s] Level 1:colcon.colcon_core.package_identification:_identify(src/rover_lidar) by extension 'colcon_pkg'
[0.277s] Level 1:colcon.colcon_core.package_identification:_identify(src/rover_lidar) by extensions ['colcon_meta']
[0.277s] Level 1:colcon.colcon_core.package_identification:_identify(src/rover_lidar) by extension 'colcon_meta'
[0.277s] Level 1:colcon.colcon_core.package_identification:_identify(src/rover_lidar) by extensions ['ros']
[0.277s] Level 1:colcon.colcon_core.package_identification:_identify(src/rover_lidar) by extension 'ros'
[0.278s] DEBUG:colcon.colcon_core.package_identification:Package 'src/rover_lidar' with type 'ros.ament_python' and name 'rover_lidar'
[0.278s] Level 1:colcon.colcon_core.package_identification:_identify(src/rover_perception) by extensions ['ignore', 'ignore_ament_install']
[0.278s] Level 1:colcon.colcon_core.package_identification:_identify(src/rover_perception) by extension 'ignore'
[0.278s] Level 1:colcon.colcon_core.package_identification:_identify(src/rover_perception) by extension 'ignore_ament_install'
[0.278s] Level 1:colcon.colcon_core.package_identification:_identify(src/rover_perception) by extensions ['colcon_pkg']
[0.278s] Level 1:colcon.colcon_core.package_identification:_identify(src/rover_perception) by extension 'colcon_pkg'
[0.278s] Level 1:colcon.colcon_core.package_identification:_identify(src/rover_perception) by extensions ['colcon_meta']
[0.278s] Level 1:colcon.colcon_core.package_identification:_identify(src/rover_perception) by extension 'colcon_meta'
[0.278s] Level 1:colcon.colcon_core.package_identification:_identify(src/rover_perception) by extensions ['ros']
[0.278s] Level 1:colcon.colcon_core.package_identification:_identify(src/rover_perception) by extension 'ros'
[0.280s] DEBUG:colcon.colcon_core.package_identification:Package 'src/rover_perception' with type 'ros.ament_python' and name 'rover_perception'
[0.280s] Level 1:colcon.colcon_core.package_identification:_identify(src/rover_perception_msgs) by extensions ['ignore', 'ignore_ament_install']
[0.280s] Level 1:colcon.colcon_core.package_identification:_identify(src/rover_perception_msgs) by extension 'ignore'
[0.280s] Level 1:colcon.colcon_core.package_identification:_identify(src/rover_perception_msgs) by extension 'ignore_ament_install'
[0.280s] Level 1:colcon.colcon_core.package_identification:_identify(src/rover_perception_msgs) by extensions ['colcon_pkg']
[0.280s] Level 1:colcon.colcon_core.package_identification:_identify(src/rover_perception_msgs) by extension 'colcon_pkg'
[0.280s] Level 1:colcon.colcon_core.package_identification:_identify(src/rover_perception_msgs) by extensions ['colcon_meta']
[0.280s] Level 1:colcon.colcon_core.package_identification:_identify(src/rover_perception_msgs) by extension 'colcon_meta'
[0.280s] Level 1:colcon.colcon_core.package_identification:_identify(src/rover_perception_msgs) by extensions ['ros']
[0.280s] Level 1:colcon.colcon_core.package_identification:_identify(src/rover_perception_msgs) by extension 'ros'
[0.281s] DEBUG:colcon.colcon_core.package_identification:Package 'src/rover_perception_msgs' with type 'ros.ament_cmake' and name 'rover_perception_msgs'
[0.281s] Level 1:colcon.colcon_core.package_discovery:discover_packages(recursive) using defaults
[0.281s] Level 1:colcon.colcon_core.package_discovery:discover_packages(ignore) discover
[0.281s] Level 1:colcon.colcon_core.package_discovery:discover_packages(ignore) using defaults
[0.281s] Level 1:colcon.colcon_core.package_discovery:discover_packages(path) discover
[0.281s] Level 1:colcon.colcon_core.package_discovery:discover_packages(path) using defaults
[0.302s] Level 1:colcon.colcon_core.package_discovery:discover_packages(prefix_path) check parameters
[0.302s] Level 1:colcon.colcon_core.package_discovery:discover_packages(prefix_path) discover
[0.304s] DEBUG:colcon.colcon_installed_package_information.package_discovery:Found 4 installed packages in /home/joshua/rover_ws/install
[0.305s] DEBUG:colcon.colcon_installed_package_information.package_discovery:Found 273 installed packages in /opt/ros/humble
[0.315s] Level 1:colcon.colcon_core.package_discovery:discover_packages(prefix_path) using defaults
[0.342s] Level 5:colcon.colcon_core.verb:set package 'rover_control' build argument 'cmake_args' from command line to 'None'
[0.342s] Level 5:colcon.colcon_core.verb:set package 'rover_control' build argument 'cmake_target' from command line to 'None'
[0.342s] Level 5:colcon.colcon_core.verb:set package 'rover_control' build argument 'cmake_target_skip_unavailable' from command line to 'False'
[0.342s] Level 5:colcon.colcon_core.verb:set package 'rover_control' build argument 'cmake_clean_cache' from command line to 'False'
[0.342s] Level 5:colcon.colcon_core.verb:set package 'rover_control' build argument 'cmake_clean_first' from command line to 'False'
[0.342s] Level 5:colcon.colcon_core.verb:set package 'rover_control' build argument 'cmake_force_configure' from command line to 'False'
[0.342s] Level 5:colcon.colcon_core.verb:set package 'rover_control' build argument 'ament_cmake_args' from command line to 'None'
[0.342s] Level 5:colcon.colcon_core.verb:set package 'rover_control' build argument 'catkin_cmake_args' from command line to 'None'
[0.342s] Level 5:colcon.colcon_core.verb:set package 'rover_control' build argument 'catkin_skip_building_tests' from command line to 'False'
[0.342s] DEBUG:colcon.colcon_core.verb:Building package 'rover_control' with the following arguments: {'ament_cmake_args': None, 'build_base': '/home/joshua/rover_ws/build/rover_control', 'catkin_cmake_args': None, 'catkin_skip_building_tests': False, 'cmake_args': None, 'cmake_clean_cache': False, 'cmake_clean_first': False, 'cmake_force_configure': False, 'cmake_target': None, 'cmake_target_skip_unavailable': False, 'install_base': '/home/joshua/rover_ws/install/rover_control', 'merge_install': False, 'path': '/home/joshua/rover_ws/src/rover_control', 'symlink_install': False, 'test_result_base': None}
[0.342s] Level 5:colcon.colcon_core.verb:set package 'rover_lidar' build argument 'cmake_args' from command line to 'None'
[0.342s] Level 5:colcon.colcon_core.verb:set package 'rover_lidar' build argument 'cmake_target' from command line to 'None'
[0.342s] Level 5:colcon.colcon_core.verb:set package 'rover_lidar' build argument 'cmake_target_skip_unavailable' from command line to 'False'
[0.342s] Level 5:colcon.colcon_core.verb:set package 'rover_lidar' build argument 'cmake_clean_cache' from command line to 'False'
[0.342s] Level 5:colcon.colcon_core.verb:set package 'rover_lidar' build argument 'cmake_clean_first' from command line to 'False'
[0.342s] Level 5:colcon.colcon_core.verb:set package 'rover_lidar' build argument 'cmake_force_configure' from command line to 'False'
[0.342s] Level 5:colcon.colcon_core.verb:set package 'rover_lidar' build argument 'ament_cmake_args' from command line to 'None'
[0.342s] Level 5:colcon.colcon_core.verb:set package 'rover_lidar' build argument 'catkin_cmake_args' from command line to 'None'
[0.343s] Level 5:colcon.colcon_core.verb:set package 'rover_lidar' build argument 'catkin_skip_building_tests' from command line to 'False'
[0.343s] DEBUG:colcon.colcon_core.verb:Building package 'rover_lidar' with the following arguments: {'ament_cmake_args': None, 'build_base': '/home/joshua/rover_ws/build/rover_lidar', 'catkin_cmake_args': None, 'catkin_skip_building_tests': False, 'cmake_args': None, 'cmake_clean_cache': False, 'cmake_clean_first': False, 'cmake_force_configure': False, 'cmake_target': None, 'cmake_target_skip_unavailable': False, 'install_base': '/home/joshua/rover_ws/install/rover_lidar', 'merge_install': False, 'path': '/home/joshua/rover_ws/src/rover_lidar', 'symlink_install': False, 'test_result_base': None}
[0.343s] Level 5:colcon.colcon_core.verb:set package 'rover_perception_msgs' build argument 'cmake_args' from command line to 'None'
[0.343s] Level 5:colcon.colcon_core.verb:set package 'rover_perception_msgs' build argument 'cmake_target' from command line to 'None'
[0.343s] Level 5:colcon.colcon_core.verb:set package 'rover_perception_msgs' build argument 'cmake_target_skip_unavailable' from command line to 'False'
[0.343s] Level 5:colcon.colcon_core.verb:set package 'rover_perception_msgs' build argument 'cmake_clean_cache' from command line to 'False'
[0.343s] Level 5:colcon.colcon_core.verb:set package 'rover_perception_msgs' build argument 'cmake_clean_first' from command line to 'False'
[0.343s] Level 5:colcon.colcon_core.verb:set package 'rover_perception_msgs' build argument 'cmake_force_configure' from command line to 'False'
[0.343s] Level 5:colcon.colcon_core.verb:set package 'rover_perception_msgs' build argument 'ament_cmake_args' from command line to 'None'
[0.343s] Level 5:colcon.colcon_core.verb:set package 'rover_perception_msgs' build argument 'catkin_cmake_args' from command line to 'None'
[0.343s] Level 5:colcon.colcon_core.verb:set package 'rover_perception_msgs' build argument 'catkin_skip_building_tests' from command line to 'False'
[0.343s] DEBUG:colcon.colcon_core.verb:Building package 'rover_perception_msgs' with the following arguments: {'ament_cmake_args': None, 'build_base': '/home/joshua/rover_ws/build/rover_perception_msgs', 'catkin_cmake_args': None, 'catkin_skip_building_tests': False, 'cmake_args': None, 'cmake_clean_cache': False, 'cmake_clean_first': False, 'cmake_force_configure': False, 'cmake_target': None, 'cmake_target_skip_unavailable': False, 'install_base': '/home/joshua/rover_ws/install/rover_perception_msgs', 'merge_install': False, 'path': '/home/joshua/rover_ws/src/rover_perception_msgs', 'symlink_install': False, 'test_result_base': None}
[0.343s] Level 5:colcon.colcon_core.verb:set package 'rover_perception' build argument 'cmake_args' from command line to 'None'
[0.343s] Level 5:colcon.colcon_core.verb:set package 'rover_perception' build argument 'cmake_target' from command line to 'None'
[0.343s] Level 5:colcon.colcon_core.verb:set package 'rover_perception' build argument 'cmake_target_skip_unavailable' from command line to 'False'
[0.343s] Level 5:colcon.colcon_core.verb:set package 'rover_perception' build argument 'cmake_clean_cache' from command line to 'False'
[0.343s] Level 5:colcon.colcon_core.verb:set package 'rover_perception' build argument 'cmake_clean_first' from command line to 'False'
[0.343s] Level 5:colcon.colcon_core.verb:set package 'rover_perception' build argument 'cmake_force_configure' from command line to 'False'
[0.344s] Level 5:colcon.colcon_core.verb:set package 'rover_perception' build argument 'ament_cmake_args' from command line to 'None'
[0.344s] Level 5:colcon.colcon_core.verb:set package 'rover_perception' build argument 'catkin_cmake_args' from command line to 'None'
[0.344s] Level 5:colcon.colcon_core.verb:set package 'rover_perception' build argument 'catkin_skip_building_tests' from command line to 'False'
[0.344s] DEBUG:colcon.colcon_core.verb:Building package 'rover_perception' with the following arguments: {'ament_cmake_args': None, 'build_base': '/home/joshua/rover_ws/build/rover_perception', 'catkin_cmake_args': None, 'catkin_skip_building_tests': False, 'cmake_args': None, 'cmake_clean_cache': False, 'cmake_clean_first': False, 'cmake_force_configure': False, 'cmake_target': None, 'cmake_target_skip_unavailable': False, 'install_base': '/home/joshua/rover_ws/install/rover_perception', 'merge_install': False, 'path': '/home/joshua/rover_ws/src/rover_perception', 'symlink_install': False, 'test_result_base': None}
[0.344s] INFO:colcon.colcon_core.executor:Executing jobs using 'parallel' executor
[0.345s] DEBUG:colcon.colcon_parallel_executor.executor.parallel:run_until_complete
[0.345s] INFO:colcon.colcon_ros.task.ament_python.build:Building ROS package in '/home/joshua/rover_ws/src/rover_lidar' with build type 'ament_python'
[0.346s] Level 1:colcon.colcon_core.shell:create_environment_hook('rover_lidar', 'ament_prefix_path')
[0.348s] INFO:colcon.colcon_core.plugin_system:Skipping extension 'colcon_core.shell.bat': Not used on non-Windows systems
[0.348s] INFO:colcon.colcon_core.shell:Creating environment hook '/home/joshua/rover_ws/install/rover_lidar/share/rover_lidar/hook/ament_prefix_path.ps1'
[0.349s] INFO:colcon.colcon_core.shell:Creating environment descriptor '/home/joshua/rover_ws/install/rover_lidar/share/rover_lidar/hook/ament_prefix_path.dsv'
[0.349s] INFO:colcon.colcon_core.shell:Creating environment hook '/home/joshua/rover_ws/install/rover_lidar/share/rover_lidar/hook/ament_prefix_path.sh'
[0.350s] INFO:colcon.colcon_core.shell:Skip shell extension 'powershell' for command environment: Not usable outside of PowerShell
[0.350s] DEBUG:colcon.colcon_core.shell:Skip shell extension 'dsv' for command environment
[0.353s] INFO:colcon.colcon_ros.task.ament_cmake.build:Building ROS package in '/home/joshua/rover_ws/src/rover_perception_msgs' with build type 'ament_cmake'
[0.354s] INFO:colcon.colcon_cmake.task.cmake.build:Building CMake package in '/home/joshua/rover_ws/src/rover_perception_msgs'
[0.354s] INFO:colcon.colcon_core.shell:Skip shell extension 'powershell' for command environment: Not usable outside of PowerShell
[0.355s] DEBUG:colcon.colcon_core.shell:Skip shell extension 'dsv' for command environment
[0.358s] INFO:colcon.colcon_ros.task.ament_python.build:Building ROS package in '/home/joshua/rover_ws/src/rover_control' with build type 'ament_python'
[0.358s] Level 1:colcon.colcon_core.shell:create_environment_hook('rover_control', 'ament_prefix_path')
[0.359s] INFO:colcon.colcon_core.shell:Creating environment hook '/home/joshua/rover_ws/install/rover_control/share/rover_control/hook/ament_prefix_path.ps1'
[0.360s] INFO:colcon.colcon_core.shell:Creating environment descriptor '/home/joshua/rover_ws/install/rover_control/share/rover_control/hook/ament_prefix_path.dsv'
[0.360s] INFO:colcon.colcon_core.shell:Creating environment hook '/home/joshua/rover_ws/install/rover_control/share/rover_control/hook/ament_prefix_path.sh'
[0.361s] INFO:colcon.colcon_core.shell:Skip shell extension 'powershell' for command environment: Not usable outside of PowerShell
[0.361s] DEBUG:colcon.colcon_core.shell:Skip shell extension 'dsv' for command environment
[0.574s] INFO:colcon.colcon_core.task.python.build:Building Python package in '/home/joshua/rover_ws/src/rover_lidar'
[0.574s] INFO:colcon.colcon_core.shell:Skip shell extension 'powershell' for command environment: Not usable outside of PowerShell
[0.574s] DEBUG:colcon.colcon_core.shell:Skip shell extension 'dsv' for command environment
[0.586s] DEBUG:colcon.colcon_core.event_handler.log_command:Invoking command in '/home/joshua/rover_ws/build/rover_perception_msgs': CMAKE_PREFIX_PATH=${CMAKE_PREFIX_PATH}:/home/joshua/rover_ws/install/rover_perception:/home/joshua/rover_ws/install/rover_lidar:/home/joshua/rover_ws/install/rover_control:/opt/ros/humble /usr/bin/cmake --build /home/joshua/rover_ws/build/rover_perception_msgs -- -j8 -l8
[0.910s] INFO:colcon.colcon_core.task.python.build:Building Python package in '/home/joshua/rover_ws/src/rover_control'
[0.911s] INFO:colcon.colcon_core.shell:Skip shell extension 'powershell' for command environment: Not usable outside of PowerShell
[0.911s] DEBUG:colcon.colcon_core.shell:Skip shell extension 'dsv' for command environment
[1.333s] DEBUG:colcon.colcon_core.event_handler.log_command:Invoking command in '/home/joshua/rover_ws/src/rover_control': PYTHONPATH=/home/joshua/rover_ws/build/rover_control/prefix_override:/usr/lib/python3/dist-packages/colcon_core/task/python/colcon_distutils_commands:/home/joshua/rover_ws/install/rover_control/lib/python3.10/site-packages:${PYTHONPATH} /usr/bin/python3 -W ignore:setup.py install is deprecated -W ignore:easy_install command is deprecated setup.py egg_info --egg-base ../../build/rover_control build --build-base /home/joshua/rover_ws/build/rover_control/build install --record /home/joshua/rover_ws/build/rover_control/install.log --single-version-externally-managed install_data
[1.354s] DEBUG:colcon.colcon_core.event_handler.log_command:Invoking command in '/home/joshua/rover_ws/src/rover_lidar': PYTHONPATH=/home/joshua/rover_ws/build/rover_lidar/prefix_override:/usr/lib/python3/dist-packages/colcon_core/task/python/colcon_distutils_commands:/home/joshua/rover_ws/install/rover_lidar/lib/python3.10/site-packages:${PYTHONPATH} /usr/bin/python3 -W ignore:setup.py install is deprecated -W ignore:easy_install command is deprecated setup.py egg_info --egg-base ../../build/rover_lidar build --build-base /home/joshua/rover_ws/build/rover_lidar/build install --record /home/joshua/rover_ws/build/rover_lidar/install.log --single-version-externally-managed install_data
[1.361s] DEBUG:colcon.colcon_core.event_handler.log_command:Invoked command in '/home/joshua/rover_ws/build/rover_perception_msgs' returned '0': CMAKE_PREFIX_PATH=${CMAKE_PREFIX_PATH}:/home/joshua/rover_ws/install/rover_perception:/home/joshua/rover_ws/install/rover_lidar:/home/joshua/rover_ws/install/rover_control:/opt/ros/humble /usr/bin/cmake --build /home/joshua/rover_ws/build/rover_perception_msgs -- -j8 -l8
[1.372s] DEBUG:colcon.colcon_core.event_handler.log_command:Invoking command in '/home/joshua/rover_ws/build/rover_perception_msgs': CMAKE_PREFIX_PATH=${CMAKE_PREFIX_PATH}:/home/joshua/rover_ws/install/rover_perception:/home/joshua/rover_ws/install/rover_lidar:/home/joshua/rover_ws/install/rover_control:/opt/ros/humble /usr/bin/cmake --install /home/joshua/rover_ws/build/rover_perception_msgs
[1.443s] Level 1:colcon.colcon_core.environment:create_environment_scripts_only(rover_perception_msgs)
[1.447s] DEBUG:colcon.colcon_core.event_handler.log_command:Invoked command in '/home/joshua/rover_ws/build/rover_perception_msgs' returned '0': CMAKE_PREFIX_PATH=${CMAKE_PREFIX_PATH}:/home/joshua/rover_ws/install/rover_perception:/home/joshua/rover_ws/install/rover_lidar:/home/joshua/rover_ws/install/rover_control:/opt/ros/humble /usr/bin/cmake --install /home/joshua/rover_ws/build/rover_perception_msgs
[1.448s] Level 1:colcon.colcon_core.environment:checking '/home/joshua/rover_ws/install/rover_perception_msgs' for CMake module files
[1.448s] Level 1:colcon.colcon_core.environment:checking '/home/joshua/rover_ws/install/rover_perception_msgs' for CMake config files
[1.449s] Level 1:colcon.colcon_core.shell:create_environment_hook('rover_perception_msgs', 'cmake_prefix_path')
[1.449s] INFO:colcon.colcon_core.shell:Creating environment hook '/home/joshua/rover_ws/install/rover_perception_msgs/share/rover_perception_msgs/hook/cmake_prefix_path.ps1'
[1.449s] INFO:colcon.colcon_core.shell:Creating environment descriptor '/home/joshua/rover_ws/install/rover_perception_msgs/share/rover_perception_msgs/hook/cmake_prefix_path.dsv'
[1.450s] INFO:colcon.colcon_core.shell:Creating environment hook '/home/joshua/rover_ws/install/rover_perception_msgs/share/rover_perception_msgs/hook/cmake_prefix_path.sh'
[1.451s] Level 1:colcon.colcon_core.environment:checking '/home/joshua/rover_ws/install/rover_perception_msgs/lib'
[1.451s] Level 1:colcon.colcon_core.shell:create_environment_hook('rover_perception_msgs', 'ld_library_path_lib')
[1.451s] INFO:colcon.colcon_core.shell:Creating environment hook '/home/joshua/rover_ws/install/rover_perception_msgs/share/rover_perception_msgs/hook/ld_library_path_lib.ps1'
[1.452s] INFO:colcon.colcon_core.shell:Creating environment descriptor '/home/joshua/rover_ws/install/rover_perception_msgs/share/rover_perception_msgs/hook/ld_library_path_lib.dsv'
[1.452s] INFO:colcon.colcon_core.shell:Creating environment hook '/home/joshua/rover_ws/install/rover_perception_msgs/share/rover_perception_msgs/hook/ld_library_path_lib.sh'
[1.453s] Level 1:colcon.colcon_core.environment:checking '/home/joshua/rover_ws/install/rover_perception_msgs/bin'
[1.453s] Level 1:colcon.colcon_core.environment:checking '/home/joshua/rover_ws/install/rover_perception_msgs/lib/pkgconfig/rover_perception_msgs.pc'
[1.453s] Level 1:colcon.colcon_core.environment:checking '/home/joshua/rover_ws/install/rover_perception_msgs/lib/python3.10/site-packages'
[1.454s] Level 1:colcon.colcon_core.environment:checking '/home/joshua/rover_ws/install/rover_perception_msgs/bin'
[1.454s] INFO:colcon.colcon_core.shell:Creating package script '/home/joshua/rover_ws/install/rover_perception_msgs/share/rover_perception_msgs/package.ps1'
[1.456s] INFO:colcon.colcon_core.shell:Creating package descriptor '/home/joshua/rover_ws/install/rover_perception_msgs/share/rover_perception_msgs/package.dsv'
[1.457s] INFO:colcon.colcon_core.shell:Creating package script '/home/joshua/rover_ws/install/rover_perception_msgs/share/rover_perception_msgs/package.sh'
[1.458s] INFO:colcon.colcon_core.shell:Creating package script '/home/joshua/rover_ws/install/rover_perception_msgs/share/rover_perception_msgs/package.bash'
[1.459s] INFO:colcon.colcon_core.shell:Creating package script '/home/joshua/rover_ws/install/rover_perception_msgs/share/rover_perception_msgs/package.zsh'
[1.460s] Level 1:colcon.colcon_core.environment:create_file_with_runtime_dependencies(/home/joshua/rover_ws/install/rover_perception_msgs/share/colcon-core/packages/rover_perception_msgs)
[1.461s] Level 1:colcon.colcon_core.environment:create_environment_scripts_only(rover_perception_msgs)
[1.461s] Level 1:colcon.colcon_core.environment:checking '/home/joshua/rover_ws/install/rover_perception_msgs' for CMake module files
[1.462s] Level 1:colcon.colcon_core.environment:checking '/home/joshua/rover_ws/install/rover_perception_msgs' for CMake config files
[1.463s] Level 1:colcon.colcon_core.shell:create_environment_hook('rover_perception_msgs', 'cmake_prefix_path')
[1.463s] INFO:colcon.colcon_core.shell:Creating environment hook '/home/joshua/rover_ws/install/rover_perception_msgs/share/rover_perception_msgs/hook/cmake_prefix_path.ps1'
[1.464s] INFO:colcon.colcon_core.shell:Creating environment descriptor '/home/joshua/rover_ws/install/rover_perception_msgs/share/rover_perception_msgs/hook/cmake_prefix_path.dsv'
[1.464s] INFO:colcon.colcon_core.shell:Creating environment hook '/home/joshua/rover_ws/install/rover_perception_msgs/share/rover_perception_msgs/hook/cmake_prefix_path.sh'
[1.465s] Level 1:colcon.colcon_core.environment:checking '/home/joshua/rover_ws/install/rover_perception_msgs/lib'
[1.465s] Level 1:colcon.colcon_core.shell:create_environment_hook('rover_perception_msgs', 'ld_library_path_lib')
[1.465s] INFO:colcon.colcon_core.shell:Creating environment hook '/home/joshua/rover_ws/install/rover_perception_msgs/share/rover_perception_msgs/hook/ld_library_path_lib.ps1'
[1.466s] INFO:colcon.colcon_core.shell:Creating environment descriptor '/home/joshua/rover_ws/install/rover_perception_msgs/share/rover_perception_msgs/hook/ld_library_path_lib.dsv'
[1.466s] INFO:colcon.colcon_core.shell:Creating environment hook '/home/joshua/rover_ws/install/rover_perception_msgs/share/rover_perception_msgs/hook/ld_library_path_lib.sh'
[1.467s] Level 1:colcon.colcon_core.environment:checking '/home/joshua/rover_ws/install/rover_perception_msgs/bin'
[1.467s] Level 1:colcon.colcon_core.environment:checking '/home/joshua/rover_ws/install/rover_perception_msgs/lib/pkgconfig/rover_perception_msgs.pc'
[1.467s] Level 1:colcon.colcon_core.environment:checking '/home/joshua/rover_ws/install/rover_perception_msgs/lib/python3.10/site-packages'
[1.467s] Level 1:colcon.colcon_core.environment:checking '/home/joshua/rover_ws/install/rover_perception_msgs/bin'
[1.468s] INFO:colcon.colcon_core.shell:Creating package script '/home/joshua/rover_ws/install/rover_perception_msgs/share/rover_perception_msgs/package.ps1'
[1.468s] INFO:colcon.colcon_core.shell:Creating package descriptor '/home/joshua/rover_ws/install/rover_perception_msgs/share/rover_perception_msgs/package.dsv'
[1.469s] INFO:colcon.colcon_core.shell:Creating package script '/home/joshua/rover_ws/install/rover_perception_msgs/share/rover_perception_msgs/package.sh'
[1.469s] INFO:colcon.colcon_core.shell:Creating package script '/home/joshua/rover_ws/install/rover_perception_msgs/share/rover_perception_msgs/package.bash'
[1.470s] INFO:colcon.colcon_core.shell:Creating package script '/home/joshua/rover_ws/install/rover_perception_msgs/share/rover_perception_msgs/package.zsh'
[1.471s] Level 1:colcon.colcon_core.environment:create_file_with_runtime_dependencies(/home/joshua/rover_ws/install/rover_perception_msgs/share/colcon-core/packages/rover_perception_msgs)
[1.640s] Level 1:colcon.colcon_core.environment:checking '/home/joshua/rover_ws/install/rover_control' for CMake module files
[1.640s] DEBUG:colcon.colcon_core.event_handler.log_command:Invoked command in '/home/joshua/rover_ws/src/rover_control' returned '0': PYTHONPATH=/home/joshua/rover_ws/build/rover_control/prefix_override:/usr/lib/python3/dist-packages/colcon_core/task/python/colcon_distutils_commands:/home/joshua/rover_ws/install/rover_control/lib/python3.10/site-packages:${PYTHONPATH} /usr/bin/python3 -W ignore:setup.py install is deprecated -W ignore:easy_install command is deprecated setup.py egg_info --egg-base ../../build/rover_control build --build-base /home/joshua/rover_ws/build/rover_control/build install --record /home/joshua/rover_ws/build/rover_control/install.log --single-version-externally-managed install_data
[1.641s] Level 1:colcon.colcon_core.environment:checking '/home/joshua/rover_ws/install/rover_control' for CMake config files
[1.641s] Level 1:colcon.colcon_core.environment:checking '/home/joshua/rover_ws/install/rover_control/lib'
[1.641s] Level 1:colcon.colcon_core.environment:checking '/home/joshua/rover_ws/install/rover_control/bin'
[1.641s] Level 1:colcon.colcon_core.environment:checking '/home/joshua/rover_ws/install/rover_control/lib/pkgconfig/rover_control.pc'
[1.642s] Level 1:colcon.colcon_core.environment:checking '/home/joshua/rover_ws/install/rover_control/lib/python3.10/site-packages'
[1.642s] Level 1:colcon.colcon_core.shell:create_environment_hook('rover_control', 'pythonpath')
[1.642s] INFO:colcon.colcon_core.shell:Creating environment hook '/home/joshua/rover_ws/install/rover_control/share/rover_control/hook/pythonpath.ps1'
[1.643s] INFO:colcon.colcon_core.shell:Creating environment descriptor '/home/joshua/rover_ws/install/rover_control/share/rover_control/hook/pythonpath.dsv'
[1.643s] INFO:colcon.colcon_core.shell:Creating environment hook '/home/joshua/rover_ws/install/rover_control/share/rover_control/hook/pythonpath.sh'
[1.644s] Level 1:colcon.colcon_core.environment:checking '/home/joshua/rover_ws/install/rover_control/bin'
[1.644s] Level 1:colcon.colcon_core.environment:create_environment_scripts_only(rover_control)
[1.644s] INFO:colcon.colcon_core.shell:Creating package script '/home/joshua/rover_ws/install/rover_control/share/rover_control/package.ps1'
[1.645s] INFO:colcon.colcon_core.shell:Creating package descriptor '/home/joshua/rover_ws/install/rover_control/share/rover_control/package.dsv'
[1.645s] INFO:colcon.colcon_core.shell:Creating package script '/home/joshua/rover_ws/install/rover_control/share/rover_control/package.sh'
[1.646s] INFO:colcon.colcon_core.shell:Creating package script '/home/joshua/rover_ws/install/rover_control/share/rover_control/package.bash'
[1.646s] INFO:colcon.colcon_core.shell:Creating package script '/home/joshua/rover_ws/install/rover_control/share/rover_control/package.zsh'
[1.647s] Level 1:colcon.colcon_core.environment:create_file_with_runtime_dependencies(/home/joshua/rover_ws/install/rover_control/share/colcon-core/packages/rover_control)
[1.655s] Level 1:colcon.colcon_core.environment:checking '/home/joshua/rover_ws/install/rover_lidar' for CMake module files
[1.656s] DEBUG:colcon.colcon_core.event_handler.log_command:Invoked command in '/home/joshua/rover_ws/src/rover_lidar' returned '0': PYTHONPATH=/home/joshua/rover_ws/build/rover_lidar/prefix_override:/usr/lib/python3/dist-packages/colcon_core/task/python/colcon_distutils_commands:/home/joshua/rover_ws/install/rover_lidar/lib/python3.10/site-packages:${PYTHONPATH} /usr/bin/python3 -W ignore:setup.py install is deprecated -W ignore:easy_install command is deprecated setup.py egg_info --egg-base ../../build/rover_lidar build --build-base /home/joshua/rover_ws/build/rover_lidar/build install --record /home/joshua/rover_ws/build/rover_lidar/install.log --single-version-externally-managed install_data
[1.656s] Level 1:colcon.colcon_core.environment:checking '/home/joshua/rover_ws/install/rover_lidar' for CMake config files
[1.657s] Level 1:colcon.colcon_core.environment:checking '/home/joshua/rover_ws/install/rover_lidar/lib'
[1.657s] Level 1:colcon.colcon_core.environment:checking '/home/joshua/rover_ws/install/rover_lidar/bin'
[1.657s] Level 1:colcon.colcon_core.environment:checking '/home/joshua/rover_ws/install/rover_lidar/lib/pkgconfig/rover_lidar.pc'
[1.657s] Level 1:colcon.colcon_core.environment:checking '/home/joshua/rover_ws/install/rover_lidar/lib/python3.10/site-packages'
[1.658s] Level 1:colcon.colcon_core.shell:create_environment_hook('rover_lidar', 'pythonpath')
[1.658s] INFO:colcon.colcon_core.shell:Creating environment hook '/home/joshua/rover_ws/install/rover_lidar/share/rover_lidar/hook/pythonpath.ps1'
[1.658s] INFO:colcon.colcon_core.shell:Creating environment descriptor '/home/joshua/rover_ws/install/rover_lidar/share/rover_lidar/hook/pythonpath.dsv'
[1.659s] INFO:colcon.colcon_core.shell:Creating environment hook '/home/joshua/rover_ws/install/rover_lidar/share/rover_lidar/hook/pythonpath.sh'
[1.660s] Level 1:colcon.colcon_core.environment:checking '/home/joshua/rover_ws/install/rover_lidar/bin'
[1.660s] Level 1:colcon.colcon_core.environment:create_environment_scripts_only(rover_lidar)
[1.660s] INFO:colcon.colcon_core.shell:Creating package script '/home/joshua/rover_ws/install/rover_lidar/share/rover_lidar/package.ps1'
[1.661s] INFO:colcon.colcon_core.shell:Creating package descriptor '/home/joshua/rover_ws/install/rover_lidar/share/rover_lidar/package.dsv'
[1.661s] INFO:colcon.colcon_core.shell:Creating package script '/home/joshua/rover_ws/install/rover_lidar/share/rover_lidar/package.sh'
[1.661s] INFO:colcon.colcon_core.shell:Creating package script '/home/joshua/rover_ws/install/rover_lidar/share/rover_lidar/package.bash'
[1.662s] INFO:colcon.colcon_core.shell:Creating package script '/home/joshua/rover_ws/install/rover_lidar/share/rover_lidar/package.zsh'
[1.662s] Level 1:colcon.colcon_core.environment:create_file_with_runtime_dependencies(/home/joshua/rover_ws/install/rover_lidar/share/colcon-core/packages/rover_lidar)
[1.663s] INFO:colcon.colcon_ros.task.ament_python.build:Building ROS package in '/home/joshua/rover_ws/src/rover_perception' with build type 'ament_python'
[1.663s] Level 1:colcon.colcon_core.shell:create_environment_hook('rover_perception', 'ament_prefix_path')
[1.664s] INFO:colcon.colcon_core.shell:Creating environment hook '/home/joshua/rover_ws/install/rover_perception/share/rover_perception/hook/ament_prefix_path.ps1'
[1.666s] INFO:colcon.colcon_core.shell:Creating environment descriptor '/home/joshua/rover_ws/install/rover_perception/share/rover_perception/hook/ament_prefix_path.dsv'
[1.667s] INFO:colcon.colcon_core.shell:Creating environment hook '/home/joshua/rover_ws/install/rover_perception/share/rover_perception/hook/ament_prefix_path.sh'
[1.668s] INFO:colcon.colcon_core.shell:Skip shell extension 'powershell' for command environment: Not usable outside of PowerShell
[1.668s] DEBUG:colcon.colcon_core.shell:Skip shell extension 'dsv' for command environment
[1.990s] INFO:colcon.colcon_core.task.python.build:Building Python package in '/home/joshua/rover_ws/src/rover_perception'
[1.990s] INFO:colcon.colcon_core.shell:Skip shell extension 'powershell' for command environment: Not usable outside of PowerShell
[1.991s] DEBUG:colcon.colcon_core.shell:Skip shell extension 'dsv' for command environment
[2.391s] DEBUG:colcon.colcon_core.event_handler.log_command:Invoking command in '/home/joshua/rover_ws/src/rover_perception': AMENT_PREFIX_PATH=/home/joshua/rover_ws/install/rover_lidar:/home/joshua/rover_ws/install/rover_perception:/home/joshua/rover_ws/install/rover_perception_msgs:/home/joshua/rover_ws/install/rover_control:/opt/ros/humble PYTHONPATH=/home/joshua/rover_ws/build/rover_perception/prefix_override:/usr/lib/python3/dist-packages/colcon_core/task/python/colcon_distutils_commands:/home/joshua/rover_ws/install/rover_perception/lib/python3.10/site-packages:/home/joshua/rover_ws/install/rover_lidar/lib/python3.10/site-packages:/home/joshua/rover_ws/install/rover_perception/lib/python3.10/site-packages:/home/joshua/rover_ws/install/rover_perception_msgs/local/lib/python3.10/dist-packages:/home/joshua/rover_ws/install/rover_control/lib/python3.10/site-packages:/opt/ros/humble/lib/python3.10/site-packages:/opt/ros/humble/local/lib/python3.10/dist-packages /usr/bin/python3 -W ignore:setup.py install is deprecated -W ignore:easy_install command is deprecated setup.py egg_info --egg-base ../../build/rover_perception build --build-base /home/joshua/rover_ws/build/rover_perception/build install --record /home/joshua/rover_ws/build/rover_perception/install.log --single-version-externally-managed install_data
[2.622s] Level 1:colcon.colcon_core.environment:checking '/home/joshua/rover_ws/install/rover_perception' for CMake module files
[2.622s] DEBUG:colcon.colcon_core.event_handler.log_command:Invoked command in '/home/joshua/rover_ws/src/rover_perception' returned '0': AMENT_PREFIX_PATH=/home/joshua/rover_ws/install/rover_lidar:/home/joshua/rover_ws/install/rover_perception:/home/joshua/rover_ws/install/rover_perception_msgs:/home/joshua/rover_ws/install/rover_control:/opt/ros/humble PYTHONPATH=/home/joshua/rover_ws/build/rover_perception/prefix_override:/usr/lib/python3/dist-packages/colcon_core/task/python/colcon_distutils_commands:/home/joshua/rover_ws/install/rover_perception/lib/python3.10/site-packages:/home/joshua/rover_ws/install/rover_lidar/lib/python3.10/site-packages:/home/joshua/rover_ws/install/rover_perception/lib/python3.10/site-packages:/home/joshua/rover_ws/install/rover_perception_msgs/local/lib/python3.10/dist-packages:/home/joshua/rover_ws/install/rover_control/lib/python3.10/site-packages:/opt/ros/humble/lib/python3.10/site-packages:/opt/ros/humble/local/lib/python3.10/dist-packages /usr/bin/python3 -W ignore:setup.py install is deprecated -W ignore:easy_install command is deprecated setup.py egg_info --egg-base ../../build/rover_perception build --build-base /home/joshua/rover_ws/build/rover_perception/build install --record /home/joshua/rover_ws/build/rover_perception/install.log --single-version-externally-managed install_data
[2.623s] Level 1:colcon.colcon_core.environment:checking '/home/joshua/rover_ws/install/rover_perception' for CMake config files
[2.623s] Level 1:colcon.colcon_core.environment:checking '/home/joshua/rover_ws/install/rover_perception/lib'
[2.623s] Level 1:colcon.colcon_core.environment:checking '/home/joshua/rover_ws/install/rover_perception/bin'
[2.623s] Level 1:colcon.colcon_core.environment:checking '/home/joshua/rover_ws/install/rover_perception/lib/pkgconfig/rover_perception.pc'
[2.624s] Level 1:colcon.colcon_core.environment:checking '/home/joshua/rover_ws/install/rover_perception/lib/python3.10/site-packages'
[2.624s] Level 1:colcon.colcon_core.shell:create_environment_hook('rover_perception', 'pythonpath')
[2.624s] INFO:colcon.colcon_core.shell:Creating environment hook '/home/joshua/rover_ws/install/rover_perception/share/rover_perception/hook/pythonpath.ps1'
[2.624s] INFO:colcon.colcon_core.shell:Creating environment descriptor '/home/joshua/rover_ws/install/rover_perception/share/rover_perception/hook/pythonpath.dsv'
[2.625s] INFO:colcon.colcon_core.shell:Creating environment hook '/home/joshua/rover_ws/install/rover_perception/share/rover_perception/hook/pythonpath.sh'
[2.625s] Level 1:colcon.colcon_core.environment:checking '/home/joshua/rover_ws/install/rover_perception/bin'
[2.625s] Level 1:colcon.colcon_core.environment:create_environment_scripts_only(rover_perception)
[2.626s] INFO:colcon.colcon_core.shell:Creating package script '/home/joshua/rover_ws/install/rover_perception/share/rover_perception/package.ps1'
[2.626s] INFO:colcon.colcon_core.shell:Creating package descriptor '/home/joshua/rover_ws/install/rover_perception/share/rover_perception/package.dsv'
[2.627s] INFO:colcon.colcon_core.shell:Creating package script '/home/joshua/rover_ws/install/rover_perception/share/rover_perception/package.sh'
[2.627s] INFO:colcon.colcon_core.shell:Creating package script '/home/joshua/rover_ws/install/rover_perception/share/rover_perception/package.bash'
[2.628s] INFO:colcon.colcon_core.shell:Creating package script '/home/joshua/rover_ws/install/rover_perception/share/rover_perception/package.zsh'
[2.628s] Level 1:colcon.colcon_core.environment:create_file_with_runtime_dependencies(/home/joshua/rover_ws/install/rover_perception/share/colcon-core/packages/rover_perception)
[2.628s] DEBUG:colcon.colcon_parallel_executor.executor.parallel:closing loop
[2.629s] DEBUG:colcon.colcon_parallel_executor.executor.parallel:loop closed
[2.629s] DEBUG:colcon.colcon_parallel_executor.executor.parallel:run_until_complete finished with '0'
[2.630s] DEBUG:colcon.colcon_core.event_reactor:joining thread
[2.672s] INFO:colcon.colcon_core.plugin_system:Skipping extension 'colcon_notification.desktop_notification.notify_send': Could not find 'notify-send'
[2.673s] INFO:colcon.colcon_core.plugin_system:Skipping extension 'colcon_notification.desktop_notification.terminal_notifier': Not used on non-Darwin systems
[2.673s] INFO:colcon.colcon_core.plugin_system:Skipping extension 'colcon_notification.desktop_notification.win32': Not used on non-Windows systems
[2.673s] INFO:colcon.colcon_notification.desktop_notification:Sending desktop notification using 'notify2'
[2.673s] DEBUG:colcon.colcon_notification.desktop_notification.notify2:Failed to initialize notify2: org.freedesktop.DBus.Error.FileNotFound: Failed to connect to socket /run/user/1000/bus: No such file or directory
[2.673s] DEBUG:colcon.colcon_core.event_reactor:joined thread
[2.673s] INFO:colcon.colcon_core.shell:Creating prefix script '/home/joshua/rover_ws/install/local_setup.ps1'
[2.674s] INFO:colcon.colcon_core.shell:Creating prefix util module '/home/joshua/rover_ws/install/_local_setup_util_ps1.py'
[2.676s] INFO:colcon.colcon_core.shell:Creating prefix chain script '/home/joshua/rover_ws/install/setup.ps1'
[2.677s] INFO:colcon.colcon_core.shell:Creating prefix script '/home/joshua/rover_ws/install/local_setup.sh'
[2.677s] INFO:colcon.colcon_core.shell:Creating prefix util module '/home/joshua/rover_ws/install/_local_setup_util_sh.py'
[2.677s] INFO:colcon.colcon_core.shell:Creating prefix chain script '/home/joshua/rover_ws/install/setup.sh'
[2.678s] INFO:colcon.colcon_core.shell:Creating prefix script '/home/joshua/rover_ws/install/local_setup.bash'
[2.679s] INFO:colcon.colcon_core.shell:Creating prefix chain script '/home/joshua/rover_ws/install/setup.bash'
[2.680s] INFO:colcon.colcon_core.shell:Creating prefix script '/home/joshua/rover_ws/install/local_setup.zsh'
[2.680s] INFO:colcon.colcon_core.shell:Creating prefix chain script '/home/joshua/rover_ws/install/setup.zsh'
