[0.834s] Invoking command in '/workspaces/IRS_Rover_ROS2_Workspace/rover_ws/build/rover_control_msgs': CMAKE_PREFIX_PATH=/workspaces/IRS_Rover_ROS2_Workspace/rover_ws/src/install/rover_stereocam:/workspaces/IRS_Rover_ROS2_Workspace/rover_ws/src/install/rover_lidar:/workspaces/IRS_Rover_ROS2_Workspace/rover_ws/src/install/rover_control:/workspaces/IRS_Rover_ROS2_Workspace/rover_ws/install/rover_stereocam:/workspaces/IRS_Rover_ROS2_Workspace/rover_ws/install/rover_lidar:/workspaces/IRS_Rover_ROS2_Workspace/rover_ws/install/rover_control:/opt/ros/humble /usr/bin/cmake /workspaces/IRS_Rover_ROS2_Workspace/rover_ws/src/rover_control_msgs -DCMAKE_INSTALL_PREFIX=/workspaces/IRS_Rover_ROS2_Workspace/rover_ws/install/rover_control_msgs
[1.282s] -- The C compiler identification is GNU 11.4.0
[1.502s] -- The CXX compiler identification is GNU 11.4.0
[1.546s] -- Detecting C compiler ABI info
[1.922s] -- Detecting C compiler ABI info - done
[1.938s] -- Check for working C compiler: /usr/bin/cc - skipped
[1.939s] -- Detecting C compile features
[1.940s] -- Detecting C compile features - done
[1.957s] -- Detecting CXX compiler ABI info
[2.280s] -- Detecting CXX compiler ABI info - done
[2.300s] -- Check for working CXX compiler: /usr/bin/c++ - skipped
[2.301s] -- Detecting CXX compile features
[2.303s] -- Detecting CXX compile features - done
[2.412s] -- Found ament_cmake: 1.3.14 (/opt/ros/humble/share/ament_cmake/cmake)
[2.884s] -- Found Python3: /usr/bin/python3 (found version "3.10.12") found components: Interpreter 
[3.784s] -- Found rosidl_default_generators: 1.2.1 (/opt/ros/humble/share/rosidl_default_generators/cmake)
[3.864s] -- Using all available rosidl_typesupport_c: rosidl_typesupport_fastrtps_c;rosidl_typesupport_introspection_c
[4.032s] -- Found rosidl_adapter: 3.1.8 (/opt/ros/humble/share/rosidl_adapter/cmake)
[4.769s] -- Using all available rosidl_typesupport_cpp: rosidl_typesupport_fastrtps_cpp;rosidl_typesupport_introspection_cpp
[5.294s] -- Found std_msgs: 4.9.1 (/opt/ros/humble/share/std_msgs/cmake)
[5.537s] -- Found nav_msgs: 4.9.1 (/opt/ros/humble/share/nav_msgs/cmake)
[5.676s] [31mCMake Error at /opt/ros/humble/share/rosidl_cmake/cmake/rosidl_generate_interfaces.cmake:93 (message):
[5.678s]   rosidl_generate_interfaces() the passed file 'srv/SetOperationalMode.srv'
[5.679s]   doesn't exist relative to the CMAKE_CURRENT_SOURCE_DIR
[5.682s]   '/workspaces/IRS_Rover_ROS2_Workspace/rover_ws/src/rover_control_msgs'
[5.683s] Call Stack (most recent call first):
[5.688s]   CMakeLists.txt:14 (rosidl_generate_interfaces)
[5.690s] 
[5.693s] [0m
[5.696s] -- Configuring incomplete, errors occurred!
[5.704s] See also "/workspaces/IRS_Rover_ROS2_Workspace/rover_ws/build/rover_control_msgs/CMakeFiles/CMakeOutput.log".
[5.705s] Invoked command in '/workspaces/IRS_Rover_ROS2_Workspace/rover_ws/build/rover_control_msgs' returned '1': CMAKE_PREFIX_PATH=/workspaces/IRS_Rover_ROS2_Workspace/rover_ws/src/install/rover_stereocam:/workspaces/IRS_Rover_ROS2_Workspace/rover_ws/src/install/rover_lidar:/workspaces/IRS_Rover_ROS2_Workspace/rover_ws/src/install/rover_control:/workspaces/IRS_Rover_ROS2_Workspace/rover_ws/install/rover_stereocam:/workspaces/IRS_Rover_ROS2_Workspace/rover_ws/install/rover_lidar:/workspaces/IRS_Rover_ROS2_Workspace/rover_ws/install/rover_control:/opt/ros/humble /usr/bin/cmake /workspaces/IRS_Rover_ROS2_Workspace/rover_ws/src/rover_control_msgs -DCMAKE_INSTALL_PREFIX=/workspaces/IRS_Rover_ROS2_Workspace/rover_ws/install/rover_control_msgs
