running egg_info
writing ../../build/rover_stereocam/rover_stereocam.egg-info/PKG-INFO
writing dependency_links to ../../build/rover_stereocam/rover_stereocam.egg-info/dependency_links.txt
writing entry points to ../../build/rover_stereocam/rover_stereocam.egg-info/entry_points.txt
writing requirements to ../../build/rover_stereocam/rover_stereocam.egg-info/requires.txt
writing top-level names to ../../build/rover_stereocam/rover_stereocam.egg-info/top_level.txt
reading manifest file '../../build/rover_stereocam/rover_stereocam.egg-info/SOURCES.txt'
writing manifest file '../../build/rover_stereocam/rover_stereocam.egg-info/SOURCES.txt'
running build
running build_py
running install
running install_lib
running install_data
running install_egg_info
removing '/workspaces/IRS_Rover_ROS2_Workspace/rover_ws/install/rover_stereocam/lib/python3.10/site-packages/rover_stereocam-0.0.0-py3.10.egg-info' (and everything under it)
Copying ../../build/rover_stereocam/rover_stereocam.egg-info to /workspaces/IRS_Rover_ROS2_Workspace/rover_ws/install/rover_stereocam/lib/python3.10/site-packages/rover_stereocam-0.0.0-py3.10.egg-info
running install_scripts
Installing fake_stereo_node script to /workspaces/IRS_Rover_ROS2_Workspace/rover_ws/install/rover_stereocam/lib/rover_stereocam
Installing stereo_processing_node script to /workspaces/IRS_Rover_ROS2_Workspace/rover_ws/install/rover_stereocam/lib/rover_stereocam
writing list of installed files to '/workspaces/IRS_Rover_ROS2_Workspace/rover_ws/build/rover_stereocam/install.log'
