[0.215s] DEBUG:colcon:Command line arguments: ['/usr/bin/colcon', 'build']
[0.215s] DEBUG:colcon:Parsed command line arguments: Namespace(log_base=None, log_level=None, verb_name='build', build_base='build', install_base='install', merge_install=False, symlink_install=False, test_result_base=None, continue_on_error=False, executor='parallel', parallel_workers=12, event_handlers=None, ignore_user_meta=False, metas=['./colcon.meta'], base_paths=['.'], packages_ignore=None, packages_ignore_regex=None, paths=None, packages_up_to=None, packages_up_to_regex=None, packages_above=None, packages_above_and_dependencies=None, packages_above_depth=None, packages_select_by_dep=None, packages_skip_by_dep=None, packages_skip_up_to=None, packages_select_build_failed=False, packages_skip_build_finished=False, packages_select_test_failures=False, packages_skip_test_passed=False, packages_select=None, packages_skip=None, packages_select_regex=None, packages_skip_regex=None, packages_start=None, packages_end=None, cmake_args=None, cmake_target=None, cmake_target_skip_unavailable=False, cmake_clean_cache=False, cmake_clean_first=False, cmake_force_configure=False, ament_cmake_args=None, catkin_cmake_args=None, catkin_skip_building_tests=False, mixin_files=None, mixin=None, verb_parser=<colcon_mixin.mixin.mixin_argument.MixinArgumentDecorator object at 0x7f13b20bd6f0>, verb_extension=<colcon_core.verb.build.BuildVerb object at 0x7f13b20bd240>, main=<bound method BuildVerb.main of <colcon_core.verb.build.BuildVerb object at 0x7f13b20bd240>>, mixin_verb=('build',))
[0.419s] Level 1:colcon.colcon_core.package_discovery:discover_packages(colcon_meta) check parameters
[0.420s] INFO:colcon.colcon_metadata.package_discovery.colcon_meta:Using configuration from '/root/.colcon/metadata/default/Gazebo.meta'
[0.421s] INFO:colcon.colcon_metadata.package_discovery.colcon_meta:Using configuration from '/root/.colcon/metadata/default/fastdds.meta'
[0.422s] INFO:colcon.colcon_metadata.package_discovery.colcon_meta:Using configuration from '/root/.colcon/metadata/default/fastrtps.meta'
[0.422s] Level 1:colcon.colcon_core.package_discovery:discover_packages(recursive) check parameters
[0.423s] Level 1:colcon.colcon_core.package_discovery:discover_packages(ignore) check parameters
[0.423s] Level 1:colcon.colcon_core.package_discovery:discover_packages(path) check parameters
[0.423s] Level 1:colcon.colcon_core.package_discovery:discover_packages(colcon_meta) discover
[0.423s] Level 1:colcon.colcon_core.package_discovery:discover_packages(recursive) discover
[0.423s] INFO:colcon.colcon_core.package_discovery:Crawling recursively for packages in '/workspaces/IRS_Rover_ROS2_Workspace/rover_ws'
[0.424s] Level 1:colcon.colcon_core.package_identification:_identify(.) by extensions ['ignore', 'ignore_ament_install']
[0.425s] Level 1:colcon.colcon_core.package_identification:_identify(.) by extension 'ignore'
[0.425s] Level 1:colcon.colcon_core.package_identification:_identify(.) by extension 'ignore_ament_install'
[0.426s] Level 1:colcon.colcon_core.package_identification:_identify(.) by extensions ['colcon_pkg']
[0.426s] Level 1:colcon.colcon_core.package_identification:_identify(.) by extension 'colcon_pkg'
[0.426s] Level 1:colcon.colcon_core.package_identification:_identify(.) by extensions ['colcon_meta']
[0.426s] Level 1:colcon.colcon_core.package_identification:_identify(.) by extension 'colcon_meta'
[0.426s] Level 1:colcon.colcon_core.package_identification:_identify(.) by extensions ['ros']
[0.426s] Level 1:colcon.colcon_core.package_identification:_identify(.) by extension 'ros'
[0.439s] Level 1:colcon.colcon_core.package_identification:_identify(.) by extensions ['cmake', 'python']
[0.439s] Level 1:colcon.colcon_core.package_identification:_identify(.) by extension 'cmake'
[0.440s] Level 1:colcon.colcon_core.package_identification:_identify(.) by extension 'python'
[0.440s] Level 1:colcon.colcon_core.package_identification:_identify(.) by extensions ['python_setup_py']
[0.440s] Level 1:colcon.colcon_core.package_identification:_identify(.) by extension 'python_setup_py'
[0.441s] Level 1:colcon.colcon_core.package_identification:_identify(build) by extensions ['ignore', 'ignore_ament_install']
[0.442s] Level 1:colcon.colcon_core.package_identification:_identify(build) by extension 'ignore'
[0.442s] Level 1:colcon.colcon_core.package_identification:_identify(build) ignored
[0.443s] Level 1:colcon.colcon_core.package_identification:_identify(install) by extensions ['ignore', 'ignore_ament_install']
[0.443s] Level 1:colcon.colcon_core.package_identification:_identify(install) by extension 'ignore'
[0.443s] Level 1:colcon.colcon_core.package_identification:_identify(install) ignored
[0.444s] Level 1:colcon.colcon_core.package_identification:_identify(log) by extensions ['ignore', 'ignore_ament_install']
[0.444s] Level 1:colcon.colcon_core.package_identification:_identify(log) by extension 'ignore'
[0.444s] Level 1:colcon.colcon_core.package_identification:_identify(log) ignored
[0.445s] Level 1:colcon.colcon_core.package_identification:_identify(src) by extensions ['ignore', 'ignore_ament_install']
[0.445s] Level 1:colcon.colcon_core.package_identification:_identify(src) by extension 'ignore'
[0.446s] Level 1:colcon.colcon_core.package_identification:_identify(src) by extension 'ignore_ament_install'
[0.446s] Level 1:colcon.colcon_core.package_identification:_identify(src) by extensions ['colcon_pkg']
[0.446s] Level 1:colcon.colcon_core.package_identification:_identify(src) by extension 'colcon_pkg'
[0.447s] Level 1:colcon.colcon_core.package_identification:_identify(src) by extensions ['colcon_meta']
[0.447s] Level 1:colcon.colcon_core.package_identification:_identify(src) by extension 'colcon_meta'
[0.447s] Level 1:colcon.colcon_core.package_identification:_identify(src) by extensions ['ros']
[0.447s] Level 1:colcon.colcon_core.package_identification:_identify(src) by extension 'ros'
[0.448s] Level 1:colcon.colcon_core.package_identification:_identify(src) by extensions ['cmake', 'python']
[0.448s] Level 1:colcon.colcon_core.package_identification:_identify(src) by extension 'cmake'
[0.448s] Level 1:colcon.colcon_core.package_identification:_identify(src) by extension 'python'
[0.448s] Level 1:colcon.colcon_core.package_identification:_identify(src) by extensions ['python_setup_py']
[0.448s] Level 1:colcon.colcon_core.package_identification:_identify(src) by extension 'python_setup_py'
[0.449s] Level 1:colcon.colcon_core.package_identification:_identify(src/build) by extensions ['ignore', 'ignore_ament_install']
[0.449s] Level 1:colcon.colcon_core.package_identification:_identify(src/build) by extension 'ignore'
[0.450s] Level 1:colcon.colcon_core.package_identification:_identify(src/build) ignored
[0.451s] Level 1:colcon.colcon_core.package_identification:_identify(src/install) by extensions ['ignore', 'ignore_ament_install']
[0.451s] Level 1:colcon.colcon_core.package_identification:_identify(src/install) by extension 'ignore'
[0.451s] Level 1:colcon.colcon_core.package_identification:_identify(src/install) ignored
[0.452s] Level 1:colcon.colcon_core.package_identification:_identify(src/log) by extensions ['ignore', 'ignore_ament_install']
[0.452s] Level 1:colcon.colcon_core.package_identification:_identify(src/log) by extension 'ignore'
[0.453s] Level 1:colcon.colcon_core.package_identification:_identify(src/log) ignored
[0.453s] Level 1:colcon.colcon_core.package_identification:_identify(src/rover_control) by extensions ['ignore', 'ignore_ament_install']
[0.453s] Level 1:colcon.colcon_core.package_identification:_identify(src/rover_control) by extension 'ignore'
[0.454s] Level 1:colcon.colcon_core.package_identification:_identify(src/rover_control) by extension 'ignore_ament_install'
[0.454s] Level 1:colcon.colcon_core.package_identification:_identify(src/rover_control) by extensions ['colcon_pkg']
[0.454s] Level 1:colcon.colcon_core.package_identification:_identify(src/rover_control) by extension 'colcon_pkg'
[0.454s] Level 1:colcon.colcon_core.package_identification:_identify(src/rover_control) by extensions ['colcon_meta']
[0.455s] Level 1:colcon.colcon_core.package_identification:_identify(src/rover_control) by extension 'colcon_meta'
[0.455s] Level 1:colcon.colcon_core.package_identification:_identify(src/rover_control) by extensions ['ros']
[0.455s] Level 1:colcon.colcon_core.package_identification:_identify(src/rover_control) by extension 'ros'
[0.458s] DEBUG:colcon.colcon_core.package_identification:Package 'src/rover_control' with type 'ros.ament_python' and name 'rover_control'
[0.459s] Level 1:colcon.colcon_core.package_identification:_identify(src/rover_control_msgs) by extensions ['ignore', 'ignore_ament_install']
[0.459s] Level 1:colcon.colcon_core.package_identification:_identify(src/rover_control_msgs) by extension 'ignore'
[0.460s] Level 1:colcon.colcon_core.package_identification:_identify(src/rover_control_msgs) by extension 'ignore_ament_install'
[0.461s] Level 1:colcon.colcon_core.package_identification:_identify(src/rover_control_msgs) by extensions ['colcon_pkg']
[0.461s] Level 1:colcon.colcon_core.package_identification:_identify(src/rover_control_msgs) by extension 'colcon_pkg'
[0.461s] Level 1:colcon.colcon_core.package_identification:_identify(src/rover_control_msgs) by extensions ['colcon_meta']
[0.461s] Level 1:colcon.colcon_core.package_identification:_identify(src/rover_control_msgs) by extension 'colcon_meta'
[0.462s] Level 1:colcon.colcon_core.package_identification:_identify(src/rover_control_msgs) by extensions ['ros']
[0.462s] Level 1:colcon.colcon_core.package_identification:_identify(src/rover_control_msgs) by extension 'ros'
[0.464s] DEBUG:colcon.colcon_core.package_identification:Package 'src/rover_control_msgs' with type 'ros.ament_cmake' and name 'rover_control_msgs'
[0.465s] Level 1:colcon.colcon_core.package_identification:_identify(src/rover_lidar) by extensions ['ignore', 'ignore_ament_install']
[0.465s] Level 1:colcon.colcon_core.package_identification:_identify(src/rover_lidar) by extension 'ignore'
[0.465s] Level 1:colcon.colcon_core.package_identification:_identify(src/rover_lidar) by extension 'ignore_ament_install'
[0.466s] Level 1:colcon.colcon_core.package_identification:_identify(src/rover_lidar) by extensions ['colcon_pkg']
[0.466s] Level 1:colcon.colcon_core.package_identification:_identify(src/rover_lidar) by extension 'colcon_pkg'
[0.466s] Level 1:colcon.colcon_core.package_identification:_identify(src/rover_lidar) by extensions ['colcon_meta']
[0.466s] Level 1:colcon.colcon_core.package_identification:_identify(src/rover_lidar) by extension 'colcon_meta'
[0.466s] Level 1:colcon.colcon_core.package_identification:_identify(src/rover_lidar) by extensions ['ros']
[0.467s] Level 1:colcon.colcon_core.package_identification:_identify(src/rover_lidar) by extension 'ros'
[0.469s] DEBUG:colcon.colcon_core.package_identification:Package 'src/rover_lidar' with type 'ros.ament_python' and name 'rover_lidar'
[0.470s] Level 1:colcon.colcon_core.package_identification:_identify(src/rover_perception) by extensions ['ignore', 'ignore_ament_install']
[0.470s] Level 1:colcon.colcon_core.package_identification:_identify(src/rover_perception) by extension 'ignore'
[0.471s] Level 1:colcon.colcon_core.package_identification:_identify(src/rover_perception) by extension 'ignore_ament_install'
[0.471s] Level 1:colcon.colcon_core.package_identification:_identify(src/rover_perception) by extensions ['colcon_pkg']
[0.471s] Level 1:colcon.colcon_core.package_identification:_identify(src/rover_perception) by extension 'colcon_pkg'
[0.471s] Level 1:colcon.colcon_core.package_identification:_identify(src/rover_perception) by extensions ['colcon_meta']
[0.472s] Level 1:colcon.colcon_core.package_identification:_identify(src/rover_perception) by extension 'colcon_meta'
[0.472s] Level 1:colcon.colcon_core.package_identification:_identify(src/rover_perception) by extensions ['ros']
[0.472s] Level 1:colcon.colcon_core.package_identification:_identify(src/rover_perception) by extension 'ros'
[0.475s] DEBUG:colcon.colcon_core.package_identification:Package 'src/rover_perception' with type 'ros.ament_python' and name 'rover_perception'
[0.476s] Level 1:colcon.colcon_core.package_identification:_identify(src/rover_perception_msgs) by extensions ['ignore', 'ignore_ament_install']
[0.477s] Level 1:colcon.colcon_core.package_identification:_identify(src/rover_perception_msgs) by extension 'ignore'
[0.477s] Level 1:colcon.colcon_core.package_identification:_identify(src/rover_perception_msgs) by extension 'ignore_ament_install'
[0.477s] Level 1:colcon.colcon_core.package_identification:_identify(src/rover_perception_msgs) by extensions ['colcon_pkg']
[0.477s] Level 1:colcon.colcon_core.package_identification:_identify(src/rover_perception_msgs) by extension 'colcon_pkg'
[0.478s] Level 1:colcon.colcon_core.package_identification:_identify(src/rover_perception_msgs) by extensions ['colcon_meta']
[0.478s] Level 1:colcon.colcon_core.package_identification:_identify(src/rover_perception_msgs) by extension 'colcon_meta'
[0.478s] Level 1:colcon.colcon_core.package_identification:_identify(src/rover_perception_msgs) by extensions ['ros']
[0.478s] Level 1:colcon.colcon_core.package_identification:_identify(src/rover_perception_msgs) by extension 'ros'
[0.479s] Level 1:colcon.colcon_core.package_identification:_identify(src/rover_perception_msgs) by extensions ['cmake', 'python']
[0.479s] Level 1:colcon.colcon_core.package_identification:_identify(src/rover_perception_msgs) by extension 'cmake'
[0.480s] Level 1:colcon.colcon_core.package_identification:_identify(src/rover_perception_msgs) by extension 'python'
[0.480s] Level 1:colcon.colcon_core.package_identification:_identify(src/rover_perception_msgs) by extensions ['python_setup_py']
[0.480s] Level 1:colcon.colcon_core.package_identification:_identify(src/rover_perception_msgs) by extension 'python_setup_py'
[0.481s] Level 1:colcon.colcon_core.package_identification:_identify(src/rover_perception_msgs/msg) by extensions ['ignore', 'ignore_ament_install']
[0.481s] Level 1:colcon.colcon_core.package_identification:_identify(src/rover_perception_msgs/msg) by extension 'ignore'
[0.482s] Level 1:colcon.colcon_core.package_identification:_identify(src/rover_perception_msgs/msg) by extension 'ignore_ament_install'
[0.482s] Level 1:colcon.colcon_core.package_identification:_identify(src/rover_perception_msgs/msg) by extensions ['colcon_pkg']
[0.482s] Level 1:colcon.colcon_core.package_identification:_identify(src/rover_perception_msgs/msg) by extension 'colcon_pkg'
[0.482s] Level 1:colcon.colcon_core.package_identification:_identify(src/rover_perception_msgs/msg) by extensions ['colcon_meta']
[0.483s] Level 1:colcon.colcon_core.package_identification:_identify(src/rover_perception_msgs/msg) by extension 'colcon_meta'
[0.483s] Level 1:colcon.colcon_core.package_identification:_identify(src/rover_perception_msgs/msg) by extensions ['ros']
[0.483s] Level 1:colcon.colcon_core.package_identification:_identify(src/rover_perception_msgs/msg) by extension 'ros'
[0.484s] Level 1:colcon.colcon_core.package_identification:_identify(src/rover_perception_msgs/msg) by extensions ['cmake', 'python']
[0.484s] Level 1:colcon.colcon_core.package_identification:_identify(src/rover_perception_msgs/msg) by extension 'cmake'
[0.484s] Level 1:colcon.colcon_core.package_identification:_identify(src/rover_perception_msgs/msg) by extension 'python'
[0.484s] Level 1:colcon.colcon_core.package_identification:_identify(src/rover_perception_msgs/msg) by extensions ['python_setup_py']
[0.485s] Level 1:colcon.colcon_core.package_identification:_identify(src/rover_perception_msgs/msg) by extension 'python_setup_py'
[0.485s] Level 1:colcon.colcon_core.package_identification:_identify(src/rover_stereocam) by extensions ['ignore', 'ignore_ament_install']
[0.486s] Level 1:colcon.colcon_core.package_identification:_identify(src/rover_stereocam) by extension 'ignore'
[0.486s] Level 1:colcon.colcon_core.package_identification:_identify(src/rover_stereocam) by extension 'ignore_ament_install'
[0.486s] Level 1:colcon.colcon_core.package_identification:_identify(src/rover_stereocam) by extensions ['colcon_pkg']
[0.487s] Level 1:colcon.colcon_core.package_identification:_identify(src/rover_stereocam) by extension 'colcon_pkg'
[0.487s] Level 1:colcon.colcon_core.package_identification:_identify(src/rover_stereocam) by extensions ['colcon_meta']
[0.487s] Level 1:colcon.colcon_core.package_identification:_identify(src/rover_stereocam) by extension 'colcon_meta'
[0.487s] Level 1:colcon.colcon_core.package_identification:_identify(src/rover_stereocam) by extensions ['ros']
[0.488s] Level 1:colcon.colcon_core.package_identification:_identify(src/rover_stereocam) by extension 'ros'
[0.490s] DEBUG:colcon.colcon_core.package_identification:Package 'src/rover_stereocam' with type 'ros.ament_python' and name 'rover_stereocam'
[0.490s] Level 1:colcon.colcon_core.package_discovery:discover_packages(recursive) using defaults
[0.490s] Level 1:colcon.colcon_core.package_discovery:discover_packages(ignore) discover
[0.490s] Level 1:colcon.colcon_core.package_discovery:discover_packages(ignore) using defaults
[0.491s] Level 1:colcon.colcon_core.package_discovery:discover_packages(path) discover
[0.491s] Level 1:colcon.colcon_core.package_discovery:discover_packages(path) using defaults
[0.520s] Level 5:colcon.colcon_core.verb:set package 'rover_control' build argument 'cmake_args' from command line to 'None'
[0.521s] Level 5:colcon.colcon_core.verb:set package 'rover_control' build argument 'cmake_target' from command line to 'None'
[0.521s] Level 5:colcon.colcon_core.verb:set package 'rover_control' build argument 'cmake_target_skip_unavailable' from command line to 'False'
[0.521s] Level 5:colcon.colcon_core.verb:set package 'rover_control' build argument 'cmake_clean_cache' from command line to 'False'
[0.521s] Level 5:colcon.colcon_core.verb:set package 'rover_control' build argument 'cmake_clean_first' from command line to 'False'
[0.521s] Level 5:colcon.colcon_core.verb:set package 'rover_control' build argument 'cmake_force_configure' from command line to 'False'
[0.522s] Level 5:colcon.colcon_core.verb:set package 'rover_control' build argument 'ament_cmake_args' from command line to 'None'
[0.522s] Level 5:colcon.colcon_core.verb:set package 'rover_control' build argument 'catkin_cmake_args' from command line to 'None'
[0.522s] Level 5:colcon.colcon_core.verb:set package 'rover_control' build argument 'catkin_skip_building_tests' from command line to 'False'
[0.522s] DEBUG:colcon.colcon_core.verb:Building package 'rover_control' with the following arguments: {'ament_cmake_args': None, 'build_base': '/workspaces/IRS_Rover_ROS2_Workspace/rover_ws/build/rover_control', 'catkin_cmake_args': None, 'catkin_skip_building_tests': False, 'cmake_args': None, 'cmake_clean_cache': False, 'cmake_clean_first': False, 'cmake_force_configure': False, 'cmake_target': None, 'cmake_target_skip_unavailable': False, 'install_base': '/workspaces/IRS_Rover_ROS2_Workspace/rover_ws/install/rover_control', 'merge_install': False, 'path': '/workspaces/IRS_Rover_ROS2_Workspace/rover_ws/src/rover_control', 'symlink_install': False, 'test_result_base': None}
[0.523s] Level 5:colcon.colcon_core.verb:set package 'rover_control_msgs' build argument 'cmake_args' from command line to 'None'
[0.523s] Level 5:colcon.colcon_core.verb:set package 'rover_control_msgs' build argument 'cmake_target' from command line to 'None'
[0.523s] Level 5:colcon.colcon_core.verb:set package 'rover_control_msgs' build argument 'cmake_target_skip_unavailable' from command line to 'False'
[0.523s] Level 5:colcon.colcon_core.verb:set package 'rover_control_msgs' build argument 'cmake_clean_cache' from command line to 'False'
[0.524s] Level 5:colcon.colcon_core.verb:set package 'rover_control_msgs' build argument 'cmake_clean_first' from command line to 'False'
[0.524s] Level 5:colcon.colcon_core.verb:set package 'rover_control_msgs' build argument 'cmake_force_configure' from command line to 'False'
[0.524s] Level 5:colcon.colcon_core.verb:set package 'rover_control_msgs' build argument 'ament_cmake_args' from command line to 'None'
[0.524s] Level 5:colcon.colcon_core.verb:set package 'rover_control_msgs' build argument 'catkin_cmake_args' from command line to 'None'
[0.524s] Level 5:colcon.colcon_core.verb:set package 'rover_control_msgs' build argument 'catkin_skip_building_tests' from command line to 'False'
[0.525s] DEBUG:colcon.colcon_core.verb:Building package 'rover_control_msgs' with the following arguments: {'ament_cmake_args': None, 'build_base': '/workspaces/IRS_Rover_ROS2_Workspace/rover_ws/build/rover_control_msgs', 'catkin_cmake_args': None, 'catkin_skip_building_tests': False, 'cmake_args': None, 'cmake_clean_cache': False, 'cmake_clean_first': False, 'cmake_force_configure': False, 'cmake_target': None, 'cmake_target_skip_unavailable': False, 'install_base': '/workspaces/IRS_Rover_ROS2_Workspace/rover_ws/install/rover_control_msgs', 'merge_install': False, 'path': '/workspaces/IRS_Rover_ROS2_Workspace/rover_ws/src/rover_control_msgs', 'symlink_install': False, 'test_result_base': None}
[0.525s] Level 5:colcon.colcon_core.verb:set package 'rover_lidar' build argument 'cmake_args' from command line to 'None'
[0.525s] Level 5:colcon.colcon_core.verb:set package 'rover_lidar' build argument 'cmake_target' from command line to 'None'
[0.526s] Level 5:colcon.colcon_core.verb:set package 'rover_lidar' build argument 'cmake_target_skip_unavailable' from command line to 'False'
[0.526s] Level 5:colcon.colcon_core.verb:set package 'rover_lidar' build argument 'cmake_clean_cache' from command line to 'False'
[0.526s] Level 5:colcon.colcon_core.verb:set package 'rover_lidar' build argument 'cmake_clean_first' from command line to 'False'
[0.526s] Level 5:colcon.colcon_core.verb:set package 'rover_lidar' build argument 'cmake_force_configure' from command line to 'False'
[0.526s] Level 5:colcon.colcon_core.verb:set package 'rover_lidar' build argument 'ament_cmake_args' from command line to 'None'
[0.526s] Level 5:colcon.colcon_core.verb:set package 'rover_lidar' build argument 'catkin_cmake_args' from command line to 'None'
[0.527s] Level 5:colcon.colcon_core.verb:set package 'rover_lidar' build argument 'catkin_skip_building_tests' from command line to 'False'
[0.527s] DEBUG:colcon.colcon_core.verb:Building package 'rover_lidar' with the following arguments: {'ament_cmake_args': None, 'build_base': '/workspaces/IRS_Rover_ROS2_Workspace/rover_ws/build/rover_lidar', 'catkin_cmake_args': None, 'catkin_skip_building_tests': False, 'cmake_args': None, 'cmake_clean_cache': False, 'cmake_clean_first': False, 'cmake_force_configure': False, 'cmake_target': None, 'cmake_target_skip_unavailable': False, 'install_base': '/workspaces/IRS_Rover_ROS2_Workspace/rover_ws/install/rover_lidar', 'merge_install': False, 'path': '/workspaces/IRS_Rover_ROS2_Workspace/rover_ws/src/rover_lidar', 'symlink_install': False, 'test_result_base': None}
[0.527s] Level 5:colcon.colcon_core.verb:set package 'rover_stereocam' build argument 'cmake_args' from command line to 'None'
[0.528s] Level 5:colcon.colcon_core.verb:set package 'rover_stereocam' build argument 'cmake_target' from command line to 'None'
[0.528s] Level 5:colcon.colcon_core.verb:set package 'rover_stereocam' build argument 'cmake_target_skip_unavailable' from command line to 'False'
[0.528s] Level 5:colcon.colcon_core.verb:set package 'rover_stereocam' build argument 'cmake_clean_cache' from command line to 'False'
[0.528s] Level 5:colcon.colcon_core.verb:set package 'rover_stereocam' build argument 'cmake_clean_first' from command line to 'False'
[0.528s] Level 5:colcon.colcon_core.verb:set package 'rover_stereocam' build argument 'cmake_force_configure' from command line to 'False'
[0.528s] Level 5:colcon.colcon_core.verb:set package 'rover_stereocam' build argument 'ament_cmake_args' from command line to 'None'
[0.529s] Level 5:colcon.colcon_core.verb:set package 'rover_stereocam' build argument 'catkin_cmake_args' from command line to 'None'
[0.529s] Level 5:colcon.colcon_core.verb:set package 'rover_stereocam' build argument 'catkin_skip_building_tests' from command line to 'False'
[0.529s] DEBUG:colcon.colcon_core.verb:Building package 'rover_stereocam' with the following arguments: {'ament_cmake_args': None, 'build_base': '/workspaces/IRS_Rover_ROS2_Workspace/rover_ws/build/rover_stereocam', 'catkin_cmake_args': None, 'catkin_skip_building_tests': False, 'cmake_args': None, 'cmake_clean_cache': False, 'cmake_clean_first': False, 'cmake_force_configure': False, 'cmake_target': None, 'cmake_target_skip_unavailable': False, 'install_base': '/workspaces/IRS_Rover_ROS2_Workspace/rover_ws/install/rover_stereocam', 'merge_install': False, 'path': '/workspaces/IRS_Rover_ROS2_Workspace/rover_ws/src/rover_stereocam', 'symlink_install': False, 'test_result_base': None}
[0.530s] Level 5:colcon.colcon_core.verb:set package 'rover_perception' build argument 'cmake_args' from command line to 'None'
[0.530s] Level 5:colcon.colcon_core.verb:set package 'rover_perception' build argument 'cmake_target' from command line to 'None'
[0.530s] Level 5:colcon.colcon_core.verb:set package 'rover_perception' build argument 'cmake_target_skip_unavailable' from command line to 'False'
[0.530s] Level 5:colcon.colcon_core.verb:set package 'rover_perception' build argument 'cmake_clean_cache' from command line to 'False'
[0.530s] Level 5:colcon.colcon_core.verb:set package 'rover_perception' build argument 'cmake_clean_first' from command line to 'False'
[0.530s] Level 5:colcon.colcon_core.verb:set package 'rover_perception' build argument 'cmake_force_configure' from command line to 'False'
[0.531s] Level 5:colcon.colcon_core.verb:set package 'rover_perception' build argument 'ament_cmake_args' from command line to 'None'
[0.531s] Level 5:colcon.colcon_core.verb:set package 'rover_perception' build argument 'catkin_cmake_args' from command line to 'None'
[0.531s] Level 5:colcon.colcon_core.verb:set package 'rover_perception' build argument 'catkin_skip_building_tests' from command line to 'False'
[0.531s] DEBUG:colcon.colcon_core.verb:Building package 'rover_perception' with the following arguments: {'ament_cmake_args': None, 'build_base': '/workspaces/IRS_Rover_ROS2_Workspace/rover_ws/build/rover_perception', 'catkin_cmake_args': None, 'catkin_skip_building_tests': False, 'cmake_args': None, 'cmake_clean_cache': False, 'cmake_clean_first': False, 'cmake_force_configure': False, 'cmake_target': None, 'cmake_target_skip_unavailable': False, 'install_base': '/workspaces/IRS_Rover_ROS2_Workspace/rover_ws/install/rover_perception', 'merge_install': False, 'path': '/workspaces/IRS_Rover_ROS2_Workspace/rover_ws/src/rover_perception', 'symlink_install': False, 'test_result_base': None}
[0.531s] INFO:colcon.colcon_core.executor:Executing jobs using 'parallel' executor
[0.533s] DEBUG:colcon.colcon_parallel_executor.executor.parallel:run_until_complete
[0.533s] INFO:colcon.colcon_ros.task.ament_python.build:Building ROS package in '/workspaces/IRS_Rover_ROS2_Workspace/rover_ws/src/rover_lidar' with build type 'ament_python'
[0.534s] Level 1:colcon.colcon_core.shell:create_environment_hook('rover_lidar', 'ament_prefix_path')
[0.536s] INFO:colcon.colcon_core.plugin_system:Skipping extension 'colcon_core.shell.bat': Not used on non-Windows systems
[0.537s] INFO:colcon.colcon_core.shell:Creating environment hook '/workspaces/IRS_Rover_ROS2_Workspace/rover_ws/install/rover_lidar/share/rover_lidar/hook/ament_prefix_path.ps1'
[0.539s] INFO:colcon.colcon_core.shell:Creating environment descriptor '/workspaces/IRS_Rover_ROS2_Workspace/rover_ws/install/rover_lidar/share/rover_lidar/hook/ament_prefix_path.dsv'
[0.540s] INFO:colcon.colcon_core.shell:Creating environment hook '/workspaces/IRS_Rover_ROS2_Workspace/rover_ws/install/rover_lidar/share/rover_lidar/hook/ament_prefix_path.sh'
[0.542s] INFO:colcon.colcon_core.shell:Skip shell extension 'powershell' for command environment: Not usable outside of PowerShell
[0.542s] DEBUG:colcon.colcon_core.shell:Skip shell extension 'dsv' for command environment
[0.570s] INFO:colcon.colcon_ros.task.ament_python.build:Building ROS package in '/workspaces/IRS_Rover_ROS2_Workspace/rover_ws/src/rover_control' with build type 'ament_python'
[0.571s] Level 1:colcon.colcon_core.shell:create_environment_hook('rover_control', 'ament_prefix_path')
[0.571s] INFO:colcon.colcon_core.shell:Creating environment hook '/workspaces/IRS_Rover_ROS2_Workspace/rover_ws/install/rover_control/share/rover_control/hook/ament_prefix_path.ps1'
[0.574s] INFO:colcon.colcon_core.shell:Creating environment descriptor '/workspaces/IRS_Rover_ROS2_Workspace/rover_ws/install/rover_control/share/rover_control/hook/ament_prefix_path.dsv'
[0.576s] INFO:colcon.colcon_core.shell:Creating environment hook '/workspaces/IRS_Rover_ROS2_Workspace/rover_ws/install/rover_control/share/rover_control/hook/ament_prefix_path.sh'
[0.578s] INFO:colcon.colcon_core.shell:Skip shell extension 'powershell' for command environment: Not usable outside of PowerShell
[0.578s] DEBUG:colcon.colcon_core.shell:Skip shell extension 'dsv' for command environment
[0.599s] INFO:colcon.colcon_ros.task.ament_cmake.build:Building ROS package in '/workspaces/IRS_Rover_ROS2_Workspace/rover_ws/src/rover_control_msgs' with build type 'ament_cmake'
[0.599s] INFO:colcon.colcon_cmake.task.cmake.build:Building CMake package in '/workspaces/IRS_Rover_ROS2_Workspace/rover_ws/src/rover_control_msgs'
[0.600s] INFO:colcon.colcon_core.shell:Skip shell extension 'powershell' for command environment: Not usable outside of PowerShell
[0.600s] DEBUG:colcon.colcon_core.shell:Skip shell extension 'dsv' for command environment
[0.621s] INFO:colcon.colcon_ros.task.ament_python.build:Building ROS package in '/workspaces/IRS_Rover_ROS2_Workspace/rover_ws/src/rover_stereocam' with build type 'ament_python'
[0.621s] Level 1:colcon.colcon_core.shell:create_environment_hook('rover_stereocam', 'ament_prefix_path')
[0.622s] INFO:colcon.colcon_core.shell:Creating environment hook '/workspaces/IRS_Rover_ROS2_Workspace/rover_ws/install/rover_stereocam/share/rover_stereocam/hook/ament_prefix_path.ps1'
[0.624s] INFO:colcon.colcon_core.shell:Creating environment descriptor '/workspaces/IRS_Rover_ROS2_Workspace/rover_ws/install/rover_stereocam/share/rover_stereocam/hook/ament_prefix_path.dsv'
[0.626s] INFO:colcon.colcon_core.shell:Creating environment hook '/workspaces/IRS_Rover_ROS2_Workspace/rover_ws/install/rover_stereocam/share/rover_stereocam/hook/ament_prefix_path.sh'
[0.628s] INFO:colcon.colcon_core.shell:Skip shell extension 'powershell' for command environment: Not usable outside of PowerShell
[0.628s] DEBUG:colcon.colcon_core.shell:Skip shell extension 'dsv' for command environment
[0.996s] INFO:colcon.colcon_core.task.python.build:Building Python package in '/workspaces/IRS_Rover_ROS2_Workspace/rover_ws/src/rover_lidar'
[0.997s] INFO:colcon.colcon_core.shell:Skip shell extension 'powershell' for command environment: Not usable outside of PowerShell
[0.997s] DEBUG:colcon.colcon_core.shell:Skip shell extension 'dsv' for command environment
[1.336s] INFO:colcon.colcon_core.task.python.build:Building Python package in '/workspaces/IRS_Rover_ROS2_Workspace/rover_ws/src/rover_control'
[1.337s] INFO:colcon.colcon_core.shell:Skip shell extension 'powershell' for command environment: Not usable outside of PowerShell
[1.337s] DEBUG:colcon.colcon_core.shell:Skip shell extension 'dsv' for command environment
[1.374s] DEBUG:colcon.colcon_core.event_handler.log_command:Invoking command in '/workspaces/IRS_Rover_ROS2_Workspace/rover_ws/build/rover_control_msgs': CMAKE_PREFIX_PATH=${CMAKE_PREFIX_PATH}:/workspaces/IRS_Rover_ROS2_Workspace/rover_ws/install/rover_stereocam:/workspaces/IRS_Rover_ROS2_Workspace/rover_ws/install/rover_perception:/workspaces/IRS_Rover_ROS2_Workspace/rover_ws/install/rover_lidar:/workspaces/IRS_Rover_ROS2_Workspace/rover_ws/install/rover_control:/workspaces/IRS_Rover_ROS2_Workspace/rover_ws/src/install/rover_stereocam:/workspaces/IRS_Rover_ROS2_Workspace/rover_ws/src/install/rover_lidar:/workspaces/IRS_Rover_ROS2_Workspace/rover_ws/src/install/rover_control:/opt/ros/humble /usr/bin/cmake --build /workspaces/IRS_Rover_ROS2_Workspace/rover_ws/build/rover_control_msgs -- -j12 -l12
[1.798s] INFO:colcon.colcon_core.task.python.build:Building Python package in '/workspaces/IRS_Rover_ROS2_Workspace/rover_ws/src/rover_stereocam'
[1.799s] INFO:colcon.colcon_core.shell:Skip shell extension 'powershell' for command environment: Not usable outside of PowerShell
[1.800s] DEBUG:colcon.colcon_core.shell:Skip shell extension 'dsv' for command environment
[2.468s] DEBUG:colcon.colcon_core.event_handler.log_command:Invoking command in '/workspaces/IRS_Rover_ROS2_Workspace/rover_ws/src/rover_lidar': PYTHONPATH=/workspaces/IRS_Rover_ROS2_Workspace/rover_ws/build/rover_lidar/prefix_override:/usr/lib/python3/dist-packages/colcon_core/task/python/colcon_distutils_commands:/workspaces/IRS_Rover_ROS2_Workspace/rover_ws/install/rover_lidar/lib/python3.10/site-packages:${PYTHONPATH} /usr/bin/python3 -W ignore:setup.py install is deprecated -W ignore:easy_install command is deprecated setup.py egg_info --egg-base ../../build/rover_lidar build --build-base /workspaces/IRS_Rover_ROS2_Workspace/rover_ws/build/rover_lidar/build install --record /workspaces/IRS_Rover_ROS2_Workspace/rover_ws/build/rover_lidar/install.log --single-version-externally-managed install_data
[2.478s] DEBUG:colcon.colcon_core.event_handler.log_command:Invoking command in '/workspaces/IRS_Rover_ROS2_Workspace/rover_ws/src/rover_control': PYTHONPATH=/workspaces/IRS_Rover_ROS2_Workspace/rover_ws/build/rover_control/prefix_override:/usr/lib/python3/dist-packages/colcon_core/task/python/colcon_distutils_commands:/workspaces/IRS_Rover_ROS2_Workspace/rover_ws/install/rover_control/lib/python3.10/site-packages:${PYTHONPATH} /usr/bin/python3 -W ignore:setup.py install is deprecated -W ignore:easy_install command is deprecated setup.py egg_info --egg-base ../../build/rover_control build --build-base /workspaces/IRS_Rover_ROS2_Workspace/rover_ws/build/rover_control/build install --record /workspaces/IRS_Rover_ROS2_Workspace/rover_ws/build/rover_control/install.log --single-version-externally-managed install_data
[2.573s] DEBUG:colcon.colcon_core.event_handler.log_command:Invoking command in '/workspaces/IRS_Rover_ROS2_Workspace/rover_ws/src/rover_stereocam': PYTHONPATH=/workspaces/IRS_Rover_ROS2_Workspace/rover_ws/build/rover_stereocam/prefix_override:/usr/lib/python3/dist-packages/colcon_core/task/python/colcon_distutils_commands:/workspaces/IRS_Rover_ROS2_Workspace/rover_ws/install/rover_stereocam/lib/python3.10/site-packages:${PYTHONPATH} /usr/bin/python3 -W ignore:setup.py install is deprecated -W ignore:easy_install command is deprecated setup.py egg_info --egg-base ../../build/rover_stereocam build --build-base /workspaces/IRS_Rover_ROS2_Workspace/rover_ws/build/rover_stereocam/build install --record /workspaces/IRS_Rover_ROS2_Workspace/rover_ws/build/rover_stereocam/install.log --single-version-externally-managed install_data
[3.110s] DEBUG:colcon.colcon_core.event_handler.log_command:Invoked command in '/workspaces/IRS_Rover_ROS2_Workspace/rover_ws/src/rover_lidar' returned '0': PYTHONPATH=/workspaces/IRS_Rover_ROS2_Workspace/rover_ws/build/rover_lidar/prefix_override:/usr/lib/python3/dist-packages/colcon_core/task/python/colcon_distutils_commands:/workspaces/IRS_Rover_ROS2_Workspace/rover_ws/install/rover_lidar/lib/python3.10/site-packages:${PYTHONPATH} /usr/bin/python3 -W ignore:setup.py install is deprecated -W ignore:easy_install command is deprecated setup.py egg_info --egg-base ../../build/rover_lidar build --build-base /workspaces/IRS_Rover_ROS2_Workspace/rover_ws/build/rover_lidar/build install --record /workspaces/IRS_Rover_ROS2_Workspace/rover_ws/build/rover_lidar/install.log --single-version-externally-managed install_data
[3.119s] Level 1:colcon.colcon_core.environment:checking '/workspaces/IRS_Rover_ROS2_Workspace/rover_ws/install/rover_lidar' for CMake module files
[3.131s] Level 1:colcon.colcon_core.environment:checking '/workspaces/IRS_Rover_ROS2_Workspace/rover_ws/install/rover_lidar' for CMake config files
[3.151s] Level 1:colcon.colcon_core.environment:checking '/workspaces/IRS_Rover_ROS2_Workspace/rover_ws/install/rover_lidar/lib'
[3.152s] Level 1:colcon.colcon_core.environment:checking '/workspaces/IRS_Rover_ROS2_Workspace/rover_ws/install/rover_lidar/bin'
[3.153s] Level 1:colcon.colcon_core.environment:checking '/workspaces/IRS_Rover_ROS2_Workspace/rover_ws/install/rover_lidar/lib/pkgconfig/rover_lidar.pc'
[3.154s] Level 1:colcon.colcon_core.environment:checking '/workspaces/IRS_Rover_ROS2_Workspace/rover_ws/install/rover_lidar/lib/python3.10/site-packages'
[3.154s] Level 1:colcon.colcon_core.shell:create_environment_hook('rover_lidar', 'pythonpath')
[3.155s] INFO:colcon.colcon_core.shell:Creating environment hook '/workspaces/IRS_Rover_ROS2_Workspace/rover_ws/install/rover_lidar/share/rover_lidar/hook/pythonpath.ps1'
[3.158s] INFO:colcon.colcon_core.shell:Creating environment descriptor '/workspaces/IRS_Rover_ROS2_Workspace/rover_ws/install/rover_lidar/share/rover_lidar/hook/pythonpath.dsv'
[3.160s] INFO:colcon.colcon_core.shell:Creating environment hook '/workspaces/IRS_Rover_ROS2_Workspace/rover_ws/install/rover_lidar/share/rover_lidar/hook/pythonpath.sh'
[3.165s] Level 1:colcon.colcon_core.environment:checking '/workspaces/IRS_Rover_ROS2_Workspace/rover_ws/install/rover_lidar/bin'
[3.166s] Level 1:colcon.colcon_core.environment:create_environment_scripts_only(rover_lidar)
[3.167s] INFO:colcon.colcon_core.shell:Creating package script '/workspaces/IRS_Rover_ROS2_Workspace/rover_ws/install/rover_lidar/share/rover_lidar/package.ps1'
[3.171s] INFO:colcon.colcon_core.shell:Creating package descriptor '/workspaces/IRS_Rover_ROS2_Workspace/rover_ws/install/rover_lidar/share/rover_lidar/package.dsv'
[3.174s] INFO:colcon.colcon_core.shell:Creating package script '/workspaces/IRS_Rover_ROS2_Workspace/rover_ws/install/rover_lidar/share/rover_lidar/package.sh'
[3.178s] INFO:colcon.colcon_core.shell:Creating package script '/workspaces/IRS_Rover_ROS2_Workspace/rover_ws/install/rover_lidar/share/rover_lidar/package.bash'
[3.182s] INFO:colcon.colcon_core.shell:Creating package script '/workspaces/IRS_Rover_ROS2_Workspace/rover_ws/install/rover_lidar/share/rover_lidar/package.zsh'
[3.185s] Level 1:colcon.colcon_core.environment:create_file_with_runtime_dependencies(/workspaces/IRS_Rover_ROS2_Workspace/rover_ws/install/rover_lidar/share/colcon-core/packages/rover_lidar)
[3.187s] INFO:colcon.colcon_ros.task.ament_python.build:Building ROS package in '/workspaces/IRS_Rover_ROS2_Workspace/rover_ws/src/rover_perception' with build type 'ament_python'
[3.188s] Level 1:colcon.colcon_core.shell:create_environment_hook('rover_perception', 'ament_prefix_path')
[3.189s] INFO:colcon.colcon_core.shell:Creating environment hook '/workspaces/IRS_Rover_ROS2_Workspace/rover_ws/install/rover_perception/share/rover_perception/hook/ament_prefix_path.ps1'
[3.192s] INFO:colcon.colcon_core.shell:Creating environment descriptor '/workspaces/IRS_Rover_ROS2_Workspace/rover_ws/install/rover_perception/share/rover_perception/hook/ament_prefix_path.dsv'
[3.195s] INFO:colcon.colcon_core.shell:Creating environment hook '/workspaces/IRS_Rover_ROS2_Workspace/rover_ws/install/rover_perception/share/rover_perception/hook/ament_prefix_path.sh'
[3.199s] INFO:colcon.colcon_core.shell:Skip shell extension 'powershell' for command environment: Not usable outside of PowerShell
[3.199s] DEBUG:colcon.colcon_core.shell:Skip shell extension 'dsv' for command environment
[3.238s] Level 1:colcon.colcon_core.environment:checking '/workspaces/IRS_Rover_ROS2_Workspace/rover_ws/install/rover_control' for CMake module files
[3.241s] DEBUG:colcon.colcon_core.event_handler.log_command:Invoked command in '/workspaces/IRS_Rover_ROS2_Workspace/rover_ws/src/rover_control' returned '0': PYTHONPATH=/workspaces/IRS_Rover_ROS2_Workspace/rover_ws/build/rover_control/prefix_override:/usr/lib/python3/dist-packages/colcon_core/task/python/colcon_distutils_commands:/workspaces/IRS_Rover_ROS2_Workspace/rover_ws/install/rover_control/lib/python3.10/site-packages:${PYTHONPATH} /usr/bin/python3 -W ignore:setup.py install is deprecated -W ignore:easy_install command is deprecated setup.py egg_info --egg-base ../../build/rover_control build --build-base /workspaces/IRS_Rover_ROS2_Workspace/rover_ws/build/rover_control/build install --record /workspaces/IRS_Rover_ROS2_Workspace/rover_ws/build/rover_control/install.log --single-version-externally-managed install_data
[3.248s] Level 1:colcon.colcon_core.environment:checking '/workspaces/IRS_Rover_ROS2_Workspace/rover_ws/install/rover_control' for CMake config files
[3.269s] Level 1:colcon.colcon_core.environment:checking '/workspaces/IRS_Rover_ROS2_Workspace/rover_ws/install/rover_control/lib'
[3.270s] Level 1:colcon.colcon_core.environment:checking '/workspaces/IRS_Rover_ROS2_Workspace/rover_ws/install/rover_control/bin'
[3.271s] Level 1:colcon.colcon_core.environment:checking '/workspaces/IRS_Rover_ROS2_Workspace/rover_ws/install/rover_control/lib/pkgconfig/rover_control.pc'
[3.271s] Level 1:colcon.colcon_core.environment:checking '/workspaces/IRS_Rover_ROS2_Workspace/rover_ws/install/rover_control/lib/python3.10/site-packages'
[3.272s] Level 1:colcon.colcon_core.shell:create_environment_hook('rover_control', 'pythonpath')
[3.272s] INFO:colcon.colcon_core.shell:Creating environment hook '/workspaces/IRS_Rover_ROS2_Workspace/rover_ws/install/rover_control/share/rover_control/hook/pythonpath.ps1'
[3.274s] INFO:colcon.colcon_core.shell:Creating environment descriptor '/workspaces/IRS_Rover_ROS2_Workspace/rover_ws/install/rover_control/share/rover_control/hook/pythonpath.dsv'
[3.277s] INFO:colcon.colcon_core.shell:Creating environment hook '/workspaces/IRS_Rover_ROS2_Workspace/rover_ws/install/rover_control/share/rover_control/hook/pythonpath.sh'
[3.279s] Level 1:colcon.colcon_core.environment:checking '/workspaces/IRS_Rover_ROS2_Workspace/rover_ws/install/rover_control/bin'
[3.279s] Level 1:colcon.colcon_core.environment:create_environment_scripts_only(rover_control)
[3.280s] INFO:colcon.colcon_core.shell:Creating package script '/workspaces/IRS_Rover_ROS2_Workspace/rover_ws/install/rover_control/share/rover_control/package.ps1'
[3.282s] INFO:colcon.colcon_core.shell:Creating package descriptor '/workspaces/IRS_Rover_ROS2_Workspace/rover_ws/install/rover_control/share/rover_control/package.dsv'
[3.284s] INFO:colcon.colcon_core.shell:Creating package script '/workspaces/IRS_Rover_ROS2_Workspace/rover_ws/install/rover_control/share/rover_control/package.sh'
[3.287s] INFO:colcon.colcon_core.shell:Creating package script '/workspaces/IRS_Rover_ROS2_Workspace/rover_ws/install/rover_control/share/rover_control/package.bash'
[3.289s] INFO:colcon.colcon_core.shell:Creating package script '/workspaces/IRS_Rover_ROS2_Workspace/rover_ws/install/rover_control/share/rover_control/package.zsh'
[3.291s] Level 1:colcon.colcon_core.environment:create_file_with_runtime_dependencies(/workspaces/IRS_Rover_ROS2_Workspace/rover_ws/install/rover_control/share/colcon-core/packages/rover_control)
[3.294s] Level 1:colcon.colcon_core.environment:checking '/workspaces/IRS_Rover_ROS2_Workspace/rover_ws/install/rover_stereocam' for CMake module files
[3.301s] DEBUG:colcon.colcon_core.event_handler.log_command:Invoked command in '/workspaces/IRS_Rover_ROS2_Workspace/rover_ws/src/rover_stereocam' returned '0': PYTHONPATH=/workspaces/IRS_Rover_ROS2_Workspace/rover_ws/build/rover_stereocam/prefix_override:/usr/lib/python3/dist-packages/colcon_core/task/python/colcon_distutils_commands:/workspaces/IRS_Rover_ROS2_Workspace/rover_ws/install/rover_stereocam/lib/python3.10/site-packages:${PYTHONPATH} /usr/bin/python3 -W ignore:setup.py install is deprecated -W ignore:easy_install command is deprecated setup.py egg_info --egg-base ../../build/rover_stereocam build --build-base /workspaces/IRS_Rover_ROS2_Workspace/rover_ws/build/rover_stereocam/build install --record /workspaces/IRS_Rover_ROS2_Workspace/rover_ws/build/rover_stereocam/install.log --single-version-externally-managed install_data
[3.304s] Level 1:colcon.colcon_core.environment:checking '/workspaces/IRS_Rover_ROS2_Workspace/rover_ws/install/rover_stereocam' for CMake config files
[3.330s] Level 1:colcon.colcon_core.environment:checking '/workspaces/IRS_Rover_ROS2_Workspace/rover_ws/install/rover_stereocam/lib'
[3.331s] Level 1:colcon.colcon_core.environment:checking '/workspaces/IRS_Rover_ROS2_Workspace/rover_ws/install/rover_stereocam/bin'
[3.332s] Level 1:colcon.colcon_core.environment:checking '/workspaces/IRS_Rover_ROS2_Workspace/rover_ws/install/rover_stereocam/lib/pkgconfig/rover_stereocam.pc'
[3.333s] Level 1:colcon.colcon_core.environment:checking '/workspaces/IRS_Rover_ROS2_Workspace/rover_ws/install/rover_stereocam/lib/python3.10/site-packages'
[3.334s] Level 1:colcon.colcon_core.shell:create_environment_hook('rover_stereocam', 'pythonpath')
[3.335s] INFO:colcon.colcon_core.shell:Creating environment hook '/workspaces/IRS_Rover_ROS2_Workspace/rover_ws/install/rover_stereocam/share/rover_stereocam/hook/pythonpath.ps1'
[3.337s] INFO:colcon.colcon_core.shell:Creating environment descriptor '/workspaces/IRS_Rover_ROS2_Workspace/rover_ws/install/rover_stereocam/share/rover_stereocam/hook/pythonpath.dsv'
[3.340s] INFO:colcon.colcon_core.shell:Creating environment hook '/workspaces/IRS_Rover_ROS2_Workspace/rover_ws/install/rover_stereocam/share/rover_stereocam/hook/pythonpath.sh'
[3.344s] Level 1:colcon.colcon_core.environment:checking '/workspaces/IRS_Rover_ROS2_Workspace/rover_ws/install/rover_stereocam/bin'
[3.345s] Level 1:colcon.colcon_core.environment:create_environment_scripts_only(rover_stereocam)
[3.346s] INFO:colcon.colcon_core.shell:Creating package script '/workspaces/IRS_Rover_ROS2_Workspace/rover_ws/install/rover_stereocam/share/rover_stereocam/package.ps1'
[3.349s] INFO:colcon.colcon_core.shell:Creating package descriptor '/workspaces/IRS_Rover_ROS2_Workspace/rover_ws/install/rover_stereocam/share/rover_stereocam/package.dsv'
[3.351s] INFO:colcon.colcon_core.shell:Creating package script '/workspaces/IRS_Rover_ROS2_Workspace/rover_ws/install/rover_stereocam/share/rover_stereocam/package.sh'
[3.353s] INFO:colcon.colcon_core.shell:Creating package script '/workspaces/IRS_Rover_ROS2_Workspace/rover_ws/install/rover_stereocam/share/rover_stereocam/package.bash'
[3.355s] INFO:colcon.colcon_core.shell:Creating package script '/workspaces/IRS_Rover_ROS2_Workspace/rover_ws/install/rover_stereocam/share/rover_stereocam/package.zsh'
[3.357s] Level 1:colcon.colcon_core.environment:create_file_with_runtime_dependencies(/workspaces/IRS_Rover_ROS2_Workspace/rover_ws/install/rover_stereocam/share/colcon-core/packages/rover_stereocam)
[3.891s] INFO:colcon.colcon_core.task.python.build:Building Python package in '/workspaces/IRS_Rover_ROS2_Workspace/rover_ws/src/rover_perception'
[3.891s] INFO:colcon.colcon_core.shell:Skip shell extension 'powershell' for command environment: Not usable outside of PowerShell
[3.892s] DEBUG:colcon.colcon_core.shell:Skip shell extension 'dsv' for command environment
[4.505s] DEBUG:colcon.colcon_core.event_handler.log_command:Invoking command in '/workspaces/IRS_Rover_ROS2_Workspace/rover_ws/src/rover_perception': AMENT_PREFIX_PATH=/workspaces/IRS_Rover_ROS2_Workspace/rover_ws/install/rover_lidar:/workspaces/IRS_Rover_ROS2_Workspace/rover_ws/install/rover_stereocam:/workspaces/IRS_Rover_ROS2_Workspace/rover_ws/install/rover_perception:/workspaces/IRS_Rover_ROS2_Workspace/rover_ws/install/rover_control_msgs:/workspaces/IRS_Rover_ROS2_Workspace/rover_ws/install/rover_control:/workspaces/IRS_Rover_ROS2_Workspace/rover_ws/src/install/rover_stereocam:/workspaces/IRS_Rover_ROS2_Workspace/rover_ws/src/install/rover_lidar:/workspaces/IRS_Rover_ROS2_Workspace/rover_ws/src/install/rover_control:/opt/ros/humble PYTHONPATH=/workspaces/IRS_Rover_ROS2_Workspace/rover_ws/build/rover_perception/prefix_override:/usr/lib/python3/dist-packages/colcon_core/task/python/colcon_distutils_commands:/workspaces/IRS_Rover_ROS2_Workspace/rover_ws/install/rover_perception/lib/python3.10/site-packages:/workspaces/IRS_Rover_ROS2_Workspace/rover_ws/install/rover_lidar/lib/python3.10/site-packages:/workspaces/IRS_Rover_ROS2_Workspace/rover_ws/install/rover_stereocam/lib/python3.10/site-packages:/workspaces/IRS_Rover_ROS2_Workspace/rover_ws/install/rover_perception/lib/python3.10/site-packages:/workspaces/IRS_Rover_ROS2_Workspace/rover_ws/install/rover_control_msgs/local/lib/python3.10/dist-packages:/workspaces/IRS_Rover_ROS2_Workspace/rover_ws/install/rover_control/lib/python3.10/site-packages:/workspaces/IRS_Rover_ROS2_Workspace/rover_ws/src/install/rover_stereocam/lib/python3.10/site-packages:/workspaces/IRS_Rover_ROS2_Workspace/rover_ws/src/install/rover_lidar/lib/python3.10/site-packages:/workspaces/IRS_Rover_ROS2_Workspace/rover_ws/src/install/rover_control/lib/python3.10/site-packages:/opt/ros/humble/lib/python3.10/site-packages:/opt/ros/humble/local/lib/python3.10/dist-packages /usr/bin/python3 -W ignore:setup.py install is deprecated -W ignore:easy_install command is deprecated setup.py egg_info --egg-base ../../build/rover_perception build --build-base /workspaces/IRS_Rover_ROS2_Workspace/rover_ws/build/rover_perception/build install --record /workspaces/IRS_Rover_ROS2_Workspace/rover_ws/build/rover_perception/install.log --single-version-externally-managed install_data
[5.246s] Level 1:colcon.colcon_core.environment:checking '/workspaces/IRS_Rover_ROS2_Workspace/rover_ws/install/rover_perception' for CMake module files
[5.249s] DEBUG:colcon.colcon_core.event_handler.log_command:Invoked command in '/workspaces/IRS_Rover_ROS2_Workspace/rover_ws/src/rover_perception' returned '0': AMENT_PREFIX_PATH=/workspaces/IRS_Rover_ROS2_Workspace/rover_ws/install/rover_lidar:/workspaces/IRS_Rover_ROS2_Workspace/rover_ws/install/rover_stereocam:/workspaces/IRS_Rover_ROS2_Workspace/rover_ws/install/rover_perception:/workspaces/IRS_Rover_ROS2_Workspace/rover_ws/install/rover_control_msgs:/workspaces/IRS_Rover_ROS2_Workspace/rover_ws/install/rover_control:/workspaces/IRS_Rover_ROS2_Workspace/rover_ws/src/install/rover_stereocam:/workspaces/IRS_Rover_ROS2_Workspace/rover_ws/src/install/rover_lidar:/workspaces/IRS_Rover_ROS2_Workspace/rover_ws/src/install/rover_control:/opt/ros/humble PYTHONPATH=/workspaces/IRS_Rover_ROS2_Workspace/rover_ws/build/rover_perception/prefix_override:/usr/lib/python3/dist-packages/colcon_core/task/python/colcon_distutils_commands:/workspaces/IRS_Rover_ROS2_Workspace/rover_ws/install/rover_perception/lib/python3.10/site-packages:/workspaces/IRS_Rover_ROS2_Workspace/rover_ws/install/rover_lidar/lib/python3.10/site-packages:/workspaces/IRS_Rover_ROS2_Workspace/rover_ws/install/rover_stereocam/lib/python3.10/site-packages:/workspaces/IRS_Rover_ROS2_Workspace/rover_ws/install/rover_perception/lib/python3.10/site-packages:/workspaces/IRS_Rover_ROS2_Workspace/rover_ws/install/rover_control_msgs/local/lib/python3.10/dist-packages:/workspaces/IRS_Rover_ROS2_Workspace/rover_ws/install/rover_control/lib/python3.10/site-packages:/workspaces/IRS_Rover_ROS2_Workspace/rover_ws/src/install/rover_stereocam/lib/python3.10/site-packages:/workspaces/IRS_Rover_ROS2_Workspace/rover_ws/src/install/rover_lidar/lib/python3.10/site-packages:/workspaces/IRS_Rover_ROS2_Workspace/rover_ws/src/install/rover_control/lib/python3.10/site-packages:/opt/ros/humble/lib/python3.10/site-packages:/opt/ros/humble/local/lib/python3.10/dist-packages /usr/bin/python3 -W ignore:setup.py install is deprecated -W ignore:easy_install command is deprecated setup.py egg_info --egg-base ../../build/rover_perception build --build-base /workspaces/IRS_Rover_ROS2_Workspace/rover_ws/build/rover_perception/build install --record /workspaces/IRS_Rover_ROS2_Workspace/rover_ws/build/rover_perception/install.log --single-version-externally-managed install_data
[5.274s] Level 1:colcon.colcon_core.environment:checking '/workspaces/IRS_Rover_ROS2_Workspace/rover_ws/install/rover_perception' for CMake config files
[5.321s] Level 1:colcon.colcon_core.environment:checking '/workspaces/IRS_Rover_ROS2_Workspace/rover_ws/install/rover_perception/lib'
[5.324s] Level 1:colcon.colcon_core.environment:checking '/workspaces/IRS_Rover_ROS2_Workspace/rover_ws/install/rover_perception/bin'
[5.327s] Level 1:colcon.colcon_core.environment:checking '/workspaces/IRS_Rover_ROS2_Workspace/rover_ws/install/rover_perception/lib/pkgconfig/rover_perception.pc'
[5.330s] Level 1:colcon.colcon_core.environment:checking '/workspaces/IRS_Rover_ROS2_Workspace/rover_ws/install/rover_perception/lib/python3.10/site-packages'
[5.331s] Level 1:colcon.colcon_core.shell:create_environment_hook('rover_perception', 'pythonpath')
[5.332s] INFO:colcon.colcon_core.shell:Creating environment hook '/workspaces/IRS_Rover_ROS2_Workspace/rover_ws/install/rover_perception/share/rover_perception/hook/pythonpath.ps1'
[5.336s] INFO:colcon.colcon_core.shell:Creating environment descriptor '/workspaces/IRS_Rover_ROS2_Workspace/rover_ws/install/rover_perception/share/rover_perception/hook/pythonpath.dsv'
[5.341s] INFO:colcon.colcon_core.shell:Creating environment hook '/workspaces/IRS_Rover_ROS2_Workspace/rover_ws/install/rover_perception/share/rover_perception/hook/pythonpath.sh'
[5.346s] Level 1:colcon.colcon_core.environment:checking '/workspaces/IRS_Rover_ROS2_Workspace/rover_ws/install/rover_perception/bin'
[5.347s] Level 1:colcon.colcon_core.environment:create_environment_scripts_only(rover_perception)
[5.349s] INFO:colcon.colcon_core.shell:Creating package script '/workspaces/IRS_Rover_ROS2_Workspace/rover_ws/install/rover_perception/share/rover_perception/package.ps1'
[5.355s] INFO:colcon.colcon_core.shell:Creating package descriptor '/workspaces/IRS_Rover_ROS2_Workspace/rover_ws/install/rover_perception/share/rover_perception/package.dsv'
[5.358s] INFO:colcon.colcon_core.shell:Creating package script '/workspaces/IRS_Rover_ROS2_Workspace/rover_ws/install/rover_perception/share/rover_perception/package.sh'
[5.360s] INFO:colcon.colcon_core.shell:Creating package script '/workspaces/IRS_Rover_ROS2_Workspace/rover_ws/install/rover_perception/share/rover_perception/package.bash'
[5.363s] INFO:colcon.colcon_core.shell:Creating package script '/workspaces/IRS_Rover_ROS2_Workspace/rover_ws/install/rover_perception/share/rover_perception/package.zsh'
[5.367s] Level 1:colcon.colcon_core.environment:create_file_with_runtime_dependencies(/workspaces/IRS_Rover_ROS2_Workspace/rover_ws/install/rover_perception/share/colcon-core/packages/rover_perception)
[12.299s] DEBUG:colcon.colcon_core.event_handler.log_command:Invoked command in '/workspaces/IRS_Rover_ROS2_Workspace/rover_ws/build/rover_control_msgs' returned '0': CMAKE_PREFIX_PATH=${CMAKE_PREFIX_PATH}:/workspaces/IRS_Rover_ROS2_Workspace/rover_ws/install/rover_stereocam:/workspaces/IRS_Rover_ROS2_Workspace/rover_ws/install/rover_perception:/workspaces/IRS_Rover_ROS2_Workspace/rover_ws/install/rover_lidar:/workspaces/IRS_Rover_ROS2_Workspace/rover_ws/install/rover_control:/workspaces/IRS_Rover_ROS2_Workspace/rover_ws/src/install/rover_stereocam:/workspaces/IRS_Rover_ROS2_Workspace/rover_ws/src/install/rover_lidar:/workspaces/IRS_Rover_ROS2_Workspace/rover_ws/src/install/rover_control:/opt/ros/humble /usr/bin/cmake --build /workspaces/IRS_Rover_ROS2_Workspace/rover_ws/build/rover_control_msgs -- -j12 -l12
[12.331s] DEBUG:colcon.colcon_core.event_handler.log_command:Invoking command in '/workspaces/IRS_Rover_ROS2_Workspace/rover_ws/build/rover_control_msgs': CMAKE_PREFIX_PATH=${CMAKE_PREFIX_PATH}:/workspaces/IRS_Rover_ROS2_Workspace/rover_ws/install/rover_stereocam:/workspaces/IRS_Rover_ROS2_Workspace/rover_ws/install/rover_perception:/workspaces/IRS_Rover_ROS2_Workspace/rover_ws/install/rover_lidar:/workspaces/IRS_Rover_ROS2_Workspace/rover_ws/install/rover_control:/workspaces/IRS_Rover_ROS2_Workspace/rover_ws/src/install/rover_stereocam:/workspaces/IRS_Rover_ROS2_Workspace/rover_ws/src/install/rover_lidar:/workspaces/IRS_Rover_ROS2_Workspace/rover_ws/src/install/rover_control:/opt/ros/humble /usr/bin/cmake --install /workspaces/IRS_Rover_ROS2_Workspace/rover_ws/build/rover_control_msgs
[13.413s] Level 1:colcon.colcon_core.environment:create_environment_scripts_only(rover_control_msgs)
[13.414s] Level 1:colcon.colcon_core.environment:checking '/workspaces/IRS_Rover_ROS2_Workspace/rover_ws/install/rover_control_msgs' for CMake module files
[13.416s] DEBUG:colcon.colcon_core.event_handler.log_command:Invoked command in '/workspaces/IRS_Rover_ROS2_Workspace/rover_ws/build/rover_control_msgs' returned '0': CMAKE_PREFIX_PATH=${CMAKE_PREFIX_PATH}:/workspaces/IRS_Rover_ROS2_Workspace/rover_ws/install/rover_stereocam:/workspaces/IRS_Rover_ROS2_Workspace/rover_ws/install/rover_perception:/workspaces/IRS_Rover_ROS2_Workspace/rover_ws/install/rover_lidar:/workspaces/IRS_Rover_ROS2_Workspace/rover_ws/install/rover_control:/workspaces/IRS_Rover_ROS2_Workspace/rover_ws/src/install/rover_stereocam:/workspaces/IRS_Rover_ROS2_Workspace/rover_ws/src/install/rover_lidar:/workspaces/IRS_Rover_ROS2_Workspace/rover_ws/src/install/rover_control:/opt/ros/humble /usr/bin/cmake --install /workspaces/IRS_Rover_ROS2_Workspace/rover_ws/build/rover_control_msgs
[13.441s] Level 1:colcon.colcon_core.environment:checking '/workspaces/IRS_Rover_ROS2_Workspace/rover_ws/install/rover_control_msgs' for CMake config files
[13.480s] Level 1:colcon.colcon_core.shell:create_environment_hook('rover_control_msgs', 'cmake_prefix_path')
[13.481s] INFO:colcon.colcon_core.shell:Creating environment hook '/workspaces/IRS_Rover_ROS2_Workspace/rover_ws/install/rover_control_msgs/share/rover_control_msgs/hook/cmake_prefix_path.ps1'
[13.485s] INFO:colcon.colcon_core.shell:Creating environment descriptor '/workspaces/IRS_Rover_ROS2_Workspace/rover_ws/install/rover_control_msgs/share/rover_control_msgs/hook/cmake_prefix_path.dsv'
[13.490s] INFO:colcon.colcon_core.shell:Creating environment hook '/workspaces/IRS_Rover_ROS2_Workspace/rover_ws/install/rover_control_msgs/share/rover_control_msgs/hook/cmake_prefix_path.sh'
[13.495s] Level 1:colcon.colcon_core.environment:checking '/workspaces/IRS_Rover_ROS2_Workspace/rover_ws/install/rover_control_msgs/lib'
[13.497s] Level 1:colcon.colcon_core.shell:create_environment_hook('rover_control_msgs', 'ld_library_path_lib')
[13.499s] INFO:colcon.colcon_core.shell:Creating environment hook '/workspaces/IRS_Rover_ROS2_Workspace/rover_ws/install/rover_control_msgs/share/rover_control_msgs/hook/ld_library_path_lib.ps1'
[13.502s] INFO:colcon.colcon_core.shell:Creating environment descriptor '/workspaces/IRS_Rover_ROS2_Workspace/rover_ws/install/rover_control_msgs/share/rover_control_msgs/hook/ld_library_path_lib.dsv'
[13.505s] INFO:colcon.colcon_core.shell:Creating environment hook '/workspaces/IRS_Rover_ROS2_Workspace/rover_ws/install/rover_control_msgs/share/rover_control_msgs/hook/ld_library_path_lib.sh'
[13.509s] Level 1:colcon.colcon_core.environment:checking '/workspaces/IRS_Rover_ROS2_Workspace/rover_ws/install/rover_control_msgs/bin'
[13.511s] Level 1:colcon.colcon_core.environment:checking '/workspaces/IRS_Rover_ROS2_Workspace/rover_ws/install/rover_control_msgs/lib/pkgconfig/rover_control_msgs.pc'
[13.512s] Level 1:colcon.colcon_core.environment:checking '/workspaces/IRS_Rover_ROS2_Workspace/rover_ws/install/rover_control_msgs/lib/python3.10/site-packages'
[13.514s] Level 1:colcon.colcon_core.environment:checking '/workspaces/IRS_Rover_ROS2_Workspace/rover_ws/install/rover_control_msgs/bin'
[13.515s] INFO:colcon.colcon_core.shell:Creating package script '/workspaces/IRS_Rover_ROS2_Workspace/rover_ws/install/rover_control_msgs/share/rover_control_msgs/package.ps1'
[13.518s] INFO:colcon.colcon_core.shell:Creating package descriptor '/workspaces/IRS_Rover_ROS2_Workspace/rover_ws/install/rover_control_msgs/share/rover_control_msgs/package.dsv'
[13.520s] INFO:colcon.colcon_core.shell:Creating package script '/workspaces/IRS_Rover_ROS2_Workspace/rover_ws/install/rover_control_msgs/share/rover_control_msgs/package.sh'
[13.522s] INFO:colcon.colcon_core.shell:Creating package script '/workspaces/IRS_Rover_ROS2_Workspace/rover_ws/install/rover_control_msgs/share/rover_control_msgs/package.bash'
[13.527s] INFO:colcon.colcon_core.shell:Creating package script '/workspaces/IRS_Rover_ROS2_Workspace/rover_ws/install/rover_control_msgs/share/rover_control_msgs/package.zsh'
[13.529s] Level 1:colcon.colcon_core.environment:create_file_with_runtime_dependencies(/workspaces/IRS_Rover_ROS2_Workspace/rover_ws/install/rover_control_msgs/share/colcon-core/packages/rover_control_msgs)
[13.534s] Level 1:colcon.colcon_core.environment:create_environment_scripts_only(rover_control_msgs)
[13.534s] Level 1:colcon.colcon_core.environment:checking '/workspaces/IRS_Rover_ROS2_Workspace/rover_ws/install/rover_control_msgs' for CMake module files
[13.547s] Level 1:colcon.colcon_core.environment:checking '/workspaces/IRS_Rover_ROS2_Workspace/rover_ws/install/rover_control_msgs' for CMake config files
[13.572s] Level 1:colcon.colcon_core.shell:create_environment_hook('rover_control_msgs', 'cmake_prefix_path')
[13.573s] INFO:colcon.colcon_core.shell:Creating environment hook '/workspaces/IRS_Rover_ROS2_Workspace/rover_ws/install/rover_control_msgs/share/rover_control_msgs/hook/cmake_prefix_path.ps1'
[13.575s] INFO:colcon.colcon_core.shell:Creating environment descriptor '/workspaces/IRS_Rover_ROS2_Workspace/rover_ws/install/rover_control_msgs/share/rover_control_msgs/hook/cmake_prefix_path.dsv'
[13.577s] INFO:colcon.colcon_core.shell:Creating environment hook '/workspaces/IRS_Rover_ROS2_Workspace/rover_ws/install/rover_control_msgs/share/rover_control_msgs/hook/cmake_prefix_path.sh'
[13.579s] Level 1:colcon.colcon_core.environment:checking '/workspaces/IRS_Rover_ROS2_Workspace/rover_ws/install/rover_control_msgs/lib'
[13.580s] Level 1:colcon.colcon_core.shell:create_environment_hook('rover_control_msgs', 'ld_library_path_lib')
[13.581s] INFO:colcon.colcon_core.shell:Creating environment hook '/workspaces/IRS_Rover_ROS2_Workspace/rover_ws/install/rover_control_msgs/share/rover_control_msgs/hook/ld_library_path_lib.ps1'
[13.582s] INFO:colcon.colcon_core.shell:Creating environment descriptor '/workspaces/IRS_Rover_ROS2_Workspace/rover_ws/install/rover_control_msgs/share/rover_control_msgs/hook/ld_library_path_lib.dsv'
[13.584s] INFO:colcon.colcon_core.shell:Creating environment hook '/workspaces/IRS_Rover_ROS2_Workspace/rover_ws/install/rover_control_msgs/share/rover_control_msgs/hook/ld_library_path_lib.sh'
[13.586s] Level 1:colcon.colcon_core.environment:checking '/workspaces/IRS_Rover_ROS2_Workspace/rover_ws/install/rover_control_msgs/bin'
[13.587s] Level 1:colcon.colcon_core.environment:checking '/workspaces/IRS_Rover_ROS2_Workspace/rover_ws/install/rover_control_msgs/lib/pkgconfig/rover_control_msgs.pc'
[13.587s] Level 1:colcon.colcon_core.environment:checking '/workspaces/IRS_Rover_ROS2_Workspace/rover_ws/install/rover_control_msgs/lib/python3.10/site-packages'
[13.588s] Level 1:colcon.colcon_core.environment:checking '/workspaces/IRS_Rover_ROS2_Workspace/rover_ws/install/rover_control_msgs/bin'
[13.589s] INFO:colcon.colcon_core.shell:Creating package script '/workspaces/IRS_Rover_ROS2_Workspace/rover_ws/install/rover_control_msgs/share/rover_control_msgs/package.ps1'
[13.592s] INFO:colcon.colcon_core.shell:Creating package descriptor '/workspaces/IRS_Rover_ROS2_Workspace/rover_ws/install/rover_control_msgs/share/rover_control_msgs/package.dsv'
[13.594s] INFO:colcon.colcon_core.shell:Creating package script '/workspaces/IRS_Rover_ROS2_Workspace/rover_ws/install/rover_control_msgs/share/rover_control_msgs/package.sh'
[13.595s] INFO:colcon.colcon_core.shell:Creating package script '/workspaces/IRS_Rover_ROS2_Workspace/rover_ws/install/rover_control_msgs/share/rover_control_msgs/package.bash'
[13.598s] INFO:colcon.colcon_core.shell:Creating package script '/workspaces/IRS_Rover_ROS2_Workspace/rover_ws/install/rover_control_msgs/share/rover_control_msgs/package.zsh'
[13.599s] Level 1:colcon.colcon_core.environment:create_file_with_runtime_dependencies(/workspaces/IRS_Rover_ROS2_Workspace/rover_ws/install/rover_control_msgs/share/colcon-core/packages/rover_control_msgs)
[13.601s] DEBUG:colcon.colcon_parallel_executor.executor.parallel:closing loop
[13.602s] DEBUG:colcon.colcon_parallel_executor.executor.parallel:loop closed
[13.602s] DEBUG:colcon.colcon_parallel_executor.executor.parallel:run_until_complete finished with '0'
[13.603s] DEBUG:colcon.colcon_core.event_reactor:joining thread
[13.624s] INFO:colcon.colcon_core.plugin_system:Skipping extension 'colcon_notification.desktop_notification.notify_send': Could not find 'notify-send'
[13.624s] INFO:colcon.colcon_core.plugin_system:Skipping extension 'colcon_notification.desktop_notification.terminal_notifier': Not used on non-Darwin systems
[13.625s] INFO:colcon.colcon_core.plugin_system:Skipping extension 'colcon_notification.desktop_notification.win32': Not used on non-Windows systems
[13.626s] INFO:colcon.colcon_notification.desktop_notification:Sending desktop notification using 'notify2'
[13.626s] DEBUG:colcon.colcon_notification.desktop_notification.notify2:Failed to initialize notify2: org.freedesktop.DBus.Error.NotSupported: Unable to autolaunch a dbus-daemon without a $DISPLAY for X11
[13.626s] DEBUG:colcon.colcon_core.event_reactor:joined thread
[13.628s] INFO:colcon.colcon_core.shell:Creating prefix script '/workspaces/IRS_Rover_ROS2_Workspace/rover_ws/install/local_setup.ps1'
[13.633s] INFO:colcon.colcon_core.shell:Creating prefix util module '/workspaces/IRS_Rover_ROS2_Workspace/rover_ws/install/_local_setup_util_ps1.py'
[13.637s] INFO:colcon.colcon_core.shell:Creating prefix chain script '/workspaces/IRS_Rover_ROS2_Workspace/rover_ws/install/setup.ps1'
[13.663s] INFO:colcon.colcon_core.shell:Creating prefix script '/workspaces/IRS_Rover_ROS2_Workspace/rover_ws/install/local_setup.sh'
[13.666s] INFO:colcon.colcon_core.shell:Creating prefix util module '/workspaces/IRS_Rover_ROS2_Workspace/rover_ws/install/_local_setup_util_sh.py'
[13.672s] INFO:colcon.colcon_core.shell:Creating prefix chain script '/workspaces/IRS_Rover_ROS2_Workspace/rover_ws/install/setup.sh'
[13.698s] INFO:colcon.colcon_core.shell:Creating prefix script '/workspaces/IRS_Rover_ROS2_Workspace/rover_ws/install/local_setup.bash'
[13.700s] INFO:colcon.colcon_core.shell:Creating prefix chain script '/workspaces/IRS_Rover_ROS2_Workspace/rover_ws/install/setup.bash'
[13.722s] INFO:colcon.colcon_core.shell:Creating prefix script '/workspaces/IRS_Rover_ROS2_Workspace/rover_ws/install/local_setup.zsh'
[13.728s] INFO:colcon.colcon_core.shell:Creating prefix chain script '/workspaces/IRS_Rover_ROS2_Workspace/rover_ws/install/setup.zsh'
