[0.781s] Invoking command in '/home/joshua/rover_ws/src/rover_control': PYTHONPATH=/home/joshua/rover_ws/build/rover_control/prefix_override:/usr/lib/python3/dist-packages/colcon_core/task/python/colcon_distutils_commands:/home/joshua/rover_ws/install/rover_control/lib/python3.10/site-packages:${PYTHONPATH} /usr/bin/python3 -W ignore:setup.py install is deprecated -W ignore:easy_install command is deprecated setup.py egg_info --egg-base ../../build/rover_control build --build-base /home/joshua/rover_ws/build/rover_control/build install --record /home/joshua/rover_ws/build/rover_control/install.log --single-version-externally-managed install_data
[0.986s] running egg_info
[0.986s] writing ../../build/rover_control/rover_control.egg-info/PKG-INFO
[0.987s] writing dependency_links to ../../build/rover_control/rover_control.egg-info/dependency_links.txt
[0.987s] writing entry points to ../../build/rover_control/rover_control.egg-info/entry_points.txt
[0.987s] writing requirements to ../../build/rover_control/rover_control.egg-info/requires.txt
[0.987s] writing top-level names to ../../build/rover_control/rover_control.egg-info/top_level.txt
[0.993s] reading manifest file '../../build/rover_control/rover_control.egg-info/SOURCES.txt'
[0.994s] writing manifest file '../../build/rover_control/rover_control.egg-info/SOURCES.txt'
[0.994s] running build
[0.995s] running build_py
[0.995s] copying rover_control/fake_stm32_bridge_node.py -> /home/joshua/rover_ws/build/rover_control/build/lib/rover_control
[0.996s] copying rover_control/command_node.py -> /home/joshua/rover_ws/build/rover_control/build/lib/rover_control
[0.996s] copying rover_control/wifi_node.py -> /home/joshua/rover_ws/build/rover_control/build/lib/rover_control
[0.996s] running install
[0.997s] running install_lib
[0.998s] copying /home/joshua/rover_ws/build/rover_control/build/lib/rover_control/fake_stm32_bridge_node.py -> /home/joshua/rover_ws/install/rover_control/lib/python3.10/site-packages/rover_control
[0.998s] copying /home/joshua/rover_ws/build/rover_control/build/lib/rover_control/command_node.py -> /home/joshua/rover_ws/install/rover_control/lib/python3.10/site-packages/rover_control
[0.998s] copying /home/joshua/rover_ws/build/rover_control/build/lib/rover_control/wifi_node.py -> /home/joshua/rover_ws/install/rover_control/lib/python3.10/site-packages/rover_control
[0.999s] byte-compiling /home/joshua/rover_ws/install/rover_control/lib/python3.10/site-packages/rover_control/fake_stm32_bridge_node.py to fake_stm32_bridge_node.cpython-310.pyc
[1.000s] byte-compiling /home/joshua/rover_ws/install/rover_control/lib/python3.10/site-packages/rover_control/command_node.py to command_node.cpython-310.pyc
[1.001s] byte-compiling /home/joshua/rover_ws/install/rover_control/lib/python3.10/site-packages/rover_control/wifi_node.py to wifi_node.cpython-310.pyc
[1.001s] running install_data
[1.002s] running install_egg_info
[1.003s] removing '/home/joshua/rover_ws/install/rover_control/lib/python3.10/site-packages/rover_control-0.0.0-py3.10.egg-info' (and everything under it)
[1.003s] Copying ../../build/rover_control/rover_control.egg-info to /home/joshua/rover_ws/install/rover_control/lib/python3.10/site-packages/rover_control-0.0.0-py3.10.egg-info
[1.005s] running install_scripts
[1.027s] Installing command_node script to /home/joshua/rover_ws/install/rover_control/lib/rover_control
[1.027s] Installing fake_stm32_bridge_node script to /home/joshua/rover_ws/install/rover_control/lib/rover_control
[1.027s] Installing wifi_node script to /home/joshua/rover_ws/install/rover_control/lib/rover_control
[1.027s] writing list of installed files to '/home/joshua/rover_ws/build/rover_control/install.log'
[1.052s] Invoked command in '/home/joshua/rover_ws/src/rover_control' returned '0': PYTHONPATH=/home/joshua/rover_ws/build/rover_control/prefix_override:/usr/lib/python3/dist-packages/colcon_core/task/python/colcon_distutils_commands:/home/joshua/rover_ws/install/rover_control/lib/python3.10/site-packages:${PYTHONPATH} /usr/bin/python3 -W ignore:setup.py install is deprecated -W ignore:easy_install command is deprecated setup.py egg_info --egg-base ../../build/rover_control build --build-base /home/joshua/rover_ws/build/rover_control/build install --record /home/joshua/rover_ws/build/rover_control/install.log --single-version-externally-managed install_data
