[0.624s] Invoking command in '/home/joshua/rover_ws/src/rover_control': PYTHONPATH=/home/joshua/rover_ws/build/rover_control/prefix_override:/usr/lib/python3/dist-packages/colcon_core/task/python/colcon_distutils_commands:/home/joshua/rover_ws/install/rover_control/lib/python3.10/site-packages:${PYTHONPATH} /usr/bin/python3 -W ignore:setup.py install is deprecated -W ignore:easy_install command is deprecated setup.py egg_info --egg-base ../../build/rover_control build --build-base /home/joshua/rover_ws/build/rover_control/build install --record /home/joshua/rover_ws/build/rover_control/install.log --single-version-externally-managed install_data
[0.793s] running egg_info
[0.793s] writing ../../build/rover_control/rover_control.egg-info/PKG-INFO
[0.794s] writing dependency_links to ../../build/rover_control/rover_control.egg-info/dependency_links.txt
[0.794s] writing entry points to ../../build/rover_control/rover_control.egg-info/entry_points.txt
[0.794s] writing requirements to ../../build/rover_control/rover_control.egg-info/requires.txt
[0.794s] writing top-level names to ../../build/rover_control/rover_control.egg-info/top_level.txt
[0.797s] reading manifest file '../../build/rover_control/rover_control.egg-info/SOURCES.txt'
[0.798s] writing manifest file '../../build/rover_control/rover_control.egg-info/SOURCES.txt'
[0.799s] running build
[0.799s] running build_py
[0.800s] copying rover_control/fake_stm32_bridge_node.py -> /home/joshua/rover_ws/build/rover_control/build/lib/rover_control
[0.800s] running install
[0.801s] running install_lib
[0.802s] copying /home/joshua/rover_ws/build/rover_control/build/lib/rover_control/fake_stm32_bridge_node.py -> /home/joshua/rover_ws/install/rover_control/lib/python3.10/site-packages/rover_control
[0.802s] byte-compiling /home/joshua/rover_ws/install/rover_control/lib/python3.10/site-packages/rover_control/fake_stm32_bridge_node.py to fake_stm32_bridge_node.cpython-310.pyc
[0.803s] running install_data
[0.803s] running install_egg_info
[0.804s] removing '/home/joshua/rover_ws/install/rover_control/lib/python3.10/site-packages/rover_control-0.0.0-py3.10.egg-info' (and everything under it)
[0.804s] Copying ../../build/rover_control/rover_control.egg-info to /home/joshua/rover_ws/install/rover_control/lib/python3.10/site-packages/rover_control-0.0.0-py3.10.egg-info
[0.806s] running install_scripts
[0.826s] Installing command_node script to /home/joshua/rover_ws/install/rover_control/lib/rover_control
[0.826s] Installing fake_stm32_bridge_node script to /home/joshua/rover_ws/install/rover_control/lib/rover_control
[0.827s] writing list of installed files to '/home/joshua/rover_ws/build/rover_control/install.log'
[0.851s] Invoked command in '/home/joshua/rover_ws/src/rover_control' returned '0': PYTHONPATH=/home/joshua/rover_ws/build/rover_control/prefix_override:/usr/lib/python3/dist-packages/colcon_core/task/python/colcon_distutils_commands:/home/joshua/rover_ws/install/rover_control/lib/python3.10/site-packages:${PYTHONPATH} /usr/bin/python3 -W ignore:setup.py install is deprecated -W ignore:easy_install command is deprecated setup.py egg_info --egg-base ../../build/rover_control build --build-base /home/joshua/rover_ws/build/rover_control/build install --record /home/joshua/rover_ws/build/rover_control/install.log --single-version-externally-managed install_data
