[0.748s] Invoking command in '/home/joshua/rover_ws/src/rover_perception': AMENT_PREFIX_PATH=/home/joshua/rover_ws/install/rover_lidar:/home/joshua/rover_ws/install/rover_perception:/home/joshua/rover_ws/install/rover_perception_msgs:/home/joshua/rover_ws/install/rover_control:/opt/ros/humble PYTHONPATH=/home/joshua/rover_ws/build/rover_perception/prefix_override:/usr/lib/python3/dist-packages/colcon_core/task/python/colcon_distutils_commands:/home/joshua/rover_ws/install/rover_perception/lib/python3.10/site-packages:/home/joshua/rover_ws/install/rover_lidar/lib/python3.10/site-packages:/home/joshua/rover_ws/install/rover_perception/lib/python3.10/site-packages:/home/joshua/rover_ws/install/rover_perception_msgs/local/lib/python3.10/dist-packages:/home/joshua/rover_ws/install/rover_control/lib/python3.10/site-packages:/opt/ros/humble/lib/python3.10/site-packages:/opt/ros/humble/local/lib/python3.10/dist-packages /usr/bin/python3 -W ignore:setup.py install is deprecated -W ignore:easy_install command is deprecated setup.py egg_info --egg-base ../../build/rover_perception build --build-base /home/joshua/rover_ws/build/rover_perception/build install --record /home/joshua/rover_ws/build/rover_perception/install.log --single-version-externally-managed install_data
[0.926s] running egg_info
[0.927s] writing ../../build/rover_perception/rover_perception.egg-info/PKG-INFO
[0.927s] writing dependency_links to ../../build/rover_perception/rover_perception.egg-info/dependency_links.txt
[0.928s] writing entry points to ../../build/rover_perception/rover_perception.egg-info/entry_points.txt
[0.928s] writing requirements to ../../build/rover_perception/rover_perception.egg-info/requires.txt
[0.928s] writing top-level names to ../../build/rover_perception/rover_perception.egg-info/top_level.txt
[0.930s] reading manifest file '../../build/rover_perception/rover_perception.egg-info/SOURCES.txt'
[0.931s] writing manifest file '../../build/rover_perception/rover_perception.egg-info/SOURCES.txt'
[0.931s] running build
[0.931s] running build_py
[0.931s] copying rover_perception/terrain_visualization_node.py -> /home/joshua/rover_ws/build/rover_perception/build/lib/rover_perception
[0.932s] running install
[0.932s] running install_lib
[0.934s] copying /home/joshua/rover_ws/build/rover_perception/build/lib/rover_perception/terrain_visualization_node.py -> /home/joshua/rover_ws/install/rover_perception/lib/python3.10/site-packages/rover_perception
[0.935s] byte-compiling /home/joshua/rover_ws/install/rover_perception/lib/python3.10/site-packages/rover_perception/terrain_visualization_node.py to terrain_visualization_node.cpython-310.pyc
[0.936s] running install_data
[0.936s] copying launch/stereo_lidar_fusion.launch.py -> /home/joshua/rover_ws/install/rover_perception/share/rover_perception/launch
[0.936s] running install_egg_info
[0.938s] removing '/home/joshua/rover_ws/install/rover_perception/lib/python3.10/site-packages/rover_perception-0.0.0-py3.10.egg-info' (and everything under it)
[0.939s] Copying ../../build/rover_perception/rover_perception.egg-info to /home/joshua/rover_ws/install/rover_perception/lib/python3.10/site-packages/rover_perception-0.0.0-py3.10.egg-info
[0.940s] running install_scripts
[0.961s] Installing fake_mast_hw_node script to /home/joshua/rover_ws/install/rover_perception/lib/rover_perception
[0.961s] Installing fake_mono_camera_node script to /home/joshua/rover_ws/install/rover_perception/lib/rover_perception
[0.961s] Installing fake_stereo_camera_node script to /home/joshua/rover_ws/install/rover_perception/lib/rover_perception
[0.961s] Installing frame_transform_node script to /home/joshua/rover_ws/install/rover_perception/lib/rover_perception
[0.961s] Installing global_pointcloud_fusion_node script to /home/joshua/rover_ws/install/rover_perception/lib/rover_perception
[0.962s] Installing led_detector_node script to /home/joshua/rover_ws/install/rover_perception/lib/rover_perception
[0.962s] Installing mast_pose_node script to /home/joshua/rover_ws/install/rover_perception/lib/rover_perception
[0.962s] Installing obstacle_grid_node script to /home/joshua/rover_ws/install/rover_perception/lib/rover_perception
[0.962s] Installing pointcloud_preprocessing_node script to /home/joshua/rover_ws/install/rover_perception/lib/rover_perception
[0.962s] Installing stereo_pointcloud_node script to /home/joshua/rover_ws/install/rover_perception/lib/rover_perception
[0.962s] Installing terrain_visualization_node script to /home/joshua/rover_ws/install/rover_perception/lib/rover_perception
[0.963s] writing list of installed files to '/home/joshua/rover_ws/build/rover_perception/install.log'
[0.993s] Invoked command in '/home/joshua/rover_ws/src/rover_perception' returned '0': AMENT_PREFIX_PATH=/home/joshua/rover_ws/install/rover_lidar:/home/joshua/rover_ws/install/rover_perception:/home/joshua/rover_ws/install/rover_perception_msgs:/home/joshua/rover_ws/install/rover_control:/opt/ros/humble PYTHONPATH=/home/joshua/rover_ws/build/rover_perception/prefix_override:/usr/lib/python3/dist-packages/colcon_core/task/python/colcon_distutils_commands:/home/joshua/rover_ws/install/rover_perception/lib/python3.10/site-packages:/home/joshua/rover_ws/install/rover_lidar/lib/python3.10/site-packages:/home/joshua/rover_ws/install/rover_perception/lib/python3.10/site-packages:/home/joshua/rover_ws/install/rover_perception_msgs/local/lib/python3.10/dist-packages:/home/joshua/rover_ws/install/rover_control/lib/python3.10/site-packages:/opt/ros/humble/lib/python3.10/site-packages:/opt/ros/humble/local/lib/python3.10/dist-packages /usr/bin/python3 -W ignore:setup.py install is deprecated -W ignore:easy_install command is deprecated setup.py egg_info --egg-base ../../build/rover_perception build --build-base /home/joshua/rover_ws/build/rover_perception/build install --record /home/joshua/rover_ws/build/rover_perception/install.log --single-version-externally-managed install_data
