[0.639s] Invoking command in '/home/joshua/rover_ws/src/rover_perception': AMENT_PREFIX_PATH=/home/joshua/rover_ws/install/rover_lidar:${AMENT_PREFIX_PATH} PYTHONPATH=/home/joshua/rover_ws/build/rover_perception/prefix_override:/usr/lib/python3/dist-packages/colcon_core/task/python/colcon_distutils_commands:/home/joshua/rover_ws/install/rover_perception/lib/python3.10/site-packages:/home/joshua/rover_ws/install/rover_lidar/lib/python3.10/site-packages:${PYTHONPATH} /usr/bin/python3 -W ignore:setup.py install is deprecated -W ignore:easy_install command is deprecated setup.py egg_info --egg-base ../../build/rover_perception build --build-base /home/joshua/rover_ws/build/rover_perception/build install --record /home/joshua/rover_ws/build/rover_perception/install.log --single-version-externally-managed install_data
[0.825s] running egg_info
[0.826s] creating ../../build/rover_perception/rover_perception.egg-info
[0.827s] writing ../../build/rover_perception/rover_perception.egg-info/PKG-INFO
[0.828s] writing dependency_links to ../../build/rover_perception/rover_perception.egg-info/dependency_links.txt
[0.828s] writing entry points to ../../build/rover_perception/rover_perception.egg-info/entry_points.txt
[0.828s] writing requirements to ../../build/rover_perception/rover_perception.egg-info/requires.txt
[0.828s] writing top-level names to ../../build/rover_perception/rover_perception.egg-info/top_level.txt
[0.829s] writing manifest file '../../build/rover_perception/rover_perception.egg-info/SOURCES.txt'
[0.830s] reading manifest file '../../build/rover_perception/rover_perception.egg-info/SOURCES.txt'
[0.831s] writing manifest file '../../build/rover_perception/rover_perception.egg-info/SOURCES.txt'
[0.831s] running build
[0.832s] running build_py
[0.832s] creating /home/joshua/rover_ws/build/rover_perception/build
[0.832s] creating /home/joshua/rover_ws/build/rover_perception/build/lib
[0.832s] creating /home/joshua/rover_ws/build/rover_perception/build/lib/rover_perception
[0.833s] copying rover_perception/pointcloud_preprocessing_node.py -> /home/joshua/rover_ws/build/rover_perception/build/lib/rover_perception
[0.837s] copying rover_perception/terrain_analysis.py -> /home/joshua/rover_ws/build/rover_perception/build/lib/rover_perception
[0.858s] copying rover_perception/fake_stereo_camera_node.py -> /home/joshua/rover_ws/build/rover_perception/build/lib/rover_perception
[0.858s] copying rover_perception/pointcloud_filters.py -> /home/joshua/rover_ws/build/rover_perception/build/lib/rover_perception
[0.858s] copying rover_perception/global_pointcloud_fusion_node.py -> /home/joshua/rover_ws/build/rover_perception/build/lib/rover_perception
[0.859s] copying rover_perception/obstacle_grid_node.py -> /home/joshua/rover_ws/build/rover_perception/build/lib/rover_perception
[0.859s] copying rover_perception/frame_transform_node.py -> /home/joshua/rover_ws/build/rover_perception/build/lib/rover_perception
[0.859s] copying rover_perception/stereo_pointcloud_node.py -> /home/joshua/rover_ws/build/rover_perception/build/lib/rover_perception
[0.860s] copying rover_perception/__init__.py -> /home/joshua/rover_ws/build/rover_perception/build/lib/rover_perception
[0.860s] running install
[0.860s] running install_lib
[0.861s] creating /home/joshua/rover_ws/install/rover_perception/lib/python3.10/site-packages/rover_perception
[0.861s] copying /home/joshua/rover_ws/build/rover_perception/build/lib/rover_perception/pointcloud_preprocessing_node.py -> /home/joshua/rover_ws/install/rover_perception/lib/python3.10/site-packages/rover_perception
[0.861s] copying /home/joshua/rover_ws/build/rover_perception/build/lib/rover_perception/terrain_analysis.py -> /home/joshua/rover_ws/install/rover_perception/lib/python3.10/site-packages/rover_perception
[0.861s] copying /home/joshua/rover_ws/build/rover_perception/build/lib/rover_perception/fake_stereo_camera_node.py -> /home/joshua/rover_ws/install/rover_perception/lib/python3.10/site-packages/rover_perception
[0.862s] copying /home/joshua/rover_ws/build/rover_perception/build/lib/rover_perception/pointcloud_filters.py -> /home/joshua/rover_ws/install/rover_perception/lib/python3.10/site-packages/rover_perception
[0.862s] copying /home/joshua/rover_ws/build/rover_perception/build/lib/rover_perception/global_pointcloud_fusion_node.py -> /home/joshua/rover_ws/install/rover_perception/lib/python3.10/site-packages/rover_perception
[0.862s] copying /home/joshua/rover_ws/build/rover_perception/build/lib/rover_perception/obstacle_grid_node.py -> /home/joshua/rover_ws/install/rover_perception/lib/python3.10/site-packages/rover_perception
[0.862s] copying /home/joshua/rover_ws/build/rover_perception/build/lib/rover_perception/frame_transform_node.py -> /home/joshua/rover_ws/install/rover_perception/lib/python3.10/site-packages/rover_perception
[0.862s] copying /home/joshua/rover_ws/build/rover_perception/build/lib/rover_perception/stereo_pointcloud_node.py -> /home/joshua/rover_ws/install/rover_perception/lib/python3.10/site-packages/rover_perception
[0.862s] copying /home/joshua/rover_ws/build/rover_perception/build/lib/rover_perception/__init__.py -> /home/joshua/rover_ws/install/rover_perception/lib/python3.10/site-packages/rover_perception
[0.862s] byte-compiling /home/joshua/rover_ws/install/rover_perception/lib/python3.10/site-packages/rover_perception/pointcloud_preprocessing_node.py to pointcloud_preprocessing_node.cpython-310.pyc
[0.863s] byte-compiling /home/joshua/rover_ws/install/rover_perception/lib/python3.10/site-packages/rover_perception/terrain_analysis.py to terrain_analysis.cpython-310.pyc
[0.864s] byte-compiling /home/joshua/rover_ws/install/rover_perception/lib/python3.10/site-packages/rover_perception/fake_stereo_camera_node.py to fake_stereo_camera_node.cpython-310.pyc
[0.865s] byte-compiling /home/joshua/rover_ws/install/rover_perception/lib/python3.10/site-packages/rover_perception/pointcloud_filters.py to pointcloud_filters.cpython-310.pyc
[0.866s] byte-compiling /home/joshua/rover_ws/install/rover_perception/lib/python3.10/site-packages/rover_perception/global_pointcloud_fusion_node.py to global_pointcloud_fusion_node.cpython-310.pyc
[0.867s] byte-compiling /home/joshua/rover_ws/install/rover_perception/lib/python3.10/site-packages/rover_perception/obstacle_grid_node.py to obstacle_grid_node.cpython-310.pyc
[0.867s] byte-compiling /home/joshua/rover_ws/install/rover_perception/lib/python3.10/site-packages/rover_perception/frame_transform_node.py to frame_transform_node.cpython-310.pyc
[0.868s] byte-compiling /home/joshua/rover_ws/install/rover_perception/lib/python3.10/site-packages/rover_perception/stereo_pointcloud_node.py to stereo_pointcloud_node.cpython-310.pyc
[0.868s] byte-compiling /home/joshua/rover_ws/install/rover_perception/lib/python3.10/site-packages/rover_perception/__init__.py to __init__.cpython-310.pyc
[0.869s] running install_data
[0.869s] creating /home/joshua/rover_ws/install/rover_perception/share/ament_index
[0.869s] creating /home/joshua/rover_ws/install/rover_perception/share/ament_index/resource_index
[0.869s] creating /home/joshua/rover_ws/install/rover_perception/share/ament_index/resource_index/packages
[0.869s] copying resource/rover_perception -> /home/joshua/rover_ws/install/rover_perception/share/ament_index/resource_index/packages
[0.870s] copying package.xml -> /home/joshua/rover_ws/install/rover_perception/share/rover_perception
[0.870s] creating /home/joshua/rover_ws/install/rover_perception/share/rover_perception/launch
[0.870s] copying launch/stereo_lidar_fusion.launch.py -> /home/joshua/rover_ws/install/rover_perception/share/rover_perception/launch
[0.870s] running install_egg_info
[0.872s] Copying ../../build/rover_perception/rover_perception.egg-info to /home/joshua/rover_ws/install/rover_perception/lib/python3.10/site-packages/rover_perception-0.0.0-py3.10.egg-info
[0.873s] running install_scripts
[0.893s] Installing fake_stereo_camera_node script to /home/joshua/rover_ws/install/rover_perception/lib/rover_perception
[0.894s] Installing frame_transform_node script to /home/joshua/rover_ws/install/rover_perception/lib/rover_perception
[0.894s] Installing global_pointcloud_fusion_node script to /home/joshua/rover_ws/install/rover_perception/lib/rover_perception
[0.894s] Installing obstacle_grid_node script to /home/joshua/rover_ws/install/rover_perception/lib/rover_perception
[0.894s] Installing pointcloud_preprocessing_node script to /home/joshua/rover_ws/install/rover_perception/lib/rover_perception
[0.894s] Installing stereo_pointcloud_node script to /home/joshua/rover_ws/install/rover_perception/lib/rover_perception
[0.894s] writing list of installed files to '/home/joshua/rover_ws/build/rover_perception/install.log'
[0.916s] Invoked command in '/home/joshua/rover_ws/src/rover_perception' returned '0': AMENT_PREFIX_PATH=/home/joshua/rover_ws/install/rover_lidar:${AMENT_PREFIX_PATH} PYTHONPATH=/home/joshua/rover_ws/build/rover_perception/prefix_override:/usr/lib/python3/dist-packages/colcon_core/task/python/colcon_distutils_commands:/home/joshua/rover_ws/install/rover_perception/lib/python3.10/site-packages:/home/joshua/rover_ws/install/rover_lidar/lib/python3.10/site-packages:${PYTHONPATH} /usr/bin/python3 -W ignore:setup.py install is deprecated -W ignore:easy_install command is deprecated setup.py egg_info --egg-base ../../build/rover_perception build --build-base /home/joshua/rover_ws/build/rover_perception/build install --record /home/joshua/rover_ws/build/rover_perception/install.log --single-version-externally-managed install_data
