[1.918s] Invoking command in '/workspaces/IRS_Rover_ROS2_Workspace/rover_ws/src/rover_lidar': PYTHONPATH=/workspaces/IRS_Rover_ROS2_Workspace/rover_ws/build/rover_lidar/prefix_override:/usr/lib/python3/dist-packages/colcon_core/task/python/colcon_distutils_commands:/workspaces/IRS_Rover_ROS2_Workspace/rover_ws/install/rover_lidar/lib/python3.10/site-packages:${PYTHONPATH} /usr/bin/python3 -W ignore:setup.py install is deprecated -W ignore:easy_install command is deprecated setup.py egg_info --egg-base ../../build/rover_lidar build --build-base /workspaces/IRS_Rover_ROS2_Workspace/rover_ws/build/rover_lidar/build install --record /workspaces/IRS_Rover_ROS2_Workspace/rover_ws/build/rover_lidar/install.log --single-version-externally-managed install_data
[2.437s] running egg_info
[2.442s] writing ../../build/rover_lidar/rover_lidar.egg-info/PKG-INFO
[2.444s] writing dependency_links to ../../build/rover_lidar/rover_lidar.egg-info/dependency_links.txt
[2.447s] writing entry points to ../../build/rover_lidar/rover_lidar.egg-info/entry_points.txt
[2.449s] writing requirements to ../../build/rover_lidar/rover_lidar.egg-info/requires.txt
[2.451s] writing top-level names to ../../build/rover_lidar/rover_lidar.egg-info/top_level.txt
[2.461s] reading manifest file '../../build/rover_lidar/rover_lidar.egg-info/SOURCES.txt'
[2.468s] writing manifest file '../../build/rover_lidar/rover_lidar.egg-info/SOURCES.txt'
[2.469s] running build
[2.471s] running build_py
[2.475s] running install
[2.476s] running install_lib
[2.480s] running install_data
[2.481s] running install_egg_info
[2.484s] removing '/workspaces/IRS_Rover_ROS2_Workspace/rover_ws/install/rover_lidar/lib/python3.10/site-packages/rover_lidar-0.0.0-py3.10.egg-info' (and everything under it)
[2.491s] Copying ../../build/rover_lidar/rover_lidar.egg-info to /workspaces/IRS_Rover_ROS2_Workspace/rover_ws/install/rover_lidar/lib/python3.10/site-packages/rover_lidar-0.0.0-py3.10.egg-info
[2.542s] running install_scripts
[2.598s] Installing fake_lidar_node script to /workspaces/IRS_Rover_ROS2_Workspace/rover_ws/install/rover_lidar/lib/rover_lidar
[2.602s] Installing lidar_processing_node script to /workspaces/IRS_Rover_ROS2_Workspace/rover_ws/install/rover_lidar/lib/rover_lidar
[2.606s] writing list of installed files to '/workspaces/IRS_Rover_ROS2_Workspace/rover_ws/build/rover_lidar/install.log'
[2.668s] Invoked command in '/workspaces/IRS_Rover_ROS2_Workspace/rover_ws/src/rover_lidar' returned '0': PYTHONPATH=/workspaces/IRS_Rover_ROS2_Workspace/rover_ws/build/rover_lidar/prefix_override:/usr/lib/python3/dist-packages/colcon_core/task/python/colcon_distutils_commands:/workspaces/IRS_Rover_ROS2_Workspace/rover_ws/install/rover_lidar/lib/python3.10/site-packages:${PYTHONPATH} /usr/bin/python3 -W ignore:setup.py install is deprecated -W ignore:easy_install command is deprecated setup.py egg_info --egg-base ../../build/rover_lidar build --build-base /workspaces/IRS_Rover_ROS2_Workspace/rover_ws/build/rover_lidar/build install --record /workspaces/IRS_Rover_ROS2_Workspace/rover_ws/build/rover_lidar/install.log --single-version-externally-managed install_data
