[0.915s] Invoking command in '/home/joshua/rover_ws/src/rover_control': PYTHONPATH=/home/joshua/rover_ws/build/rover_control/prefix_override:/usr/lib/python3/dist-packages/colcon_core/task/python/colcon_distutils_commands:/home/joshua/rover_ws/install/rover_control/lib/python3.10/site-packages:${PYTHONPATH} /usr/bin/python3 -W ignore:setup.py install is deprecated -W ignore:easy_install command is deprecated setup.py egg_info --egg-base ../../build/rover_control build --build-base /home/joshua/rover_ws/build/rover_control/build install --record /home/joshua/rover_ws/build/rover_control/install.log --single-version-externally-managed install_data
[1.125s] running egg_info
[1.126s] writing ../../build/rover_control/rover_control.egg-info/PKG-INFO
[1.126s] writing dependency_links to ../../build/rover_control/rover_control.egg-info/dependency_links.txt
[1.127s] writing entry points to ../../build/rover_control/rover_control.egg-info/entry_points.txt
[1.127s] writing requirements to ../../build/rover_control/rover_control.egg-info/requires.txt
[1.127s] writing top-level names to ../../build/rover_control/rover_control.egg-info/top_level.txt
[1.130s] reading manifest file '../../build/rover_control/rover_control.egg-info/SOURCES.txt'
[1.131s] writing manifest file '../../build/rover_control/rover_control.egg-info/SOURCES.txt'
[1.132s] running build
[1.132s] running build_py
[1.132s] running install
[1.133s] running install_lib
[1.134s] running install_data
[1.134s] running install_egg_info
[1.136s] removing '/home/joshua/rover_ws/install/rover_control/lib/python3.10/site-packages/rover_control-0.0.0-py3.10.egg-info' (and everything under it)
[1.137s] Copying ../../build/rover_control/rover_control.egg-info to /home/joshua/rover_ws/install/rover_control/lib/python3.10/site-packages/rover_control-0.0.0-py3.10.egg-info
[1.140s] running install_scripts
[1.160s] Installing command_node script to /home/joshua/rover_ws/install/rover_control/lib/rover_control
[1.161s] Installing fake_stm32_bridge_node script to /home/joshua/rover_ws/install/rover_control/lib/rover_control
[1.161s] Installing rover_pose_node script to /home/joshua/rover_ws/install/rover_control/lib/rover_control
[1.162s] Installing wifi_node script to /home/joshua/rover_ws/install/rover_control/lib/rover_control
[1.163s] writing list of installed files to '/home/joshua/rover_ws/build/rover_control/install.log'
[1.207s] Invoked command in '/home/joshua/rover_ws/src/rover_control' returned '0': PYTHONPATH=/home/joshua/rover_ws/build/rover_control/prefix_override:/usr/lib/python3/dist-packages/colcon_core/task/python/colcon_distutils_commands:/home/joshua/rover_ws/install/rover_control/lib/python3.10/site-packages:${PYTHONPATH} /usr/bin/python3 -W ignore:setup.py install is deprecated -W ignore:easy_install command is deprecated setup.py egg_info --egg-base ../../build/rover_control build --build-base /home/joshua/rover_ws/build/rover_control/build install --record /home/joshua/rover_ws/build/rover_control/install.log --single-version-externally-managed install_data
