[2.777s] Invoking command in '/workspaces/IRS_Rover_ROS2_Workspace/rover_ws/src/rover_stereocam': PYTHONPATH=/workspaces/IRS_Rover_ROS2_Workspace/rover_ws/build/rover_stereocam/prefix_override:/usr/lib/python3/dist-packages/colcon_core/task/python/colcon_distutils_commands:/workspaces/IRS_Rover_ROS2_Workspace/rover_ws/install/rover_stereocam/lib/python3.10/site-packages:${PYTHONPATH} /usr/bin/python3 -W ignore:setup.py install is deprecated -W ignore:easy_install command is deprecated setup.py egg_info --egg-base ../../build/rover_stereocam build --build-base /workspaces/IRS_Rover_ROS2_Workspace/rover_ws/build/rover_stereocam/build install --record /workspaces/IRS_Rover_ROS2_Workspace/rover_ws/build/rover_stereocam/install.log --single-version-externally-managed install_data
[3.672s] running egg_info
[3.680s] writing ../../build/rover_stereocam/rover_stereocam.egg-info/PKG-INFO
[3.688s] writing dependency_links to ../../build/rover_stereocam/rover_stereocam.egg-info/dependency_links.txt
[3.719s] writing entry points to ../../build/rover_stereocam/rover_stereocam.egg-info/entry_points.txt
[3.728s] writing requirements to ../../build/rover_stereocam/rover_stereocam.egg-info/requires.txt
[3.738s] writing top-level names to ../../build/rover_stereocam/rover_stereocam.egg-info/top_level.txt
[3.763s] reading manifest file '../../build/rover_stereocam/rover_stereocam.egg-info/SOURCES.txt'
[3.775s] writing manifest file '../../build/rover_stereocam/rover_stereocam.egg-info/SOURCES.txt'
[3.776s] running build
[3.778s] running build_py
[3.780s] running install
[3.782s] running install_lib
[3.785s] running install_data
[3.788s] running install_egg_info
[3.792s] removing '/workspaces/IRS_Rover_ROS2_Workspace/rover_ws/install/rover_stereocam/lib/python3.10/site-packages/rover_stereocam-0.0.0-py3.10.egg-info' (and everything under it)
[3.800s] Copying ../../build/rover_stereocam/rover_stereocam.egg-info to /workspaces/IRS_Rover_ROS2_Workspace/rover_ws/install/rover_stereocam/lib/python3.10/site-packages/rover_stereocam-0.0.0-py3.10.egg-info
[3.898s] running install_scripts
[3.927s] Installing fake_stereo_node script to /workspaces/IRS_Rover_ROS2_Workspace/rover_ws/install/rover_stereocam/lib/rover_stereocam
[3.929s] Installing stereo_processing_node script to /workspaces/IRS_Rover_ROS2_Workspace/rover_ws/install/rover_stereocam/lib/rover_stereocam
[3.931s] writing list of installed files to '/workspaces/IRS_Rover_ROS2_Workspace/rover_ws/build/rover_stereocam/install.log'
[4.275s] Invoked command in '/workspaces/IRS_Rover_ROS2_Workspace/rover_ws/src/rover_stereocam' returned '0': PYTHONPATH=/workspaces/IRS_Rover_ROS2_Workspace/rover_ws/build/rover_stereocam/prefix_override:/usr/lib/python3/dist-packages/colcon_core/task/python/colcon_distutils_commands:/workspaces/IRS_Rover_ROS2_Workspace/rover_ws/install/rover_stereocam/lib/python3.10/site-packages:${PYTHONPATH} /usr/bin/python3 -W ignore:setup.py install is deprecated -W ignore:easy_install command is deprecated setup.py egg_info --egg-base ../../build/rover_stereocam build --build-base /workspaces/IRS_Rover_ROS2_Workspace/rover_ws/build/rover_stereocam/build install --record /workspaces/IRS_Rover_ROS2_Workspace/rover_ws/build/rover_stereocam/install.log --single-version-externally-managed install_data
