[0.215s] DEBUG:colcon:Command line arguments: ['/usr/bin/colcon', 'build']
[0.215s] DEBUG:colcon:Parsed command line arguments: Namespace(log_base=None, log_level=None, verb_name='build', build_base='build', install_base='install', merge_install=False, symlink_install=False, test_result_base=None, continue_on_error=False, executor='parallel', parallel_workers=12, event_handlers=None, ignore_user_meta=False, metas=['./colcon.meta'], base_paths=['.'], packages_ignore=None, packages_ignore_regex=None, paths=None, packages_up_to=None, packages_up_to_regex=None, packages_above=None, packages_above_and_dependencies=None, packages_above_depth=None, packages_select_by_dep=None, packages_skip_by_dep=None, packages_skip_up_to=None, packages_select_build_failed=False, packages_skip_build_finished=False, packages_select_test_failures=False, packages_skip_test_passed=False, packages_select=None, packages_skip=None, packages_select_regex=None, packages_skip_regex=None, packages_start=None, packages_end=None, cmake_args=None, cmake_target=None, cmake_target_skip_unavailable=False, cmake_clean_cache=False, cmake_clean_first=False, cmake_force_configure=False, ament_cmake_args=None, catkin_cmake_args=None, catkin_skip_building_tests=False, mixin_files=None, mixin=None, verb_parser=<colcon_mixin.mixin.mixin_argument.MixinArgumentDecorator object at 0x7fcc72f7d000>, verb_extension=<colcon_core.verb.build.BuildVerb object at 0x7fcc72f7cb50>, main=<bound method BuildVerb.main of <colcon_core.verb.build.BuildVerb object at 0x7fcc72f7cb50>>, mixin_verb=('build',))
[0.398s] Level 1:colcon.colcon_core.package_discovery:discover_packages(colcon_meta) check parameters
[0.399s] INFO:colcon.colcon_metadata.package_discovery.colcon_meta:Using configuration from '/root/.colcon/metadata/default/Gazebo.meta'
[0.400s] INFO:colcon.colcon_metadata.package_discovery.colcon_meta:Using configuration from '/root/.colcon/metadata/default/fastdds.meta'
[0.400s] INFO:colcon.colcon_metadata.package_discovery.colcon_meta:Using configuration from '/root/.colcon/metadata/default/fastrtps.meta'
[0.401s] Level 1:colcon.colcon_core.package_discovery:discover_packages(recursive) check parameters
[0.401s] Level 1:colcon.colcon_core.package_discovery:discover_packages(ignore) check parameters
[0.402s] Level 1:colcon.colcon_core.package_discovery:discover_packages(path) check parameters
[0.402s] Level 1:colcon.colcon_core.package_discovery:discover_packages(colcon_meta) discover
[0.402s] Level 1:colcon.colcon_core.package_discovery:discover_packages(recursive) discover
[0.402s] INFO:colcon.colcon_core.package_discovery:Crawling recursively for packages in '/workspaces/IRS_Rover_ROS2_Workspace/rover_ws'
[0.403s] Level 1:colcon.colcon_core.package_identification:_identify(.) by extensions ['ignore', 'ignore_ament_install']
[0.403s] Level 1:colcon.colcon_core.package_identification:_identify(.) by extension 'ignore'
[0.404s] Level 1:colcon.colcon_core.package_identification:_identify(.) by extension 'ignore_ament_install'
[0.404s] Level 1:colcon.colcon_core.package_identification:_identify(.) by extensions ['colcon_pkg']
[0.404s] Level 1:colcon.colcon_core.package_identification:_identify(.) by extension 'colcon_pkg'
[0.405s] Level 1:colcon.colcon_core.package_identification:_identify(.) by extensions ['colcon_meta']
[0.405s] Level 1:colcon.colcon_core.package_identification:_identify(.) by extension 'colcon_meta'
[0.405s] Level 1:colcon.colcon_core.package_identification:_identify(.) by extensions ['ros']
[0.405s] Level 1:colcon.colcon_core.package_identification:_identify(.) by extension 'ros'
[0.419s] Level 1:colcon.colcon_core.package_identification:_identify(.) by extensions ['cmake', 'python']
[0.419s] Level 1:colcon.colcon_core.package_identification:_identify(.) by extension 'cmake'
[0.420s] Level 1:colcon.colcon_core.package_identification:_identify(.) by extension 'python'
[0.420s] Level 1:colcon.colcon_core.package_identification:_identify(.) by extensions ['python_setup_py']
[0.420s] Level 1:colcon.colcon_core.package_identification:_identify(.) by extension 'python_setup_py'
[0.421s] Level 1:colcon.colcon_core.package_identification:_identify(build) by extensions ['ignore', 'ignore_ament_install']
[0.422s] Level 1:colcon.colcon_core.package_identification:_identify(build) by extension 'ignore'
[0.422s] Level 1:colcon.colcon_core.package_identification:_identify(build) ignored
[0.423s] Level 1:colcon.colcon_core.package_identification:_identify(install) by extensions ['ignore', 'ignore_ament_install']
[0.423s] Level 1:colcon.colcon_core.package_identification:_identify(install) by extension 'ignore'
[0.423s] Level 1:colcon.colcon_core.package_identification:_identify(install) ignored
[0.425s] Level 1:colcon.colcon_core.package_identification:_identify(log) by extensions ['ignore', 'ignore_ament_install']
[0.425s] Level 1:colcon.colcon_core.package_identification:_identify(log) by extension 'ignore'
[0.426s] Level 1:colcon.colcon_core.package_identification:_identify(log) ignored
[0.426s] Level 1:colcon.colcon_core.package_identification:_identify(src) by extensions ['ignore', 'ignore_ament_install']
[0.427s] Level 1:colcon.colcon_core.package_identification:_identify(src) by extension 'ignore'
[0.427s] Level 1:colcon.colcon_core.package_identification:_identify(src) by extension 'ignore_ament_install'
[0.427s] Level 1:colcon.colcon_core.package_identification:_identify(src) by extensions ['colcon_pkg']
[0.428s] Level 1:colcon.colcon_core.package_identification:_identify(src) by extension 'colcon_pkg'
[0.428s] Level 1:colcon.colcon_core.package_identification:_identify(src) by extensions ['colcon_meta']
[0.428s] Level 1:colcon.colcon_core.package_identification:_identify(src) by extension 'colcon_meta'
[0.428s] Level 1:colcon.colcon_core.package_identification:_identify(src) by extensions ['ros']
[0.429s] Level 1:colcon.colcon_core.package_identification:_identify(src) by extension 'ros'
[0.430s] Level 1:colcon.colcon_core.package_identification:_identify(src) by extensions ['cmake', 'python']
[0.430s] Level 1:colcon.colcon_core.package_identification:_identify(src) by extension 'cmake'
[0.430s] Level 1:colcon.colcon_core.package_identification:_identify(src) by extension 'python'
[0.431s] Level 1:colcon.colcon_core.package_identification:_identify(src) by extensions ['python_setup_py']
[0.431s] Level 1:colcon.colcon_core.package_identification:_identify(src) by extension 'python_setup_py'
[0.432s] Level 1:colcon.colcon_core.package_identification:_identify(src/build) by extensions ['ignore', 'ignore_ament_install']
[0.432s] Level 1:colcon.colcon_core.package_identification:_identify(src/build) by extension 'ignore'
[0.432s] Level 1:colcon.colcon_core.package_identification:_identify(src/build) ignored
[0.433s] Level 1:colcon.colcon_core.package_identification:_identify(src/install) by extensions ['ignore', 'ignore_ament_install']
[0.433s] Level 1:colcon.colcon_core.package_identification:_identify(src/install) by extension 'ignore'
[0.433s] Level 1:colcon.colcon_core.package_identification:_identify(src/install) ignored
[0.435s] Level 1:colcon.colcon_core.package_identification:_identify(src/log) by extensions ['ignore', 'ignore_ament_install']
[0.435s] Level 1:colcon.colcon_core.package_identification:_identify(src/log) by extension 'ignore'
[0.435s] Level 1:colcon.colcon_core.package_identification:_identify(src/log) ignored
[0.436s] Level 1:colcon.colcon_core.package_identification:_identify(src/rover_control) by extensions ['ignore', 'ignore_ament_install']
[0.436s] Level 1:colcon.colcon_core.package_identification:_identify(src/rover_control) by extension 'ignore'
[0.436s] Level 1:colcon.colcon_core.package_identification:_identify(src/rover_control) by extension 'ignore_ament_install'
[0.437s] Level 1:colcon.colcon_core.package_identification:_identify(src/rover_control) by extensions ['colcon_pkg']
[0.437s] Level 1:colcon.colcon_core.package_identification:_identify(src/rover_control) by extension 'colcon_pkg'
[0.437s] Level 1:colcon.colcon_core.package_identification:_identify(src/rover_control) by extensions ['colcon_meta']
[0.437s] Level 1:colcon.colcon_core.package_identification:_identify(src/rover_control) by extension 'colcon_meta'
[0.438s] Level 1:colcon.colcon_core.package_identification:_identify(src/rover_control) by extensions ['ros']
[0.438s] Level 1:colcon.colcon_core.package_identification:_identify(src/rover_control) by extension 'ros'
[0.441s] DEBUG:colcon.colcon_core.package_identification:Package 'src/rover_control' with type 'ros.ament_python' and name 'rover_control'
[0.442s] Level 1:colcon.colcon_core.package_identification:_identify(src/rover_control_msgs) by extensions ['ignore', 'ignore_ament_install']
[0.442s] Level 1:colcon.colcon_core.package_identification:_identify(src/rover_control_msgs) by extension 'ignore'
[0.443s] Level 1:colcon.colcon_core.package_identification:_identify(src/rover_control_msgs) by extension 'ignore_ament_install'
[0.443s] Level 1:colcon.colcon_core.package_identification:_identify(src/rover_control_msgs) by extensions ['colcon_pkg']
[0.443s] Level 1:colcon.colcon_core.package_identification:_identify(src/rover_control_msgs) by extension 'colcon_pkg'
[0.444s] Level 1:colcon.colcon_core.package_identification:_identify(src/rover_control_msgs) by extensions ['colcon_meta']
[0.444s] Level 1:colcon.colcon_core.package_identification:_identify(src/rover_control_msgs) by extension 'colcon_meta'
[0.444s] Level 1:colcon.colcon_core.package_identification:_identify(src/rover_control_msgs) by extensions ['ros']
[0.444s] Level 1:colcon.colcon_core.package_identification:_identify(src/rover_control_msgs) by extension 'ros'
[0.445s] DEBUG:colcon.colcon_core.package_identification:Package 'src/rover_control_msgs' with type 'ros.ament_cmake' and name 'rover_control_msgs'
[0.446s] Level 1:colcon.colcon_core.package_identification:_identify(src/rover_lidar) by extensions ['ignore', 'ignore_ament_install']
[0.446s] Level 1:colcon.colcon_core.package_identification:_identify(src/rover_lidar) by extension 'ignore'
[0.447s] Level 1:colcon.colcon_core.package_identification:_identify(src/rover_lidar) by extension 'ignore_ament_install'
[0.447s] Level 1:colcon.colcon_core.package_identification:_identify(src/rover_lidar) by extensions ['colcon_pkg']
[0.447s] Level 1:colcon.colcon_core.package_identification:_identify(src/rover_lidar) by extension 'colcon_pkg'
[0.448s] Level 1:colcon.colcon_core.package_identification:_identify(src/rover_lidar) by extensions ['colcon_meta']
[0.448s] Level 1:colcon.colcon_core.package_identification:_identify(src/rover_lidar) by extension 'colcon_meta'
[0.448s] Level 1:colcon.colcon_core.package_identification:_identify(src/rover_lidar) by extensions ['ros']
[0.448s] Level 1:colcon.colcon_core.package_identification:_identify(src/rover_lidar) by extension 'ros'
[0.450s] DEBUG:colcon.colcon_core.package_identification:Package 'src/rover_lidar' with type 'ros.ament_python' and name 'rover_lidar'
[0.451s] Level 1:colcon.colcon_core.package_identification:_identify(src/rover_perception) by extensions ['ignore', 'ignore_ament_install']
[0.451s] Level 1:colcon.colcon_core.package_identification:_identify(src/rover_perception) by extension 'ignore'
[0.452s] Level 1:colcon.colcon_core.package_identification:_identify(src/rover_perception) by extension 'ignore_ament_install'
[0.452s] Level 1:colcon.colcon_core.package_identification:_identify(src/rover_perception) by extensions ['colcon_pkg']
[0.452s] Level 1:colcon.colcon_core.package_identification:_identify(src/rover_perception) by extension 'colcon_pkg'
[0.453s] Level 1:colcon.colcon_core.package_identification:_identify(src/rover_perception) by extensions ['colcon_meta']
[0.453s] Level 1:colcon.colcon_core.package_identification:_identify(src/rover_perception) by extension 'colcon_meta'
[0.453s] Level 1:colcon.colcon_core.package_identification:_identify(src/rover_perception) by extensions ['ros']
[0.453s] Level 1:colcon.colcon_core.package_identification:_identify(src/rover_perception) by extension 'ros'
[0.456s] DEBUG:colcon.colcon_core.package_identification:Package 'src/rover_perception' with type 'ros.ament_python' and name 'rover_perception'
[0.457s] Level 1:colcon.colcon_core.package_identification:_identify(src/rover_perception_msgs) by extensions ['ignore', 'ignore_ament_install']
[0.457s] Level 1:colcon.colcon_core.package_identification:_identify(src/rover_perception_msgs) by extension 'ignore'
[0.457s] Level 1:colcon.colcon_core.package_identification:_identify(src/rover_perception_msgs) by extension 'ignore_ament_install'
[0.458s] Level 1:colcon.colcon_core.package_identification:_identify(src/rover_perception_msgs) by extensions ['colcon_pkg']
[0.458s] Level 1:colcon.colcon_core.package_identification:_identify(src/rover_perception_msgs) by extension 'colcon_pkg'
[0.458s] Level 1:colcon.colcon_core.package_identification:_identify(src/rover_perception_msgs) by extensions ['colcon_meta']
[0.458s] Level 1:colcon.colcon_core.package_identification:_identify(src/rover_perception_msgs) by extension 'colcon_meta'
[0.458s] Level 1:colcon.colcon_core.package_identification:_identify(src/rover_perception_msgs) by extensions ['ros']
[0.459s] Level 1:colcon.colcon_core.package_identification:_identify(src/rover_perception_msgs) by extension 'ros'
[0.459s] Level 1:colcon.colcon_core.package_identification:_identify(src/rover_perception_msgs) by extensions ['cmake', 'python']
[0.459s] Level 1:colcon.colcon_core.package_identification:_identify(src/rover_perception_msgs) by extension 'cmake'
[0.460s] Level 1:colcon.colcon_core.package_identification:_identify(src/rover_perception_msgs) by extension 'python'
[0.460s] Level 1:colcon.colcon_core.package_identification:_identify(src/rover_perception_msgs) by extensions ['python_setup_py']
[0.460s] Level 1:colcon.colcon_core.package_identification:_identify(src/rover_perception_msgs) by extension 'python_setup_py'
[0.461s] Level 1:colcon.colcon_core.package_identification:_identify(src/rover_perception_msgs/msg) by extensions ['ignore', 'ignore_ament_install']
[0.461s] Level 1:colcon.colcon_core.package_identification:_identify(src/rover_perception_msgs/msg) by extension 'ignore'
[0.462s] Level 1:colcon.colcon_core.package_identification:_identify(src/rover_perception_msgs/msg) by extension 'ignore_ament_install'
[0.462s] Level 1:colcon.colcon_core.package_identification:_identify(src/rover_perception_msgs/msg) by extensions ['colcon_pkg']
[0.462s] Level 1:colcon.colcon_core.package_identification:_identify(src/rover_perception_msgs/msg) by extension 'colcon_pkg'
[0.462s] Level 1:colcon.colcon_core.package_identification:_identify(src/rover_perception_msgs/msg) by extensions ['colcon_meta']
[0.462s] Level 1:colcon.colcon_core.package_identification:_identify(src/rover_perception_msgs/msg) by extension 'colcon_meta'
[0.463s] Level 1:colcon.colcon_core.package_identification:_identify(src/rover_perception_msgs/msg) by extensions ['ros']
[0.463s] Level 1:colcon.colcon_core.package_identification:_identify(src/rover_perception_msgs/msg) by extension 'ros'
[0.463s] Level 1:colcon.colcon_core.package_identification:_identify(src/rover_perception_msgs/msg) by extensions ['cmake', 'python']
[0.464s] Level 1:colcon.colcon_core.package_identification:_identify(src/rover_perception_msgs/msg) by extension 'cmake'
[0.464s] Level 1:colcon.colcon_core.package_identification:_identify(src/rover_perception_msgs/msg) by extension 'python'
[0.464s] Level 1:colcon.colcon_core.package_identification:_identify(src/rover_perception_msgs/msg) by extensions ['python_setup_py']
[0.464s] Level 1:colcon.colcon_core.package_identification:_identify(src/rover_perception_msgs/msg) by extension 'python_setup_py'
[0.465s] Level 1:colcon.colcon_core.package_identification:_identify(src/rover_stereocam) by extensions ['ignore', 'ignore_ament_install']
[0.465s] Level 1:colcon.colcon_core.package_identification:_identify(src/rover_stereocam) by extension 'ignore'
[0.466s] Level 1:colcon.colcon_core.package_identification:_identify(src/rover_stereocam) by extension 'ignore_ament_install'
[0.466s] Level 1:colcon.colcon_core.package_identification:_identify(src/rover_stereocam) by extensions ['colcon_pkg']
[0.467s] Level 1:colcon.colcon_core.package_identification:_identify(src/rover_stereocam) by extension 'colcon_pkg'
[0.467s] Level 1:colcon.colcon_core.package_identification:_identify(src/rover_stereocam) by extensions ['colcon_meta']
[0.467s] Level 1:colcon.colcon_core.package_identification:_identify(src/rover_stereocam) by extension 'colcon_meta'
[0.467s] Level 1:colcon.colcon_core.package_identification:_identify(src/rover_stereocam) by extensions ['ros']
[0.468s] Level 1:colcon.colcon_core.package_identification:_identify(src/rover_stereocam) by extension 'ros'
[0.469s] DEBUG:colcon.colcon_core.package_identification:Package 'src/rover_stereocam' with type 'ros.ament_python' and name 'rover_stereocam'
[0.470s] Level 1:colcon.colcon_core.package_discovery:discover_packages(recursive) using defaults
[0.470s] Level 1:colcon.colcon_core.package_discovery:discover_packages(ignore) discover
[0.470s] Level 1:colcon.colcon_core.package_discovery:discover_packages(ignore) using defaults
[0.470s] Level 1:colcon.colcon_core.package_discovery:discover_packages(path) discover
[0.470s] Level 1:colcon.colcon_core.package_discovery:discover_packages(path) using defaults
[0.502s] Level 5:colcon.colcon_core.verb:set package 'rover_control' build argument 'cmake_args' from command line to 'None'
[0.503s] Level 5:colcon.colcon_core.verb:set package 'rover_control' build argument 'cmake_target' from command line to 'None'
[0.503s] Level 5:colcon.colcon_core.verb:set package 'rover_control' build argument 'cmake_target_skip_unavailable' from command line to 'False'
[0.503s] Level 5:colcon.colcon_core.verb:set package 'rover_control' build argument 'cmake_clean_cache' from command line to 'False'
[0.503s] Level 5:colcon.colcon_core.verb:set package 'rover_control' build argument 'cmake_clean_first' from command line to 'False'
[0.504s] Level 5:colcon.colcon_core.verb:set package 'rover_control' build argument 'cmake_force_configure' from command line to 'False'
[0.504s] Level 5:colcon.colcon_core.verb:set package 'rover_control' build argument 'ament_cmake_args' from command line to 'None'
[0.504s] Level 5:colcon.colcon_core.verb:set package 'rover_control' build argument 'catkin_cmake_args' from command line to 'None'
[0.504s] Level 5:colcon.colcon_core.verb:set package 'rover_control' build argument 'catkin_skip_building_tests' from command line to 'False'
[0.505s] DEBUG:colcon.colcon_core.verb:Building package 'rover_control' with the following arguments: {'ament_cmake_args': None, 'build_base': '/workspaces/IRS_Rover_ROS2_Workspace/rover_ws/build/rover_control', 'catkin_cmake_args': None, 'catkin_skip_building_tests': False, 'cmake_args': None, 'cmake_clean_cache': False, 'cmake_clean_first': False, 'cmake_force_configure': False, 'cmake_target': None, 'cmake_target_skip_unavailable': False, 'install_base': '/workspaces/IRS_Rover_ROS2_Workspace/rover_ws/install/rover_control', 'merge_install': False, 'path': '/workspaces/IRS_Rover_ROS2_Workspace/rover_ws/src/rover_control', 'symlink_install': False, 'test_result_base': None}
[0.506s] Level 5:colcon.colcon_core.verb:set package 'rover_control_msgs' build argument 'cmake_args' from command line to 'None'
[0.506s] Level 5:colcon.colcon_core.verb:set package 'rover_control_msgs' build argument 'cmake_target' from command line to 'None'
[0.506s] Level 5:colcon.colcon_core.verb:set package 'rover_control_msgs' build argument 'cmake_target_skip_unavailable' from command line to 'False'
[0.506s] Level 5:colcon.colcon_core.verb:set package 'rover_control_msgs' build argument 'cmake_clean_cache' from command line to 'False'
[0.507s] Level 5:colcon.colcon_core.verb:set package 'rover_control_msgs' build argument 'cmake_clean_first' from command line to 'False'
[0.507s] Level 5:colcon.colcon_core.verb:set package 'rover_control_msgs' build argument 'cmake_force_configure' from command line to 'False'
[0.507s] Level 5:colcon.colcon_core.verb:set package 'rover_control_msgs' build argument 'ament_cmake_args' from command line to 'None'
[0.507s] Level 5:colcon.colcon_core.verb:set package 'rover_control_msgs' build argument 'catkin_cmake_args' from command line to 'None'
[0.507s] Level 5:colcon.colcon_core.verb:set package 'rover_control_msgs' build argument 'catkin_skip_building_tests' from command line to 'False'
[0.508s] DEBUG:colcon.colcon_core.verb:Building package 'rover_control_msgs' with the following arguments: {'ament_cmake_args': None, 'build_base': '/workspaces/IRS_Rover_ROS2_Workspace/rover_ws/build/rover_control_msgs', 'catkin_cmake_args': None, 'catkin_skip_building_tests': False, 'cmake_args': None, 'cmake_clean_cache': False, 'cmake_clean_first': False, 'cmake_force_configure': False, 'cmake_target': None, 'cmake_target_skip_unavailable': False, 'install_base': '/workspaces/IRS_Rover_ROS2_Workspace/rover_ws/install/rover_control_msgs', 'merge_install': False, 'path': '/workspaces/IRS_Rover_ROS2_Workspace/rover_ws/src/rover_control_msgs', 'symlink_install': False, 'test_result_base': None}
[0.509s] Level 5:colcon.colcon_core.verb:set package 'rover_lidar' build argument 'cmake_args' from command line to 'None'
[0.509s] Level 5:colcon.colcon_core.verb:set package 'rover_lidar' build argument 'cmake_target' from command line to 'None'
[0.509s] Level 5:colcon.colcon_core.verb:set package 'rover_lidar' build argument 'cmake_target_skip_unavailable' from command line to 'False'
[0.510s] Level 5:colcon.colcon_core.verb:set package 'rover_lidar' build argument 'cmake_clean_cache' from command line to 'False'
[0.510s] Level 5:colcon.colcon_core.verb:set package 'rover_lidar' build argument 'cmake_clean_first' from command line to 'False'
[0.510s] Level 5:colcon.colcon_core.verb:set package 'rover_lidar' build argument 'cmake_force_configure' from command line to 'False'
[0.510s] Level 5:colcon.colcon_core.verb:set package 'rover_lidar' build argument 'ament_cmake_args' from command line to 'None'
[0.510s] Level 5:colcon.colcon_core.verb:set package 'rover_lidar' build argument 'catkin_cmake_args' from command line to 'None'
[0.510s] Level 5:colcon.colcon_core.verb:set package 'rover_lidar' build argument 'catkin_skip_building_tests' from command line to 'False'
[0.511s] DEBUG:colcon.colcon_core.verb:Building package 'rover_lidar' with the following arguments: {'ament_cmake_args': None, 'build_base': '/workspaces/IRS_Rover_ROS2_Workspace/rover_ws/build/rover_lidar', 'catkin_cmake_args': None, 'catkin_skip_building_tests': False, 'cmake_args': None, 'cmake_clean_cache': False, 'cmake_clean_first': False, 'cmake_force_configure': False, 'cmake_target': None, 'cmake_target_skip_unavailable': False, 'install_base': '/workspaces/IRS_Rover_ROS2_Workspace/rover_ws/install/rover_lidar', 'merge_install': False, 'path': '/workspaces/IRS_Rover_ROS2_Workspace/rover_ws/src/rover_lidar', 'symlink_install': False, 'test_result_base': None}
[0.511s] Level 5:colcon.colcon_core.verb:set package 'rover_stereocam' build argument 'cmake_args' from command line to 'None'
[0.512s] Level 5:colcon.colcon_core.verb:set package 'rover_stereocam' build argument 'cmake_target' from command line to 'None'
[0.512s] Level 5:colcon.colcon_core.verb:set package 'rover_stereocam' build argument 'cmake_target_skip_unavailable' from command line to 'False'
[0.512s] Level 5:colcon.colcon_core.verb:set package 'rover_stereocam' build argument 'cmake_clean_cache' from command line to 'False'
[0.512s] Level 5:colcon.colcon_core.verb:set package 'rover_stereocam' build argument 'cmake_clean_first' from command line to 'False'
[0.512s] Level 5:colcon.colcon_core.verb:set package 'rover_stereocam' build argument 'cmake_force_configure' from command line to 'False'
[0.512s] Level 5:colcon.colcon_core.verb:set package 'rover_stereocam' build argument 'ament_cmake_args' from command line to 'None'
[0.513s] Level 5:colcon.colcon_core.verb:set package 'rover_stereocam' build argument 'catkin_cmake_args' from command line to 'None'
[0.513s] Level 5:colcon.colcon_core.verb:set package 'rover_stereocam' build argument 'catkin_skip_building_tests' from command line to 'False'
[0.513s] DEBUG:colcon.colcon_core.verb:Building package 'rover_stereocam' with the following arguments: {'ament_cmake_args': None, 'build_base': '/workspaces/IRS_Rover_ROS2_Workspace/rover_ws/build/rover_stereocam', 'catkin_cmake_args': None, 'catkin_skip_building_tests': False, 'cmake_args': None, 'cmake_clean_cache': False, 'cmake_clean_first': False, 'cmake_force_configure': False, 'cmake_target': None, 'cmake_target_skip_unavailable': False, 'install_base': '/workspaces/IRS_Rover_ROS2_Workspace/rover_ws/install/rover_stereocam', 'merge_install': False, 'path': '/workspaces/IRS_Rover_ROS2_Workspace/rover_ws/src/rover_stereocam', 'symlink_install': False, 'test_result_base': None}
[0.514s] Level 5:colcon.colcon_core.verb:set package 'rover_perception' build argument 'cmake_args' from command line to 'None'
[0.514s] Level 5:colcon.colcon_core.verb:set package 'rover_perception' build argument 'cmake_target' from command line to 'None'
[0.514s] Level 5:colcon.colcon_core.verb:set package 'rover_perception' build argument 'cmake_target_skip_unavailable' from command line to 'False'
[0.514s] Level 5:colcon.colcon_core.verb:set package 'rover_perception' build argument 'cmake_clean_cache' from command line to 'False'
[0.514s] Level 5:colcon.colcon_core.verb:set package 'rover_perception' build argument 'cmake_clean_first' from command line to 'False'
[0.515s] Level 5:colcon.colcon_core.verb:set package 'rover_perception' build argument 'cmake_force_configure' from command line to 'False'
[0.515s] Level 5:colcon.colcon_core.verb:set package 'rover_perception' build argument 'ament_cmake_args' from command line to 'None'
[0.515s] Level 5:colcon.colcon_core.verb:set package 'rover_perception' build argument 'catkin_cmake_args' from command line to 'None'
[0.515s] Level 5:colcon.colcon_core.verb:set package 'rover_perception' build argument 'catkin_skip_building_tests' from command line to 'False'
[0.516s] DEBUG:colcon.colcon_core.verb:Building package 'rover_perception' with the following arguments: {'ament_cmake_args': None, 'build_base': '/workspaces/IRS_Rover_ROS2_Workspace/rover_ws/build/rover_perception', 'catkin_cmake_args': None, 'catkin_skip_building_tests': False, 'cmake_args': None, 'cmake_clean_cache': False, 'cmake_clean_first': False, 'cmake_force_configure': False, 'cmake_target': None, 'cmake_target_skip_unavailable': False, 'install_base': '/workspaces/IRS_Rover_ROS2_Workspace/rover_ws/install/rover_perception', 'merge_install': False, 'path': '/workspaces/IRS_Rover_ROS2_Workspace/rover_ws/src/rover_perception', 'symlink_install': False, 'test_result_base': None}
[0.516s] INFO:colcon.colcon_core.executor:Executing jobs using 'parallel' executor
[0.518s] DEBUG:colcon.colcon_parallel_executor.executor.parallel:run_until_complete
[0.518s] INFO:colcon.colcon_ros.task.ament_python.build:Building ROS package in '/workspaces/IRS_Rover_ROS2_Workspace/rover_ws/src/rover_lidar' with build type 'ament_python'
[0.518s] Level 1:colcon.colcon_core.shell:create_environment_hook('rover_lidar', 'ament_prefix_path')
[0.522s] INFO:colcon.colcon_core.plugin_system:Skipping extension 'colcon_core.shell.bat': Not used on non-Windows systems
[0.522s] INFO:colcon.colcon_core.shell:Creating environment hook '/workspaces/IRS_Rover_ROS2_Workspace/rover_ws/install/rover_lidar/share/rover_lidar/hook/ament_prefix_path.ps1'
[0.525s] INFO:colcon.colcon_core.shell:Creating environment descriptor '/workspaces/IRS_Rover_ROS2_Workspace/rover_ws/install/rover_lidar/share/rover_lidar/hook/ament_prefix_path.dsv'
[0.527s] INFO:colcon.colcon_core.shell:Creating environment hook '/workspaces/IRS_Rover_ROS2_Workspace/rover_ws/install/rover_lidar/share/rover_lidar/hook/ament_prefix_path.sh'
[0.530s] INFO:colcon.colcon_core.shell:Skip shell extension 'powershell' for command environment: Not usable outside of PowerShell
[0.531s] DEBUG:colcon.colcon_core.shell:Skip shell extension 'dsv' for command environment
[0.554s] INFO:colcon.colcon_ros.task.ament_python.build:Building ROS package in '/workspaces/IRS_Rover_ROS2_Workspace/rover_ws/src/rover_control' with build type 'ament_python'
[0.555s] Level 1:colcon.colcon_core.shell:create_environment_hook('rover_control', 'ament_prefix_path')
[0.555s] INFO:colcon.colcon_core.shell:Creating environment hook '/workspaces/IRS_Rover_ROS2_Workspace/rover_ws/install/rover_control/share/rover_control/hook/ament_prefix_path.ps1'
[0.558s] INFO:colcon.colcon_core.shell:Creating environment descriptor '/workspaces/IRS_Rover_ROS2_Workspace/rover_ws/install/rover_control/share/rover_control/hook/ament_prefix_path.dsv'
[0.560s] INFO:colcon.colcon_core.shell:Creating environment hook '/workspaces/IRS_Rover_ROS2_Workspace/rover_ws/install/rover_control/share/rover_control/hook/ament_prefix_path.sh'
[0.562s] INFO:colcon.colcon_core.shell:Skip shell extension 'powershell' for command environment: Not usable outside of PowerShell
[0.563s] DEBUG:colcon.colcon_core.shell:Skip shell extension 'dsv' for command environment
[0.587s] INFO:colcon.colcon_ros.task.ament_cmake.build:Building ROS package in '/workspaces/IRS_Rover_ROS2_Workspace/rover_ws/src/rover_control_msgs' with build type 'ament_cmake'
[0.588s] INFO:colcon.colcon_cmake.task.cmake.build:Building CMake package in '/workspaces/IRS_Rover_ROS2_Workspace/rover_ws/src/rover_control_msgs'
[0.589s] INFO:colcon.colcon_core.shell:Skip shell extension 'powershell' for command environment: Not usable outside of PowerShell
[0.589s] DEBUG:colcon.colcon_core.shell:Skip shell extension 'dsv' for command environment
[0.610s] INFO:colcon.colcon_ros.task.ament_python.build:Building ROS package in '/workspaces/IRS_Rover_ROS2_Workspace/rover_ws/src/rover_stereocam' with build type 'ament_python'
[0.610s] Level 1:colcon.colcon_core.shell:create_environment_hook('rover_stereocam', 'ament_prefix_path')
[0.611s] INFO:colcon.colcon_core.shell:Creating environment hook '/workspaces/IRS_Rover_ROS2_Workspace/rover_ws/install/rover_stereocam/share/rover_stereocam/hook/ament_prefix_path.ps1'
[0.614s] INFO:colcon.colcon_core.shell:Creating environment descriptor '/workspaces/IRS_Rover_ROS2_Workspace/rover_ws/install/rover_stereocam/share/rover_stereocam/hook/ament_prefix_path.dsv'
[0.617s] INFO:colcon.colcon_core.shell:Creating environment hook '/workspaces/IRS_Rover_ROS2_Workspace/rover_ws/install/rover_stereocam/share/rover_stereocam/hook/ament_prefix_path.sh'
[0.622s] INFO:colcon.colcon_core.shell:Skip shell extension 'powershell' for command environment: Not usable outside of PowerShell
[0.622s] DEBUG:colcon.colcon_core.shell:Skip shell extension 'dsv' for command environment
[1.074s] INFO:colcon.colcon_core.task.python.build:Building Python package in '/workspaces/IRS_Rover_ROS2_Workspace/rover_ws/src/rover_lidar'
[1.074s] INFO:colcon.colcon_core.shell:Skip shell extension 'powershell' for command environment: Not usable outside of PowerShell
[1.075s] DEBUG:colcon.colcon_core.shell:Skip shell extension 'dsv' for command environment
[1.544s] INFO:colcon.colcon_core.task.python.build:Building Python package in '/workspaces/IRS_Rover_ROS2_Workspace/rover_ws/src/rover_control'
[1.545s] INFO:colcon.colcon_core.shell:Skip shell extension 'powershell' for command environment: Not usable outside of PowerShell
[1.545s] DEBUG:colcon.colcon_core.shell:Skip shell extension 'dsv' for command environment
[1.580s] DEBUG:colcon.colcon_core.event_handler.log_command:Invoking command in '/workspaces/IRS_Rover_ROS2_Workspace/rover_ws/build/rover_control_msgs': CMAKE_PREFIX_PATH=${CMAKE_PREFIX_PATH}:/workspaces/IRS_Rover_ROS2_Workspace/rover_ws/install/rover_stereocam:/workspaces/IRS_Rover_ROS2_Workspace/rover_ws/install/rover_perception:/workspaces/IRS_Rover_ROS2_Workspace/rover_ws/install/rover_lidar:/workspaces/IRS_Rover_ROS2_Workspace/rover_ws/install/rover_control:/opt/ros/humble /usr/bin/cmake --build /workspaces/IRS_Rover_ROS2_Workspace/rover_ws/build/rover_control_msgs -- -j12 -l12
[2.072s] INFO:colcon.colcon_core.task.python.build:Building Python package in '/workspaces/IRS_Rover_ROS2_Workspace/rover_ws/src/rover_stereocam'
[2.073s] INFO:colcon.colcon_core.shell:Skip shell extension 'powershell' for command environment: Not usable outside of PowerShell
[2.073s] DEBUG:colcon.colcon_core.shell:Skip shell extension 'dsv' for command environment
[3.300s] DEBUG:colcon.colcon_core.event_handler.log_command:Invoking command in '/workspaces/IRS_Rover_ROS2_Workspace/rover_ws/src/rover_control': PYTHONPATH=/workspaces/IRS_Rover_ROS2_Workspace/rover_ws/build/rover_control/prefix_override:/usr/lib/python3/dist-packages/colcon_core/task/python/colcon_distutils_commands:/workspaces/IRS_Rover_ROS2_Workspace/rover_ws/install/rover_control/lib/python3.10/site-packages:${PYTHONPATH} /usr/bin/python3 -W ignore:setup.py install is deprecated -W ignore:easy_install command is deprecated setup.py egg_info --egg-base ../../build/rover_control build --build-base /workspaces/IRS_Rover_ROS2_Workspace/rover_ws/build/rover_control/build install --record /workspaces/IRS_Rover_ROS2_Workspace/rover_ws/build/rover_control/install.log --single-version-externally-managed install_data
[3.368s] DEBUG:colcon.colcon_core.event_handler.log_command:Invoking command in '/workspaces/IRS_Rover_ROS2_Workspace/rover_ws/src/rover_lidar': PYTHONPATH=/workspaces/IRS_Rover_ROS2_Workspace/rover_ws/build/rover_lidar/prefix_override:/usr/lib/python3/dist-packages/colcon_core/task/python/colcon_distutils_commands:/workspaces/IRS_Rover_ROS2_Workspace/rover_ws/install/rover_lidar/lib/python3.10/site-packages:${PYTHONPATH} /usr/bin/python3 -W ignore:setup.py install is deprecated -W ignore:easy_install command is deprecated setup.py egg_info --egg-base ../../build/rover_lidar build --build-base /workspaces/IRS_Rover_ROS2_Workspace/rover_ws/build/rover_lidar/build install --record /workspaces/IRS_Rover_ROS2_Workspace/rover_ws/build/rover_lidar/install.log --single-version-externally-managed install_data
[3.388s] DEBUG:colcon.colcon_core.event_handler.log_command:Invoking command in '/workspaces/IRS_Rover_ROS2_Workspace/rover_ws/src/rover_stereocam': PYTHONPATH=/workspaces/IRS_Rover_ROS2_Workspace/rover_ws/build/rover_stereocam/prefix_override:/usr/lib/python3/dist-packages/colcon_core/task/python/colcon_distutils_commands:/workspaces/IRS_Rover_ROS2_Workspace/rover_ws/install/rover_stereocam/lib/python3.10/site-packages:${PYTHONPATH} /usr/bin/python3 -W ignore:setup.py install is deprecated -W ignore:easy_install command is deprecated setup.py egg_info --egg-base ../../build/rover_stereocam build --build-base /workspaces/IRS_Rover_ROS2_Workspace/rover_ws/build/rover_stereocam/build install --record /workspaces/IRS_Rover_ROS2_Workspace/rover_ws/build/rover_stereocam/install.log --single-version-externally-managed install_data
[3.457s] DEBUG:colcon.colcon_core.event_handler.log_command:Invoked command in '/workspaces/IRS_Rover_ROS2_Workspace/rover_ws/build/rover_control_msgs' returned '0': CMAKE_PREFIX_PATH=${CMAKE_PREFIX_PATH}:/workspaces/IRS_Rover_ROS2_Workspace/rover_ws/install/rover_stereocam:/workspaces/IRS_Rover_ROS2_Workspace/rover_ws/install/rover_perception:/workspaces/IRS_Rover_ROS2_Workspace/rover_ws/install/rover_lidar:/workspaces/IRS_Rover_ROS2_Workspace/rover_ws/install/rover_control:/opt/ros/humble /usr/bin/cmake --build /workspaces/IRS_Rover_ROS2_Workspace/rover_ws/build/rover_control_msgs -- -j12 -l12
[3.506s] DEBUG:colcon.colcon_core.event_handler.log_command:Invoking command in '/workspaces/IRS_Rover_ROS2_Workspace/rover_ws/build/rover_control_msgs': CMAKE_PREFIX_PATH=${CMAKE_PREFIX_PATH}:/workspaces/IRS_Rover_ROS2_Workspace/rover_ws/install/rover_stereocam:/workspaces/IRS_Rover_ROS2_Workspace/rover_ws/install/rover_perception:/workspaces/IRS_Rover_ROS2_Workspace/rover_ws/install/rover_lidar:/workspaces/IRS_Rover_ROS2_Workspace/rover_ws/install/rover_control:/opt/ros/humble /usr/bin/cmake --install /workspaces/IRS_Rover_ROS2_Workspace/rover_ws/build/rover_control_msgs
[4.425s] Level 1:colcon.colcon_core.environment:create_environment_scripts_only(rover_control_msgs)
[4.443s] Level 1:colcon.colcon_core.environment:checking '/workspaces/IRS_Rover_ROS2_Workspace/rover_ws/install/rover_control_msgs' for CMake module files
[4.476s] Level 1:colcon.colcon_core.environment:checking '/workspaces/IRS_Rover_ROS2_Workspace/rover_ws/install/rover_control_msgs' for CMake config files
[4.524s] DEBUG:colcon.colcon_core.event_handler.log_command:Invoked command in '/workspaces/IRS_Rover_ROS2_Workspace/rover_ws/build/rover_control_msgs' returned '0': CMAKE_PREFIX_PATH=${CMAKE_PREFIX_PATH}:/workspaces/IRS_Rover_ROS2_Workspace/rover_ws/install/rover_stereocam:/workspaces/IRS_Rover_ROS2_Workspace/rover_ws/install/rover_perception:/workspaces/IRS_Rover_ROS2_Workspace/rover_ws/install/rover_lidar:/workspaces/IRS_Rover_ROS2_Workspace/rover_ws/install/rover_control:/opt/ros/humble /usr/bin/cmake --install /workspaces/IRS_Rover_ROS2_Workspace/rover_ws/build/rover_control_msgs
[4.528s] Level 1:colcon.colcon_core.shell:create_environment_hook('rover_control_msgs', 'cmake_prefix_path')
[4.529s] INFO:colcon.colcon_core.shell:Creating environment hook '/workspaces/IRS_Rover_ROS2_Workspace/rover_ws/install/rover_control_msgs/share/rover_control_msgs/hook/cmake_prefix_path.ps1'
[4.534s] INFO:colcon.colcon_core.shell:Creating environment descriptor '/workspaces/IRS_Rover_ROS2_Workspace/rover_ws/install/rover_control_msgs/share/rover_control_msgs/hook/cmake_prefix_path.dsv'
[4.539s] INFO:colcon.colcon_core.shell:Creating environment hook '/workspaces/IRS_Rover_ROS2_Workspace/rover_ws/install/rover_control_msgs/share/rover_control_msgs/hook/cmake_prefix_path.sh'
[4.547s] Level 1:colcon.colcon_core.environment:checking '/workspaces/IRS_Rover_ROS2_Workspace/rover_ws/install/rover_control_msgs/lib'
[4.549s] Level 1:colcon.colcon_core.shell:create_environment_hook('rover_control_msgs', 'ld_library_path_lib')
[4.550s] INFO:colcon.colcon_core.shell:Creating environment hook '/workspaces/IRS_Rover_ROS2_Workspace/rover_ws/install/rover_control_msgs/share/rover_control_msgs/hook/ld_library_path_lib.ps1'
[4.555s] INFO:colcon.colcon_core.shell:Creating environment descriptor '/workspaces/IRS_Rover_ROS2_Workspace/rover_ws/install/rover_control_msgs/share/rover_control_msgs/hook/ld_library_path_lib.dsv'
[4.559s] INFO:colcon.colcon_core.shell:Creating environment hook '/workspaces/IRS_Rover_ROS2_Workspace/rover_ws/install/rover_control_msgs/share/rover_control_msgs/hook/ld_library_path_lib.sh'
[4.562s] Level 1:colcon.colcon_core.environment:checking '/workspaces/IRS_Rover_ROS2_Workspace/rover_ws/install/rover_control_msgs/bin'
[4.563s] Level 1:colcon.colcon_core.environment:checking '/workspaces/IRS_Rover_ROS2_Workspace/rover_ws/install/rover_control_msgs/lib/pkgconfig/rover_control_msgs.pc'
[4.564s] Level 1:colcon.colcon_core.environment:checking '/workspaces/IRS_Rover_ROS2_Workspace/rover_ws/install/rover_control_msgs/lib/python3.10/site-packages'
[4.565s] Level 1:colcon.colcon_core.environment:checking '/workspaces/IRS_Rover_ROS2_Workspace/rover_ws/install/rover_control_msgs/bin'
[4.567s] INFO:colcon.colcon_core.shell:Creating package script '/workspaces/IRS_Rover_ROS2_Workspace/rover_ws/install/rover_control_msgs/share/rover_control_msgs/package.ps1'
[4.573s] INFO:colcon.colcon_core.shell:Creating package descriptor '/workspaces/IRS_Rover_ROS2_Workspace/rover_ws/install/rover_control_msgs/share/rover_control_msgs/package.dsv'
[4.576s] INFO:colcon.colcon_core.shell:Creating package script '/workspaces/IRS_Rover_ROS2_Workspace/rover_ws/install/rover_control_msgs/share/rover_control_msgs/package.sh'
[4.580s] INFO:colcon.colcon_core.shell:Creating package script '/workspaces/IRS_Rover_ROS2_Workspace/rover_ws/install/rover_control_msgs/share/rover_control_msgs/package.bash'
[4.585s] INFO:colcon.colcon_core.shell:Creating package script '/workspaces/IRS_Rover_ROS2_Workspace/rover_ws/install/rover_control_msgs/share/rover_control_msgs/package.zsh'
[4.589s] Level 1:colcon.colcon_core.environment:create_file_with_runtime_dependencies(/workspaces/IRS_Rover_ROS2_Workspace/rover_ws/install/rover_control_msgs/share/colcon-core/packages/rover_control_msgs)
[4.596s] Level 1:colcon.colcon_core.environment:create_environment_scripts_only(rover_control_msgs)
[4.597s] Level 1:colcon.colcon_core.environment:checking '/workspaces/IRS_Rover_ROS2_Workspace/rover_ws/install/rover_control_msgs' for CMake module files
[4.608s] Level 1:colcon.colcon_core.environment:checking '/workspaces/IRS_Rover_ROS2_Workspace/rover_ws/install/rover_control_msgs' for CMake config files
[4.638s] Level 1:colcon.colcon_core.shell:create_environment_hook('rover_control_msgs', 'cmake_prefix_path')
[4.639s] INFO:colcon.colcon_core.shell:Creating environment hook '/workspaces/IRS_Rover_ROS2_Workspace/rover_ws/install/rover_control_msgs/share/rover_control_msgs/hook/cmake_prefix_path.ps1'
[4.641s] INFO:colcon.colcon_core.shell:Creating environment descriptor '/workspaces/IRS_Rover_ROS2_Workspace/rover_ws/install/rover_control_msgs/share/rover_control_msgs/hook/cmake_prefix_path.dsv'
[4.644s] INFO:colcon.colcon_core.shell:Creating environment hook '/workspaces/IRS_Rover_ROS2_Workspace/rover_ws/install/rover_control_msgs/share/rover_control_msgs/hook/cmake_prefix_path.sh'
[4.649s] Level 1:colcon.colcon_core.environment:checking '/workspaces/IRS_Rover_ROS2_Workspace/rover_ws/install/rover_control_msgs/lib'
[4.650s] Level 1:colcon.colcon_core.shell:create_environment_hook('rover_control_msgs', 'ld_library_path_lib')
[4.651s] INFO:colcon.colcon_core.shell:Creating environment hook '/workspaces/IRS_Rover_ROS2_Workspace/rover_ws/install/rover_control_msgs/share/rover_control_msgs/hook/ld_library_path_lib.ps1'
[4.654s] INFO:colcon.colcon_core.shell:Creating environment descriptor '/workspaces/IRS_Rover_ROS2_Workspace/rover_ws/install/rover_control_msgs/share/rover_control_msgs/hook/ld_library_path_lib.dsv'
[4.658s] INFO:colcon.colcon_core.shell:Creating environment hook '/workspaces/IRS_Rover_ROS2_Workspace/rover_ws/install/rover_control_msgs/share/rover_control_msgs/hook/ld_library_path_lib.sh'
[4.661s] Level 1:colcon.colcon_core.environment:checking '/workspaces/IRS_Rover_ROS2_Workspace/rover_ws/install/rover_control_msgs/bin'
[4.661s] Level 1:colcon.colcon_core.environment:checking '/workspaces/IRS_Rover_ROS2_Workspace/rover_ws/install/rover_control_msgs/lib/pkgconfig/rover_control_msgs.pc'
[4.662s] Level 1:colcon.colcon_core.environment:checking '/workspaces/IRS_Rover_ROS2_Workspace/rover_ws/install/rover_control_msgs/lib/python3.10/site-packages'
[4.664s] Level 1:colcon.colcon_core.environment:checking '/workspaces/IRS_Rover_ROS2_Workspace/rover_ws/install/rover_control_msgs/bin'
[4.665s] INFO:colcon.colcon_core.shell:Creating package script '/workspaces/IRS_Rover_ROS2_Workspace/rover_ws/install/rover_control_msgs/share/rover_control_msgs/package.ps1'
[4.669s] INFO:colcon.colcon_core.shell:Creating package descriptor '/workspaces/IRS_Rover_ROS2_Workspace/rover_ws/install/rover_control_msgs/share/rover_control_msgs/package.dsv'
[4.673s] INFO:colcon.colcon_core.shell:Creating package script '/workspaces/IRS_Rover_ROS2_Workspace/rover_ws/install/rover_control_msgs/share/rover_control_msgs/package.sh'
[4.676s] INFO:colcon.colcon_core.shell:Creating package script '/workspaces/IRS_Rover_ROS2_Workspace/rover_ws/install/rover_control_msgs/share/rover_control_msgs/package.bash'
[4.680s] INFO:colcon.colcon_core.shell:Creating package script '/workspaces/IRS_Rover_ROS2_Workspace/rover_ws/install/rover_control_msgs/share/rover_control_msgs/package.zsh'
[4.683s] Level 1:colcon.colcon_core.environment:create_file_with_runtime_dependencies(/workspaces/IRS_Rover_ROS2_Workspace/rover_ws/install/rover_control_msgs/share/colcon-core/packages/rover_control_msgs)
[4.689s] Level 1:colcon.colcon_core.environment:checking '/workspaces/IRS_Rover_ROS2_Workspace/rover_ws/install/rover_control' for CMake module files
[4.696s] DEBUG:colcon.colcon_core.event_handler.log_command:Invoked command in '/workspaces/IRS_Rover_ROS2_Workspace/rover_ws/src/rover_control' returned '0': PYTHONPATH=/workspaces/IRS_Rover_ROS2_Workspace/rover_ws/build/rover_control/prefix_override:/usr/lib/python3/dist-packages/colcon_core/task/python/colcon_distutils_commands:/workspaces/IRS_Rover_ROS2_Workspace/rover_ws/install/rover_control/lib/python3.10/site-packages:${PYTHONPATH} /usr/bin/python3 -W ignore:setup.py install is deprecated -W ignore:easy_install command is deprecated setup.py egg_info --egg-base ../../build/rover_control build --build-base /workspaces/IRS_Rover_ROS2_Workspace/rover_ws/build/rover_control/build install --record /workspaces/IRS_Rover_ROS2_Workspace/rover_ws/build/rover_control/install.log --single-version-externally-managed install_data
[4.700s] Level 1:colcon.colcon_core.environment:checking '/workspaces/IRS_Rover_ROS2_Workspace/rover_ws/install/rover_control' for CMake config files
[4.719s] Level 1:colcon.colcon_core.environment:checking '/workspaces/IRS_Rover_ROS2_Workspace/rover_ws/install/rover_control/lib'
[4.720s] Level 1:colcon.colcon_core.environment:checking '/workspaces/IRS_Rover_ROS2_Workspace/rover_ws/install/rover_control/bin'
[4.721s] Level 1:colcon.colcon_core.environment:checking '/workspaces/IRS_Rover_ROS2_Workspace/rover_ws/install/rover_control/lib/pkgconfig/rover_control.pc'
[4.722s] Level 1:colcon.colcon_core.environment:checking '/workspaces/IRS_Rover_ROS2_Workspace/rover_ws/install/rover_control/lib/python3.10/site-packages'
[4.722s] Level 1:colcon.colcon_core.shell:create_environment_hook('rover_control', 'pythonpath')
[4.723s] INFO:colcon.colcon_core.shell:Creating environment hook '/workspaces/IRS_Rover_ROS2_Workspace/rover_ws/install/rover_control/share/rover_control/hook/pythonpath.ps1'
[4.726s] INFO:colcon.colcon_core.shell:Creating environment descriptor '/workspaces/IRS_Rover_ROS2_Workspace/rover_ws/install/rover_control/share/rover_control/hook/pythonpath.dsv'
[4.729s] INFO:colcon.colcon_core.shell:Creating environment hook '/workspaces/IRS_Rover_ROS2_Workspace/rover_ws/install/rover_control/share/rover_control/hook/pythonpath.sh'
[4.734s] Level 1:colcon.colcon_core.environment:checking '/workspaces/IRS_Rover_ROS2_Workspace/rover_ws/install/rover_control/bin'
[4.735s] Level 1:colcon.colcon_core.environment:create_environment_scripts_only(rover_control)
[4.736s] INFO:colcon.colcon_core.shell:Creating package script '/workspaces/IRS_Rover_ROS2_Workspace/rover_ws/install/rover_control/share/rover_control/package.ps1'
[4.740s] INFO:colcon.colcon_core.shell:Creating package descriptor '/workspaces/IRS_Rover_ROS2_Workspace/rover_ws/install/rover_control/share/rover_control/package.dsv'
[4.743s] INFO:colcon.colcon_core.shell:Creating package script '/workspaces/IRS_Rover_ROS2_Workspace/rover_ws/install/rover_control/share/rover_control/package.sh'
[4.747s] INFO:colcon.colcon_core.shell:Creating package script '/workspaces/IRS_Rover_ROS2_Workspace/rover_ws/install/rover_control/share/rover_control/package.bash'
[4.749s] INFO:colcon.colcon_core.shell:Creating package script '/workspaces/IRS_Rover_ROS2_Workspace/rover_ws/install/rover_control/share/rover_control/package.zsh'
[4.752s] Level 1:colcon.colcon_core.environment:create_file_with_runtime_dependencies(/workspaces/IRS_Rover_ROS2_Workspace/rover_ws/install/rover_control/share/colcon-core/packages/rover_control)
[4.755s] Level 1:colcon.colcon_core.environment:checking '/workspaces/IRS_Rover_ROS2_Workspace/rover_ws/install/rover_lidar' for CMake module files
[4.762s] DEBUG:colcon.colcon_core.event_handler.log_command:Invoked command in '/workspaces/IRS_Rover_ROS2_Workspace/rover_ws/src/rover_lidar' returned '0': PYTHONPATH=/workspaces/IRS_Rover_ROS2_Workspace/rover_ws/build/rover_lidar/prefix_override:/usr/lib/python3/dist-packages/colcon_core/task/python/colcon_distutils_commands:/workspaces/IRS_Rover_ROS2_Workspace/rover_ws/install/rover_lidar/lib/python3.10/site-packages:${PYTHONPATH} /usr/bin/python3 -W ignore:setup.py install is deprecated -W ignore:easy_install command is deprecated setup.py egg_info --egg-base ../../build/rover_lidar build --build-base /workspaces/IRS_Rover_ROS2_Workspace/rover_ws/build/rover_lidar/build install --record /workspaces/IRS_Rover_ROS2_Workspace/rover_ws/build/rover_lidar/install.log --single-version-externally-managed install_data
[4.766s] Level 1:colcon.colcon_core.environment:checking '/workspaces/IRS_Rover_ROS2_Workspace/rover_ws/install/rover_lidar' for CMake config files
[4.787s] Level 1:colcon.colcon_core.environment:checking '/workspaces/IRS_Rover_ROS2_Workspace/rover_ws/install/rover_lidar/lib'
[4.789s] Level 1:colcon.colcon_core.environment:checking '/workspaces/IRS_Rover_ROS2_Workspace/rover_ws/install/rover_lidar/bin'
[4.790s] Level 1:colcon.colcon_core.environment:checking '/workspaces/IRS_Rover_ROS2_Workspace/rover_ws/install/rover_lidar/lib/pkgconfig/rover_lidar.pc'
[4.791s] Level 1:colcon.colcon_core.environment:checking '/workspaces/IRS_Rover_ROS2_Workspace/rover_ws/install/rover_lidar/lib/python3.10/site-packages'
[4.792s] Level 1:colcon.colcon_core.shell:create_environment_hook('rover_lidar', 'pythonpath')
[4.792s] INFO:colcon.colcon_core.shell:Creating environment hook '/workspaces/IRS_Rover_ROS2_Workspace/rover_ws/install/rover_lidar/share/rover_lidar/hook/pythonpath.ps1'
[4.795s] INFO:colcon.colcon_core.shell:Creating environment descriptor '/workspaces/IRS_Rover_ROS2_Workspace/rover_ws/install/rover_lidar/share/rover_lidar/hook/pythonpath.dsv'
[4.798s] INFO:colcon.colcon_core.shell:Creating environment hook '/workspaces/IRS_Rover_ROS2_Workspace/rover_ws/install/rover_lidar/share/rover_lidar/hook/pythonpath.sh'
[4.801s] Level 1:colcon.colcon_core.environment:checking '/workspaces/IRS_Rover_ROS2_Workspace/rover_ws/install/rover_lidar/bin'
[4.803s] Level 1:colcon.colcon_core.environment:create_environment_scripts_only(rover_lidar)
[4.804s] INFO:colcon.colcon_core.shell:Creating package script '/workspaces/IRS_Rover_ROS2_Workspace/rover_ws/install/rover_lidar/share/rover_lidar/package.ps1'
[4.808s] INFO:colcon.colcon_core.shell:Creating package descriptor '/workspaces/IRS_Rover_ROS2_Workspace/rover_ws/install/rover_lidar/share/rover_lidar/package.dsv'
[4.810s] INFO:colcon.colcon_core.shell:Creating package script '/workspaces/IRS_Rover_ROS2_Workspace/rover_ws/install/rover_lidar/share/rover_lidar/package.sh'
[4.813s] INFO:colcon.colcon_core.shell:Creating package script '/workspaces/IRS_Rover_ROS2_Workspace/rover_ws/install/rover_lidar/share/rover_lidar/package.bash'
[4.816s] INFO:colcon.colcon_core.shell:Creating package script '/workspaces/IRS_Rover_ROS2_Workspace/rover_ws/install/rover_lidar/share/rover_lidar/package.zsh'
[4.819s] Level 1:colcon.colcon_core.environment:create_file_with_runtime_dependencies(/workspaces/IRS_Rover_ROS2_Workspace/rover_ws/install/rover_lidar/share/colcon-core/packages/rover_lidar)
[4.824s] INFO:colcon.colcon_ros.task.ament_python.build:Building ROS package in '/workspaces/IRS_Rover_ROS2_Workspace/rover_ws/src/rover_perception' with build type 'ament_python'
[4.824s] Level 1:colcon.colcon_core.shell:create_environment_hook('rover_perception', 'ament_prefix_path')
[4.825s] INFO:colcon.colcon_core.shell:Creating environment hook '/workspaces/IRS_Rover_ROS2_Workspace/rover_ws/install/rover_perception/share/rover_perception/hook/ament_prefix_path.ps1'
[4.829s] INFO:colcon.colcon_core.shell:Creating environment descriptor '/workspaces/IRS_Rover_ROS2_Workspace/rover_ws/install/rover_perception/share/rover_perception/hook/ament_prefix_path.dsv'
[4.833s] INFO:colcon.colcon_core.shell:Creating environment hook '/workspaces/IRS_Rover_ROS2_Workspace/rover_ws/install/rover_perception/share/rover_perception/hook/ament_prefix_path.sh'
[4.837s] INFO:colcon.colcon_core.shell:Skip shell extension 'powershell' for command environment: Not usable outside of PowerShell
[4.837s] DEBUG:colcon.colcon_core.shell:Skip shell extension 'dsv' for command environment
[4.884s] Level 1:colcon.colcon_core.environment:checking '/workspaces/IRS_Rover_ROS2_Workspace/rover_ws/install/rover_stereocam' for CMake module files
[4.886s] DEBUG:colcon.colcon_core.event_handler.log_command:Invoked command in '/workspaces/IRS_Rover_ROS2_Workspace/rover_ws/src/rover_stereocam' returned '0': PYTHONPATH=/workspaces/IRS_Rover_ROS2_Workspace/rover_ws/build/rover_stereocam/prefix_override:/usr/lib/python3/dist-packages/colcon_core/task/python/colcon_distutils_commands:/workspaces/IRS_Rover_ROS2_Workspace/rover_ws/install/rover_stereocam/lib/python3.10/site-packages:${PYTHONPATH} /usr/bin/python3 -W ignore:setup.py install is deprecated -W ignore:easy_install command is deprecated setup.py egg_info --egg-base ../../build/rover_stereocam build --build-base /workspaces/IRS_Rover_ROS2_Workspace/rover_ws/build/rover_stereocam/build install --record /workspaces/IRS_Rover_ROS2_Workspace/rover_ws/build/rover_stereocam/install.log --single-version-externally-managed install_data
[4.895s] Level 1:colcon.colcon_core.environment:checking '/workspaces/IRS_Rover_ROS2_Workspace/rover_ws/install/rover_stereocam' for CMake config files
[4.916s] Level 1:colcon.colcon_core.environment:checking '/workspaces/IRS_Rover_ROS2_Workspace/rover_ws/install/rover_stereocam/lib'
[4.918s] Level 1:colcon.colcon_core.environment:checking '/workspaces/IRS_Rover_ROS2_Workspace/rover_ws/install/rover_stereocam/bin'
[4.919s] Level 1:colcon.colcon_core.environment:checking '/workspaces/IRS_Rover_ROS2_Workspace/rover_ws/install/rover_stereocam/lib/pkgconfig/rover_stereocam.pc'
[4.921s] Level 1:colcon.colcon_core.environment:checking '/workspaces/IRS_Rover_ROS2_Workspace/rover_ws/install/rover_stereocam/lib/python3.10/site-packages'
[4.922s] Level 1:colcon.colcon_core.shell:create_environment_hook('rover_stereocam', 'pythonpath')
[4.922s] INFO:colcon.colcon_core.shell:Creating environment hook '/workspaces/IRS_Rover_ROS2_Workspace/rover_ws/install/rover_stereocam/share/rover_stereocam/hook/pythonpath.ps1'
[4.926s] INFO:colcon.colcon_core.shell:Creating environment descriptor '/workspaces/IRS_Rover_ROS2_Workspace/rover_ws/install/rover_stereocam/share/rover_stereocam/hook/pythonpath.dsv'
[4.929s] INFO:colcon.colcon_core.shell:Creating environment hook '/workspaces/IRS_Rover_ROS2_Workspace/rover_ws/install/rover_stereocam/share/rover_stereocam/hook/pythonpath.sh'
[4.932s] Level 1:colcon.colcon_core.environment:checking '/workspaces/IRS_Rover_ROS2_Workspace/rover_ws/install/rover_stereocam/bin'
[4.932s] Level 1:colcon.colcon_core.environment:create_environment_scripts_only(rover_stereocam)
[4.933s] INFO:colcon.colcon_core.shell:Creating package script '/workspaces/IRS_Rover_ROS2_Workspace/rover_ws/install/rover_stereocam/share/rover_stereocam/package.ps1'
[4.937s] INFO:colcon.colcon_core.shell:Creating package descriptor '/workspaces/IRS_Rover_ROS2_Workspace/rover_ws/install/rover_stereocam/share/rover_stereocam/package.dsv'
[4.941s] INFO:colcon.colcon_core.shell:Creating package script '/workspaces/IRS_Rover_ROS2_Workspace/rover_ws/install/rover_stereocam/share/rover_stereocam/package.sh'
[4.944s] INFO:colcon.colcon_core.shell:Creating package script '/workspaces/IRS_Rover_ROS2_Workspace/rover_ws/install/rover_stereocam/share/rover_stereocam/package.bash'
[4.946s] INFO:colcon.colcon_core.shell:Creating package script '/workspaces/IRS_Rover_ROS2_Workspace/rover_ws/install/rover_stereocam/share/rover_stereocam/package.zsh'
[4.949s] Level 1:colcon.colcon_core.environment:create_file_with_runtime_dependencies(/workspaces/IRS_Rover_ROS2_Workspace/rover_ws/install/rover_stereocam/share/colcon-core/packages/rover_stereocam)
[5.574s] INFO:colcon.colcon_core.task.python.build:Building Python package in '/workspaces/IRS_Rover_ROS2_Workspace/rover_ws/src/rover_perception'
[5.575s] INFO:colcon.colcon_core.shell:Skip shell extension 'powershell' for command environment: Not usable outside of PowerShell
[5.575s] DEBUG:colcon.colcon_core.shell:Skip shell extension 'dsv' for command environment
[6.343s] DEBUG:colcon.colcon_core.event_handler.log_command:Invoking command in '/workspaces/IRS_Rover_ROS2_Workspace/rover_ws/src/rover_perception': AMENT_PREFIX_PATH=/workspaces/IRS_Rover_ROS2_Workspace/rover_ws/install/rover_lidar:/workspaces/IRS_Rover_ROS2_Workspace/rover_ws/install/rover_stereocam:/workspaces/IRS_Rover_ROS2_Workspace/rover_ws/install/rover_perception:/workspaces/IRS_Rover_ROS2_Workspace/rover_ws/install/rover_control_msgs:/workspaces/IRS_Rover_ROS2_Workspace/rover_ws/install/rover_control:/opt/ros/humble PYTHONPATH=/workspaces/IRS_Rover_ROS2_Workspace/rover_ws/build/rover_perception/prefix_override:/usr/lib/python3/dist-packages/colcon_core/task/python/colcon_distutils_commands:/workspaces/IRS_Rover_ROS2_Workspace/rover_ws/install/rover_perception/lib/python3.10/site-packages:/workspaces/IRS_Rover_ROS2_Workspace/rover_ws/install/rover_lidar/lib/python3.10/site-packages:/workspaces/IRS_Rover_ROS2_Workspace/rover_ws/install/rover_stereocam/lib/python3.10/site-packages:/workspaces/IRS_Rover_ROS2_Workspace/rover_ws/install/rover_perception/lib/python3.10/site-packages:/workspaces/IRS_Rover_ROS2_Workspace/rover_ws/install/rover_control_msgs/local/lib/python3.10/dist-packages:/workspaces/IRS_Rover_ROS2_Workspace/rover_ws/install/rover_control/lib/python3.10/site-packages:/opt/ros/humble/lib/python3.10/site-packages:/opt/ros/humble/local/lib/python3.10/dist-packages /usr/bin/python3 -W ignore:setup.py install is deprecated -W ignore:easy_install command is deprecated setup.py egg_info --egg-base ../../build/rover_perception build --build-base /workspaces/IRS_Rover_ROS2_Workspace/rover_ws/build/rover_perception/build install --record /workspaces/IRS_Rover_ROS2_Workspace/rover_ws/build/rover_perception/install.log --single-version-externally-managed install_data
[7.092s] Level 1:colcon.colcon_core.environment:checking '/workspaces/IRS_Rover_ROS2_Workspace/rover_ws/install/rover_perception' for CMake module files
[7.094s] DEBUG:colcon.colcon_core.event_handler.log_command:Invoked command in '/workspaces/IRS_Rover_ROS2_Workspace/rover_ws/src/rover_perception' returned '0': AMENT_PREFIX_PATH=/workspaces/IRS_Rover_ROS2_Workspace/rover_ws/install/rover_lidar:/workspaces/IRS_Rover_ROS2_Workspace/rover_ws/install/rover_stereocam:/workspaces/IRS_Rover_ROS2_Workspace/rover_ws/install/rover_perception:/workspaces/IRS_Rover_ROS2_Workspace/rover_ws/install/rover_control_msgs:/workspaces/IRS_Rover_ROS2_Workspace/rover_ws/install/rover_control:/opt/ros/humble PYTHONPATH=/workspaces/IRS_Rover_ROS2_Workspace/rover_ws/build/rover_perception/prefix_override:/usr/lib/python3/dist-packages/colcon_core/task/python/colcon_distutils_commands:/workspaces/IRS_Rover_ROS2_Workspace/rover_ws/install/rover_perception/lib/python3.10/site-packages:/workspaces/IRS_Rover_ROS2_Workspace/rover_ws/install/rover_lidar/lib/python3.10/site-packages:/workspaces/IRS_Rover_ROS2_Workspace/rover_ws/install/rover_stereocam/lib/python3.10/site-packages:/workspaces/IRS_Rover_ROS2_Workspace/rover_ws/install/rover_perception/lib/python3.10/site-packages:/workspaces/IRS_Rover_ROS2_Workspace/rover_ws/install/rover_control_msgs/local/lib/python3.10/dist-packages:/workspaces/IRS_Rover_ROS2_Workspace/rover_ws/install/rover_control/lib/python3.10/site-packages:/opt/ros/humble/lib/python3.10/site-packages:/opt/ros/humble/local/lib/python3.10/dist-packages /usr/bin/python3 -W ignore:setup.py install is deprecated -W ignore:easy_install command is deprecated setup.py egg_info --egg-base ../../build/rover_perception build --build-base /workspaces/IRS_Rover_ROS2_Workspace/rover_ws/build/rover_perception/build install --record /workspaces/IRS_Rover_ROS2_Workspace/rover_ws/build/rover_perception/install.log --single-version-externally-managed install_data
[7.102s] Level 1:colcon.colcon_core.environment:checking '/workspaces/IRS_Rover_ROS2_Workspace/rover_ws/install/rover_perception' for CMake config files
[7.118s] Level 1:colcon.colcon_core.environment:checking '/workspaces/IRS_Rover_ROS2_Workspace/rover_ws/install/rover_perception/lib'
[7.119s] Level 1:colcon.colcon_core.environment:checking '/workspaces/IRS_Rover_ROS2_Workspace/rover_ws/install/rover_perception/bin'
[7.120s] Level 1:colcon.colcon_core.environment:checking '/workspaces/IRS_Rover_ROS2_Workspace/rover_ws/install/rover_perception/lib/pkgconfig/rover_perception.pc'
[7.121s] Level 1:colcon.colcon_core.environment:checking '/workspaces/IRS_Rover_ROS2_Workspace/rover_ws/install/rover_perception/lib/python3.10/site-packages'
[7.121s] Level 1:colcon.colcon_core.shell:create_environment_hook('rover_perception', 'pythonpath')
[7.122s] INFO:colcon.colcon_core.shell:Creating environment hook '/workspaces/IRS_Rover_ROS2_Workspace/rover_ws/install/rover_perception/share/rover_perception/hook/pythonpath.ps1'
[7.125s] INFO:colcon.colcon_core.shell:Creating environment descriptor '/workspaces/IRS_Rover_ROS2_Workspace/rover_ws/install/rover_perception/share/rover_perception/hook/pythonpath.dsv'
[7.127s] INFO:colcon.colcon_core.shell:Creating environment hook '/workspaces/IRS_Rover_ROS2_Workspace/rover_ws/install/rover_perception/share/rover_perception/hook/pythonpath.sh'
[7.130s] Level 1:colcon.colcon_core.environment:checking '/workspaces/IRS_Rover_ROS2_Workspace/rover_ws/install/rover_perception/bin'
[7.131s] Level 1:colcon.colcon_core.environment:create_environment_scripts_only(rover_perception)
[7.132s] INFO:colcon.colcon_core.shell:Creating package script '/workspaces/IRS_Rover_ROS2_Workspace/rover_ws/install/rover_perception/share/rover_perception/package.ps1'
[7.135s] INFO:colcon.colcon_core.shell:Creating package descriptor '/workspaces/IRS_Rover_ROS2_Workspace/rover_ws/install/rover_perception/share/rover_perception/package.dsv'
[7.138s] INFO:colcon.colcon_core.shell:Creating package script '/workspaces/IRS_Rover_ROS2_Workspace/rover_ws/install/rover_perception/share/rover_perception/package.sh'
[7.142s] INFO:colcon.colcon_core.shell:Creating package script '/workspaces/IRS_Rover_ROS2_Workspace/rover_ws/install/rover_perception/share/rover_perception/package.bash'
[7.145s] INFO:colcon.colcon_core.shell:Creating package script '/workspaces/IRS_Rover_ROS2_Workspace/rover_ws/install/rover_perception/share/rover_perception/package.zsh'
[7.148s] Level 1:colcon.colcon_core.environment:create_file_with_runtime_dependencies(/workspaces/IRS_Rover_ROS2_Workspace/rover_ws/install/rover_perception/share/colcon-core/packages/rover_perception)
[7.152s] DEBUG:colcon.colcon_parallel_executor.executor.parallel:closing loop
[7.153s] DEBUG:colcon.colcon_parallel_executor.executor.parallel:loop closed
[7.154s] DEBUG:colcon.colcon_parallel_executor.executor.parallel:run_until_complete finished with '0'
[7.154s] DEBUG:colcon.colcon_core.event_reactor:joining thread
[7.180s] INFO:colcon.colcon_core.plugin_system:Skipping extension 'colcon_notification.desktop_notification.notify_send': Could not find 'notify-send'
[7.180s] INFO:colcon.colcon_core.plugin_system:Skipping extension 'colcon_notification.desktop_notification.terminal_notifier': Not used on non-Darwin systems
[7.181s] INFO:colcon.colcon_core.plugin_system:Skipping extension 'colcon_notification.desktop_notification.win32': Not used on non-Windows systems
[7.181s] INFO:colcon.colcon_notification.desktop_notification:Sending desktop notification using 'notify2'
[7.182s] DEBUG:colcon.colcon_notification.desktop_notification.notify2:Failed to initialize notify2: org.freedesktop.DBus.Error.NotSupported: Unable to autolaunch a dbus-daemon without a $DISPLAY for X11
[7.182s] DEBUG:colcon.colcon_core.event_reactor:joined thread
[7.184s] INFO:colcon.colcon_core.shell:Creating prefix script '/workspaces/IRS_Rover_ROS2_Workspace/rover_ws/install/local_setup.ps1'
[7.192s] INFO:colcon.colcon_core.shell:Creating prefix util module '/workspaces/IRS_Rover_ROS2_Workspace/rover_ws/install/_local_setup_util_ps1.py'
[7.199s] INFO:colcon.colcon_core.shell:Creating prefix chain script '/workspaces/IRS_Rover_ROS2_Workspace/rover_ws/install/setup.ps1'
[7.214s] INFO:colcon.colcon_core.shell:Creating prefix script '/workspaces/IRS_Rover_ROS2_Workspace/rover_ws/install/local_setup.sh'
[7.218s] INFO:colcon.colcon_core.shell:Creating prefix util module '/workspaces/IRS_Rover_ROS2_Workspace/rover_ws/install/_local_setup_util_sh.py'
[7.222s] INFO:colcon.colcon_core.shell:Creating prefix chain script '/workspaces/IRS_Rover_ROS2_Workspace/rover_ws/install/setup.sh'
[7.235s] INFO:colcon.colcon_core.shell:Creating prefix script '/workspaces/IRS_Rover_ROS2_Workspace/rover_ws/install/local_setup.bash'
[7.238s] INFO:colcon.colcon_core.shell:Creating prefix chain script '/workspaces/IRS_Rover_ROS2_Workspace/rover_ws/install/setup.bash'
[7.252s] INFO:colcon.colcon_core.shell:Creating prefix script '/workspaces/IRS_Rover_ROS2_Workspace/rover_ws/install/local_setup.zsh'
[7.255s] INFO:colcon.colcon_core.shell:Creating prefix chain script '/workspaces/IRS_Rover_ROS2_Workspace/rover_ws/install/setup.zsh'
