[0.243s] DEBUG:colcon:Command line arguments: ['/usr/bin/colcon', 'build']
[0.243s] DEBUG:colcon:Parsed command line arguments: Namespace(log_base=None, log_level=None, verb_name='build', build_base='build', install_base='install', merge_install=False, symlink_install=False, test_result_base=None, continue_on_error=False, executor='parallel', parallel_workers=8, event_handlers=None, ignore_user_meta=False, metas=['./colcon.meta'], base_paths=['.'], packages_ignore=None, packages_ignore_regex=None, paths=None, packages_up_to=None, packages_up_to_regex=None, packages_above=None, packages_above_and_dependencies=None, packages_above_depth=None, packages_select_by_dep=None, packages_skip_by_dep=None, packages_skip_up_to=None, packages_select_build_failed=False, packages_skip_build_finished=False, packages_select_test_failures=False, packages_skip_test_passed=False, packages_select=None, packages_skip=None, packages_select_regex=None, packages_skip_regex=None, packages_start=None, packages_end=None, allow_overriding=[], cmake_args=None, cmake_target=None, cmake_target_skip_unavailable=False, cmake_clean_cache=False, cmake_clean_first=False, cmake_force_configure=False, ament_cmake_args=None, catkin_cmake_args=None, catkin_skip_building_tests=False, verb_parser=<colcon_defaults.argument_parser.defaults.DefaultArgumentsDecorator object at 0x7c0ad1f44220>, verb_extension=<colcon_core.verb.build.BuildVerb object at 0x7c0ad1f0fdf0>, main=<bound method BuildVerb.main of <colcon_core.verb.build.BuildVerb object at 0x7c0ad1f0fdf0>>)
[0.493s] Level 1:colcon.colcon_core.package_discovery:discover_packages(colcon_meta) check parameters
[0.493s] Level 1:colcon.colcon_core.package_discovery:discover_packages(recursive) check parameters
[0.493s] Level 1:colcon.colcon_core.package_discovery:discover_packages(ignore) check parameters
[0.493s] Level 1:colcon.colcon_core.package_discovery:discover_packages(path) check parameters
[0.493s] Level 1:colcon.colcon_core.package_discovery:discover_packages(colcon_meta) discover
[0.493s] Level 1:colcon.colcon_core.package_discovery:discover_packages(recursive) discover
[0.493s] INFO:colcon.colcon_core.package_discovery:Crawling recursively for packages in '/home/joshua/rover_ws'
[0.493s] Level 1:colcon.colcon_core.package_identification:_identify(.) by extensions ['ignore', 'ignore_ament_install']
[0.493s] Level 1:colcon.colcon_core.package_identification:_identify(.) by extension 'ignore'
[0.493s] Level 1:colcon.colcon_core.package_identification:_identify(.) by extension 'ignore_ament_install'
[0.493s] Level 1:colcon.colcon_core.package_identification:_identify(.) by extensions ['colcon_pkg']
[0.493s] Level 1:colcon.colcon_core.package_identification:_identify(.) by extension 'colcon_pkg'
[0.493s] Level 1:colcon.colcon_core.package_identification:_identify(.) by extensions ['colcon_meta']
[0.493s] Level 1:colcon.colcon_core.package_identification:_identify(.) by extension 'colcon_meta'
[0.493s] Level 1:colcon.colcon_core.package_identification:_identify(.) by extensions ['ros']
[0.493s] Level 1:colcon.colcon_core.package_identification:_identify(.) by extension 'ros'
[0.512s] Level 1:colcon.colcon_core.package_identification:_identify(.) by extensions ['cmake', 'python']
[0.512s] Level 1:colcon.colcon_core.package_identification:_identify(.) by extension 'cmake'
[0.512s] Level 1:colcon.colcon_core.package_identification:_identify(.) by extension 'python'
[0.512s] Level 1:colcon.colcon_core.package_identification:_identify(.) by extensions ['python_setup_py']
[0.512s] Level 1:colcon.colcon_core.package_identification:_identify(.) by extension 'python_setup_py'
[0.512s] Level 1:colcon.colcon_core.package_identification:_identify(build) by extensions ['ignore', 'ignore_ament_install']
[0.512s] Level 1:colcon.colcon_core.package_identification:_identify(build) by extension 'ignore'
[0.512s] Level 1:colcon.colcon_core.package_identification:_identify(build) ignored
[0.513s] Level 1:colcon.colcon_core.package_identification:_identify(install) by extensions ['ignore', 'ignore_ament_install']
[0.513s] Level 1:colcon.colcon_core.package_identification:_identify(install) by extension 'ignore'
[0.513s] Level 1:colcon.colcon_core.package_identification:_identify(install) ignored
[0.513s] Level 1:colcon.colcon_core.package_identification:_identify(log) by extensions ['ignore', 'ignore_ament_install']
[0.513s] Level 1:colcon.colcon_core.package_identification:_identify(log) by extension 'ignore'
[0.513s] Level 1:colcon.colcon_core.package_identification:_identify(log) ignored
[0.513s] Level 1:colcon.colcon_core.package_identification:_identify(src) by extensions ['ignore', 'ignore_ament_install']
[0.513s] Level 1:colcon.colcon_core.package_identification:_identify(src) by extension 'ignore'
[0.513s] Level 1:colcon.colcon_core.package_identification:_identify(src) by extension 'ignore_ament_install'
[0.513s] Level 1:colcon.colcon_core.package_identification:_identify(src) by extensions ['colcon_pkg']
[0.513s] Level 1:colcon.colcon_core.package_identification:_identify(src) by extension 'colcon_pkg'
[0.514s] Level 1:colcon.colcon_core.package_identification:_identify(src) by extensions ['colcon_meta']
[0.514s] Level 1:colcon.colcon_core.package_identification:_identify(src) by extension 'colcon_meta'
[0.514s] Level 1:colcon.colcon_core.package_identification:_identify(src) by extensions ['ros']
[0.514s] Level 1:colcon.colcon_core.package_identification:_identify(src) by extension 'ros'
[0.514s] Level 1:colcon.colcon_core.package_identification:_identify(src) by extensions ['cmake', 'python']
[0.514s] Level 1:colcon.colcon_core.package_identification:_identify(src) by extension 'cmake'
[0.514s] Level 1:colcon.colcon_core.package_identification:_identify(src) by extension 'python'
[0.514s] Level 1:colcon.colcon_core.package_identification:_identify(src) by extensions ['python_setup_py']
[0.514s] Level 1:colcon.colcon_core.package_identification:_identify(src) by extension 'python_setup_py'
[0.514s] Level 1:colcon.colcon_core.package_identification:_identify(src/rover_control) by extensions ['ignore', 'ignore_ament_install']
[0.514s] Level 1:colcon.colcon_core.package_identification:_identify(src/rover_control) by extension 'ignore'
[0.514s] Level 1:colcon.colcon_core.package_identification:_identify(src/rover_control) by extension 'ignore_ament_install'
[0.515s] Level 1:colcon.colcon_core.package_identification:_identify(src/rover_control) by extensions ['colcon_pkg']
[0.515s] Level 1:colcon.colcon_core.package_identification:_identify(src/rover_control) by extension 'colcon_pkg'
[0.515s] Level 1:colcon.colcon_core.package_identification:_identify(src/rover_control) by extensions ['colcon_meta']
[0.515s] Level 1:colcon.colcon_core.package_identification:_identify(src/rover_control) by extension 'colcon_meta'
[0.515s] Level 1:colcon.colcon_core.package_identification:_identify(src/rover_control) by extensions ['ros']
[0.515s] Level 1:colcon.colcon_core.package_identification:_identify(src/rover_control) by extension 'ros'
[0.519s] DEBUG:colcon.colcon_core.package_identification:Package 'src/rover_control' with type 'ros.ament_python' and name 'rover_control'
[0.519s] Level 1:colcon.colcon_core.package_identification:_identify(src/rover_lidar) by extensions ['ignore', 'ignore_ament_install']
[0.519s] Level 1:colcon.colcon_core.package_identification:_identify(src/rover_lidar) by extension 'ignore'
[0.519s] Level 1:colcon.colcon_core.package_identification:_identify(src/rover_lidar) by extension 'ignore_ament_install'
[0.519s] Level 1:colcon.colcon_core.package_identification:_identify(src/rover_lidar) by extensions ['colcon_pkg']
[0.519s] Level 1:colcon.colcon_core.package_identification:_identify(src/rover_lidar) by extension 'colcon_pkg'
[0.519s] Level 1:colcon.colcon_core.package_identification:_identify(src/rover_lidar) by extensions ['colcon_meta']
[0.519s] Level 1:colcon.colcon_core.package_identification:_identify(src/rover_lidar) by extension 'colcon_meta'
[0.519s] Level 1:colcon.colcon_core.package_identification:_identify(src/rover_lidar) by extensions ['ros']
[0.519s] Level 1:colcon.colcon_core.package_identification:_identify(src/rover_lidar) by extension 'ros'
[0.521s] DEBUG:colcon.colcon_core.package_identification:Package 'src/rover_lidar' with type 'ros.ament_python' and name 'rover_lidar'
[0.521s] Level 1:colcon.colcon_core.package_identification:_identify(src/rover_perception) by extensions ['ignore', 'ignore_ament_install']
[0.521s] Level 1:colcon.colcon_core.package_identification:_identify(src/rover_perception) by extension 'ignore'
[0.521s] Level 1:colcon.colcon_core.package_identification:_identify(src/rover_perception) by extension 'ignore_ament_install'
[0.521s] Level 1:colcon.colcon_core.package_identification:_identify(src/rover_perception) by extensions ['colcon_pkg']
[0.521s] Level 1:colcon.colcon_core.package_identification:_identify(src/rover_perception) by extension 'colcon_pkg'
[0.521s] Level 1:colcon.colcon_core.package_identification:_identify(src/rover_perception) by extensions ['colcon_meta']
[0.521s] Level 1:colcon.colcon_core.package_identification:_identify(src/rover_perception) by extension 'colcon_meta'
[0.521s] Level 1:colcon.colcon_core.package_identification:_identify(src/rover_perception) by extensions ['ros']
[0.521s] Level 1:colcon.colcon_core.package_identification:_identify(src/rover_perception) by extension 'ros'
[0.523s] DEBUG:colcon.colcon_core.package_identification:Package 'src/rover_perception' with type 'ros.ament_python' and name 'rover_perception'
[0.523s] Level 1:colcon.colcon_core.package_identification:_identify(src/rover_perception_msgs) by extensions ['ignore', 'ignore_ament_install']
[0.523s] Level 1:colcon.colcon_core.package_identification:_identify(src/rover_perception_msgs) by extension 'ignore'
[0.523s] Level 1:colcon.colcon_core.package_identification:_identify(src/rover_perception_msgs) by extension 'ignore_ament_install'
[0.523s] Level 1:colcon.colcon_core.package_identification:_identify(src/rover_perception_msgs) by extensions ['colcon_pkg']
[0.523s] Level 1:colcon.colcon_core.package_identification:_identify(src/rover_perception_msgs) by extension 'colcon_pkg'
[0.523s] Level 1:colcon.colcon_core.package_identification:_identify(src/rover_perception_msgs) by extensions ['colcon_meta']
[0.523s] Level 1:colcon.colcon_core.package_identification:_identify(src/rover_perception_msgs) by extension 'colcon_meta'
[0.523s] Level 1:colcon.colcon_core.package_identification:_identify(src/rover_perception_msgs) by extensions ['ros']
[0.523s] Level 1:colcon.colcon_core.package_identification:_identify(src/rover_perception_msgs) by extension 'ros'
[0.524s] DEBUG:colcon.colcon_core.package_identification:Package 'src/rover_perception_msgs' with type 'ros.ament_cmake' and name 'rover_perception_msgs'
[0.524s] Level 1:colcon.colcon_core.package_discovery:discover_packages(recursive) using defaults
[0.524s] Level 1:colcon.colcon_core.package_discovery:discover_packages(ignore) discover
[0.524s] Level 1:colcon.colcon_core.package_discovery:discover_packages(ignore) using defaults
[0.524s] Level 1:colcon.colcon_core.package_discovery:discover_packages(path) discover
[0.524s] Level 1:colcon.colcon_core.package_discovery:discover_packages(path) using defaults
[0.558s] Level 1:colcon.colcon_core.package_discovery:discover_packages(prefix_path) check parameters
[0.558s] Level 1:colcon.colcon_core.package_discovery:discover_packages(prefix_path) discover
[0.562s] DEBUG:colcon.colcon_installed_package_information.package_discovery:Found 4 installed packages in /home/joshua/rover_ws/install
[0.564s] DEBUG:colcon.colcon_installed_package_information.package_discovery:Found 273 installed packages in /opt/ros/humble
[0.574s] Level 1:colcon.colcon_core.package_discovery:discover_packages(prefix_path) using defaults
[0.644s] Level 5:colcon.colcon_core.verb:set package 'rover_control' build argument 'cmake_args' from command line to 'None'
[0.644s] Level 5:colcon.colcon_core.verb:set package 'rover_control' build argument 'cmake_target' from command line to 'None'
[0.644s] Level 5:colcon.colcon_core.verb:set package 'rover_control' build argument 'cmake_target_skip_unavailable' from command line to 'False'
[0.644s] Level 5:colcon.colcon_core.verb:set package 'rover_control' build argument 'cmake_clean_cache' from command line to 'False'
[0.644s] Level 5:colcon.colcon_core.verb:set package 'rover_control' build argument 'cmake_clean_first' from command line to 'False'
[0.644s] Level 5:colcon.colcon_core.verb:set package 'rover_control' build argument 'cmake_force_configure' from command line to 'False'
[0.644s] Level 5:colcon.colcon_core.verb:set package 'rover_control' build argument 'ament_cmake_args' from command line to 'None'
[0.644s] Level 5:colcon.colcon_core.verb:set package 'rover_control' build argument 'catkin_cmake_args' from command line to 'None'
[0.644s] Level 5:colcon.colcon_core.verb:set package 'rover_control' build argument 'catkin_skip_building_tests' from command line to 'False'
[0.644s] DEBUG:colcon.colcon_core.verb:Building package 'rover_control' with the following arguments: {'ament_cmake_args': None, 'build_base': '/home/joshua/rover_ws/build/rover_control', 'catkin_cmake_args': None, 'catkin_skip_building_tests': False, 'cmake_args': None, 'cmake_clean_cache': False, 'cmake_clean_first': False, 'cmake_force_configure': False, 'cmake_target': None, 'cmake_target_skip_unavailable': False, 'install_base': '/home/joshua/rover_ws/install/rover_control', 'merge_install': False, 'path': '/home/joshua/rover_ws/src/rover_control', 'symlink_install': False, 'test_result_base': None}
[0.645s] Level 5:colcon.colcon_core.verb:set package 'rover_lidar' build argument 'cmake_args' from command line to 'None'
[0.645s] Level 5:colcon.colcon_core.verb:set package 'rover_lidar' build argument 'cmake_target' from command line to 'None'
[0.645s] Level 5:colcon.colcon_core.verb:set package 'rover_lidar' build argument 'cmake_target_skip_unavailable' from command line to 'False'
[0.645s] Level 5:colcon.colcon_core.verb:set package 'rover_lidar' build argument 'cmake_clean_cache' from command line to 'False'
[0.645s] Level 5:colcon.colcon_core.verb:set package 'rover_lidar' build argument 'cmake_clean_first' from command line to 'False'
[0.645s] Level 5:colcon.colcon_core.verb:set package 'rover_lidar' build argument 'cmake_force_configure' from command line to 'False'
[0.645s] Level 5:colcon.colcon_core.verb:set package 'rover_lidar' build argument 'ament_cmake_args' from command line to 'None'
[0.645s] Level 5:colcon.colcon_core.verb:set package 'rover_lidar' build argument 'catkin_cmake_args' from command line to 'None'
[0.645s] Level 5:colcon.colcon_core.verb:set package 'rover_lidar' build argument 'catkin_skip_building_tests' from command line to 'False'
[0.645s] DEBUG:colcon.colcon_core.verb:Building package 'rover_lidar' with the following arguments: {'ament_cmake_args': None, 'build_base': '/home/joshua/rover_ws/build/rover_lidar', 'catkin_cmake_args': None, 'catkin_skip_building_tests': False, 'cmake_args': None, 'cmake_clean_cache': False, 'cmake_clean_first': False, 'cmake_force_configure': False, 'cmake_target': None, 'cmake_target_skip_unavailable': False, 'install_base': '/home/joshua/rover_ws/install/rover_lidar', 'merge_install': False, 'path': '/home/joshua/rover_ws/src/rover_lidar', 'symlink_install': False, 'test_result_base': None}
[0.645s] Level 5:colcon.colcon_core.verb:set package 'rover_perception_msgs' build argument 'cmake_args' from command line to 'None'
[0.645s] Level 5:colcon.colcon_core.verb:set package 'rover_perception_msgs' build argument 'cmake_target' from command line to 'None'
[0.645s] Level 5:colcon.colcon_core.verb:set package 'rover_perception_msgs' build argument 'cmake_target_skip_unavailable' from command line to 'False'
[0.645s] Level 5:colcon.colcon_core.verb:set package 'rover_perception_msgs' build argument 'cmake_clean_cache' from command line to 'False'
[0.645s] Level 5:colcon.colcon_core.verb:set package 'rover_perception_msgs' build argument 'cmake_clean_first' from command line to 'False'
[0.645s] Level 5:colcon.colcon_core.verb:set package 'rover_perception_msgs' build argument 'cmake_force_configure' from command line to 'False'
[0.645s] Level 5:colcon.colcon_core.verb:set package 'rover_perception_msgs' build argument 'ament_cmake_args' from command line to 'None'
[0.645s] Level 5:colcon.colcon_core.verb:set package 'rover_perception_msgs' build argument 'catkin_cmake_args' from command line to 'None'
[0.645s] Level 5:colcon.colcon_core.verb:set package 'rover_perception_msgs' build argument 'catkin_skip_building_tests' from command line to 'False'
[0.645s] DEBUG:colcon.colcon_core.verb:Building package 'rover_perception_msgs' with the following arguments: {'ament_cmake_args': None, 'build_base': '/home/joshua/rover_ws/build/rover_perception_msgs', 'catkin_cmake_args': None, 'catkin_skip_building_tests': False, 'cmake_args': None, 'cmake_clean_cache': False, 'cmake_clean_first': False, 'cmake_force_configure': False, 'cmake_target': None, 'cmake_target_skip_unavailable': False, 'install_base': '/home/joshua/rover_ws/install/rover_perception_msgs', 'merge_install': False, 'path': '/home/joshua/rover_ws/src/rover_perception_msgs', 'symlink_install': False, 'test_result_base': None}
[0.646s] Level 5:colcon.colcon_core.verb:set package 'rover_perception' build argument 'cmake_args' from command line to 'None'
[0.646s] Level 5:colcon.colcon_core.verb:set package 'rover_perception' build argument 'cmake_target' from command line to 'None'
[0.646s] Level 5:colcon.colcon_core.verb:set package 'rover_perception' build argument 'cmake_target_skip_unavailable' from command line to 'False'
[0.646s] Level 5:colcon.colcon_core.verb:set package 'rover_perception' build argument 'cmake_clean_cache' from command line to 'False'
[0.646s] Level 5:colcon.colcon_core.verb:set package 'rover_perception' build argument 'cmake_clean_first' from command line to 'False'
[0.646s] Level 5:colcon.colcon_core.verb:set package 'rover_perception' build argument 'cmake_force_configure' from command line to 'False'
[0.646s] Level 5:colcon.colcon_core.verb:set package 'rover_perception' build argument 'ament_cmake_args' from command line to 'None'
[0.646s] Level 5:colcon.colcon_core.verb:set package 'rover_perception' build argument 'catkin_cmake_args' from command line to 'None'
[0.646s] Level 5:colcon.colcon_core.verb:set package 'rover_perception' build argument 'catkin_skip_building_tests' from command line to 'False'
[0.646s] DEBUG:colcon.colcon_core.verb:Building package 'rover_perception' with the following arguments: {'ament_cmake_args': None, 'build_base': '/home/joshua/rover_ws/build/rover_perception', 'catkin_cmake_args': None, 'catkin_skip_building_tests': False, 'cmake_args': None, 'cmake_clean_cache': False, 'cmake_clean_first': False, 'cmake_force_configure': False, 'cmake_target': None, 'cmake_target_skip_unavailable': False, 'install_base': '/home/joshua/rover_ws/install/rover_perception', 'merge_install': False, 'path': '/home/joshua/rover_ws/src/rover_perception', 'symlink_install': False, 'test_result_base': None}
[0.646s] INFO:colcon.colcon_core.executor:Executing jobs using 'parallel' executor
[0.648s] DEBUG:colcon.colcon_parallel_executor.executor.parallel:run_until_complete
[0.648s] INFO:colcon.colcon_ros.task.ament_python.build:Building ROS package in '/home/joshua/rover_ws/src/rover_lidar' with build type 'ament_python'
[0.648s] Level 1:colcon.colcon_core.shell:create_environment_hook('rover_lidar', 'ament_prefix_path')
[0.653s] INFO:colcon.colcon_core.plugin_system:Skipping extension 'colcon_core.shell.bat': Not used on non-Windows systems
[0.653s] INFO:colcon.colcon_core.shell:Creating environment hook '/home/joshua/rover_ws/install/rover_lidar/share/rover_lidar/hook/ament_prefix_path.ps1'
[0.654s] INFO:colcon.colcon_core.shell:Creating environment descriptor '/home/joshua/rover_ws/install/rover_lidar/share/rover_lidar/hook/ament_prefix_path.dsv'
[0.655s] INFO:colcon.colcon_core.shell:Creating environment hook '/home/joshua/rover_ws/install/rover_lidar/share/rover_lidar/hook/ament_prefix_path.sh'
[0.656s] INFO:colcon.colcon_core.shell:Skip shell extension 'powershell' for command environment: Not usable outside of PowerShell
[0.656s] DEBUG:colcon.colcon_core.shell:Skip shell extension 'dsv' for command environment
[0.661s] INFO:colcon.colcon_ros.task.ament_cmake.build:Building ROS package in '/home/joshua/rover_ws/src/rover_perception_msgs' with build type 'ament_cmake'
[0.661s] INFO:colcon.colcon_cmake.task.cmake.build:Building CMake package in '/home/joshua/rover_ws/src/rover_perception_msgs'
[0.662s] INFO:colcon.colcon_core.shell:Skip shell extension 'powershell' for command environment: Not usable outside of PowerShell
[0.662s] DEBUG:colcon.colcon_core.shell:Skip shell extension 'dsv' for command environment
[0.666s] INFO:colcon.colcon_ros.task.ament_python.build:Building ROS package in '/home/joshua/rover_ws/src/rover_control' with build type 'ament_python'
[0.666s] Level 1:colcon.colcon_core.shell:create_environment_hook('rover_control', 'ament_prefix_path')
[0.666s] INFO:colcon.colcon_core.shell:Creating environment hook '/home/joshua/rover_ws/install/rover_control/share/rover_control/hook/ament_prefix_path.ps1'
[0.667s] INFO:colcon.colcon_core.shell:Creating environment descriptor '/home/joshua/rover_ws/install/rover_control/share/rover_control/hook/ament_prefix_path.dsv'
[0.668s] INFO:colcon.colcon_core.shell:Creating environment hook '/home/joshua/rover_ws/install/rover_control/share/rover_control/hook/ament_prefix_path.sh'
[0.669s] INFO:colcon.colcon_core.shell:Skip shell extension 'powershell' for command environment: Not usable outside of PowerShell
[0.669s] DEBUG:colcon.colcon_core.shell:Skip shell extension 'dsv' for command environment
[0.893s] INFO:colcon.colcon_core.task.python.build:Building Python package in '/home/joshua/rover_ws/src/rover_lidar'
[0.893s] INFO:colcon.colcon_core.shell:Skip shell extension 'powershell' for command environment: Not usable outside of PowerShell
[0.893s] DEBUG:colcon.colcon_core.shell:Skip shell extension 'dsv' for command environment
[0.906s] DEBUG:colcon.colcon_core.event_handler.log_command:Invoking command in '/home/joshua/rover_ws/build/rover_perception_msgs': CMAKE_PREFIX_PATH=${CMAKE_PREFIX_PATH}:/home/joshua/rover_ws/install/rover_perception:/home/joshua/rover_ws/install/rover_lidar:/home/joshua/rover_ws/install/rover_control:/opt/ros/humble /usr/bin/cmake --build /home/joshua/rover_ws/build/rover_perception_msgs -- -j8 -l8
[1.170s] INFO:colcon.colcon_core.task.python.build:Building Python package in '/home/joshua/rover_ws/src/rover_control'
[1.171s] INFO:colcon.colcon_core.shell:Skip shell extension 'powershell' for command environment: Not usable outside of PowerShell
[1.171s] DEBUG:colcon.colcon_core.shell:Skip shell extension 'dsv' for command environment
[1.315s] DEBUG:colcon.colcon_core.event_handler.log_command:Invoked command in '/home/joshua/rover_ws/build/rover_perception_msgs' returned '0': CMAKE_PREFIX_PATH=${CMAKE_PREFIX_PATH}:/home/joshua/rover_ws/install/rover_perception:/home/joshua/rover_ws/install/rover_lidar:/home/joshua/rover_ws/install/rover_control:/opt/ros/humble /usr/bin/cmake --build /home/joshua/rover_ws/build/rover_perception_msgs -- -j8 -l8
[1.326s] DEBUG:colcon.colcon_core.event_handler.log_command:Invoking command in '/home/joshua/rover_ws/build/rover_perception_msgs': CMAKE_PREFIX_PATH=${CMAKE_PREFIX_PATH}:/home/joshua/rover_ws/install/rover_perception:/home/joshua/rover_ws/install/rover_lidar:/home/joshua/rover_ws/install/rover_control:/opt/ros/humble /usr/bin/cmake --install /home/joshua/rover_ws/build/rover_perception_msgs
[1.413s] Level 1:colcon.colcon_core.environment:create_environment_scripts_only(rover_perception_msgs)
[1.413s] DEBUG:colcon.colcon_core.event_handler.log_command:Invoked command in '/home/joshua/rover_ws/build/rover_perception_msgs' returned '0': CMAKE_PREFIX_PATH=${CMAKE_PREFIX_PATH}:/home/joshua/rover_ws/install/rover_perception:/home/joshua/rover_ws/install/rover_lidar:/home/joshua/rover_ws/install/rover_control:/opt/ros/humble /usr/bin/cmake --install /home/joshua/rover_ws/build/rover_perception_msgs
[1.418s] Level 1:colcon.colcon_core.environment:checking '/home/joshua/rover_ws/install/rover_perception_msgs' for CMake module files
[1.419s] Level 1:colcon.colcon_core.environment:checking '/home/joshua/rover_ws/install/rover_perception_msgs' for CMake config files
[1.420s] Level 1:colcon.colcon_core.shell:create_environment_hook('rover_perception_msgs', 'cmake_prefix_path')
[1.421s] INFO:colcon.colcon_core.shell:Creating environment hook '/home/joshua/rover_ws/install/rover_perception_msgs/share/rover_perception_msgs/hook/cmake_prefix_path.ps1'
[1.422s] INFO:colcon.colcon_core.shell:Creating environment descriptor '/home/joshua/rover_ws/install/rover_perception_msgs/share/rover_perception_msgs/hook/cmake_prefix_path.dsv'
[1.423s] INFO:colcon.colcon_core.shell:Creating environment hook '/home/joshua/rover_ws/install/rover_perception_msgs/share/rover_perception_msgs/hook/cmake_prefix_path.sh'
[1.424s] Level 1:colcon.colcon_core.environment:checking '/home/joshua/rover_ws/install/rover_perception_msgs/lib'
[1.424s] Level 1:colcon.colcon_core.shell:create_environment_hook('rover_perception_msgs', 'ld_library_path_lib')
[1.424s] INFO:colcon.colcon_core.shell:Creating environment hook '/home/joshua/rover_ws/install/rover_perception_msgs/share/rover_perception_msgs/hook/ld_library_path_lib.ps1'
[1.425s] INFO:colcon.colcon_core.shell:Creating environment descriptor '/home/joshua/rover_ws/install/rover_perception_msgs/share/rover_perception_msgs/hook/ld_library_path_lib.dsv'
[1.425s] INFO:colcon.colcon_core.shell:Creating environment hook '/home/joshua/rover_ws/install/rover_perception_msgs/share/rover_perception_msgs/hook/ld_library_path_lib.sh'
[1.426s] Level 1:colcon.colcon_core.environment:checking '/home/joshua/rover_ws/install/rover_perception_msgs/bin'
[1.426s] Level 1:colcon.colcon_core.environment:checking '/home/joshua/rover_ws/install/rover_perception_msgs/lib/pkgconfig/rover_perception_msgs.pc'
[1.426s] Level 1:colcon.colcon_core.environment:checking '/home/joshua/rover_ws/install/rover_perception_msgs/lib/python3.10/site-packages'
[1.427s] Level 1:colcon.colcon_core.environment:checking '/home/joshua/rover_ws/install/rover_perception_msgs/bin'
[1.428s] INFO:colcon.colcon_core.shell:Creating package script '/home/joshua/rover_ws/install/rover_perception_msgs/share/rover_perception_msgs/package.ps1'
[1.430s] INFO:colcon.colcon_core.shell:Creating package descriptor '/home/joshua/rover_ws/install/rover_perception_msgs/share/rover_perception_msgs/package.dsv'
[1.431s] INFO:colcon.colcon_core.shell:Creating package script '/home/joshua/rover_ws/install/rover_perception_msgs/share/rover_perception_msgs/package.sh'
[1.433s] INFO:colcon.colcon_core.shell:Creating package script '/home/joshua/rover_ws/install/rover_perception_msgs/share/rover_perception_msgs/package.bash'
[1.435s] INFO:colcon.colcon_core.shell:Creating package script '/home/joshua/rover_ws/install/rover_perception_msgs/share/rover_perception_msgs/package.zsh'
[1.436s] Level 1:colcon.colcon_core.environment:create_file_with_runtime_dependencies(/home/joshua/rover_ws/install/rover_perception_msgs/share/colcon-core/packages/rover_perception_msgs)
[1.437s] Level 1:colcon.colcon_core.environment:create_environment_scripts_only(rover_perception_msgs)
[1.437s] Level 1:colcon.colcon_core.environment:checking '/home/joshua/rover_ws/install/rover_perception_msgs' for CMake module files
[1.438s] Level 1:colcon.colcon_core.environment:checking '/home/joshua/rover_ws/install/rover_perception_msgs' for CMake config files
[1.439s] Level 1:colcon.colcon_core.shell:create_environment_hook('rover_perception_msgs', 'cmake_prefix_path')
[1.439s] INFO:colcon.colcon_core.shell:Creating environment hook '/home/joshua/rover_ws/install/rover_perception_msgs/share/rover_perception_msgs/hook/cmake_prefix_path.ps1'
[1.440s] INFO:colcon.colcon_core.shell:Creating environment descriptor '/home/joshua/rover_ws/install/rover_perception_msgs/share/rover_perception_msgs/hook/cmake_prefix_path.dsv'
[1.440s] INFO:colcon.colcon_core.shell:Creating environment hook '/home/joshua/rover_ws/install/rover_perception_msgs/share/rover_perception_msgs/hook/cmake_prefix_path.sh'
[1.441s] Level 1:colcon.colcon_core.environment:checking '/home/joshua/rover_ws/install/rover_perception_msgs/lib'
[1.441s] Level 1:colcon.colcon_core.shell:create_environment_hook('rover_perception_msgs', 'ld_library_path_lib')
[1.442s] INFO:colcon.colcon_core.shell:Creating environment hook '/home/joshua/rover_ws/install/rover_perception_msgs/share/rover_perception_msgs/hook/ld_library_path_lib.ps1'
[1.442s] INFO:colcon.colcon_core.shell:Creating environment descriptor '/home/joshua/rover_ws/install/rover_perception_msgs/share/rover_perception_msgs/hook/ld_library_path_lib.dsv'
[1.443s] INFO:colcon.colcon_core.shell:Creating environment hook '/home/joshua/rover_ws/install/rover_perception_msgs/share/rover_perception_msgs/hook/ld_library_path_lib.sh'
[1.443s] Level 1:colcon.colcon_core.environment:checking '/home/joshua/rover_ws/install/rover_perception_msgs/bin'
[1.444s] Level 1:colcon.colcon_core.environment:checking '/home/joshua/rover_ws/install/rover_perception_msgs/lib/pkgconfig/rover_perception_msgs.pc'
[1.444s] Level 1:colcon.colcon_core.environment:checking '/home/joshua/rover_ws/install/rover_perception_msgs/lib/python3.10/site-packages'
[1.444s] Level 1:colcon.colcon_core.environment:checking '/home/joshua/rover_ws/install/rover_perception_msgs/bin'
[1.445s] INFO:colcon.colcon_core.shell:Creating package script '/home/joshua/rover_ws/install/rover_perception_msgs/share/rover_perception_msgs/package.ps1'
[1.445s] INFO:colcon.colcon_core.shell:Creating package descriptor '/home/joshua/rover_ws/install/rover_perception_msgs/share/rover_perception_msgs/package.dsv'
[1.446s] INFO:colcon.colcon_core.shell:Creating package script '/home/joshua/rover_ws/install/rover_perception_msgs/share/rover_perception_msgs/package.sh'
[1.447s] INFO:colcon.colcon_core.shell:Creating package script '/home/joshua/rover_ws/install/rover_perception_msgs/share/rover_perception_msgs/package.bash'
[1.447s] INFO:colcon.colcon_core.shell:Creating package script '/home/joshua/rover_ws/install/rover_perception_msgs/share/rover_perception_msgs/package.zsh'
[1.448s] Level 1:colcon.colcon_core.environment:create_file_with_runtime_dependencies(/home/joshua/rover_ws/install/rover_perception_msgs/share/colcon-core/packages/rover_perception_msgs)
[1.728s] DEBUG:colcon.colcon_core.event_handler.log_command:Invoking command in '/home/joshua/rover_ws/src/rover_lidar': PYTHONPATH=/home/joshua/rover_ws/build/rover_lidar/prefix_override:/usr/lib/python3/dist-packages/colcon_core/task/python/colcon_distutils_commands:/home/joshua/rover_ws/install/rover_lidar/lib/python3.10/site-packages:${PYTHONPATH} /usr/bin/python3 -W ignore:setup.py install is deprecated -W ignore:easy_install command is deprecated setup.py egg_info --egg-base ../../build/rover_lidar build --build-base /home/joshua/rover_ws/build/rover_lidar/build install --record /home/joshua/rover_ws/build/rover_lidar/install.log --single-version-externally-managed install_data
[1.735s] DEBUG:colcon.colcon_core.event_handler.log_command:Invoking command in '/home/joshua/rover_ws/src/rover_control': PYTHONPATH=/home/joshua/rover_ws/build/rover_control/prefix_override:/usr/lib/python3/dist-packages/colcon_core/task/python/colcon_distutils_commands:/home/joshua/rover_ws/install/rover_control/lib/python3.10/site-packages:${PYTHONPATH} /usr/bin/python3 -W ignore:setup.py install is deprecated -W ignore:easy_install command is deprecated setup.py egg_info --egg-base ../../build/rover_control build --build-base /home/joshua/rover_ws/build/rover_control/build install --record /home/joshua/rover_ws/build/rover_control/install.log --single-version-externally-managed install_data
[2.015s] Level 1:colcon.colcon_core.environment:checking '/home/joshua/rover_ws/install/rover_lidar' for CMake module files
[2.015s] DEBUG:colcon.colcon_core.event_handler.log_command:Invoked command in '/home/joshua/rover_ws/src/rover_lidar' returned '0': PYTHONPATH=/home/joshua/rover_ws/build/rover_lidar/prefix_override:/usr/lib/python3/dist-packages/colcon_core/task/python/colcon_distutils_commands:/home/joshua/rover_ws/install/rover_lidar/lib/python3.10/site-packages:${PYTHONPATH} /usr/bin/python3 -W ignore:setup.py install is deprecated -W ignore:easy_install command is deprecated setup.py egg_info --egg-base ../../build/rover_lidar build --build-base /home/joshua/rover_ws/build/rover_lidar/build install --record /home/joshua/rover_ws/build/rover_lidar/install.log --single-version-externally-managed install_data
[2.016s] Level 1:colcon.colcon_core.environment:checking '/home/joshua/rover_ws/install/rover_lidar' for CMake config files
[2.016s] Level 1:colcon.colcon_core.environment:checking '/home/joshua/rover_ws/install/rover_lidar/lib'
[2.017s] Level 1:colcon.colcon_core.environment:checking '/home/joshua/rover_ws/install/rover_lidar/bin'
[2.017s] Level 1:colcon.colcon_core.environment:checking '/home/joshua/rover_ws/install/rover_lidar/lib/pkgconfig/rover_lidar.pc'
[2.017s] Level 1:colcon.colcon_core.environment:checking '/home/joshua/rover_ws/install/rover_lidar/lib/python3.10/site-packages'
[2.017s] Level 1:colcon.colcon_core.shell:create_environment_hook('rover_lidar', 'pythonpath')
[2.017s] INFO:colcon.colcon_core.shell:Creating environment hook '/home/joshua/rover_ws/install/rover_lidar/share/rover_lidar/hook/pythonpath.ps1'
[2.018s] INFO:colcon.colcon_core.shell:Creating environment descriptor '/home/joshua/rover_ws/install/rover_lidar/share/rover_lidar/hook/pythonpath.dsv'
[2.018s] INFO:colcon.colcon_core.shell:Creating environment hook '/home/joshua/rover_ws/install/rover_lidar/share/rover_lidar/hook/pythonpath.sh'
[2.019s] Level 1:colcon.colcon_core.environment:checking '/home/joshua/rover_ws/install/rover_lidar/bin'
[2.019s] Level 1:colcon.colcon_core.environment:create_environment_scripts_only(rover_lidar)
[2.020s] INFO:colcon.colcon_core.shell:Creating package script '/home/joshua/rover_ws/install/rover_lidar/share/rover_lidar/package.ps1'
[2.020s] INFO:colcon.colcon_core.shell:Creating package descriptor '/home/joshua/rover_ws/install/rover_lidar/share/rover_lidar/package.dsv'
[2.021s] INFO:colcon.colcon_core.shell:Creating package script '/home/joshua/rover_ws/install/rover_lidar/share/rover_lidar/package.sh'
[2.021s] INFO:colcon.colcon_core.shell:Creating package script '/home/joshua/rover_ws/install/rover_lidar/share/rover_lidar/package.bash'
[2.021s] INFO:colcon.colcon_core.shell:Creating package script '/home/joshua/rover_ws/install/rover_lidar/share/rover_lidar/package.zsh'
[2.022s] Level 1:colcon.colcon_core.environment:create_file_with_runtime_dependencies(/home/joshua/rover_ws/install/rover_lidar/share/colcon-core/packages/rover_lidar)
[2.023s] INFO:colcon.colcon_ros.task.ament_python.build:Building ROS package in '/home/joshua/rover_ws/src/rover_perception' with build type 'ament_python'
[2.023s] Level 1:colcon.colcon_core.shell:create_environment_hook('rover_perception', 'ament_prefix_path')
[2.023s] INFO:colcon.colcon_core.shell:Creating environment hook '/home/joshua/rover_ws/install/rover_perception/share/rover_perception/hook/ament_prefix_path.ps1'
[2.025s] INFO:colcon.colcon_core.shell:Creating environment descriptor '/home/joshua/rover_ws/install/rover_perception/share/rover_perception/hook/ament_prefix_path.dsv'
[2.025s] INFO:colcon.colcon_core.shell:Creating environment hook '/home/joshua/rover_ws/install/rover_perception/share/rover_perception/hook/ament_prefix_path.sh'
[2.026s] INFO:colcon.colcon_core.shell:Skip shell extension 'powershell' for command environment: Not usable outside of PowerShell
[2.026s] DEBUG:colcon.colcon_core.shell:Skip shell extension 'dsv' for command environment
[2.030s] Level 1:colcon.colcon_core.environment:checking '/home/joshua/rover_ws/install/rover_control' for CMake module files
[2.031s] DEBUG:colcon.colcon_core.event_handler.log_command:Invoked command in '/home/joshua/rover_ws/src/rover_control' returned '0': PYTHONPATH=/home/joshua/rover_ws/build/rover_control/prefix_override:/usr/lib/python3/dist-packages/colcon_core/task/python/colcon_distutils_commands:/home/joshua/rover_ws/install/rover_control/lib/python3.10/site-packages:${PYTHONPATH} /usr/bin/python3 -W ignore:setup.py install is deprecated -W ignore:easy_install command is deprecated setup.py egg_info --egg-base ../../build/rover_control build --build-base /home/joshua/rover_ws/build/rover_control/build install --record /home/joshua/rover_ws/build/rover_control/install.log --single-version-externally-managed install_data
[2.032s] Level 1:colcon.colcon_core.environment:checking '/home/joshua/rover_ws/install/rover_control' for CMake config files
[2.033s] Level 1:colcon.colcon_core.environment:checking '/home/joshua/rover_ws/install/rover_control/lib'
[2.033s] Level 1:colcon.colcon_core.environment:checking '/home/joshua/rover_ws/install/rover_control/bin'
[2.033s] Level 1:colcon.colcon_core.environment:checking '/home/joshua/rover_ws/install/rover_control/lib/pkgconfig/rover_control.pc'
[2.033s] Level 1:colcon.colcon_core.environment:checking '/home/joshua/rover_ws/install/rover_control/lib/python3.10/site-packages'
[2.033s] Level 1:colcon.colcon_core.shell:create_environment_hook('rover_control', 'pythonpath')
[2.034s] INFO:colcon.colcon_core.shell:Creating environment hook '/home/joshua/rover_ws/install/rover_control/share/rover_control/hook/pythonpath.ps1'
[2.035s] INFO:colcon.colcon_core.shell:Creating environment descriptor '/home/joshua/rover_ws/install/rover_control/share/rover_control/hook/pythonpath.dsv'
[2.035s] INFO:colcon.colcon_core.shell:Creating environment hook '/home/joshua/rover_ws/install/rover_control/share/rover_control/hook/pythonpath.sh'
[2.037s] Level 1:colcon.colcon_core.environment:checking '/home/joshua/rover_ws/install/rover_control/bin'
[2.037s] Level 1:colcon.colcon_core.environment:create_environment_scripts_only(rover_control)
[2.037s] INFO:colcon.colcon_core.shell:Creating package script '/home/joshua/rover_ws/install/rover_control/share/rover_control/package.ps1'
[2.038s] INFO:colcon.colcon_core.shell:Creating package descriptor '/home/joshua/rover_ws/install/rover_control/share/rover_control/package.dsv'
[2.039s] INFO:colcon.colcon_core.shell:Creating package script '/home/joshua/rover_ws/install/rover_control/share/rover_control/package.sh'
[2.040s] INFO:colcon.colcon_core.shell:Creating package script '/home/joshua/rover_ws/install/rover_control/share/rover_control/package.bash'
[2.040s] INFO:colcon.colcon_core.shell:Creating package script '/home/joshua/rover_ws/install/rover_control/share/rover_control/package.zsh'
[2.041s] Level 1:colcon.colcon_core.environment:create_file_with_runtime_dependencies(/home/joshua/rover_ws/install/rover_control/share/colcon-core/packages/rover_control)
[2.374s] INFO:colcon.colcon_core.task.python.build:Building Python package in '/home/joshua/rover_ws/src/rover_perception'
[2.374s] INFO:colcon.colcon_core.shell:Skip shell extension 'powershell' for command environment: Not usable outside of PowerShell
[2.374s] DEBUG:colcon.colcon_core.shell:Skip shell extension 'dsv' for command environment
[2.771s] DEBUG:colcon.colcon_core.event_handler.log_command:Invoking command in '/home/joshua/rover_ws/src/rover_perception': AMENT_PREFIX_PATH=/home/joshua/rover_ws/install/rover_lidar:/home/joshua/rover_ws/install/rover_perception:/home/joshua/rover_ws/install/rover_perception_msgs:/home/joshua/rover_ws/install/rover_control:/opt/ros/humble PYTHONPATH=/home/joshua/rover_ws/build/rover_perception/prefix_override:/usr/lib/python3/dist-packages/colcon_core/task/python/colcon_distutils_commands:/home/joshua/rover_ws/install/rover_perception/lib/python3.10/site-packages:/home/joshua/rover_ws/install/rover_lidar/lib/python3.10/site-packages:/home/joshua/rover_ws/install/rover_perception/lib/python3.10/site-packages:/home/joshua/rover_ws/install/rover_perception_msgs/local/lib/python3.10/dist-packages:/home/joshua/rover_ws/install/rover_control/lib/python3.10/site-packages:/opt/ros/humble/lib/python3.10/site-packages:/opt/ros/humble/local/lib/python3.10/dist-packages /usr/bin/python3 -W ignore:setup.py install is deprecated -W ignore:easy_install command is deprecated setup.py egg_info --egg-base ../../build/rover_perception build --build-base /home/joshua/rover_ws/build/rover_perception/build install --record /home/joshua/rover_ws/build/rover_perception/install.log --single-version-externally-managed install_data
[3.003s] Level 1:colcon.colcon_core.environment:checking '/home/joshua/rover_ws/install/rover_perception' for CMake module files
[3.004s] DEBUG:colcon.colcon_core.event_handler.log_command:Invoked command in '/home/joshua/rover_ws/src/rover_perception' returned '0': AMENT_PREFIX_PATH=/home/joshua/rover_ws/install/rover_lidar:/home/joshua/rover_ws/install/rover_perception:/home/joshua/rover_ws/install/rover_perception_msgs:/home/joshua/rover_ws/install/rover_control:/opt/ros/humble PYTHONPATH=/home/joshua/rover_ws/build/rover_perception/prefix_override:/usr/lib/python3/dist-packages/colcon_core/task/python/colcon_distutils_commands:/home/joshua/rover_ws/install/rover_perception/lib/python3.10/site-packages:/home/joshua/rover_ws/install/rover_lidar/lib/python3.10/site-packages:/home/joshua/rover_ws/install/rover_perception/lib/python3.10/site-packages:/home/joshua/rover_ws/install/rover_perception_msgs/local/lib/python3.10/dist-packages:/home/joshua/rover_ws/install/rover_control/lib/python3.10/site-packages:/opt/ros/humble/lib/python3.10/site-packages:/opt/ros/humble/local/lib/python3.10/dist-packages /usr/bin/python3 -W ignore:setup.py install is deprecated -W ignore:easy_install command is deprecated setup.py egg_info --egg-base ../../build/rover_perception build --build-base /home/joshua/rover_ws/build/rover_perception/build install --record /home/joshua/rover_ws/build/rover_perception/install.log --single-version-externally-managed install_data
[3.004s] Level 1:colcon.colcon_core.environment:checking '/home/joshua/rover_ws/install/rover_perception' for CMake config files
[3.005s] Level 1:colcon.colcon_core.environment:checking '/home/joshua/rover_ws/install/rover_perception/lib'
[3.005s] Level 1:colcon.colcon_core.environment:checking '/home/joshua/rover_ws/install/rover_perception/bin'
[3.005s] Level 1:colcon.colcon_core.environment:checking '/home/joshua/rover_ws/install/rover_perception/lib/pkgconfig/rover_perception.pc'
[3.005s] Level 1:colcon.colcon_core.environment:checking '/home/joshua/rover_ws/install/rover_perception/lib/python3.10/site-packages'
[3.005s] Level 1:colcon.colcon_core.shell:create_environment_hook('rover_perception', 'pythonpath')
[3.006s] INFO:colcon.colcon_core.shell:Creating environment hook '/home/joshua/rover_ws/install/rover_perception/share/rover_perception/hook/pythonpath.ps1'
[3.006s] INFO:colcon.colcon_core.shell:Creating environment descriptor '/home/joshua/rover_ws/install/rover_perception/share/rover_perception/hook/pythonpath.dsv'
[3.006s] INFO:colcon.colcon_core.shell:Creating environment hook '/home/joshua/rover_ws/install/rover_perception/share/rover_perception/hook/pythonpath.sh'
[3.007s] Level 1:colcon.colcon_core.environment:checking '/home/joshua/rover_ws/install/rover_perception/bin'
[3.007s] Level 1:colcon.colcon_core.environment:create_environment_scripts_only(rover_perception)
[3.007s] INFO:colcon.colcon_core.shell:Creating package script '/home/joshua/rover_ws/install/rover_perception/share/rover_perception/package.ps1'
[3.008s] INFO:colcon.colcon_core.shell:Creating package descriptor '/home/joshua/rover_ws/install/rover_perception/share/rover_perception/package.dsv'
[3.008s] INFO:colcon.colcon_core.shell:Creating package script '/home/joshua/rover_ws/install/rover_perception/share/rover_perception/package.sh'
[3.009s] INFO:colcon.colcon_core.shell:Creating package script '/home/joshua/rover_ws/install/rover_perception/share/rover_perception/package.bash'
[3.009s] INFO:colcon.colcon_core.shell:Creating package script '/home/joshua/rover_ws/install/rover_perception/share/rover_perception/package.zsh'
[3.010s] Level 1:colcon.colcon_core.environment:create_file_with_runtime_dependencies(/home/joshua/rover_ws/install/rover_perception/share/colcon-core/packages/rover_perception)
[3.010s] DEBUG:colcon.colcon_parallel_executor.executor.parallel:closing loop
[3.010s] DEBUG:colcon.colcon_parallel_executor.executor.parallel:loop closed
[3.010s] DEBUG:colcon.colcon_parallel_executor.executor.parallel:run_until_complete finished with '0'
[3.011s] DEBUG:colcon.colcon_core.event_reactor:joining thread
[3.048s] INFO:colcon.colcon_core.plugin_system:Skipping extension 'colcon_notification.desktop_notification.notify_send': Could not find 'notify-send'
[3.049s] INFO:colcon.colcon_core.plugin_system:Skipping extension 'colcon_notification.desktop_notification.terminal_notifier': Not used on non-Darwin systems
[3.049s] INFO:colcon.colcon_core.plugin_system:Skipping extension 'colcon_notification.desktop_notification.win32': Not used on non-Windows systems
[3.049s] INFO:colcon.colcon_notification.desktop_notification:Sending desktop notification using 'notify2'
[3.049s] DEBUG:colcon.colcon_notification.desktop_notification.notify2:Failed to initialize notify2: org.freedesktop.DBus.Error.FileNotFound: Failed to connect to socket /run/user/1000/bus: No such file or directory
[3.049s] DEBUG:colcon.colcon_core.event_reactor:joined thread
[3.049s] INFO:colcon.colcon_core.shell:Creating prefix script '/home/joshua/rover_ws/install/local_setup.ps1'
[3.051s] INFO:colcon.colcon_core.shell:Creating prefix util module '/home/joshua/rover_ws/install/_local_setup_util_ps1.py'
[3.052s] INFO:colcon.colcon_core.shell:Creating prefix chain script '/home/joshua/rover_ws/install/setup.ps1'
[3.053s] INFO:colcon.colcon_core.shell:Creating prefix script '/home/joshua/rover_ws/install/local_setup.sh'
[3.054s] INFO:colcon.colcon_core.shell:Creating prefix util module '/home/joshua/rover_ws/install/_local_setup_util_sh.py'
[3.054s] INFO:colcon.colcon_core.shell:Creating prefix chain script '/home/joshua/rover_ws/install/setup.sh'
[3.055s] INFO:colcon.colcon_core.shell:Creating prefix script '/home/joshua/rover_ws/install/local_setup.bash'
[3.056s] INFO:colcon.colcon_core.shell:Creating prefix chain script '/home/joshua/rover_ws/install/setup.bash'
[3.057s] INFO:colcon.colcon_core.shell:Creating prefix script '/home/joshua/rover_ws/install/local_setup.zsh'
[3.058s] INFO:colcon.colcon_core.shell:Creating prefix chain script '/home/joshua/rover_ws/install/setup.zsh'
