[1.495s] Invoking command in '/home/joshua/rover_ws/src/rover_perception': AMENT_PREFIX_PATH=/home/joshua/rover_ws/install/rover_perception_msgs:/home/joshua/rover_ws/install/rover_lidar:${AMENT_PREFIX_PATH} CMAKE_PREFIX_PATH=/home/joshua/rover_ws/install/rover_perception_msgs LD_LIBRARY_PATH=/home/joshua/rover_ws/install/rover_perception_msgs/lib:${LD_LIBRARY_PATH} PYTHONPATH=/home/joshua/rover_ws/build/rover_perception/prefix_override:/usr/lib/python3/dist-packages/colcon_core/task/python/colcon_distutils_commands:/home/joshua/rover_ws/install/rover_perception/lib/python3.10/site-packages:/home/joshua/rover_ws/install/rover_perception_msgs/local/lib/python3.10/dist-packages:/home/joshua/rover_ws/install/rover_lidar/lib/python3.10/site-packages:${PYTHONPATH} /usr/bin/python3 -W ignore:setup.py install is deprecated -W ignore:easy_install command is deprecated setup.py egg_info --egg-base ../../build/rover_perception build --build-base /home/joshua/rover_ws/build/rover_perception/build install --record /home/joshua/rover_ws/build/rover_perception/install.log --single-version-externally-managed install_data
[1.807s] running egg_info
[1.808s] writing ../../build/rover_perception/rover_perception.egg-info/PKG-INFO
[1.808s] writing dependency_links to ../../build/rover_perception/rover_perception.egg-info/dependency_links.txt
[1.809s] writing entry points to ../../build/rover_perception/rover_perception.egg-info/entry_points.txt
[1.809s] writing requirements to ../../build/rover_perception/rover_perception.egg-info/requires.txt
[1.810s] writing top-level names to ../../build/rover_perception/rover_perception.egg-info/top_level.txt
[1.814s] reading manifest file '../../build/rover_perception/rover_perception.egg-info/SOURCES.txt'
[1.815s] writing manifest file '../../build/rover_perception/rover_perception.egg-info/SOURCES.txt'
[1.816s] running build
[1.816s] running build_py
[1.817s] running install
[1.818s] running install_lib
[1.820s] running install_data
[1.822s] running install_egg_info
[1.824s] removing '/home/joshua/rover_ws/install/rover_perception/lib/python3.10/site-packages/rover_perception-0.0.0-py3.10.egg-info' (and everything under it)
[1.825s] Copying ../../build/rover_perception/rover_perception.egg-info to /home/joshua/rover_ws/install/rover_perception/lib/python3.10/site-packages/rover_perception-0.0.0-py3.10.egg-info
[1.829s] running install_scripts
[1.870s] Installing fake_mast_hw_node script to /home/joshua/rover_ws/install/rover_perception/lib/rover_perception
[1.871s] Installing fake_mono_camera_node script to /home/joshua/rover_ws/install/rover_perception/lib/rover_perception
[1.871s] Installing fake_stereo_camera_node script to /home/joshua/rover_ws/install/rover_perception/lib/rover_perception
[1.872s] Installing frame_transform_node script to /home/joshua/rover_ws/install/rover_perception/lib/rover_perception
[1.873s] Installing global_pointcloud_fusion_node script to /home/joshua/rover_ws/install/rover_perception/lib/rover_perception
[1.873s] Installing led_detector_node script to /home/joshua/rover_ws/install/rover_perception/lib/rover_perception
[1.873s] Installing mast_pose_node script to /home/joshua/rover_ws/install/rover_perception/lib/rover_perception
[1.873s] Installing obstacle_grid_node script to /home/joshua/rover_ws/install/rover_perception/lib/rover_perception
[1.873s] Installing pointcloud_preprocessing_node script to /home/joshua/rover_ws/install/rover_perception/lib/rover_perception
[1.873s] Installing stereo_pointcloud_node script to /home/joshua/rover_ws/install/rover_perception/lib/rover_perception
[1.874s] writing list of installed files to '/home/joshua/rover_ws/build/rover_perception/install.log'
[1.912s] Invoked command in '/home/joshua/rover_ws/src/rover_perception' returned '0': AMENT_PREFIX_PATH=/home/joshua/rover_ws/install/rover_perception_msgs:/home/joshua/rover_ws/install/rover_lidar:${AMENT_PREFIX_PATH} CMAKE_PREFIX_PATH=/home/joshua/rover_ws/install/rover_perception_msgs LD_LIBRARY_PATH=/home/joshua/rover_ws/install/rover_perception_msgs/lib:${LD_LIBRARY_PATH} PYTHONPATH=/home/joshua/rover_ws/build/rover_perception/prefix_override:/usr/lib/python3/dist-packages/colcon_core/task/python/colcon_distutils_commands:/home/joshua/rover_ws/install/rover_perception/lib/python3.10/site-packages:/home/joshua/rover_ws/install/rover_perception_msgs/local/lib/python3.10/dist-packages:/home/joshua/rover_ws/install/rover_lidar/lib/python3.10/site-packages:${PYTHONPATH} /usr/bin/python3 -W ignore:setup.py install is deprecated -W ignore:easy_install command is deprecated setup.py egg_info --egg-base ../../build/rover_perception build --build-base /home/joshua/rover_ws/build/rover_perception/build install --record /home/joshua/rover_ws/build/rover_perception/install.log --single-version-externally-managed install_data
