[0.893s] Invoking command in '/home/joshua/rover_ws/src/rover_lidar': PYTHONPATH=/home/joshua/rover_ws/build/rover_lidar/prefix_override:/usr/lib/python3/dist-packages/colcon_core/task/python/colcon_distutils_commands:/home/joshua/rover_ws/install/rover_lidar/lib/python3.10/site-packages:${PYTHONPATH} /usr/bin/python3 -W ignore:setup.py install is deprecated -W ignore:easy_install command is deprecated setup.py egg_info --egg-base ../../build/rover_lidar build --build-base /home/joshua/rover_ws/build/rover_lidar/build install --record /home/joshua/rover_ws/build/rover_lidar/install.log --single-version-externally-managed install_data
[1.100s] running egg_info
[1.100s] writing ../../build/rover_lidar/rover_lidar.egg-info/PKG-INFO
[1.101s] writing dependency_links to ../../build/rover_lidar/rover_lidar.egg-info/dependency_links.txt
[1.101s] writing entry points to ../../build/rover_lidar/rover_lidar.egg-info/entry_points.txt
[1.102s] writing requirements to ../../build/rover_lidar/rover_lidar.egg-info/requires.txt
[1.102s] writing top-level names to ../../build/rover_lidar/rover_lidar.egg-info/top_level.txt
[1.103s] reading manifest file '../../build/rover_lidar/rover_lidar.egg-info/SOURCES.txt'
[1.105s] writing manifest file '../../build/rover_lidar/rover_lidar.egg-info/SOURCES.txt'
[1.105s] running build
[1.105s] running build_py
[1.106s] copying rover_lidar/lidar_processing_node.py -> /home/joshua/rover_ws/build/rover_lidar/build/lib/rover_lidar
[1.107s] running install
[1.107s] running install_lib
[1.108s] copying /home/joshua/rover_ws/build/rover_lidar/build/lib/rover_lidar/lidar_processing_node.py -> /home/joshua/rover_ws/install/rover_lidar/lib/python3.10/site-packages/rover_lidar
[1.109s] byte-compiling /home/joshua/rover_ws/install/rover_lidar/lib/python3.10/site-packages/rover_lidar/lidar_processing_node.py to lidar_processing_node.cpython-310.pyc
[1.112s] running install_data
[1.112s] running install_egg_info
[1.114s] removing '/home/joshua/rover_ws/install/rover_lidar/lib/python3.10/site-packages/rover_lidar-0.0.0-py3.10.egg-info' (and everything under it)
[1.114s] Copying ../../build/rover_lidar/rover_lidar.egg-info to /home/joshua/rover_ws/install/rover_lidar/lib/python3.10/site-packages/rover_lidar-0.0.0-py3.10.egg-info
[1.116s] running install_scripts
[1.139s] Installing fake_lidar_node script to /home/joshua/rover_ws/install/rover_lidar/lib/rover_lidar
[1.139s] Installing lidar_processing_node script to /home/joshua/rover_ws/install/rover_lidar/lib/rover_lidar
[1.139s] writing list of installed files to '/home/joshua/rover_ws/build/rover_lidar/install.log'
[1.169s] Invoked command in '/home/joshua/rover_ws/src/rover_lidar' returned '0': PYTHONPATH=/home/joshua/rover_ws/build/rover_lidar/prefix_override:/usr/lib/python3/dist-packages/colcon_core/task/python/colcon_distutils_commands:/home/joshua/rover_ws/install/rover_lidar/lib/python3.10/site-packages:${PYTHONPATH} /usr/bin/python3 -W ignore:setup.py install is deprecated -W ignore:easy_install command is deprecated setup.py egg_info --egg-base ../../build/rover_lidar build --build-base /home/joshua/rover_ws/build/rover_lidar/build install --record /home/joshua/rover_ws/build/rover_lidar/install.log --single-version-externally-managed install_data
