[1.800s] Invoking command in '/workspaces/IRS_Rover_ROS2_Workspace/rover_ws/src/rover_lidar': PYTHONPATH=/workspaces/IRS_Rover_ROS2_Workspace/rover_ws/src/build/rover_lidar/prefix_override:/usr/lib/python3/dist-packages/colcon_core/task/python/colcon_distutils_commands:/workspaces/IRS_Rover_ROS2_Workspace/rover_ws/src/install/rover_lidar/lib/python3.10/site-packages:${PYTHONPATH} /usr/bin/python3 -W ignore:setup.py install is deprecated -W ignore:easy_install command is deprecated setup.py egg_info --egg-base ../build/rover_lidar build --build-base /workspaces/IRS_Rover_ROS2_Workspace/rover_ws/src/build/rover_lidar/build install --record /workspaces/IRS_Rover_ROS2_Workspace/rover_ws/src/build/rover_lidar/install.log --single-version-externally-managed install_data
[2.216s] running egg_info
[2.218s] creating ../build/rover_lidar/rover_lidar.egg-info
[2.221s] writing ../build/rover_lidar/rover_lidar.egg-info/PKG-INFO
[2.223s] writing dependency_links to ../build/rover_lidar/rover_lidar.egg-info/dependency_links.txt
[2.225s] writing entry points to ../build/rover_lidar/rover_lidar.egg-info/entry_points.txt
[2.229s] writing requirements to ../build/rover_lidar/rover_lidar.egg-info/requires.txt
[2.231s] writing top-level names to ../build/rover_lidar/rover_lidar.egg-info/top_level.txt
[2.233s] writing manifest file '../build/rover_lidar/rover_lidar.egg-info/SOURCES.txt'
[2.242s] reading manifest file '../build/rover_lidar/rover_lidar.egg-info/SOURCES.txt'
[2.246s] writing manifest file '../build/rover_lidar/rover_lidar.egg-info/SOURCES.txt'
[2.248s] running build
[2.250s] running build_py
[2.251s] creating /workspaces/IRS_Rover_ROS2_Workspace/rover_ws/src/build/rover_lidar/build
[2.253s] creating /workspaces/IRS_Rover_ROS2_Workspace/rover_ws/src/build/rover_lidar/build/lib
[2.256s] creating /workspaces/IRS_Rover_ROS2_Workspace/rover_ws/src/build/rover_lidar/build/lib/rover_lidar
[2.257s] copying rover_lidar/fake_lidar_node.py -> /workspaces/IRS_Rover_ROS2_Workspace/rover_ws/src/build/rover_lidar/build/lib/rover_lidar
[2.266s] copying rover_lidar/lidar_processing_node.py -> /workspaces/IRS_Rover_ROS2_Workspace/rover_ws/src/build/rover_lidar/build/lib/rover_lidar
[2.275s] copying rover_lidar/__init__.py -> /workspaces/IRS_Rover_ROS2_Workspace/rover_ws/src/build/rover_lidar/build/lib/rover_lidar
[2.281s] running install
[2.283s] running install_lib
[2.295s] creating /workspaces/IRS_Rover_ROS2_Workspace/rover_ws/src/install/rover_lidar/lib/python3.10/site-packages/rover_lidar
[2.297s] copying /workspaces/IRS_Rover_ROS2_Workspace/rover_ws/src/build/rover_lidar/build/lib/rover_lidar/fake_lidar_node.py -> /workspaces/IRS_Rover_ROS2_Workspace/rover_ws/src/install/rover_lidar/lib/python3.10/site-packages/rover_lidar
[2.303s] copying /workspaces/IRS_Rover_ROS2_Workspace/rover_ws/src/build/rover_lidar/build/lib/rover_lidar/lidar_processing_node.py -> /workspaces/IRS_Rover_ROS2_Workspace/rover_ws/src/install/rover_lidar/lib/python3.10/site-packages/rover_lidar
[2.304s] copying /workspaces/IRS_Rover_ROS2_Workspace/rover_ws/src/build/rover_lidar/build/lib/rover_lidar/__init__.py -> /workspaces/IRS_Rover_ROS2_Workspace/rover_ws/src/install/rover_lidar/lib/python3.10/site-packages/rover_lidar
[2.321s] byte-compiling /workspaces/IRS_Rover_ROS2_Workspace/rover_ws/src/install/rover_lidar/lib/python3.10/site-packages/rover_lidar/fake_lidar_node.py to fake_lidar_node.cpython-310.pyc
[2.339s] byte-compiling /workspaces/IRS_Rover_ROS2_Workspace/rover_ws/src/install/rover_lidar/lib/python3.10/site-packages/rover_lidar/lidar_processing_node.py to lidar_processing_node.cpython-310.pyc
[2.353s] byte-compiling /workspaces/IRS_Rover_ROS2_Workspace/rover_ws/src/install/rover_lidar/lib/python3.10/site-packages/rover_lidar/__init__.py to __init__.cpython-310.pyc
[2.359s] running install_data
[2.364s] creating /workspaces/IRS_Rover_ROS2_Workspace/rover_ws/src/install/rover_lidar/share/ament_index
[2.367s] creating /workspaces/IRS_Rover_ROS2_Workspace/rover_ws/src/install/rover_lidar/share/ament_index/resource_index
[2.371s] creating /workspaces/IRS_Rover_ROS2_Workspace/rover_ws/src/install/rover_lidar/share/ament_index/resource_index/packages
[2.378s] copying resource/rover_lidar -> /workspaces/IRS_Rover_ROS2_Workspace/rover_ws/src/install/rover_lidar/share/ament_index/resource_index/packages
[2.385s] copying package.xml -> /workspaces/IRS_Rover_ROS2_Workspace/rover_ws/src/install/rover_lidar/share/rover_lidar
[2.386s] running install_egg_info
[2.395s] Copying ../build/rover_lidar/rover_lidar.egg-info to /workspaces/IRS_Rover_ROS2_Workspace/rover_ws/src/install/rover_lidar/lib/python3.10/site-packages/rover_lidar-0.0.0-py3.10.egg-info
[2.414s] running install_scripts
[2.452s] Installing fake_lidar_node script to /workspaces/IRS_Rover_ROS2_Workspace/rover_ws/src/install/rover_lidar/lib/rover_lidar
[2.460s] Installing lidar_processing_node script to /workspaces/IRS_Rover_ROS2_Workspace/rover_ws/src/install/rover_lidar/lib/rover_lidar
[2.470s] writing list of installed files to '/workspaces/IRS_Rover_ROS2_Workspace/rover_ws/src/build/rover_lidar/install.log'
[2.519s] Invoked command in '/workspaces/IRS_Rover_ROS2_Workspace/rover_ws/src/rover_lidar' returned '0': PYTHONPATH=/workspaces/IRS_Rover_ROS2_Workspace/rover_ws/src/build/rover_lidar/prefix_override:/usr/lib/python3/dist-packages/colcon_core/task/python/colcon_distutils_commands:/workspaces/IRS_Rover_ROS2_Workspace/rover_ws/src/install/rover_lidar/lib/python3.10/site-packages:${PYTHONPATH} /usr/bin/python3 -W ignore:setup.py install is deprecated -W ignore:easy_install command is deprecated setup.py egg_info --egg-base ../build/rover_lidar build --build-base /workspaces/IRS_Rover_ROS2_Workspace/rover_ws/src/build/rover_lidar/build install --record /workspaces/IRS_Rover_ROS2_Workspace/rover_ws/src/build/rover_lidar/install.log --single-version-externally-managed install_data
