running egg_info
writing ../../build/rover_control/rover_control.egg-info/PKG-INFO
writing dependency_links to ../../build/rover_control/rover_control.egg-info/dependency_links.txt
writing entry points to ../../build/rover_control/rover_control.egg-info/entry_points.txt
writing requirements to ../../build/rover_control/rover_control.egg-info/requires.txt
writing top-level names to ../../build/rover_control/rover_control.egg-info/top_level.txt
reading manifest file '../../build/rover_control/rover_control.egg-info/SOURCES.txt'
writing manifest file '../../build/rover_control/rover_control.egg-info/SOURCES.txt'
running build
running build_py
copying rover_control/fake_stm32_bridge_node.py -> /home/joshua/rover_ws/build/rover_control/build/lib/rover_control
running install
running install_lib
copying /home/joshua/rover_ws/build/rover_control/build/lib/rover_control/fake_stm32_bridge_node.py -> /home/joshua/rover_ws/install/rover_control/lib/python3.10/site-packages/rover_control
byte-compiling /home/joshua/rover_ws/install/rover_control/lib/python3.10/site-packages/rover_control/fake_stm32_bridge_node.py to fake_stm32_bridge_node.cpython-310.pyc
running install_data
running install_egg_info
removing '/home/joshua/rover_ws/install/rover_control/lib/python3.10/site-packages/rover_control-0.0.0-py3.10.egg-info' (and everything under it)
Copying ../../build/rover_control/rover_control.egg-info to /home/joshua/rover_ws/install/rover_control/lib/python3.10/site-packages/rover_control-0.0.0-py3.10.egg-info
running install_scripts
Installing command_node script to /home/joshua/rover_ws/install/rover_control/lib/rover_control
Installing fake_stm32_bridge_node script to /home/joshua/rover_ws/install/rover_control/lib/rover_control
writing list of installed files to '/home/joshua/rover_ws/build/rover_control/install.log'
