/workspaces/IRS_Rover_ROS2_Workspace/rover_ws/install/rover_control/lib/python3.10/site-packages/rover_control/fake_stm32_bridge_node.py
/workspaces/IRS_Rover_ROS2_Workspace/rover_ws/install/rover_control/lib/python3.10/site-packages/rover_control/wifi_node.py
/workspaces/IRS_Rover_ROS2_Workspace/rover_ws/install/rover_control/lib/python3.10/site-packages/rover_control/__init__.py
/workspaces/IRS_Rover_ROS2_Workspace/rover_ws/install/rover_control/lib/python3.10/site-packages/rover_control/rover_pose_node.py
/workspaces/IRS_Rover_ROS2_Workspace/rover_ws/install/rover_control/lib/python3.10/site-packages/rover_control/set_mode_node.py
/workspaces/IRS_Rover_ROS2_Workspace/rover_ws/install/rover_control/lib/python3.10/site-packages/rover_control/test:commands.py
/workspaces/IRS_Rover_ROS2_Workspace/rover_ws/install/rover_control/lib/python3.10/site-packages/rover_control/stm_bridge_node.py
/workspaces/IRS_Rover_ROS2_Workspace/rover_ws/install/rover_control/lib/python3.10/site-packages/rover_control/command_node.py
/workspaces/IRS_Rover_ROS2_Workspace/rover_ws/install/rover_control/lib/python3.10/site-packages/rover_control/__pycache__/fake_stm32_bridge_node.cpython-310.pyc
/workspaces/IRS_Rover_ROS2_Workspace/rover_ws/install/rover_control/lib/python3.10/site-packages/rover_control/__pycache__/wifi_node.cpython-310.pyc
/workspaces/IRS_Rover_ROS2_Workspace/rover_ws/install/rover_control/lib/python3.10/site-packages/rover_control/__pycache__/__init__.cpython-310.pyc
/workspaces/IRS_Rover_ROS2_Workspace/rover_ws/install/rover_control/lib/python3.10/site-packages/rover_control/__pycache__/rover_pose_node.cpython-310.pyc
/workspaces/IRS_Rover_ROS2_Workspace/rover_ws/install/rover_control/lib/python3.10/site-packages/rover_control/__pycache__/set_mode_node.cpython-310.pyc
/workspaces/IRS_Rover_ROS2_Workspace/rover_ws/install/rover_control/lib/python3.10/site-packages/rover_control/__pycache__/test:commands.cpython-310.pyc
/workspaces/IRS_Rover_ROS2_Workspace/rover_ws/install/rover_control/lib/python3.10/site-packages/rover_control/__pycache__/stm_bridge_node.cpython-310.pyc
/workspaces/IRS_Rover_ROS2_Workspace/rover_ws/install/rover_control/lib/python3.10/site-packages/rover_control/__pycache__/command_node.cpython-310.pyc
/workspaces/IRS_Rover_ROS2_Workspace/rover_ws/install/rover_control/share/ament_index/resource_index/packages/rover_control
/workspaces/IRS_Rover_ROS2_Workspace/rover_ws/install/rover_control/share/rover_control/package.xml
/workspaces/IRS_Rover_ROS2_Workspace/rover_ws/install/rover_control/lib/python3.10/site-packages/rover_control-0.0.0-py3.10.egg-info/PKG-INFO
/workspaces/IRS_Rover_ROS2_Workspace/rover_ws/install/rover_control/lib/python3.10/site-packages/rover_control-0.0.0-py3.10.egg-info/zip-safe
/workspaces/IRS_Rover_ROS2_Workspace/rover_ws/install/rover_control/lib/python3.10/site-packages/rover_control-0.0.0-py3.10.egg-info/SOURCES.txt
/workspaces/IRS_Rover_ROS2_Workspace/rover_ws/install/rover_control/lib/python3.10/site-packages/rover_control-0.0.0-py3.10.egg-info/entry_points.txt
/workspaces/IRS_Rover_ROS2_Workspace/rover_ws/install/rover_control/lib/python3.10/site-packages/rover_control-0.0.0-py3.10.egg-info/requires.txt
/workspaces/IRS_Rover_ROS2_Workspace/rover_ws/install/rover_control/lib/python3.10/site-packages/rover_control-0.0.0-py3.10.egg-info/top_level.txt
/workspaces/IRS_Rover_ROS2_Workspace/rover_ws/install/rover_control/lib/python3.10/site-packages/rover_control-0.0.0-py3.10.egg-info/dependency_links.txt
/workspaces/IRS_Rover_ROS2_Workspace/rover_ws/install/rover_control/lib/rover_control/command_node
/workspaces/IRS_Rover_ROS2_Workspace/rover_ws/install/rover_control/lib/rover_control/fake_stm32_bridge_node
/workspaces/IRS_Rover_ROS2_Workspace/rover_ws/install/rover_control/lib/rover_control/rover_pose_node
/workspaces/IRS_Rover_ROS2_Workspace/rover_ws/install/rover_control/lib/rover_control/set_mode_node
/workspaces/IRS_Rover_ROS2_Workspace/rover_ws/install/rover_control/lib/rover_control/stm_bridge_node
/workspaces/IRS_Rover_ROS2_Workspace/rover_ws/install/rover_control/lib/rover_control/wifi_node
