[0.888s] Invoking command in '/home/joshua/rover_ws/src/rover_control': PYTHONPATH=/home/joshua/rover_ws/build/rover_control/prefix_override:/usr/lib/python3/dist-packages/colcon_core/task/python/colcon_distutils_commands:/home/joshua/rover_ws/install/rover_control/lib/python3.10/site-packages:${PYTHONPATH} /usr/bin/python3 -W ignore:setup.py install is deprecated -W ignore:easy_install command is deprecated setup.py egg_info --egg-base ../../build/rover_control build --build-base /home/joshua/rover_ws/build/rover_control/build install --record /home/joshua/rover_ws/build/rover_control/install.log --single-version-externally-managed install_data
[1.075s] running egg_info
[1.076s] writing ../../build/rover_control/rover_control.egg-info/PKG-INFO
[1.079s] writing dependency_links to ../../build/rover_control/rover_control.egg-info/dependency_links.txt
[1.080s] writing entry points to ../../build/rover_control/rover_control.egg-info/entry_points.txt
[1.080s] writing requirements to ../../build/rover_control/rover_control.egg-info/requires.txt
[1.080s] writing top-level names to ../../build/rover_control/rover_control.egg-info/top_level.txt
[1.083s] reading manifest file '../../build/rover_control/rover_control.egg-info/SOURCES.txt'
[1.084s] writing manifest file '../../build/rover_control/rover_control.egg-info/SOURCES.txt'
[1.085s] running build
[1.085s] running build_py
[1.085s] running install
[1.086s] running install_lib
[1.088s] running install_data
[1.088s] running install_egg_info
[1.090s] removing '/home/joshua/rover_ws/install/rover_control/lib/python3.10/site-packages/rover_control-0.0.0-py3.10.egg-info' (and everything under it)
[1.090s] Copying ../../build/rover_control/rover_control.egg-info to /home/joshua/rover_ws/install/rover_control/lib/python3.10/site-packages/rover_control-0.0.0-py3.10.egg-info
[1.091s] running install_scripts
[1.111s] Installing command_node script to /home/joshua/rover_ws/install/rover_control/lib/rover_control
[1.111s] Installing fake_stm32_bridge_node script to /home/joshua/rover_ws/install/rover_control/lib/rover_control
[1.111s] Installing rover_pose_node script to /home/joshua/rover_ws/install/rover_control/lib/rover_control
[1.112s] Installing wifi_node script to /home/joshua/rover_ws/install/rover_control/lib/rover_control
[1.113s] writing list of installed files to '/home/joshua/rover_ws/build/rover_control/install.log'
[1.137s] Invoked command in '/home/joshua/rover_ws/src/rover_control' returned '0': PYTHONPATH=/home/joshua/rover_ws/build/rover_control/prefix_override:/usr/lib/python3/dist-packages/colcon_core/task/python/colcon_distutils_commands:/home/joshua/rover_ws/install/rover_control/lib/python3.10/site-packages:${PYTHONPATH} /usr/bin/python3 -W ignore:setup.py install is deprecated -W ignore:easy_install command is deprecated setup.py egg_info --egg-base ../../build/rover_control build --build-base /home/joshua/rover_ws/build/rover_control/build install --record /home/joshua/rover_ws/build/rover_control/install.log --single-version-externally-managed install_data
