running egg_info
writing ../../build/rover_lidar/rover_lidar.egg-info/PKG-INFO
writing dependency_links to ../../build/rover_lidar/rover_lidar.egg-info/dependency_links.txt
writing entry points to ../../build/rover_lidar/rover_lidar.egg-info/entry_points.txt
writing requirements to ../../build/rover_lidar/rover_lidar.egg-info/requires.txt
writing top-level names to ../../build/rover_lidar/rover_lidar.egg-info/top_level.txt
reading manifest file '../../build/rover_lidar/rover_lidar.egg-info/SOURCES.txt'
writing manifest file '../../build/rover_lidar/rover_lidar.egg-info/SOURCES.txt'
running build
running build_py
copying rover_lidar/lidar_processing_node.py -> /home/joshua/rover_ws/build/rover_lidar/build/lib/rover_lidar
running install
running install_lib
copying /home/joshua/rover_ws/build/rover_lidar/build/lib/rover_lidar/lidar_processing_node.py -> /home/joshua/rover_ws/install/rover_lidar/lib/python3.10/site-packages/rover_lidar
byte-compiling /home/joshua/rover_ws/install/rover_lidar/lib/python3.10/site-packages/rover_lidar/lidar_processing_node.py to lidar_processing_node.cpython-310.pyc
running install_data
running install_egg_info
removing '/home/joshua/rover_ws/install/rover_lidar/lib/python3.10/site-packages/rover_lidar-0.0.0-py3.10.egg-info' (and everything under it)
Copying ../../build/rover_lidar/rover_lidar.egg-info to /home/joshua/rover_ws/install/rover_lidar/lib/python3.10/site-packages/rover_lidar-0.0.0-py3.10.egg-info
running install_scripts
Installing fake_lidar_node script to /home/joshua/rover_ws/install/rover_lidar/lib/rover_lidar
Installing lidar_processing_node script to /home/joshua/rover_ws/install/rover_lidar/lib/rover_lidar
writing list of installed files to '/home/joshua/rover_ws/build/rover_lidar/install.log'
