[0.223s] DEBUG:colcon:Command line arguments: ['/usr/bin/colcon', 'build']
[0.223s] DEBUG:colcon:Parsed command line arguments: Namespace(log_base=None, log_level=None, verb_name='build', build_base='build', install_base='install', merge_install=False, symlink_install=False, test_result_base=None, continue_on_error=False, executor='parallel', parallel_workers=12, event_handlers=None, ignore_user_meta=False, metas=['./colcon.meta'], base_paths=['.'], packages_ignore=None, packages_ignore_regex=None, paths=None, packages_up_to=None, packages_up_to_regex=None, packages_above=None, packages_above_and_dependencies=None, packages_above_depth=None, packages_select_by_dep=None, packages_skip_by_dep=None, packages_skip_up_to=None, packages_select_build_failed=False, packages_skip_build_finished=False, packages_select_test_failures=False, packages_skip_test_passed=False, packages_select=None, packages_skip=None, packages_select_regex=None, packages_skip_regex=None, packages_start=None, packages_end=None, cmake_args=None, cmake_target=None, cmake_target_skip_unavailable=False, cmake_clean_cache=False, cmake_clean_first=False, cmake_force_configure=False, ament_cmake_args=None, catkin_cmake_args=None, catkin_skip_building_tests=False, mixin_files=None, mixin=None, verb_parser=<colcon_mixin.mixin.mixin_argument.MixinArgumentDecorator object at 0x7f610b0b1000>, verb_extension=<colcon_core.verb.build.BuildVerb object at 0x7f610b0b0b50>, main=<bound method BuildVerb.main of <colcon_core.verb.build.BuildVerb object at 0x7f610b0b0b50>>, mixin_verb=('build',))
[0.429s] Level 1:colcon.colcon_core.package_discovery:discover_packages(colcon_meta) check parameters
[0.430s] INFO:colcon.colcon_metadata.package_discovery.colcon_meta:Using configuration from '/root/.colcon/metadata/default/Gazebo.meta'
[0.431s] INFO:colcon.colcon_metadata.package_discovery.colcon_meta:Using configuration from '/root/.colcon/metadata/default/fastdds.meta'
[0.431s] INFO:colcon.colcon_metadata.package_discovery.colcon_meta:Using configuration from '/root/.colcon/metadata/default/fastrtps.meta'
[0.432s] Level 1:colcon.colcon_core.package_discovery:discover_packages(recursive) check parameters
[0.432s] Level 1:colcon.colcon_core.package_discovery:discover_packages(ignore) check parameters
[0.432s] Level 1:colcon.colcon_core.package_discovery:discover_packages(path) check parameters
[0.433s] Level 1:colcon.colcon_core.package_discovery:discover_packages(colcon_meta) discover
[0.433s] Level 1:colcon.colcon_core.package_discovery:discover_packages(recursive) discover
[0.433s] INFO:colcon.colcon_core.package_discovery:Crawling recursively for packages in '/workspaces/IRS_Rover_ROS2_Workspace/rover_ws'
[0.434s] Level 1:colcon.colcon_core.package_identification:_identify(.) by extensions ['ignore', 'ignore_ament_install']
[0.434s] Level 1:colcon.colcon_core.package_identification:_identify(.) by extension 'ignore'
[0.434s] Level 1:colcon.colcon_core.package_identification:_identify(.) by extension 'ignore_ament_install'
[0.435s] Level 1:colcon.colcon_core.package_identification:_identify(.) by extensions ['colcon_pkg']
[0.435s] Level 1:colcon.colcon_core.package_identification:_identify(.) by extension 'colcon_pkg'
[0.435s] Level 1:colcon.colcon_core.package_identification:_identify(.) by extensions ['colcon_meta']
[0.435s] Level 1:colcon.colcon_core.package_identification:_identify(.) by extension 'colcon_meta'
[0.436s] Level 1:colcon.colcon_core.package_identification:_identify(.) by extensions ['ros']
[0.436s] Level 1:colcon.colcon_core.package_identification:_identify(.) by extension 'ros'
[0.449s] Level 1:colcon.colcon_core.package_identification:_identify(.) by extensions ['cmake', 'python']
[0.449s] Level 1:colcon.colcon_core.package_identification:_identify(.) by extension 'cmake'
[0.449s] Level 1:colcon.colcon_core.package_identification:_identify(.) by extension 'python'
[0.450s] Level 1:colcon.colcon_core.package_identification:_identify(.) by extensions ['python_setup_py']
[0.450s] Level 1:colcon.colcon_core.package_identification:_identify(.) by extension 'python_setup_py'
[0.451s] Level 1:colcon.colcon_core.package_identification:_identify(build) by extensions ['ignore', 'ignore_ament_install']
[0.451s] Level 1:colcon.colcon_core.package_identification:_identify(build) by extension 'ignore'
[0.451s] Level 1:colcon.colcon_core.package_identification:_identify(build) ignored
[0.452s] Level 1:colcon.colcon_core.package_identification:_identify(install) by extensions ['ignore', 'ignore_ament_install']
[0.452s] Level 1:colcon.colcon_core.package_identification:_identify(install) by extension 'ignore'
[0.453s] Level 1:colcon.colcon_core.package_identification:_identify(install) ignored
[0.454s] Level 1:colcon.colcon_core.package_identification:_identify(log) by extensions ['ignore', 'ignore_ament_install']
[0.454s] Level 1:colcon.colcon_core.package_identification:_identify(log) by extension 'ignore'
[0.454s] Level 1:colcon.colcon_core.package_identification:_identify(log) ignored
[0.455s] Level 1:colcon.colcon_core.package_identification:_identify(src) by extensions ['ignore', 'ignore_ament_install']
[0.455s] Level 1:colcon.colcon_core.package_identification:_identify(src) by extension 'ignore'
[0.456s] Level 1:colcon.colcon_core.package_identification:_identify(src) by extension 'ignore_ament_install'
[0.456s] Level 1:colcon.colcon_core.package_identification:_identify(src) by extensions ['colcon_pkg']
[0.456s] Level 1:colcon.colcon_core.package_identification:_identify(src) by extension 'colcon_pkg'
[0.457s] Level 1:colcon.colcon_core.package_identification:_identify(src) by extensions ['colcon_meta']
[0.457s] Level 1:colcon.colcon_core.package_identification:_identify(src) by extension 'colcon_meta'
[0.457s] Level 1:colcon.colcon_core.package_identification:_identify(src) by extensions ['ros']
[0.457s] Level 1:colcon.colcon_core.package_identification:_identify(src) by extension 'ros'
[0.458s] Level 1:colcon.colcon_core.package_identification:_identify(src) by extensions ['cmake', 'python']
[0.458s] Level 1:colcon.colcon_core.package_identification:_identify(src) by extension 'cmake'
[0.458s] Level 1:colcon.colcon_core.package_identification:_identify(src) by extension 'python'
[0.458s] Level 1:colcon.colcon_core.package_identification:_identify(src) by extensions ['python_setup_py']
[0.459s] Level 1:colcon.colcon_core.package_identification:_identify(src) by extension 'python_setup_py'
[0.460s] Level 1:colcon.colcon_core.package_identification:_identify(src/build) by extensions ['ignore', 'ignore_ament_install']
[0.460s] Level 1:colcon.colcon_core.package_identification:_identify(src/build) by extension 'ignore'
[0.460s] Level 1:colcon.colcon_core.package_identification:_identify(src/build) ignored
[0.461s] Level 1:colcon.colcon_core.package_identification:_identify(src/install) by extensions ['ignore', 'ignore_ament_install']
[0.461s] Level 1:colcon.colcon_core.package_identification:_identify(src/install) by extension 'ignore'
[0.461s] Level 1:colcon.colcon_core.package_identification:_identify(src/install) ignored
[0.462s] Level 1:colcon.colcon_core.package_identification:_identify(src/log) by extensions ['ignore', 'ignore_ament_install']
[0.462s] Level 1:colcon.colcon_core.package_identification:_identify(src/log) by extension 'ignore'
[0.462s] Level 1:colcon.colcon_core.package_identification:_identify(src/log) ignored
[0.463s] Level 1:colcon.colcon_core.package_identification:_identify(src/rover_control) by extensions ['ignore', 'ignore_ament_install']
[0.463s] Level 1:colcon.colcon_core.package_identification:_identify(src/rover_control) by extension 'ignore'
[0.464s] Level 1:colcon.colcon_core.package_identification:_identify(src/rover_control) by extension 'ignore_ament_install'
[0.464s] Level 1:colcon.colcon_core.package_identification:_identify(src/rover_control) by extensions ['colcon_pkg']
[0.464s] Level 1:colcon.colcon_core.package_identification:_identify(src/rover_control) by extension 'colcon_pkg'
[0.464s] Level 1:colcon.colcon_core.package_identification:_identify(src/rover_control) by extensions ['colcon_meta']
[0.465s] Level 1:colcon.colcon_core.package_identification:_identify(src/rover_control) by extension 'colcon_meta'
[0.465s] Level 1:colcon.colcon_core.package_identification:_identify(src/rover_control) by extensions ['ros']
[0.465s] Level 1:colcon.colcon_core.package_identification:_identify(src/rover_control) by extension 'ros'
[0.468s] DEBUG:colcon.colcon_core.package_identification:Package 'src/rover_control' with type 'ros.ament_python' and name 'rover_control'
[0.469s] Level 1:colcon.colcon_core.package_identification:_identify(src/rover_control_msgs) by extensions ['ignore', 'ignore_ament_install']
[0.469s] Level 1:colcon.colcon_core.package_identification:_identify(src/rover_control_msgs) by extension 'ignore'
[0.470s] Level 1:colcon.colcon_core.package_identification:_identify(src/rover_control_msgs) by extension 'ignore_ament_install'
[0.470s] Level 1:colcon.colcon_core.package_identification:_identify(src/rover_control_msgs) by extensions ['colcon_pkg']
[0.470s] Level 1:colcon.colcon_core.package_identification:_identify(src/rover_control_msgs) by extension 'colcon_pkg'
[0.470s] Level 1:colcon.colcon_core.package_identification:_identify(src/rover_control_msgs) by extensions ['colcon_meta']
[0.471s] Level 1:colcon.colcon_core.package_identification:_identify(src/rover_control_msgs) by extension 'colcon_meta'
[0.471s] Level 1:colcon.colcon_core.package_identification:_identify(src/rover_control_msgs) by extensions ['ros']
[0.471s] Level 1:colcon.colcon_core.package_identification:_identify(src/rover_control_msgs) by extension 'ros'
[0.472s] DEBUG:colcon.colcon_core.package_identification:Package 'src/rover_control_msgs' with type 'ros.ament_cmake' and name 'rover_control_msgs'
[0.473s] Level 1:colcon.colcon_core.package_identification:_identify(src/rover_lidar) by extensions ['ignore', 'ignore_ament_install']
[0.473s] Level 1:colcon.colcon_core.package_identification:_identify(src/rover_lidar) by extension 'ignore'
[0.473s] Level 1:colcon.colcon_core.package_identification:_identify(src/rover_lidar) by extension 'ignore_ament_install'
[0.474s] Level 1:colcon.colcon_core.package_identification:_identify(src/rover_lidar) by extensions ['colcon_pkg']
[0.474s] Level 1:colcon.colcon_core.package_identification:_identify(src/rover_lidar) by extension 'colcon_pkg'
[0.474s] Level 1:colcon.colcon_core.package_identification:_identify(src/rover_lidar) by extensions ['colcon_meta']
[0.474s] Level 1:colcon.colcon_core.package_identification:_identify(src/rover_lidar) by extension 'colcon_meta'
[0.475s] Level 1:colcon.colcon_core.package_identification:_identify(src/rover_lidar) by extensions ['ros']
[0.475s] Level 1:colcon.colcon_core.package_identification:_identify(src/rover_lidar) by extension 'ros'
[0.477s] DEBUG:colcon.colcon_core.package_identification:Package 'src/rover_lidar' with type 'ros.ament_python' and name 'rover_lidar'
[0.477s] Level 1:colcon.colcon_core.package_identification:_identify(src/rover_perception) by extensions ['ignore', 'ignore_ament_install']
[0.478s] Level 1:colcon.colcon_core.package_identification:_identify(src/rover_perception) by extension 'ignore'
[0.478s] Level 1:colcon.colcon_core.package_identification:_identify(src/rover_perception) by extension 'ignore_ament_install'
[0.478s] Level 1:colcon.colcon_core.package_identification:_identify(src/rover_perception) by extensions ['colcon_pkg']
[0.478s] Level 1:colcon.colcon_core.package_identification:_identify(src/rover_perception) by extension 'colcon_pkg'
[0.479s] Level 1:colcon.colcon_core.package_identification:_identify(src/rover_perception) by extensions ['colcon_meta']
[0.479s] Level 1:colcon.colcon_core.package_identification:_identify(src/rover_perception) by extension 'colcon_meta'
[0.479s] Level 1:colcon.colcon_core.package_identification:_identify(src/rover_perception) by extensions ['ros']
[0.479s] Level 1:colcon.colcon_core.package_identification:_identify(src/rover_perception) by extension 'ros'
[0.482s] DEBUG:colcon.colcon_core.package_identification:Package 'src/rover_perception' with type 'ros.ament_python' and name 'rover_perception'
[0.483s] Level 1:colcon.colcon_core.package_identification:_identify(src/rover_perception_msgs) by extensions ['ignore', 'ignore_ament_install']
[0.483s] Level 1:colcon.colcon_core.package_identification:_identify(src/rover_perception_msgs) by extension 'ignore'
[0.483s] Level 1:colcon.colcon_core.package_identification:_identify(src/rover_perception_msgs) by extension 'ignore_ament_install'
[0.483s] Level 1:colcon.colcon_core.package_identification:_identify(src/rover_perception_msgs) by extensions ['colcon_pkg']
[0.484s] Level 1:colcon.colcon_core.package_identification:_identify(src/rover_perception_msgs) by extension 'colcon_pkg'
[0.484s] Level 1:colcon.colcon_core.package_identification:_identify(src/rover_perception_msgs) by extensions ['colcon_meta']
[0.484s] Level 1:colcon.colcon_core.package_identification:_identify(src/rover_perception_msgs) by extension 'colcon_meta'
[0.484s] Level 1:colcon.colcon_core.package_identification:_identify(src/rover_perception_msgs) by extensions ['ros']
[0.484s] Level 1:colcon.colcon_core.package_identification:_identify(src/rover_perception_msgs) by extension 'ros'
[0.485s] Level 1:colcon.colcon_core.package_identification:_identify(src/rover_perception_msgs) by extensions ['cmake', 'python']
[0.485s] Level 1:colcon.colcon_core.package_identification:_identify(src/rover_perception_msgs) by extension 'cmake'
[0.485s] Level 1:colcon.colcon_core.package_identification:_identify(src/rover_perception_msgs) by extension 'python'
[0.486s] Level 1:colcon.colcon_core.package_identification:_identify(src/rover_perception_msgs) by extensions ['python_setup_py']
[0.486s] Level 1:colcon.colcon_core.package_identification:_identify(src/rover_perception_msgs) by extension 'python_setup_py'
[0.487s] Level 1:colcon.colcon_core.package_identification:_identify(src/rover_perception_msgs/msg) by extensions ['ignore', 'ignore_ament_install']
[0.487s] Level 1:colcon.colcon_core.package_identification:_identify(src/rover_perception_msgs/msg) by extension 'ignore'
[0.487s] Level 1:colcon.colcon_core.package_identification:_identify(src/rover_perception_msgs/msg) by extension 'ignore_ament_install'
[0.487s] Level 1:colcon.colcon_core.package_identification:_identify(src/rover_perception_msgs/msg) by extensions ['colcon_pkg']
[0.488s] Level 1:colcon.colcon_core.package_identification:_identify(src/rover_perception_msgs/msg) by extension 'colcon_pkg'
[0.488s] Level 1:colcon.colcon_core.package_identification:_identify(src/rover_perception_msgs/msg) by extensions ['colcon_meta']
[0.488s] Level 1:colcon.colcon_core.package_identification:_identify(src/rover_perception_msgs/msg) by extension 'colcon_meta'
[0.488s] Level 1:colcon.colcon_core.package_identification:_identify(src/rover_perception_msgs/msg) by extensions ['ros']
[0.488s] Level 1:colcon.colcon_core.package_identification:_identify(src/rover_perception_msgs/msg) by extension 'ros'
[0.489s] Level 1:colcon.colcon_core.package_identification:_identify(src/rover_perception_msgs/msg) by extensions ['cmake', 'python']
[0.489s] Level 1:colcon.colcon_core.package_identification:_identify(src/rover_perception_msgs/msg) by extension 'cmake'
[0.489s] Level 1:colcon.colcon_core.package_identification:_identify(src/rover_perception_msgs/msg) by extension 'python'
[0.489s] Level 1:colcon.colcon_core.package_identification:_identify(src/rover_perception_msgs/msg) by extensions ['python_setup_py']
[0.490s] Level 1:colcon.colcon_core.package_identification:_identify(src/rover_perception_msgs/msg) by extension 'python_setup_py'
[0.490s] Level 1:colcon.colcon_core.package_identification:_identify(src/rover_stereocam) by extensions ['ignore', 'ignore_ament_install']
[0.491s] Level 1:colcon.colcon_core.package_identification:_identify(src/rover_stereocam) by extension 'ignore'
[0.491s] Level 1:colcon.colcon_core.package_identification:_identify(src/rover_stereocam) by extension 'ignore_ament_install'
[0.491s] Level 1:colcon.colcon_core.package_identification:_identify(src/rover_stereocam) by extensions ['colcon_pkg']
[0.491s] Level 1:colcon.colcon_core.package_identification:_identify(src/rover_stereocam) by extension 'colcon_pkg'
[0.492s] Level 1:colcon.colcon_core.package_identification:_identify(src/rover_stereocam) by extensions ['colcon_meta']
[0.492s] Level 1:colcon.colcon_core.package_identification:_identify(src/rover_stereocam) by extension 'colcon_meta'
[0.492s] Level 1:colcon.colcon_core.package_identification:_identify(src/rover_stereocam) by extensions ['ros']
[0.492s] Level 1:colcon.colcon_core.package_identification:_identify(src/rover_stereocam) by extension 'ros'
[0.494s] DEBUG:colcon.colcon_core.package_identification:Package 'src/rover_stereocam' with type 'ros.ament_python' and name 'rover_stereocam'
[0.494s] Level 1:colcon.colcon_core.package_discovery:discover_packages(recursive) using defaults
[0.494s] Level 1:colcon.colcon_core.package_discovery:discover_packages(ignore) discover
[0.495s] Level 1:colcon.colcon_core.package_discovery:discover_packages(ignore) using defaults
[0.495s] Level 1:colcon.colcon_core.package_discovery:discover_packages(path) discover
[0.495s] Level 1:colcon.colcon_core.package_discovery:discover_packages(path) using defaults
[0.523s] Level 5:colcon.colcon_core.verb:set package 'rover_control' build argument 'cmake_args' from command line to 'None'
[0.523s] Level 5:colcon.colcon_core.verb:set package 'rover_control' build argument 'cmake_target' from command line to 'None'
[0.523s] Level 5:colcon.colcon_core.verb:set package 'rover_control' build argument 'cmake_target_skip_unavailable' from command line to 'False'
[0.524s] Level 5:colcon.colcon_core.verb:set package 'rover_control' build argument 'cmake_clean_cache' from command line to 'False'
[0.524s] Level 5:colcon.colcon_core.verb:set package 'rover_control' build argument 'cmake_clean_first' from command line to 'False'
[0.524s] Level 5:colcon.colcon_core.verb:set package 'rover_control' build argument 'cmake_force_configure' from command line to 'False'
[0.524s] Level 5:colcon.colcon_core.verb:set package 'rover_control' build argument 'ament_cmake_args' from command line to 'None'
[0.525s] Level 5:colcon.colcon_core.verb:set package 'rover_control' build argument 'catkin_cmake_args' from command line to 'None'
[0.525s] Level 5:colcon.colcon_core.verb:set package 'rover_control' build argument 'catkin_skip_building_tests' from command line to 'False'
[0.525s] DEBUG:colcon.colcon_core.verb:Building package 'rover_control' with the following arguments: {'ament_cmake_args': None, 'build_base': '/workspaces/IRS_Rover_ROS2_Workspace/rover_ws/build/rover_control', 'catkin_cmake_args': None, 'catkin_skip_building_tests': False, 'cmake_args': None, 'cmake_clean_cache': False, 'cmake_clean_first': False, 'cmake_force_configure': False, 'cmake_target': None, 'cmake_target_skip_unavailable': False, 'install_base': '/workspaces/IRS_Rover_ROS2_Workspace/rover_ws/install/rover_control', 'merge_install': False, 'path': '/workspaces/IRS_Rover_ROS2_Workspace/rover_ws/src/rover_control', 'symlink_install': False, 'test_result_base': None}
[0.526s] Level 5:colcon.colcon_core.verb:set package 'rover_control_msgs' build argument 'cmake_args' from command line to 'None'
[0.526s] Level 5:colcon.colcon_core.verb:set package 'rover_control_msgs' build argument 'cmake_target' from command line to 'None'
[0.526s] Level 5:colcon.colcon_core.verb:set package 'rover_control_msgs' build argument 'cmake_target_skip_unavailable' from command line to 'False'
[0.526s] Level 5:colcon.colcon_core.verb:set package 'rover_control_msgs' build argument 'cmake_clean_cache' from command line to 'False'
[0.526s] Level 5:colcon.colcon_core.verb:set package 'rover_control_msgs' build argument 'cmake_clean_first' from command line to 'False'
[0.526s] Level 5:colcon.colcon_core.verb:set package 'rover_control_msgs' build argument 'cmake_force_configure' from command line to 'False'
[0.527s] Level 5:colcon.colcon_core.verb:set package 'rover_control_msgs' build argument 'ament_cmake_args' from command line to 'None'
[0.527s] Level 5:colcon.colcon_core.verb:set package 'rover_control_msgs' build argument 'catkin_cmake_args' from command line to 'None'
[0.527s] Level 5:colcon.colcon_core.verb:set package 'rover_control_msgs' build argument 'catkin_skip_building_tests' from command line to 'False'
[0.527s] DEBUG:colcon.colcon_core.verb:Building package 'rover_control_msgs' with the following arguments: {'ament_cmake_args': None, 'build_base': '/workspaces/IRS_Rover_ROS2_Workspace/rover_ws/build/rover_control_msgs', 'catkin_cmake_args': None, 'catkin_skip_building_tests': False, 'cmake_args': None, 'cmake_clean_cache': False, 'cmake_clean_first': False, 'cmake_force_configure': False, 'cmake_target': None, 'cmake_target_skip_unavailable': False, 'install_base': '/workspaces/IRS_Rover_ROS2_Workspace/rover_ws/install/rover_control_msgs', 'merge_install': False, 'path': '/workspaces/IRS_Rover_ROS2_Workspace/rover_ws/src/rover_control_msgs', 'symlink_install': False, 'test_result_base': None}
[0.528s] Level 5:colcon.colcon_core.verb:set package 'rover_lidar' build argument 'cmake_args' from command line to 'None'
[0.528s] Level 5:colcon.colcon_core.verb:set package 'rover_lidar' build argument 'cmake_target' from command line to 'None'
[0.528s] Level 5:colcon.colcon_core.verb:set package 'rover_lidar' build argument 'cmake_target_skip_unavailable' from command line to 'False'
[0.528s] Level 5:colcon.colcon_core.verb:set package 'rover_lidar' build argument 'cmake_clean_cache' from command line to 'False'
[0.528s] Level 5:colcon.colcon_core.verb:set package 'rover_lidar' build argument 'cmake_clean_first' from command line to 'False'
[0.528s] Level 5:colcon.colcon_core.verb:set package 'rover_lidar' build argument 'cmake_force_configure' from command line to 'False'
[0.529s] Level 5:colcon.colcon_core.verb:set package 'rover_lidar' build argument 'ament_cmake_args' from command line to 'None'
[0.529s] Level 5:colcon.colcon_core.verb:set package 'rover_lidar' build argument 'catkin_cmake_args' from command line to 'None'
[0.529s] Level 5:colcon.colcon_core.verb:set package 'rover_lidar' build argument 'catkin_skip_building_tests' from command line to 'False'
[0.529s] DEBUG:colcon.colcon_core.verb:Building package 'rover_lidar' with the following arguments: {'ament_cmake_args': None, 'build_base': '/workspaces/IRS_Rover_ROS2_Workspace/rover_ws/build/rover_lidar', 'catkin_cmake_args': None, 'catkin_skip_building_tests': False, 'cmake_args': None, 'cmake_clean_cache': False, 'cmake_clean_first': False, 'cmake_force_configure': False, 'cmake_target': None, 'cmake_target_skip_unavailable': False, 'install_base': '/workspaces/IRS_Rover_ROS2_Workspace/rover_ws/install/rover_lidar', 'merge_install': False, 'path': '/workspaces/IRS_Rover_ROS2_Workspace/rover_ws/src/rover_lidar', 'symlink_install': False, 'test_result_base': None}
[0.530s] Level 5:colcon.colcon_core.verb:set package 'rover_stereocam' build argument 'cmake_args' from command line to 'None'
[0.530s] Level 5:colcon.colcon_core.verb:set package 'rover_stereocam' build argument 'cmake_target' from command line to 'None'
[0.530s] Level 5:colcon.colcon_core.verb:set package 'rover_stereocam' build argument 'cmake_target_skip_unavailable' from command line to 'False'
[0.530s] Level 5:colcon.colcon_core.verb:set package 'rover_stereocam' build argument 'cmake_clean_cache' from command line to 'False'
[0.530s] Level 5:colcon.colcon_core.verb:set package 'rover_stereocam' build argument 'cmake_clean_first' from command line to 'False'
[0.530s] Level 5:colcon.colcon_core.verb:set package 'rover_stereocam' build argument 'cmake_force_configure' from command line to 'False'
[0.531s] Level 5:colcon.colcon_core.verb:set package 'rover_stereocam' build argument 'ament_cmake_args' from command line to 'None'
[0.531s] Level 5:colcon.colcon_core.verb:set package 'rover_stereocam' build argument 'catkin_cmake_args' from command line to 'None'
[0.531s] Level 5:colcon.colcon_core.verb:set package 'rover_stereocam' build argument 'catkin_skip_building_tests' from command line to 'False'
[0.531s] DEBUG:colcon.colcon_core.verb:Building package 'rover_stereocam' with the following arguments: {'ament_cmake_args': None, 'build_base': '/workspaces/IRS_Rover_ROS2_Workspace/rover_ws/build/rover_stereocam', 'catkin_cmake_args': None, 'catkin_skip_building_tests': False, 'cmake_args': None, 'cmake_clean_cache': False, 'cmake_clean_first': False, 'cmake_force_configure': False, 'cmake_target': None, 'cmake_target_skip_unavailable': False, 'install_base': '/workspaces/IRS_Rover_ROS2_Workspace/rover_ws/install/rover_stereocam', 'merge_install': False, 'path': '/workspaces/IRS_Rover_ROS2_Workspace/rover_ws/src/rover_stereocam', 'symlink_install': False, 'test_result_base': None}
[0.532s] Level 5:colcon.colcon_core.verb:set package 'rover_perception' build argument 'cmake_args' from command line to 'None'
[0.532s] Level 5:colcon.colcon_core.verb:set package 'rover_perception' build argument 'cmake_target' from command line to 'None'
[0.532s] Level 5:colcon.colcon_core.verb:set package 'rover_perception' build argument 'cmake_target_skip_unavailable' from command line to 'False'
[0.532s] Level 5:colcon.colcon_core.verb:set package 'rover_perception' build argument 'cmake_clean_cache' from command line to 'False'
[0.533s] Level 5:colcon.colcon_core.verb:set package 'rover_perception' build argument 'cmake_clean_first' from command line to 'False'
[0.533s] Level 5:colcon.colcon_core.verb:set package 'rover_perception' build argument 'cmake_force_configure' from command line to 'False'
[0.533s] Level 5:colcon.colcon_core.verb:set package 'rover_perception' build argument 'ament_cmake_args' from command line to 'None'
[0.533s] Level 5:colcon.colcon_core.verb:set package 'rover_perception' build argument 'catkin_cmake_args' from command line to 'None'
[0.533s] Level 5:colcon.colcon_core.verb:set package 'rover_perception' build argument 'catkin_skip_building_tests' from command line to 'False'
[0.533s] DEBUG:colcon.colcon_core.verb:Building package 'rover_perception' with the following arguments: {'ament_cmake_args': None, 'build_base': '/workspaces/IRS_Rover_ROS2_Workspace/rover_ws/build/rover_perception', 'catkin_cmake_args': None, 'catkin_skip_building_tests': False, 'cmake_args': None, 'cmake_clean_cache': False, 'cmake_clean_first': False, 'cmake_force_configure': False, 'cmake_target': None, 'cmake_target_skip_unavailable': False, 'install_base': '/workspaces/IRS_Rover_ROS2_Workspace/rover_ws/install/rover_perception', 'merge_install': False, 'path': '/workspaces/IRS_Rover_ROS2_Workspace/rover_ws/src/rover_perception', 'symlink_install': False, 'test_result_base': None}
[0.533s] INFO:colcon.colcon_core.executor:Executing jobs using 'parallel' executor
[0.535s] DEBUG:colcon.colcon_parallel_executor.executor.parallel:run_until_complete
[0.536s] INFO:colcon.colcon_ros.task.ament_python.build:Building ROS package in '/workspaces/IRS_Rover_ROS2_Workspace/rover_ws/src/rover_lidar' with build type 'ament_python'
[0.536s] Level 1:colcon.colcon_core.shell:create_environment_hook('rover_lidar', 'ament_prefix_path')
[0.539s] INFO:colcon.colcon_core.plugin_system:Skipping extension 'colcon_core.shell.bat': Not used on non-Windows systems
[0.540s] INFO:colcon.colcon_core.shell:Creating environment hook '/workspaces/IRS_Rover_ROS2_Workspace/rover_ws/install/rover_lidar/share/rover_lidar/hook/ament_prefix_path.ps1'
[0.542s] INFO:colcon.colcon_core.shell:Creating environment descriptor '/workspaces/IRS_Rover_ROS2_Workspace/rover_ws/install/rover_lidar/share/rover_lidar/hook/ament_prefix_path.dsv'
[0.544s] INFO:colcon.colcon_core.shell:Creating environment hook '/workspaces/IRS_Rover_ROS2_Workspace/rover_ws/install/rover_lidar/share/rover_lidar/hook/ament_prefix_path.sh'
[0.547s] INFO:colcon.colcon_core.shell:Skip shell extension 'powershell' for command environment: Not usable outside of PowerShell
[0.547s] DEBUG:colcon.colcon_core.shell:Skip shell extension 'dsv' for command environment
[0.561s] INFO:colcon.colcon_ros.task.ament_python.build:Building ROS package in '/workspaces/IRS_Rover_ROS2_Workspace/rover_ws/src/rover_control' with build type 'ament_python'
[0.561s] Level 1:colcon.colcon_core.shell:create_environment_hook('rover_control', 'ament_prefix_path')
[0.562s] INFO:colcon.colcon_core.shell:Creating environment hook '/workspaces/IRS_Rover_ROS2_Workspace/rover_ws/install/rover_control/share/rover_control/hook/ament_prefix_path.ps1'
[0.564s] INFO:colcon.colcon_core.shell:Creating environment descriptor '/workspaces/IRS_Rover_ROS2_Workspace/rover_ws/install/rover_control/share/rover_control/hook/ament_prefix_path.dsv'
[0.566s] INFO:colcon.colcon_core.shell:Creating environment hook '/workspaces/IRS_Rover_ROS2_Workspace/rover_ws/install/rover_control/share/rover_control/hook/ament_prefix_path.sh'
[0.568s] INFO:colcon.colcon_core.shell:Skip shell extension 'powershell' for command environment: Not usable outside of PowerShell
[0.568s] DEBUG:colcon.colcon_core.shell:Skip shell extension 'dsv' for command environment
[0.585s] INFO:colcon.colcon_ros.task.ament_cmake.build:Building ROS package in '/workspaces/IRS_Rover_ROS2_Workspace/rover_ws/src/rover_control_msgs' with build type 'ament_cmake'
[0.586s] INFO:colcon.colcon_cmake.task.cmake.build:Building CMake package in '/workspaces/IRS_Rover_ROS2_Workspace/rover_ws/src/rover_control_msgs'
[0.586s] INFO:colcon.colcon_core.shell:Skip shell extension 'powershell' for command environment: Not usable outside of PowerShell
[0.586s] DEBUG:colcon.colcon_core.shell:Skip shell extension 'dsv' for command environment
[0.601s] INFO:colcon.colcon_ros.task.ament_python.build:Building ROS package in '/workspaces/IRS_Rover_ROS2_Workspace/rover_ws/src/rover_stereocam' with build type 'ament_python'
[0.601s] Level 1:colcon.colcon_core.shell:create_environment_hook('rover_stereocam', 'ament_prefix_path')
[0.602s] INFO:colcon.colcon_core.shell:Creating environment hook '/workspaces/IRS_Rover_ROS2_Workspace/rover_ws/install/rover_stereocam/share/rover_stereocam/hook/ament_prefix_path.ps1'
[0.604s] INFO:colcon.colcon_core.shell:Creating environment descriptor '/workspaces/IRS_Rover_ROS2_Workspace/rover_ws/install/rover_stereocam/share/rover_stereocam/hook/ament_prefix_path.dsv'
[0.607s] INFO:colcon.colcon_core.shell:Creating environment hook '/workspaces/IRS_Rover_ROS2_Workspace/rover_ws/install/rover_stereocam/share/rover_stereocam/hook/ament_prefix_path.sh'
[0.609s] INFO:colcon.colcon_core.shell:Skip shell extension 'powershell' for command environment: Not usable outside of PowerShell
[0.609s] DEBUG:colcon.colcon_core.shell:Skip shell extension 'dsv' for command environment
[0.969s] INFO:colcon.colcon_core.task.python.build:Building Python package in '/workspaces/IRS_Rover_ROS2_Workspace/rover_ws/src/rover_lidar'
[0.970s] INFO:colcon.colcon_core.shell:Skip shell extension 'powershell' for command environment: Not usable outside of PowerShell
[0.970s] DEBUG:colcon.colcon_core.shell:Skip shell extension 'dsv' for command environment
[1.407s] INFO:colcon.colcon_core.task.python.build:Building Python package in '/workspaces/IRS_Rover_ROS2_Workspace/rover_ws/src/rover_control'
[1.407s] INFO:colcon.colcon_core.shell:Skip shell extension 'powershell' for command environment: Not usable outside of PowerShell
[1.407s] DEBUG:colcon.colcon_core.shell:Skip shell extension 'dsv' for command environment
[1.436s] DEBUG:colcon.colcon_core.event_handler.log_command:Invoking command in '/workspaces/IRS_Rover_ROS2_Workspace/rover_ws/build/rover_control_msgs': CMAKE_PREFIX_PATH=${CMAKE_PREFIX_PATH}:/workspaces/IRS_Rover_ROS2_Workspace/rover_ws/install/rover_stereocam:/workspaces/IRS_Rover_ROS2_Workspace/rover_ws/install/rover_perception:/workspaces/IRS_Rover_ROS2_Workspace/rover_ws/install/rover_lidar:/workspaces/IRS_Rover_ROS2_Workspace/rover_ws/install/rover_control:/opt/ros/humble /usr/bin/cmake --build /workspaces/IRS_Rover_ROS2_Workspace/rover_ws/build/rover_control_msgs -- -j12 -l12
[1.771s] INFO:colcon.colcon_core.task.python.build:Building Python package in '/workspaces/IRS_Rover_ROS2_Workspace/rover_ws/src/rover_stereocam'
[1.772s] INFO:colcon.colcon_core.shell:Skip shell extension 'powershell' for command environment: Not usable outside of PowerShell
[1.772s] DEBUG:colcon.colcon_core.shell:Skip shell extension 'dsv' for command environment
[2.425s] DEBUG:colcon.colcon_core.event_handler.log_command:Invoking command in '/workspaces/IRS_Rover_ROS2_Workspace/rover_ws/src/rover_lidar': PYTHONPATH=/workspaces/IRS_Rover_ROS2_Workspace/rover_ws/build/rover_lidar/prefix_override:/usr/lib/python3/dist-packages/colcon_core/task/python/colcon_distutils_commands:/workspaces/IRS_Rover_ROS2_Workspace/rover_ws/install/rover_lidar/lib/python3.10/site-packages:${PYTHONPATH} /usr/bin/python3 -W ignore:setup.py install is deprecated -W ignore:easy_install command is deprecated setup.py egg_info --egg-base ../../build/rover_lidar build --build-base /workspaces/IRS_Rover_ROS2_Workspace/rover_ws/build/rover_lidar/build install --record /workspaces/IRS_Rover_ROS2_Workspace/rover_ws/build/rover_lidar/install.log --single-version-externally-managed install_data
[2.455s] DEBUG:colcon.colcon_core.event_handler.log_command:Invoking command in '/workspaces/IRS_Rover_ROS2_Workspace/rover_ws/src/rover_control': PYTHONPATH=/workspaces/IRS_Rover_ROS2_Workspace/rover_ws/build/rover_control/prefix_override:/usr/lib/python3/dist-packages/colcon_core/task/python/colcon_distutils_commands:/workspaces/IRS_Rover_ROS2_Workspace/rover_ws/install/rover_control/lib/python3.10/site-packages:${PYTHONPATH} /usr/bin/python3 -W ignore:setup.py install is deprecated -W ignore:easy_install command is deprecated setup.py egg_info --egg-base ../../build/rover_control build --build-base /workspaces/IRS_Rover_ROS2_Workspace/rover_ws/build/rover_control/build install --record /workspaces/IRS_Rover_ROS2_Workspace/rover_ws/build/rover_control/install.log --single-version-externally-managed install_data
[2.464s] DEBUG:colcon.colcon_core.event_handler.log_command:Invoking command in '/workspaces/IRS_Rover_ROS2_Workspace/rover_ws/src/rover_stereocam': PYTHONPATH=/workspaces/IRS_Rover_ROS2_Workspace/rover_ws/build/rover_stereocam/prefix_override:/usr/lib/python3/dist-packages/colcon_core/task/python/colcon_distutils_commands:/workspaces/IRS_Rover_ROS2_Workspace/rover_ws/install/rover_stereocam/lib/python3.10/site-packages:${PYTHONPATH} /usr/bin/python3 -W ignore:setup.py install is deprecated -W ignore:easy_install command is deprecated setup.py egg_info --egg-base ../../build/rover_stereocam build --build-base /workspaces/IRS_Rover_ROS2_Workspace/rover_ws/build/rover_stereocam/build install --record /workspaces/IRS_Rover_ROS2_Workspace/rover_ws/build/rover_stereocam/install.log --single-version-externally-managed install_data
[3.134s] DEBUG:colcon.colcon_core.event_handler.log_command:Invoked command in '/workspaces/IRS_Rover_ROS2_Workspace/rover_ws/src/rover_lidar' returned '0': PYTHONPATH=/workspaces/IRS_Rover_ROS2_Workspace/rover_ws/build/rover_lidar/prefix_override:/usr/lib/python3/dist-packages/colcon_core/task/python/colcon_distutils_commands:/workspaces/IRS_Rover_ROS2_Workspace/rover_ws/install/rover_lidar/lib/python3.10/site-packages:${PYTHONPATH} /usr/bin/python3 -W ignore:setup.py install is deprecated -W ignore:easy_install command is deprecated setup.py egg_info --egg-base ../../build/rover_lidar build --build-base /workspaces/IRS_Rover_ROS2_Workspace/rover_ws/build/rover_lidar/build install --record /workspaces/IRS_Rover_ROS2_Workspace/rover_ws/build/rover_lidar/install.log --single-version-externally-managed install_data
[3.142s] Level 1:colcon.colcon_core.environment:checking '/workspaces/IRS_Rover_ROS2_Workspace/rover_ws/install/rover_lidar' for CMake module files
[3.154s] Level 1:colcon.colcon_core.environment:checking '/workspaces/IRS_Rover_ROS2_Workspace/rover_ws/install/rover_lidar' for CMake config files
[3.181s] Level 1:colcon.colcon_core.environment:checking '/workspaces/IRS_Rover_ROS2_Workspace/rover_ws/install/rover_lidar/lib'
[3.183s] Level 1:colcon.colcon_core.environment:checking '/workspaces/IRS_Rover_ROS2_Workspace/rover_ws/install/rover_lidar/bin'
[3.185s] Level 1:colcon.colcon_core.environment:checking '/workspaces/IRS_Rover_ROS2_Workspace/rover_ws/install/rover_lidar/lib/pkgconfig/rover_lidar.pc'
[3.187s] Level 1:colcon.colcon_core.environment:checking '/workspaces/IRS_Rover_ROS2_Workspace/rover_ws/install/rover_lidar/lib/python3.10/site-packages'
[3.188s] Level 1:colcon.colcon_core.shell:create_environment_hook('rover_lidar', 'pythonpath')
[3.189s] INFO:colcon.colcon_core.shell:Creating environment hook '/workspaces/IRS_Rover_ROS2_Workspace/rover_ws/install/rover_lidar/share/rover_lidar/hook/pythonpath.ps1'
[3.193s] INFO:colcon.colcon_core.shell:Creating environment descriptor '/workspaces/IRS_Rover_ROS2_Workspace/rover_ws/install/rover_lidar/share/rover_lidar/hook/pythonpath.dsv'
[3.196s] INFO:colcon.colcon_core.shell:Creating environment hook '/workspaces/IRS_Rover_ROS2_Workspace/rover_ws/install/rover_lidar/share/rover_lidar/hook/pythonpath.sh'
[3.200s] Level 1:colcon.colcon_core.environment:checking '/workspaces/IRS_Rover_ROS2_Workspace/rover_ws/install/rover_lidar/bin'
[3.201s] Level 1:colcon.colcon_core.environment:create_environment_scripts_only(rover_lidar)
[3.202s] INFO:colcon.colcon_core.shell:Creating package script '/workspaces/IRS_Rover_ROS2_Workspace/rover_ws/install/rover_lidar/share/rover_lidar/package.ps1'
[3.210s] INFO:colcon.colcon_core.shell:Creating package descriptor '/workspaces/IRS_Rover_ROS2_Workspace/rover_ws/install/rover_lidar/share/rover_lidar/package.dsv'
[3.213s] INFO:colcon.colcon_core.shell:Creating package script '/workspaces/IRS_Rover_ROS2_Workspace/rover_ws/install/rover_lidar/share/rover_lidar/package.sh'
[3.218s] INFO:colcon.colcon_core.shell:Creating package script '/workspaces/IRS_Rover_ROS2_Workspace/rover_ws/install/rover_lidar/share/rover_lidar/package.bash'
[3.221s] INFO:colcon.colcon_core.shell:Creating package script '/workspaces/IRS_Rover_ROS2_Workspace/rover_ws/install/rover_lidar/share/rover_lidar/package.zsh'
[3.226s] Level 1:colcon.colcon_core.environment:create_file_with_runtime_dependencies(/workspaces/IRS_Rover_ROS2_Workspace/rover_ws/install/rover_lidar/share/colcon-core/packages/rover_lidar)
[3.229s] INFO:colcon.colcon_ros.task.ament_python.build:Building ROS package in '/workspaces/IRS_Rover_ROS2_Workspace/rover_ws/src/rover_perception' with build type 'ament_python'
[3.229s] Level 1:colcon.colcon_core.shell:create_environment_hook('rover_perception', 'ament_prefix_path')
[3.230s] INFO:colcon.colcon_core.shell:Creating environment hook '/workspaces/IRS_Rover_ROS2_Workspace/rover_ws/install/rover_perception/share/rover_perception/hook/ament_prefix_path.ps1'
[3.232s] INFO:colcon.colcon_core.shell:Creating environment descriptor '/workspaces/IRS_Rover_ROS2_Workspace/rover_ws/install/rover_perception/share/rover_perception/hook/ament_prefix_path.dsv'
[3.235s] INFO:colcon.colcon_core.shell:Creating environment hook '/workspaces/IRS_Rover_ROS2_Workspace/rover_ws/install/rover_perception/share/rover_perception/hook/ament_prefix_path.sh'
[3.238s] INFO:colcon.colcon_core.shell:Skip shell extension 'powershell' for command environment: Not usable outside of PowerShell
[3.239s] DEBUG:colcon.colcon_core.shell:Skip shell extension 'dsv' for command environment
[3.276s] Level 1:colcon.colcon_core.environment:checking '/workspaces/IRS_Rover_ROS2_Workspace/rover_ws/install/rover_stereocam' for CMake module files
[3.278s] DEBUG:colcon.colcon_core.event_handler.log_command:Invoked command in '/workspaces/IRS_Rover_ROS2_Workspace/rover_ws/src/rover_stereocam' returned '0': PYTHONPATH=/workspaces/IRS_Rover_ROS2_Workspace/rover_ws/build/rover_stereocam/prefix_override:/usr/lib/python3/dist-packages/colcon_core/task/python/colcon_distutils_commands:/workspaces/IRS_Rover_ROS2_Workspace/rover_ws/install/rover_stereocam/lib/python3.10/site-packages:${PYTHONPATH} /usr/bin/python3 -W ignore:setup.py install is deprecated -W ignore:easy_install command is deprecated setup.py egg_info --egg-base ../../build/rover_stereocam build --build-base /workspaces/IRS_Rover_ROS2_Workspace/rover_ws/build/rover_stereocam/build install --record /workspaces/IRS_Rover_ROS2_Workspace/rover_ws/build/rover_stereocam/install.log --single-version-externally-managed install_data
[3.285s] Level 1:colcon.colcon_core.environment:checking '/workspaces/IRS_Rover_ROS2_Workspace/rover_ws/install/rover_stereocam' for CMake config files
[3.305s] Level 1:colcon.colcon_core.environment:checking '/workspaces/IRS_Rover_ROS2_Workspace/rover_ws/install/rover_stereocam/lib'
[3.306s] Level 1:colcon.colcon_core.environment:checking '/workspaces/IRS_Rover_ROS2_Workspace/rover_ws/install/rover_stereocam/bin'
[3.307s] Level 1:colcon.colcon_core.environment:checking '/workspaces/IRS_Rover_ROS2_Workspace/rover_ws/install/rover_stereocam/lib/pkgconfig/rover_stereocam.pc'
[3.307s] Level 1:colcon.colcon_core.environment:checking '/workspaces/IRS_Rover_ROS2_Workspace/rover_ws/install/rover_stereocam/lib/python3.10/site-packages'
[3.308s] Level 1:colcon.colcon_core.shell:create_environment_hook('rover_stereocam', 'pythonpath')
[3.309s] INFO:colcon.colcon_core.shell:Creating environment hook '/workspaces/IRS_Rover_ROS2_Workspace/rover_ws/install/rover_stereocam/share/rover_stereocam/hook/pythonpath.ps1'
[3.311s] INFO:colcon.colcon_core.shell:Creating environment descriptor '/workspaces/IRS_Rover_ROS2_Workspace/rover_ws/install/rover_stereocam/share/rover_stereocam/hook/pythonpath.dsv'
[3.312s] INFO:colcon.colcon_core.shell:Creating environment hook '/workspaces/IRS_Rover_ROS2_Workspace/rover_ws/install/rover_stereocam/share/rover_stereocam/hook/pythonpath.sh'
[3.314s] Level 1:colcon.colcon_core.environment:checking '/workspaces/IRS_Rover_ROS2_Workspace/rover_ws/install/rover_stereocam/bin'
[3.315s] Level 1:colcon.colcon_core.environment:create_environment_scripts_only(rover_stereocam)
[3.316s] INFO:colcon.colcon_core.shell:Creating package script '/workspaces/IRS_Rover_ROS2_Workspace/rover_ws/install/rover_stereocam/share/rover_stereocam/package.ps1'
[3.318s] INFO:colcon.colcon_core.shell:Creating package descriptor '/workspaces/IRS_Rover_ROS2_Workspace/rover_ws/install/rover_stereocam/share/rover_stereocam/package.dsv'
[3.320s] INFO:colcon.colcon_core.shell:Creating package script '/workspaces/IRS_Rover_ROS2_Workspace/rover_ws/install/rover_stereocam/share/rover_stereocam/package.sh'
[3.324s] INFO:colcon.colcon_core.shell:Creating package script '/workspaces/IRS_Rover_ROS2_Workspace/rover_ws/install/rover_stereocam/share/rover_stereocam/package.bash'
[3.326s] INFO:colcon.colcon_core.shell:Creating package script '/workspaces/IRS_Rover_ROS2_Workspace/rover_ws/install/rover_stereocam/share/rover_stereocam/package.zsh'
[3.328s] Level 1:colcon.colcon_core.environment:create_file_with_runtime_dependencies(/workspaces/IRS_Rover_ROS2_Workspace/rover_ws/install/rover_stereocam/share/colcon-core/packages/rover_stereocam)
[3.331s] Level 1:colcon.colcon_core.environment:checking '/workspaces/IRS_Rover_ROS2_Workspace/rover_ws/install/rover_control' for CMake module files
[3.339s] DEBUG:colcon.colcon_core.event_handler.log_command:Invoked command in '/workspaces/IRS_Rover_ROS2_Workspace/rover_ws/src/rover_control' returned '0': PYTHONPATH=/workspaces/IRS_Rover_ROS2_Workspace/rover_ws/build/rover_control/prefix_override:/usr/lib/python3/dist-packages/colcon_core/task/python/colcon_distutils_commands:/workspaces/IRS_Rover_ROS2_Workspace/rover_ws/install/rover_control/lib/python3.10/site-packages:${PYTHONPATH} /usr/bin/python3 -W ignore:setup.py install is deprecated -W ignore:easy_install command is deprecated setup.py egg_info --egg-base ../../build/rover_control build --build-base /workspaces/IRS_Rover_ROS2_Workspace/rover_ws/build/rover_control/build install --record /workspaces/IRS_Rover_ROS2_Workspace/rover_ws/build/rover_control/install.log --single-version-externally-managed install_data
[3.340s] Level 1:colcon.colcon_core.environment:checking '/workspaces/IRS_Rover_ROS2_Workspace/rover_ws/install/rover_control' for CMake config files
[3.360s] Level 1:colcon.colcon_core.environment:checking '/workspaces/IRS_Rover_ROS2_Workspace/rover_ws/install/rover_control/lib'
[3.361s] Level 1:colcon.colcon_core.environment:checking '/workspaces/IRS_Rover_ROS2_Workspace/rover_ws/install/rover_control/bin'
[3.362s] Level 1:colcon.colcon_core.environment:checking '/workspaces/IRS_Rover_ROS2_Workspace/rover_ws/install/rover_control/lib/pkgconfig/rover_control.pc'
[3.363s] Level 1:colcon.colcon_core.environment:checking '/workspaces/IRS_Rover_ROS2_Workspace/rover_ws/install/rover_control/lib/python3.10/site-packages'
[3.364s] Level 1:colcon.colcon_core.shell:create_environment_hook('rover_control', 'pythonpath')
[3.365s] INFO:colcon.colcon_core.shell:Creating environment hook '/workspaces/IRS_Rover_ROS2_Workspace/rover_ws/install/rover_control/share/rover_control/hook/pythonpath.ps1'
[3.371s] INFO:colcon.colcon_core.shell:Creating environment descriptor '/workspaces/IRS_Rover_ROS2_Workspace/rover_ws/install/rover_control/share/rover_control/hook/pythonpath.dsv'
[3.373s] INFO:colcon.colcon_core.shell:Creating environment hook '/workspaces/IRS_Rover_ROS2_Workspace/rover_ws/install/rover_control/share/rover_control/hook/pythonpath.sh'
[3.377s] Level 1:colcon.colcon_core.environment:checking '/workspaces/IRS_Rover_ROS2_Workspace/rover_ws/install/rover_control/bin'
[3.377s] Level 1:colcon.colcon_core.environment:create_environment_scripts_only(rover_control)
[3.378s] INFO:colcon.colcon_core.shell:Creating package script '/workspaces/IRS_Rover_ROS2_Workspace/rover_ws/install/rover_control/share/rover_control/package.ps1'
[3.381s] INFO:colcon.colcon_core.shell:Creating package descriptor '/workspaces/IRS_Rover_ROS2_Workspace/rover_ws/install/rover_control/share/rover_control/package.dsv'
[3.385s] INFO:colcon.colcon_core.shell:Creating package script '/workspaces/IRS_Rover_ROS2_Workspace/rover_ws/install/rover_control/share/rover_control/package.sh'
[3.388s] INFO:colcon.colcon_core.shell:Creating package script '/workspaces/IRS_Rover_ROS2_Workspace/rover_ws/install/rover_control/share/rover_control/package.bash'
[3.392s] INFO:colcon.colcon_core.shell:Creating package script '/workspaces/IRS_Rover_ROS2_Workspace/rover_ws/install/rover_control/share/rover_control/package.zsh'
[3.396s] Level 1:colcon.colcon_core.environment:create_file_with_runtime_dependencies(/workspaces/IRS_Rover_ROS2_Workspace/rover_ws/install/rover_control/share/colcon-core/packages/rover_control)
[3.827s] INFO:colcon.colcon_core.task.python.build:Building Python package in '/workspaces/IRS_Rover_ROS2_Workspace/rover_ws/src/rover_perception'
[3.827s] INFO:colcon.colcon_core.shell:Skip shell extension 'powershell' for command environment: Not usable outside of PowerShell
[3.828s] DEBUG:colcon.colcon_core.shell:Skip shell extension 'dsv' for command environment
[4.518s] DEBUG:colcon.colcon_core.event_handler.log_command:Invoking command in '/workspaces/IRS_Rover_ROS2_Workspace/rover_ws/src/rover_perception': AMENT_PREFIX_PATH=/workspaces/IRS_Rover_ROS2_Workspace/rover_ws/install/rover_lidar:/workspaces/IRS_Rover_ROS2_Workspace/rover_ws/install/rover_stereocam:/workspaces/IRS_Rover_ROS2_Workspace/rover_ws/install/rover_perception:/workspaces/IRS_Rover_ROS2_Workspace/rover_ws/install/rover_control_msgs:/workspaces/IRS_Rover_ROS2_Workspace/rover_ws/install/rover_control:/opt/ros/humble PYTHONPATH=/workspaces/IRS_Rover_ROS2_Workspace/rover_ws/build/rover_perception/prefix_override:/usr/lib/python3/dist-packages/colcon_core/task/python/colcon_distutils_commands:/workspaces/IRS_Rover_ROS2_Workspace/rover_ws/install/rover_perception/lib/python3.10/site-packages:/workspaces/IRS_Rover_ROS2_Workspace/rover_ws/install/rover_lidar/lib/python3.10/site-packages:/workspaces/IRS_Rover_ROS2_Workspace/rover_ws/install/rover_stereocam/lib/python3.10/site-packages:/workspaces/IRS_Rover_ROS2_Workspace/rover_ws/install/rover_perception/lib/python3.10/site-packages:/workspaces/IRS_Rover_ROS2_Workspace/rover_ws/install/rover_control_msgs/local/lib/python3.10/dist-packages:/workspaces/IRS_Rover_ROS2_Workspace/rover_ws/install/rover_control/lib/python3.10/site-packages:/opt/ros/humble/lib/python3.10/site-packages:/opt/ros/humble/local/lib/python3.10/dist-packages /usr/bin/python3 -W ignore:setup.py install is deprecated -W ignore:easy_install command is deprecated setup.py egg_info --egg-base ../../build/rover_perception build --build-base /workspaces/IRS_Rover_ROS2_Workspace/rover_ws/build/rover_perception/build install --record /workspaces/IRS_Rover_ROS2_Workspace/rover_ws/build/rover_perception/install.log --single-version-externally-managed install_data
[5.185s] Level 1:colcon.colcon_core.environment:checking '/workspaces/IRS_Rover_ROS2_Workspace/rover_ws/install/rover_perception' for CMake module files
[5.187s] DEBUG:colcon.colcon_core.event_handler.log_command:Invoked command in '/workspaces/IRS_Rover_ROS2_Workspace/rover_ws/src/rover_perception' returned '0': AMENT_PREFIX_PATH=/workspaces/IRS_Rover_ROS2_Workspace/rover_ws/install/rover_lidar:/workspaces/IRS_Rover_ROS2_Workspace/rover_ws/install/rover_stereocam:/workspaces/IRS_Rover_ROS2_Workspace/rover_ws/install/rover_perception:/workspaces/IRS_Rover_ROS2_Workspace/rover_ws/install/rover_control_msgs:/workspaces/IRS_Rover_ROS2_Workspace/rover_ws/install/rover_control:/opt/ros/humble PYTHONPATH=/workspaces/IRS_Rover_ROS2_Workspace/rover_ws/build/rover_perception/prefix_override:/usr/lib/python3/dist-packages/colcon_core/task/python/colcon_distutils_commands:/workspaces/IRS_Rover_ROS2_Workspace/rover_ws/install/rover_perception/lib/python3.10/site-packages:/workspaces/IRS_Rover_ROS2_Workspace/rover_ws/install/rover_lidar/lib/python3.10/site-packages:/workspaces/IRS_Rover_ROS2_Workspace/rover_ws/install/rover_stereocam/lib/python3.10/site-packages:/workspaces/IRS_Rover_ROS2_Workspace/rover_ws/install/rover_perception/lib/python3.10/site-packages:/workspaces/IRS_Rover_ROS2_Workspace/rover_ws/install/rover_control_msgs/local/lib/python3.10/dist-packages:/workspaces/IRS_Rover_ROS2_Workspace/rover_ws/install/rover_control/lib/python3.10/site-packages:/opt/ros/humble/lib/python3.10/site-packages:/opt/ros/humble/local/lib/python3.10/dist-packages /usr/bin/python3 -W ignore:setup.py install is deprecated -W ignore:easy_install command is deprecated setup.py egg_info --egg-base ../../build/rover_perception build --build-base /workspaces/IRS_Rover_ROS2_Workspace/rover_ws/build/rover_perception/build install --record /workspaces/IRS_Rover_ROS2_Workspace/rover_ws/build/rover_perception/install.log --single-version-externally-managed install_data
[5.196s] Level 1:colcon.colcon_core.environment:checking '/workspaces/IRS_Rover_ROS2_Workspace/rover_ws/install/rover_perception' for CMake config files
[5.222s] Level 1:colcon.colcon_core.environment:checking '/workspaces/IRS_Rover_ROS2_Workspace/rover_ws/install/rover_perception/lib'
[5.225s] Level 1:colcon.colcon_core.environment:checking '/workspaces/IRS_Rover_ROS2_Workspace/rover_ws/install/rover_perception/bin'
[5.226s] Level 1:colcon.colcon_core.environment:checking '/workspaces/IRS_Rover_ROS2_Workspace/rover_ws/install/rover_perception/lib/pkgconfig/rover_perception.pc'
[5.235s] Level 1:colcon.colcon_core.environment:checking '/workspaces/IRS_Rover_ROS2_Workspace/rover_ws/install/rover_perception/lib/python3.10/site-packages'
[5.236s] Level 1:colcon.colcon_core.shell:create_environment_hook('rover_perception', 'pythonpath')
[5.238s] INFO:colcon.colcon_core.shell:Creating environment hook '/workspaces/IRS_Rover_ROS2_Workspace/rover_ws/install/rover_perception/share/rover_perception/hook/pythonpath.ps1'
[5.247s] INFO:colcon.colcon_core.shell:Creating environment descriptor '/workspaces/IRS_Rover_ROS2_Workspace/rover_ws/install/rover_perception/share/rover_perception/hook/pythonpath.dsv'
[5.255s] INFO:colcon.colcon_core.shell:Creating environment hook '/workspaces/IRS_Rover_ROS2_Workspace/rover_ws/install/rover_perception/share/rover_perception/hook/pythonpath.sh'
[5.262s] Level 1:colcon.colcon_core.environment:checking '/workspaces/IRS_Rover_ROS2_Workspace/rover_ws/install/rover_perception/bin'
[5.264s] Level 1:colcon.colcon_core.environment:create_environment_scripts_only(rover_perception)
[5.266s] INFO:colcon.colcon_core.shell:Creating package script '/workspaces/IRS_Rover_ROS2_Workspace/rover_ws/install/rover_perception/share/rover_perception/package.ps1'
[5.277s] INFO:colcon.colcon_core.shell:Creating package descriptor '/workspaces/IRS_Rover_ROS2_Workspace/rover_ws/install/rover_perception/share/rover_perception/package.dsv'
[5.284s] INFO:colcon.colcon_core.shell:Creating package script '/workspaces/IRS_Rover_ROS2_Workspace/rover_ws/install/rover_perception/share/rover_perception/package.sh'
[5.288s] INFO:colcon.colcon_core.shell:Creating package script '/workspaces/IRS_Rover_ROS2_Workspace/rover_ws/install/rover_perception/share/rover_perception/package.bash'
[5.294s] INFO:colcon.colcon_core.shell:Creating package script '/workspaces/IRS_Rover_ROS2_Workspace/rover_ws/install/rover_perception/share/rover_perception/package.zsh'
[5.301s] Level 1:colcon.colcon_core.environment:create_file_with_runtime_dependencies(/workspaces/IRS_Rover_ROS2_Workspace/rover_ws/install/rover_perception/share/colcon-core/packages/rover_perception)
[7.045s] DEBUG:colcon.colcon_core.event_handler.log_command:Invoked command in '/workspaces/IRS_Rover_ROS2_Workspace/rover_ws/build/rover_control_msgs' returned '0': CMAKE_PREFIX_PATH=${CMAKE_PREFIX_PATH}:/workspaces/IRS_Rover_ROS2_Workspace/rover_ws/install/rover_stereocam:/workspaces/IRS_Rover_ROS2_Workspace/rover_ws/install/rover_perception:/workspaces/IRS_Rover_ROS2_Workspace/rover_ws/install/rover_lidar:/workspaces/IRS_Rover_ROS2_Workspace/rover_ws/install/rover_control:/opt/ros/humble /usr/bin/cmake --build /workspaces/IRS_Rover_ROS2_Workspace/rover_ws/build/rover_control_msgs -- -j12 -l12
[7.071s] DEBUG:colcon.colcon_core.event_handler.log_command:Invoking command in '/workspaces/IRS_Rover_ROS2_Workspace/rover_ws/build/rover_control_msgs': CMAKE_PREFIX_PATH=${CMAKE_PREFIX_PATH}:/workspaces/IRS_Rover_ROS2_Workspace/rover_ws/install/rover_stereocam:/workspaces/IRS_Rover_ROS2_Workspace/rover_ws/install/rover_perception:/workspaces/IRS_Rover_ROS2_Workspace/rover_ws/install/rover_lidar:/workspaces/IRS_Rover_ROS2_Workspace/rover_ws/install/rover_control:/opt/ros/humble /usr/bin/cmake --install /workspaces/IRS_Rover_ROS2_Workspace/rover_ws/build/rover_control_msgs
[7.608s] Level 1:colcon.colcon_core.environment:create_environment_scripts_only(rover_control_msgs)
[7.610s] Level 1:colcon.colcon_core.environment:checking '/workspaces/IRS_Rover_ROS2_Workspace/rover_ws/install/rover_control_msgs' for CMake module files
[7.612s] DEBUG:colcon.colcon_core.event_handler.log_command:Invoked command in '/workspaces/IRS_Rover_ROS2_Workspace/rover_ws/build/rover_control_msgs' returned '0': CMAKE_PREFIX_PATH=${CMAKE_PREFIX_PATH}:/workspaces/IRS_Rover_ROS2_Workspace/rover_ws/install/rover_stereocam:/workspaces/IRS_Rover_ROS2_Workspace/rover_ws/install/rover_perception:/workspaces/IRS_Rover_ROS2_Workspace/rover_ws/install/rover_lidar:/workspaces/IRS_Rover_ROS2_Workspace/rover_ws/install/rover_control:/opt/ros/humble /usr/bin/cmake --install /workspaces/IRS_Rover_ROS2_Workspace/rover_ws/build/rover_control_msgs
[7.621s] Level 1:colcon.colcon_core.environment:checking '/workspaces/IRS_Rover_ROS2_Workspace/rover_ws/install/rover_control_msgs' for CMake config files
[7.651s] Level 1:colcon.colcon_core.shell:create_environment_hook('rover_control_msgs', 'cmake_prefix_path')
[7.651s] INFO:colcon.colcon_core.shell:Creating environment hook '/workspaces/IRS_Rover_ROS2_Workspace/rover_ws/install/rover_control_msgs/share/rover_control_msgs/hook/cmake_prefix_path.ps1'
[7.654s] INFO:colcon.colcon_core.shell:Creating environment descriptor '/workspaces/IRS_Rover_ROS2_Workspace/rover_ws/install/rover_control_msgs/share/rover_control_msgs/hook/cmake_prefix_path.dsv'
[7.657s] INFO:colcon.colcon_core.shell:Creating environment hook '/workspaces/IRS_Rover_ROS2_Workspace/rover_ws/install/rover_control_msgs/share/rover_control_msgs/hook/cmake_prefix_path.sh'
[7.661s] Level 1:colcon.colcon_core.environment:checking '/workspaces/IRS_Rover_ROS2_Workspace/rover_ws/install/rover_control_msgs/lib'
[7.662s] Level 1:colcon.colcon_core.shell:create_environment_hook('rover_control_msgs', 'ld_library_path_lib')
[7.663s] INFO:colcon.colcon_core.shell:Creating environment hook '/workspaces/IRS_Rover_ROS2_Workspace/rover_ws/install/rover_control_msgs/share/rover_control_msgs/hook/ld_library_path_lib.ps1'
[7.665s] INFO:colcon.colcon_core.shell:Creating environment descriptor '/workspaces/IRS_Rover_ROS2_Workspace/rover_ws/install/rover_control_msgs/share/rover_control_msgs/hook/ld_library_path_lib.dsv'
[7.668s] INFO:colcon.colcon_core.shell:Creating environment hook '/workspaces/IRS_Rover_ROS2_Workspace/rover_ws/install/rover_control_msgs/share/rover_control_msgs/hook/ld_library_path_lib.sh'
[7.670s] Level 1:colcon.colcon_core.environment:checking '/workspaces/IRS_Rover_ROS2_Workspace/rover_ws/install/rover_control_msgs/bin'
[7.671s] Level 1:colcon.colcon_core.environment:checking '/workspaces/IRS_Rover_ROS2_Workspace/rover_ws/install/rover_control_msgs/lib/pkgconfig/rover_control_msgs.pc'
[7.672s] Level 1:colcon.colcon_core.environment:checking '/workspaces/IRS_Rover_ROS2_Workspace/rover_ws/install/rover_control_msgs/lib/python3.10/site-packages'
[7.673s] Level 1:colcon.colcon_core.environment:checking '/workspaces/IRS_Rover_ROS2_Workspace/rover_ws/install/rover_control_msgs/bin'
[7.674s] INFO:colcon.colcon_core.shell:Creating package script '/workspaces/IRS_Rover_ROS2_Workspace/rover_ws/install/rover_control_msgs/share/rover_control_msgs/package.ps1'
[7.677s] INFO:colcon.colcon_core.shell:Creating package descriptor '/workspaces/IRS_Rover_ROS2_Workspace/rover_ws/install/rover_control_msgs/share/rover_control_msgs/package.dsv'
[7.679s] INFO:colcon.colcon_core.shell:Creating package script '/workspaces/IRS_Rover_ROS2_Workspace/rover_ws/install/rover_control_msgs/share/rover_control_msgs/package.sh'
[7.682s] INFO:colcon.colcon_core.shell:Creating package script '/workspaces/IRS_Rover_ROS2_Workspace/rover_ws/install/rover_control_msgs/share/rover_control_msgs/package.bash'
[7.684s] INFO:colcon.colcon_core.shell:Creating package script '/workspaces/IRS_Rover_ROS2_Workspace/rover_ws/install/rover_control_msgs/share/rover_control_msgs/package.zsh'
[7.686s] Level 1:colcon.colcon_core.environment:create_file_with_runtime_dependencies(/workspaces/IRS_Rover_ROS2_Workspace/rover_ws/install/rover_control_msgs/share/colcon-core/packages/rover_control_msgs)
[7.692s] Level 1:colcon.colcon_core.environment:create_environment_scripts_only(rover_control_msgs)
[7.692s] Level 1:colcon.colcon_core.environment:checking '/workspaces/IRS_Rover_ROS2_Workspace/rover_ws/install/rover_control_msgs' for CMake module files
[7.701s] Level 1:colcon.colcon_core.environment:checking '/workspaces/IRS_Rover_ROS2_Workspace/rover_ws/install/rover_control_msgs' for CMake config files
[7.719s] Level 1:colcon.colcon_core.shell:create_environment_hook('rover_control_msgs', 'cmake_prefix_path')
[7.719s] INFO:colcon.colcon_core.shell:Creating environment hook '/workspaces/IRS_Rover_ROS2_Workspace/rover_ws/install/rover_control_msgs/share/rover_control_msgs/hook/cmake_prefix_path.ps1'
[7.721s] INFO:colcon.colcon_core.shell:Creating environment descriptor '/workspaces/IRS_Rover_ROS2_Workspace/rover_ws/install/rover_control_msgs/share/rover_control_msgs/hook/cmake_prefix_path.dsv'
[7.723s] INFO:colcon.colcon_core.shell:Creating environment hook '/workspaces/IRS_Rover_ROS2_Workspace/rover_ws/install/rover_control_msgs/share/rover_control_msgs/hook/cmake_prefix_path.sh'
[7.726s] Level 1:colcon.colcon_core.environment:checking '/workspaces/IRS_Rover_ROS2_Workspace/rover_ws/install/rover_control_msgs/lib'
[7.727s] Level 1:colcon.colcon_core.shell:create_environment_hook('rover_control_msgs', 'ld_library_path_lib')
[7.728s] INFO:colcon.colcon_core.shell:Creating environment hook '/workspaces/IRS_Rover_ROS2_Workspace/rover_ws/install/rover_control_msgs/share/rover_control_msgs/hook/ld_library_path_lib.ps1'
[7.730s] INFO:colcon.colcon_core.shell:Creating environment descriptor '/workspaces/IRS_Rover_ROS2_Workspace/rover_ws/install/rover_control_msgs/share/rover_control_msgs/hook/ld_library_path_lib.dsv'
[7.733s] INFO:colcon.colcon_core.shell:Creating environment hook '/workspaces/IRS_Rover_ROS2_Workspace/rover_ws/install/rover_control_msgs/share/rover_control_msgs/hook/ld_library_path_lib.sh'
[7.737s] Level 1:colcon.colcon_core.environment:checking '/workspaces/IRS_Rover_ROS2_Workspace/rover_ws/install/rover_control_msgs/bin'
[7.738s] Level 1:colcon.colcon_core.environment:checking '/workspaces/IRS_Rover_ROS2_Workspace/rover_ws/install/rover_control_msgs/lib/pkgconfig/rover_control_msgs.pc'
[7.739s] Level 1:colcon.colcon_core.environment:checking '/workspaces/IRS_Rover_ROS2_Workspace/rover_ws/install/rover_control_msgs/lib/python3.10/site-packages'
[7.740s] Level 1:colcon.colcon_core.environment:checking '/workspaces/IRS_Rover_ROS2_Workspace/rover_ws/install/rover_control_msgs/bin'
[7.741s] INFO:colcon.colcon_core.shell:Creating package script '/workspaces/IRS_Rover_ROS2_Workspace/rover_ws/install/rover_control_msgs/share/rover_control_msgs/package.ps1'
[7.746s] INFO:colcon.colcon_core.shell:Creating package descriptor '/workspaces/IRS_Rover_ROS2_Workspace/rover_ws/install/rover_control_msgs/share/rover_control_msgs/package.dsv'
[7.749s] INFO:colcon.colcon_core.shell:Creating package script '/workspaces/IRS_Rover_ROS2_Workspace/rover_ws/install/rover_control_msgs/share/rover_control_msgs/package.sh'
[7.752s] INFO:colcon.colcon_core.shell:Creating package script '/workspaces/IRS_Rover_ROS2_Workspace/rover_ws/install/rover_control_msgs/share/rover_control_msgs/package.bash'
[7.755s] INFO:colcon.colcon_core.shell:Creating package script '/workspaces/IRS_Rover_ROS2_Workspace/rover_ws/install/rover_control_msgs/share/rover_control_msgs/package.zsh'
[7.758s] Level 1:colcon.colcon_core.environment:create_file_with_runtime_dependencies(/workspaces/IRS_Rover_ROS2_Workspace/rover_ws/install/rover_control_msgs/share/colcon-core/packages/rover_control_msgs)
[7.761s] DEBUG:colcon.colcon_parallel_executor.executor.parallel:closing loop
[7.762s] DEBUG:colcon.colcon_parallel_executor.executor.parallel:loop closed
[7.763s] DEBUG:colcon.colcon_parallel_executor.executor.parallel:run_until_complete finished with '0'
[7.763s] DEBUG:colcon.colcon_core.event_reactor:joining thread
[7.788s] INFO:colcon.colcon_core.plugin_system:Skipping extension 'colcon_notification.desktop_notification.notify_send': Could not find 'notify-send'
[7.789s] INFO:colcon.colcon_core.plugin_system:Skipping extension 'colcon_notification.desktop_notification.terminal_notifier': Not used on non-Darwin systems
[7.789s] INFO:colcon.colcon_core.plugin_system:Skipping extension 'colcon_notification.desktop_notification.win32': Not used on non-Windows systems
[7.789s] INFO:colcon.colcon_notification.desktop_notification:Sending desktop notification using 'notify2'
[7.790s] DEBUG:colcon.colcon_notification.desktop_notification.notify2:Failed to initialize notify2: org.freedesktop.DBus.Error.NotSupported: Unable to autolaunch a dbus-daemon without a $DISPLAY for X11
[7.791s] DEBUG:colcon.colcon_core.event_reactor:joined thread
[7.792s] INFO:colcon.colcon_core.shell:Creating prefix script '/workspaces/IRS_Rover_ROS2_Workspace/rover_ws/install/local_setup.ps1'
[7.796s] INFO:colcon.colcon_core.shell:Creating prefix util module '/workspaces/IRS_Rover_ROS2_Workspace/rover_ws/install/_local_setup_util_ps1.py'
[7.803s] INFO:colcon.colcon_core.shell:Creating prefix chain script '/workspaces/IRS_Rover_ROS2_Workspace/rover_ws/install/setup.ps1'
[7.818s] INFO:colcon.colcon_core.shell:Creating prefix script '/workspaces/IRS_Rover_ROS2_Workspace/rover_ws/install/local_setup.sh'
[7.821s] INFO:colcon.colcon_core.shell:Creating prefix util module '/workspaces/IRS_Rover_ROS2_Workspace/rover_ws/install/_local_setup_util_sh.py'
[7.825s] INFO:colcon.colcon_core.shell:Creating prefix chain script '/workspaces/IRS_Rover_ROS2_Workspace/rover_ws/install/setup.sh'
[7.838s] INFO:colcon.colcon_core.shell:Creating prefix script '/workspaces/IRS_Rover_ROS2_Workspace/rover_ws/install/local_setup.bash'
[7.841s] INFO:colcon.colcon_core.shell:Creating prefix chain script '/workspaces/IRS_Rover_ROS2_Workspace/rover_ws/install/setup.bash'
[7.855s] INFO:colcon.colcon_core.shell:Creating prefix script '/workspaces/IRS_Rover_ROS2_Workspace/rover_ws/install/local_setup.zsh'
[7.858s] INFO:colcon.colcon_core.shell:Creating prefix chain script '/workspaces/IRS_Rover_ROS2_Workspace/rover_ws/install/setup.zsh'
